

================================================================
== Vitis HLS Report for 'LSTM_20ul_20ul_2ul_3_Pipeline_VITIS_LOOP_118_2'
================================================================
* Date:           Wed Oct 18 18:30:35 2023

* Version:        2023.1 (Build 3854077 on May  4 2023)
* Project:        matrix_test2
* Solution:       solution1 (Vivado IP Flow Target)
* Product family: zynquplus
* Target device:  xczu7ev-ffvc1156-2-e


================================================================
== Performance Estimates
================================================================
+ Timing: 
    * Summary: 
    +--------+---------+----------+------------+
    |  Clock |  Target | Estimated| Uncertainty|
    +--------+---------+----------+------------+
    |ap_clk  |  0.35 us|  8.282 ns|    94.50 ns|
    +--------+---------+----------+------------+

+ Latency: 
    * Summary: 
    +---------+---------+-----------+-----------+-----+-----+---------+
    |  Latency (cycles) |   Latency (absolute)  |  Interval | Pipeline|
    |   min   |   max   |    min    |    max    | min | max |   Type  |
    +---------+---------+-----------+-----------+-----+-----+---------+
    |       42|       42|  14.700 us|  14.700 us|   42|   42|       no|
    +---------+---------+-----------+-----------+-----+-----+---------+

    + Detail: 
        * Instance: 
        N/A

        * Loop: 
        +--------------------+---------+---------+----------+-----------+-----------+------+----------+
        |                    |  Latency (cycles) | Iteration|  Initiation Interval  | Trip |          |
        |      Loop Name     |   min   |   max   |  Latency |  achieved |   target  | Count| Pipelined|
        +--------------------+---------+---------+----------+-----------+-----------+------+----------+
        |- VITIS_LOOP_118_2  |       40|       40|         2|          2|          1|    20|       yes|
        +--------------------+---------+---------+----------+-----------+-----------+------+----------+



================================================================
== Utilization Estimates
================================================================
* Summary: 
+-----------------+---------+------+--------+--------+-----+
|       Name      | BRAM_18K|  DSP |   FF   |   LUT  | URAM|
+-----------------+---------+------+--------+--------+-----+
|DSP              |        -|     -|       -|       -|    -|
|Expression       |        -|     -|       0|    1331|    -|
|FIFO             |        -|     -|       -|       -|    -|
|Instance         |        -|     4|       0|     549|    -|
|Memory           |        -|     -|       -|       -|    -|
|Multiplexer      |        -|     -|       -|    1386|    -|
|Register         |        -|     -|    2728|       -|    -|
+-----------------+---------+------+--------+--------+-----+
|Total            |        0|     4|    2728|    3266|    0|
+-----------------+---------+------+--------+--------+-----+
|Available        |      624|  1728|  460800|  230400|   96|
+-----------------+---------+------+--------+--------+-----+
|Utilization (%)  |        0|    ~0|      ~0|       1|    0|
+-----------------+---------+------+--------+--------+-----+

+ Detail: 
    * Instance: 
    +---------------------------+--------------------+---------+----+---+-----+-----+
    |          Instance         |       Module       | BRAM_18K| DSP| FF| LUT | URAM|
    +---------------------------+--------------------+---------+----+---+-----+-----+
    |mul_22s_22s_44_1_1_U40240  |mul_22s_22s_44_1_1  |        0|   2|  0|   22|    0|
    |mul_22s_22s_44_1_1_U40241  |mul_22s_22s_44_1_1  |        0|   2|  0|   22|    0|
    |mux_20_5_22_1_1_U40242     |mux_20_5_22_1_1     |        0|   0|  0|  101|    0|
    |mux_20_5_22_1_1_U40243     |mux_20_5_22_1_1     |        0|   0|  0|  101|    0|
    |mux_20_5_22_1_1_U40244     |mux_20_5_22_1_1     |        0|   0|  0|  101|    0|
    |mux_20_5_22_1_1_U40245     |mux_20_5_22_1_1     |        0|   0|  0|  101|    0|
    |mux_20_5_22_1_1_U40246     |mux_20_5_22_1_1     |        0|   0|  0|  101|    0|
    +---------------------------+--------------------+---------+----+---+-----+-----+
    |Total                      |                    |        0|   4|  0|  549|    0|
    +---------------------------+--------------------+---------+----+---+-----+-----+

    * DSP: 
    N/A

    * Memory: 
    N/A

    * FIFO: 
    N/A

    * Expression: 
    +---------------------------+----------+----+---+----+------------+------------+
    |       Variable Name       | Operation| DSP| FF| LUT| Bitwidth P0| Bitwidth P1|
    +---------------------------+----------+----+---+----+------------+------------+
    |add_ln10_1_fu_3911_p2      |         +|   0|  0|  29|          22|           5|
    |add_ln10_2_fu_4025_p2      |         +|   0|  0|  29|          22|           5|
    |add_ln10_fu_3751_p2        |         +|   0|  0|  29|          22|           5|
    |add_ln118_fu_3393_p2       |         +|   0|  0|  12|           5|           1|
    |add_ln126_1_fu_4707_p2     |         +|   0|  0|  29|          22|          22|
    |add_ln126_2_fu_4681_p2     |         +|   0|  0|  12|           5|           5|
    |add_ln126_3_fu_4651_p2     |         +|   0|  0|  35|          28|          28|
    |add_ln126_4_fu_4657_p2     |         +|   0|  0|  34|          27|          27|
    |add_ln126_fu_4645_p2       |         +|   0|  0|  51|          44|          44|
    |add_ln127_fu_5073_p2       |         +|   0|  0|  29|          22|          22|
    |add_ln36_1_fu_5006_p2      |         +|   0|  0|  29|          22|           6|
    |add_ln36_fu_4161_p2        |         +|   0|  0|  29|          22|           6|
    |and_ln126_1_fu_4793_p2     |       and|   0|  0|   2|           1|           1|
    |and_ln126_2_fu_4807_p2     |       and|   0|  0|   2|           1|           1|
    |and_ln126_3_fu_4837_p2     |       and|   0|  0|   2|           1|           1|
    |and_ln126_4_fu_4843_p2     |       and|   0|  0|   2|           1|           1|
    |and_ln126_5_fu_4853_p2     |       and|   0|  0|   2|           1|           1|
    |and_ln126_fu_4727_p2       |       and|   0|  0|   2|           1|           1|
    |and_ln127_1_fu_5159_p2     |       and|   0|  0|   2|           1|           1|
    |and_ln127_2_fu_5173_p2     |       and|   0|  0|   2|           1|           1|
    |and_ln127_3_fu_5204_p2     |       and|   0|  0|   2|           1|           1|
    |and_ln127_4_fu_5210_p2     |       and|   0|  0|   2|           1|           1|
    |and_ln127_5_fu_5222_p2     |       and|   0|  0|   2|           1|           1|
    |and_ln127_fu_5093_p2       |       and|   0|  0|   2|           1|           1|
    |ap_condition_2144          |       and|   0|  0|   2|           1|           1|
    |ap_condition_478           |       and|   0|  0|   2|           1|           1|
    |icmp_ln118_fu_3387_p2      |      icmp|   0|  0|  12|           5|           5|
    |icmp_ln126_3_fu_4759_p2    |      icmp|   0|  0|  24|          17|           2|
    |icmp_ln126_4_fu_4765_p2    |      icmp|   0|  0|  24|          17|           1|
    |icmp_ln126_fu_4743_p2      |      icmp|   0|  0|  23|          16|           2|
    |icmp_ln127_3_fu_5125_p2    |      icmp|   0|  0|  24|          17|           2|
    |icmp_ln127_4_fu_5131_p2    |      icmp|   0|  0|  24|          17|           1|
    |icmp_ln127_fu_5109_p2      |      icmp|   0|  0|  23|          16|           2|
    |icmp_ln15_1_fu_3925_p2     |      icmp|   0|  0|  29|          22|           6|
    |icmp_ln15_2_fu_4039_p2     |      icmp|   0|  0|  29|          22|           6|
    |icmp_ln15_fu_3765_p2       |      icmp|   0|  0|  29|          22|           6|
    |icmp_ln20_1_fu_3939_p2     |      icmp|   0|  0|  29|          22|           6|
    |icmp_ln20_2_fu_4053_p2     |      icmp|   0|  0|  29|          22|           6|
    |icmp_ln20_fu_3779_p2       |      icmp|   0|  0|  29|          22|           6|
    |icmp_ln26_1_fu_4978_p2     |      icmp|   0|  0|  29|          22|           6|
    |icmp_ln26_fu_4133_p2       |      icmp|   0|  0|  29|          22|           6|
    |icmp_ln32_1_fu_4992_p2     |      icmp|   0|  0|  29|          22|           6|
    |icmp_ln32_fu_4147_p2       |      icmp|   0|  0|  29|          22|           6|
    |icmp_ln36_1_fu_5012_p2     |      icmp|   0|  0|  29|          22|           7|
    |icmp_ln36_fu_4167_p2       |      icmp|   0|  0|  29|          22|           7|
    |icmp_ln9_1_fu_3905_p2      |      icmp|   0|  0|  29|          22|           6|
    |icmp_ln9_2_fu_4019_p2      |      icmp|   0|  0|  29|          22|           6|
    |icmp_ln9_fu_3745_p2        |      icmp|   0|  0|  29|          22|           6|
    |or_ln126_1_fu_4866_p2      |        or|   0|  0|   2|           1|           1|
    |or_ln126_fu_4825_p2        |        or|   0|  0|   2|           1|           1|
    |or_ln127_1_fu_5236_p2      |        or|   0|  0|   2|           1|           1|
    |or_ln127_fu_5192_p2        |        or|   0|  0|   2|           1|           1|
    |a_26_fu_5018_p3            |    select|   0|  0|  21|           1|          22|
    |a_27_fu_4139_p3            |    select|   0|  0|  21|           1|          22|
    |a_28_fu_4173_p3            |    select|   0|  0|  21|           1|          22|
    |a_fu_4984_p3               |    select|   0|  0|  21|           1|          22|
    |select_ln126_1_fu_4799_p3  |    select|   0|  0|   2|           1|           1|
    |select_ln126_2_fu_4859_p3  |    select|   0|  0|  22|           1|          21|
    |select_ln126_fu_4771_p3    |    select|   0|  0|   2|           1|           1|
    |select_ln127_1_fu_5165_p3  |    select|   0|  0|   2|           1|           1|
    |select_ln127_2_fu_5228_p3  |    select|   0|  0|  22|           1|          21|
    |select_ln127_3_fu_5242_p3  |    select|   0|  0|  21|           1|          22|
    |select_ln127_fu_5137_p3    |    select|   0|  0|   2|           1|           1|
    |select_ln20_1_fu_3785_p3   |    select|   0|  0|  21|           1|          22|
    |select_ln20_3_fu_3945_p3   |    select|   0|  0|  21|           1|          22|
    |select_ln20_5_fu_4059_p3   |    select|   0|  0|  21|           1|          22|
    |select_ln20_6_fu_3931_p3   |    select|   0|  0|   5|           1|           1|
    |select_ln20_7_fu_4045_p3   |    select|   0|  0|   5|           1|           1|
    |select_ln20_fu_3771_p3     |    select|   0|  0|   5|           1|           1|
    |select_ln36_5_fu_4998_p3   |    select|   0|  0|   7|           1|           6|
    |select_ln36_fu_4153_p3     |    select|   0|  0|   7|           1|           6|
    |select_ln9_1_fu_3917_p3    |    select|   0|  0|  21|           1|           1|
    |select_ln9_2_fu_4031_p3    |    select|   0|  0|  21|           1|           1|
    |select_ln9_fu_3757_p3      |    select|   0|  0|  21|           1|           1|
    |z_22_fu_4871_p3            |    select|   0|  0|  21|           1|          22|
    |ap_enable_pp0              |       xor|   0|  0|   2|           1|           2|
    |xor_ln126_1_fu_4813_p2     |       xor|   0|  0|   2|           2|           1|
    |xor_ln126_2_fu_4819_p2     |       xor|   0|  0|   2|           1|           2|
    |xor_ln126_3_fu_4831_p2     |       xor|   0|  0|   2|           1|           2|
    |xor_ln126_4_fu_4847_p2     |       xor|   0|  0|   2|           2|           1|
    |xor_ln126_5_fu_4787_p2     |       xor|   0|  0|   2|           1|           2|
    |xor_ln126_fu_4721_p2       |       xor|   0|  0|   2|           1|           2|
    |xor_ln127_1_fu_5179_p2     |       xor|   0|  0|   2|           2|           1|
    |xor_ln127_2_fu_5186_p2     |       xor|   0|  0|   2|           1|           2|
    |xor_ln127_3_fu_5198_p2     |       xor|   0|  0|   2|           1|           2|
    |xor_ln127_4_fu_5216_p2     |       xor|   0|  0|   2|           2|           1|
    |xor_ln127_5_fu_5153_p2     |       xor|   0|  0|   2|           1|           2|
    |xor_ln127_fu_5087_p2       |       xor|   0|  0|   2|           1|           2|
    +---------------------------+----------+----+---+----+------------+------------+
    |Total                      |          |   0|  0|1331|         756|         585|
    +---------------------------+----------+----+---+----+------------+------------+

    * Multiplexer: 
    +----------------------------------------+----+-----------+-----+-----------+
    |                  Name                  | LUT| Input Size| Bits| Total Bits|
    +----------------------------------------+----+-----------+-----+-----------+
    |a_10_fu_866                             |   9|          2|   22|         44|
    |a_11_fu_870                             |   9|          2|   22|         44|
    |a_12_fu_874                             |   9|          2|   22|         44|
    |a_13_fu_878                             |   9|          2|   22|         44|
    |a_14_fu_882                             |   9|          2|   22|         44|
    |a_15_fu_886                             |   9|          2|   22|         44|
    |a_16_fu_890                             |   9|          2|   22|         44|
    |a_17_fu_894                             |   9|          2|   22|         44|
    |a_18_fu_898                             |   9|          2|   22|         44|
    |a_19_fu_902                             |   9|          2|   22|         44|
    |a_20_fu_906                             |   9|          2|   22|         44|
    |a_21_fu_910                             |   9|          2|   22|         44|
    |a_22_fu_914                             |   9|          2|   22|         44|
    |a_23_fu_918                             |   9|          2|   22|         44|
    |a_24_fu_922                             |   9|          2|   22|         44|
    |a_25_fu_926                             |   9|          2|   22|         44|
    |a_6_fu_850                              |   9|          2|   22|         44|
    |a_7_fu_854                              |   9|          2|   22|         44|
    |a_8_fu_858                              |   9|          2|   22|         44|
    |a_9_fu_862                              |   9|          2|   22|         44|
    |ap_NS_fsm                               |  14|          3|    1|          3|
    |ap_done_int                             |   9|          2|    1|          2|
    |ap_enable_reg_pp0_iter0                 |   9|          2|    1|          2|
    |ap_enable_reg_pp0_iter1                 |   9|          2|    1|          2|
    |ap_phi_mux_empty_phi_fu_2764_p4         |  14|          3|    1|          3|
    |ap_phi_reg_pp0_iter1_empty_72_reg_2750  |  14|          3|    1|          3|
    |grp_fu_2771_p0                          |  14|          3|   22|         66|
    |grp_fu_2771_p1                          |  14|          3|   22|         66|
    |k_fu_606                                |   9|          2|    5|         10|
    |mux_case_0109_fu_610                    |   9|          2|   22|         44|
    |mux_case_10119_fu_650                   |   9|          2|   22|         44|
    |mux_case_1110_fu_614                    |   9|          2|   22|         44|
    |mux_case_11120_fu_654                   |   9|          2|   22|         44|
    |mux_case_12121_fu_658                   |   9|          2|   22|         44|
    |mux_case_13122_fu_662                   |   9|          2|   22|         44|
    |mux_case_14123_fu_666                   |   9|          2|   22|         44|
    |mux_case_15124_fu_670                   |   9|          2|   22|         44|
    |mux_case_16125_fu_674                   |   9|          2|   22|         44|
    |mux_case_17126_fu_678                   |   9|          2|   22|         44|
    |mux_case_18127_fu_682                   |   9|          2|   22|         44|
    |mux_case_19128_fu_686                   |   9|          2|   22|         44|
    |mux_case_20149_fu_690                   |  14|          3|   22|         66|
    |mux_case_2111_fu_618                    |   9|          2|   22|         44|
    |mux_case_21150_fu_694                   |  14|          3|   22|         66|
    |mux_case_22151_fu_698                   |  14|          3|   22|         66|
    |mux_case_23152_fu_702                   |  14|          3|   22|         66|
    |mux_case_24153_fu_706                   |  14|          3|   22|         66|
    |mux_case_25154_fu_710                   |  14|          3|   22|         66|
    |mux_case_26155_fu_714                   |  14|          3|   22|         66|
    |mux_case_27156_fu_718                   |  14|          3|   22|         66|
    |mux_case_28157_fu_722                   |  14|          3|   22|         66|
    |mux_case_29158_fu_726                   |  14|          3|   22|         66|
    |mux_case_30159_fu_730                   |  14|          3|   22|         66|
    |mux_case_3112_fu_622                    |   9|          2|   22|         44|
    |mux_case_31160_fu_734                   |  14|          3|   22|         66|
    |mux_case_32161_fu_738                   |  14|          3|   22|         66|
    |mux_case_33162_fu_742                   |  14|          3|   22|         66|
    |mux_case_34163_fu_746                   |  14|          3|   22|         66|
    |mux_case_35164_fu_750                   |  14|          3|   22|         66|
    |mux_case_36165_fu_754                   |  14|          3|   22|         66|
    |mux_case_37166_fu_758                   |  14|          3|   22|         66|
    |mux_case_38167_fu_762                   |  14|          3|   22|         66|
    |mux_case_39168_fu_766                   |  14|          3|   22|         66|
    |mux_case_40169_fu_770                   |   9|          2|   22|         44|
    |mux_case_4113_fu_626                    |   9|          2|   22|         44|
    |mux_case_41170_fu_774                   |   9|          2|   22|         44|
    |mux_case_42171_fu_778                   |   9|          2|   22|         44|
    |mux_case_43172_fu_782                   |   9|          2|   22|         44|
    |mux_case_44173_fu_786                   |   9|          2|   22|         44|
    |mux_case_45174_fu_790                   |   9|          2|   22|         44|
    |mux_case_46175_fu_794                   |   9|          2|   22|         44|
    |mux_case_47176_fu_798                   |   9|          2|   22|         44|
    |mux_case_48177_fu_802                   |   9|          2|   22|         44|
    |mux_case_49178_fu_806                   |   9|          2|   22|         44|
    |mux_case_50179_fu_810                   |   9|          2|   22|         44|
    |mux_case_5114_fu_630                    |   9|          2|   22|         44|
    |mux_case_51180_fu_814                   |   9|          2|   22|         44|
    |mux_case_52181_fu_818                   |   9|          2|   22|         44|
    |mux_case_53182_fu_822                   |   9|          2|   22|         44|
    |mux_case_54183_fu_826                   |   9|          2|   22|         44|
    |mux_case_55184_fu_830                   |   9|          2|   22|         44|
    |mux_case_56185_fu_834                   |   9|          2|   22|         44|
    |mux_case_57186_fu_838                   |   9|          2|   22|         44|
    |mux_case_58187_fu_842                   |   9|          2|   22|         44|
    |mux_case_59188_fu_846                   |   9|          2|   22|         44|
    |mux_case_6115_fu_634                    |   9|          2|   22|         44|
    |mux_case_7116_fu_638                    |   9|          2|   22|         44|
    |mux_case_8117_fu_642                    |   9|          2|   22|         44|
    |mux_case_9118_fu_646                    |   9|          2|   22|         44|
    |output_vectors_20                       |  14|          3|   22|         66|
    |output_vectors_21                       |  14|          3|   22|         66|
    |output_vectors_22                       |  14|          3|   22|         66|
    |output_vectors_23                       |  14|          3|   22|         66|
    |output_vectors_24                       |  14|          3|   22|         66|
    |output_vectors_25                       |  14|          3|   22|         66|
    |output_vectors_26                       |  14|          3|   22|         66|
    |output_vectors_27                       |  14|          3|   22|         66|
    |output_vectors_28                       |  14|          3|   22|         66|
    |output_vectors_29                       |  14|          3|   22|         66|
    |output_vectors_30                       |  14|          3|   22|         66|
    |output_vectors_31                       |  14|          3|   22|         66|
    |output_vectors_32                       |  14|          3|   22|         66|
    |output_vectors_33                       |  14|          3|   22|         66|
    |output_vectors_34                       |  14|          3|   22|         66|
    |output_vectors_35                       |  14|          3|   22|         66|
    |output_vectors_36                       |  14|          3|   22|         66|
    |output_vectors_37                       |  14|          3|   22|         66|
    |output_vectors_38                       |  14|          3|   22|         66|
    |output_vectors_39                       |  14|          3|   22|         66|
    |z_10_fu_1038                            |   9|          2|   22|         44|
    |z_11_fu_1050                            |   9|          2|   22|         44|
    |z_12_fu_1062                            |   9|          2|   22|         44|
    |z_13_fu_1074                            |   9|          2|   22|         44|
    |z_14_fu_1086                            |   9|          2|   22|         44|
    |z_15_fu_1098                            |   9|          2|   22|         44|
    |z_16_fu_1110                            |   9|          2|   22|         44|
    |z_17_fu_1122                            |   9|          2|   22|         44|
    |z_18_fu_1134                            |   9|          2|   22|         44|
    |z_19_fu_1146                            |   9|          2|   22|         44|
    |z_20_fu_1158                            |   9|          2|   22|         44|
    |z_21_fu_1166                            |   9|          2|   22|         44|
    |z_2_fu_942                              |   9|          2|   22|         44|
    |z_3_fu_954                              |   9|          2|   22|         44|
    |z_4_fu_966                              |   9|          2|   22|         44|
    |z_5_fu_978                              |   9|          2|   22|         44|
    |z_6_fu_990                              |   9|          2|   22|         44|
    |z_7_fu_1002                             |   9|          2|   22|         44|
    |z_8_fu_1014                             |   9|          2|   22|         44|
    |z_9_fu_1026                             |   9|          2|   22|         44|
    +----------------------------------------+----+-----------+-----+-----------+
    |Total                                   |1386|        303| 2695|       6317|
    +----------------------------------------+----+-----------+-----+-----------+

    * Register: 
    +----------------------------------------+----+----+-----+-----------+
    |                  Name                  | FF | LUT| Bits| Const Bits|
    +----------------------------------------+----+----+-----+-----------+
    |a_10_fu_866                             |  22|   0|   22|          0|
    |a_11_fu_870                             |  22|   0|   22|          0|
    |a_12_fu_874                             |  22|   0|   22|          0|
    |a_13_fu_878                             |  22|   0|   22|          0|
    |a_14_fu_882                             |  22|   0|   22|          0|
    |a_15_fu_886                             |  22|   0|   22|          0|
    |a_16_fu_890                             |  22|   0|   22|          0|
    |a_17_fu_894                             |  22|   0|   22|          0|
    |a_18_fu_898                             |  22|   0|   22|          0|
    |a_19_fu_902                             |  22|   0|   22|          0|
    |a_20_fu_906                             |  22|   0|   22|          0|
    |a_21_fu_910                             |  22|   0|   22|          0|
    |a_22_fu_914                             |  22|   0|   22|          0|
    |a_23_fu_918                             |  22|   0|   22|          0|
    |a_24_fu_922                             |  22|   0|   22|          0|
    |a_25_fu_926                             |  22|   0|   22|          0|
    |a_6_fu_850                              |  22|   0|   22|          0|
    |a_7_fu_854                              |  22|   0|   22|          0|
    |a_8_fu_858                              |  22|   0|   22|          0|
    |a_9_fu_862                              |  22|   0|   22|          0|
    |add_ln118_reg_6829                      |   5|   0|    5|          0|
    |add_ln126_1_reg_6843                    |  22|   0|   22|          0|
    |and_ln126_3_reg_6863                    |   1|   0|    1|          0|
    |ap_CS_fsm                               |   2|   0|    2|          0|
    |ap_done_reg                             |   1|   0|    1|          0|
    |ap_enable_reg_pp0_iter0_reg             |   1|   0|    1|          0|
    |ap_enable_reg_pp0_iter1                 |   1|   0|    1|          0|
    |ap_phi_reg_pp0_iter1_empty_72_reg_2750  |   1|   0|    1|          0|
    |hidden_state_0_060_fu_1154              |  22|   0|   22|          0|
    |hidden_state_10_050_fu_1034             |  22|   0|   22|          0|
    |hidden_state_11_049_fu_1022             |  22|   0|   22|          0|
    |hidden_state_12_048_fu_1010             |  22|   0|   22|          0|
    |hidden_state_13_047_fu_998              |  22|   0|   22|          0|
    |hidden_state_1445_046_fu_986            |  22|   0|   22|          0|
    |hidden_state_15_045_fu_974              |  22|   0|   22|          0|
    |hidden_state_16_044_fu_962              |  22|   0|   22|          0|
    |hidden_state_17_043_fu_950              |  22|   0|   22|          0|
    |hidden_state_18_042_fu_938              |  22|   0|   22|          0|
    |hidden_state_19_040_fu_930              |  22|   0|   22|          0|
    |hidden_state_1_059_fu_1142              |  22|   0|   22|          0|
    |hidden_state_2_058_fu_1130              |  22|   0|   22|          0|
    |hidden_state_3_057_fu_1118              |  22|   0|   22|          0|
    |hidden_state_4_056_fu_1106              |  22|   0|   22|          0|
    |hidden_state_5_055_fu_1094              |  22|   0|   22|          0|
    |hidden_state_6_054_fu_1082              |  22|   0|   22|          0|
    |hidden_state_7_053_fu_1070              |  22|   0|   22|          0|
    |hidden_state_8_052_fu_1058              |  22|   0|   22|          0|
    |hidden_state_9_051_fu_1046              |  22|   0|   22|          0|
    |k_2_reg_6821                            |   5|   0|    5|          0|
    |k_fu_606                                |   5|   0|    5|          0|
    |mux_case_0109_fu_610                    |  22|   0|   22|          0|
    |mux_case_10119_fu_650                   |  22|   0|   22|          0|
    |mux_case_1110_fu_614                    |  22|   0|   22|          0|
    |mux_case_11120_fu_654                   |  22|   0|   22|          0|
    |mux_case_12121_fu_658                   |  22|   0|   22|          0|
    |mux_case_13122_fu_662                   |  22|   0|   22|          0|
    |mux_case_14123_fu_666                   |  22|   0|   22|          0|
    |mux_case_15124_fu_670                   |  22|   0|   22|          0|
    |mux_case_16125_fu_674                   |  22|   0|   22|          0|
    |mux_case_17126_fu_678                   |  22|   0|   22|          0|
    |mux_case_18127_fu_682                   |  22|   0|   22|          0|
    |mux_case_19128_fu_686                   |  22|   0|   22|          0|
    |mux_case_20149_fu_690                   |  22|   0|   22|          0|
    |mux_case_2111_fu_618                    |  22|   0|   22|          0|
    |mux_case_21150_fu_694                   |  22|   0|   22|          0|
    |mux_case_22151_fu_698                   |  22|   0|   22|          0|
    |mux_case_23152_fu_702                   |  22|   0|   22|          0|
    |mux_case_24153_fu_706                   |  22|   0|   22|          0|
    |mux_case_25154_fu_710                   |  22|   0|   22|          0|
    |mux_case_26155_fu_714                   |  22|   0|   22|          0|
    |mux_case_27156_fu_718                   |  22|   0|   22|          0|
    |mux_case_28157_fu_722                   |  22|   0|   22|          0|
    |mux_case_29158_fu_726                   |  22|   0|   22|          0|
    |mux_case_30159_fu_730                   |  22|   0|   22|          0|
    |mux_case_3112_fu_622                    |  22|   0|   22|          0|
    |mux_case_31160_fu_734                   |  22|   0|   22|          0|
    |mux_case_32161_fu_738                   |  22|   0|   22|          0|
    |mux_case_33162_fu_742                   |  22|   0|   22|          0|
    |mux_case_34163_fu_746                   |  22|   0|   22|          0|
    |mux_case_35164_fu_750                   |  22|   0|   22|          0|
    |mux_case_36165_fu_754                   |  22|   0|   22|          0|
    |mux_case_37166_fu_758                   |  22|   0|   22|          0|
    |mux_case_38167_fu_762                   |  22|   0|   22|          0|
    |mux_case_39168_fu_766                   |  22|   0|   22|          0|
    |mux_case_40169_fu_770                   |  22|   0|   22|          0|
    |mux_case_4113_fu_626                    |  22|   0|   22|          0|
    |mux_case_41170_fu_774                   |  22|   0|   22|          0|
    |mux_case_42171_fu_778                   |  22|   0|   22|          0|
    |mux_case_43172_fu_782                   |  22|   0|   22|          0|
    |mux_case_44173_fu_786                   |  22|   0|   22|          0|
    |mux_case_45174_fu_790                   |  22|   0|   22|          0|
    |mux_case_46175_fu_794                   |  22|   0|   22|          0|
    |mux_case_47176_fu_798                   |  22|   0|   22|          0|
    |mux_case_48177_fu_802                   |  22|   0|   22|          0|
    |mux_case_49178_fu_806                   |  22|   0|   22|          0|
    |mux_case_50179_fu_810                   |  22|   0|   22|          0|
    |mux_case_5114_fu_630                    |  22|   0|   22|          0|
    |mux_case_51180_fu_814                   |  22|   0|   22|          0|
    |mux_case_52181_fu_818                   |  22|   0|   22|          0|
    |mux_case_53182_fu_822                   |  22|   0|   22|          0|
    |mux_case_54183_fu_826                   |  22|   0|   22|          0|
    |mux_case_55184_fu_830                   |  22|   0|   22|          0|
    |mux_case_56185_fu_834                   |  22|   0|   22|          0|
    |mux_case_57186_fu_838                   |  22|   0|   22|          0|
    |mux_case_58187_fu_842                   |  22|   0|   22|          0|
    |mux_case_59188_fu_846                   |  22|   0|   22|          0|
    |mux_case_6115_fu_634                    |  22|   0|   22|          0|
    |mux_case_7116_fu_638                    |  22|   0|   22|          0|
    |mux_case_8117_fu_642                    |  22|   0|   22|          0|
    |mux_case_9118_fu_646                    |  22|   0|   22|          0|
    |select_ln126_1_reg_6853                 |   1|   0|    1|          0|
    |select_ln20_3_reg_6834                  |  22|   0|   22|          0|
    |tmp_532_reg_6848                        |   1|   0|    1|          0|
    |write_flag12_0_fu_1114                  |   1|   0|    1|          0|
    |write_flag15_0_fu_1102                  |   1|   0|    1|          0|
    |write_flag18_0_fu_1090                  |   1|   0|    1|          0|
    |write_flag21_0_fu_1078                  |   1|   0|    1|          0|
    |write_flag24_0_fu_1066                  |   1|   0|    1|          0|
    |write_flag27_0_fu_1054                  |   1|   0|    1|          0|
    |write_flag30_0_fu_1042                  |   1|   0|    1|          0|
    |write_flag33_0_fu_1030                  |   1|   0|    1|          0|
    |write_flag36_0_fu_1018                  |   1|   0|    1|          0|
    |write_flag39_0_fu_1006                  |   1|   0|    1|          0|
    |write_flag3_0_fu_1150                   |   1|   0|    1|          0|
    |write_flag43_0_fu_994                   |   1|   0|    1|          0|
    |write_flag47_0_fu_982                   |   1|   0|    1|          0|
    |write_flag50_0_fu_970                   |   1|   0|    1|          0|
    |write_flag53_0_fu_958                   |   1|   0|    1|          0|
    |write_flag56_0_fu_946                   |   1|   0|    1|          0|
    |write_flag59_0_fu_934                   |   1|   0|    1|          0|
    |write_flag6_0_fu_1138                   |   1|   0|    1|          0|
    |write_flag9_0_fu_1126                   |   1|   0|    1|          0|
    |write_flag_0_fu_1162                    |   1|   0|    1|          0|
    |z_10_fu_1038                            |  22|   0|   22|          0|
    |z_11_fu_1050                            |  22|   0|   22|          0|
    |z_12_fu_1062                            |  22|   0|   22|          0|
    |z_13_fu_1074                            |  22|   0|   22|          0|
    |z_14_fu_1086                            |  22|   0|   22|          0|
    |z_15_fu_1098                            |  22|   0|   22|          0|
    |z_16_fu_1110                            |  22|   0|   22|          0|
    |z_17_fu_1122                            |  22|   0|   22|          0|
    |z_18_fu_1134                            |  22|   0|   22|          0|
    |z_19_fu_1146                            |  22|   0|   22|          0|
    |z_20_fu_1158                            |  22|   0|   22|          0|
    |z_21_fu_1166                            |  22|   0|   22|          0|
    |z_2_fu_942                              |  22|   0|   22|          0|
    |z_3_fu_954                              |  22|   0|   22|          0|
    |z_4_fu_966                              |  22|   0|   22|          0|
    |z_5_fu_978                              |  22|   0|   22|          0|
    |z_6_fu_990                              |  22|   0|   22|          0|
    |z_7_fu_1002                             |  22|   0|   22|          0|
    |z_8_fu_1014                             |  22|   0|   22|          0|
    |z_9_fu_1026                             |  22|   0|   22|          0|
    +----------------------------------------+----+----+-----+-----------+
    |Total                                   |2728|   0| 2728|          0|
    +----------------------------------------+----+----+-----+-----------+



================================================================
== Interface
================================================================
* Summary: 
+----------------------------------+-----+-----+------------+---------------------------------------------------+--------------+
|             RTL Ports            | Dir | Bits|  Protocol  |                   Source Object                   |    C Type    |
+----------------------------------+-----+-----+------------+---------------------------------------------------+--------------+
|ap_clk                            |   in|    1|  ap_ctrl_hs|  LSTM<20ul, 20ul, 2ul>.3_Pipeline_VITIS_LOOP_118_2|  return value|
|ap_rst                            |   in|    1|  ap_ctrl_hs|  LSTM<20ul, 20ul, 2ul>.3_Pipeline_VITIS_LOOP_118_2|  return value|
|ap_start                          |   in|    1|  ap_ctrl_hs|  LSTM<20ul, 20ul, 2ul>.3_Pipeline_VITIS_LOOP_118_2|  return value|
|ap_done                           |  out|    1|  ap_ctrl_hs|  LSTM<20ul, 20ul, 2ul>.3_Pipeline_VITIS_LOOP_118_2|  return value|
|ap_idle                           |  out|    1|  ap_ctrl_hs|  LSTM<20ul, 20ul, 2ul>.3_Pipeline_VITIS_LOOP_118_2|  return value|
|ap_ready                          |  out|    1|  ap_ctrl_hs|  LSTM<20ul, 20ul, 2ul>.3_Pipeline_VITIS_LOOP_118_2|  return value|
|p_read59                          |   in|   22|     ap_none|                                           p_read59|        scalar|
|p_read58                          |   in|   22|     ap_none|                                           p_read58|        scalar|
|p_read57                          |   in|   22|     ap_none|                                           p_read57|        scalar|
|p_read56                          |   in|   22|     ap_none|                                           p_read56|        scalar|
|p_read55                          |   in|   22|     ap_none|                                           p_read55|        scalar|
|p_read54                          |   in|   22|     ap_none|                                           p_read54|        scalar|
|p_read53                          |   in|   22|     ap_none|                                           p_read53|        scalar|
|p_read52                          |   in|   22|     ap_none|                                           p_read52|        scalar|
|p_read51                          |   in|   22|     ap_none|                                           p_read51|        scalar|
|p_read50                          |   in|   22|     ap_none|                                           p_read50|        scalar|
|p_read49                          |   in|   22|     ap_none|                                           p_read49|        scalar|
|p_read48                          |   in|   22|     ap_none|                                           p_read48|        scalar|
|p_read47                          |   in|   22|     ap_none|                                           p_read47|        scalar|
|p_read46                          |   in|   22|     ap_none|                                           p_read46|        scalar|
|p_read45                          |   in|   22|     ap_none|                                           p_read45|        scalar|
|p_read44                          |   in|   22|     ap_none|                                           p_read44|        scalar|
|p_read43                          |   in|   22|     ap_none|                                           p_read43|        scalar|
|p_read42                          |   in|   22|     ap_none|                                           p_read42|        scalar|
|p_read41                          |   in|   22|     ap_none|                                           p_read41|        scalar|
|p_read40                          |   in|   22|     ap_none|                                           p_read40|        scalar|
|mux_case_79208732_phi_reload      |   in|   22|     ap_none|                       mux_case_79208732_phi_reload|        scalar|
|mux_case_78207723_phi_reload      |   in|   22|     ap_none|                       mux_case_78207723_phi_reload|        scalar|
|mux_case_77206714_phi_reload      |   in|   22|     ap_none|                       mux_case_77206714_phi_reload|        scalar|
|mux_case_76205705_phi_reload      |   in|   22|     ap_none|                       mux_case_76205705_phi_reload|        scalar|
|mux_case_75204696_phi_reload      |   in|   22|     ap_none|                       mux_case_75204696_phi_reload|        scalar|
|mux_case_74203687_phi_reload      |   in|   22|     ap_none|                       mux_case_74203687_phi_reload|        scalar|
|mux_case_73202678_phi_reload      |   in|   22|     ap_none|                       mux_case_73202678_phi_reload|        scalar|
|mux_case_72201669_phi_reload      |   in|   22|     ap_none|                       mux_case_72201669_phi_reload|        scalar|
|mux_case_71200660_phi_reload      |   in|   22|     ap_none|                       mux_case_71200660_phi_reload|        scalar|
|mux_case_70199651_phi_reload      |   in|   22|     ap_none|                       mux_case_70199651_phi_reload|        scalar|
|mux_case_69198642_phi_reload      |   in|   22|     ap_none|                       mux_case_69198642_phi_reload|        scalar|
|mux_case_68197633_phi_reload      |   in|   22|     ap_none|                       mux_case_68197633_phi_reload|        scalar|
|mux_case_67196624_phi_reload      |   in|   22|     ap_none|                       mux_case_67196624_phi_reload|        scalar|
|mux_case_66195615_phi_reload      |   in|   22|     ap_none|                       mux_case_66195615_phi_reload|        scalar|
|mux_case_65194606_phi_reload      |   in|   22|     ap_none|                       mux_case_65194606_phi_reload|        scalar|
|mux_case_64193597_phi_reload      |   in|   22|     ap_none|                       mux_case_64193597_phi_reload|        scalar|
|mux_case_63192588_phi_reload      |   in|   22|     ap_none|                       mux_case_63192588_phi_reload|        scalar|
|mux_case_62191579_phi_reload      |   in|   22|     ap_none|                       mux_case_62191579_phi_reload|        scalar|
|mux_case_61190570_phi_reload      |   in|   22|     ap_none|                       mux_case_61190570_phi_reload|        scalar|
|mux_case_60189561_phi_reload      |   in|   22|     ap_none|                       mux_case_60189561_phi_reload|        scalar|
|mux_case_59188552_phi_reload      |   in|   22|     ap_none|                       mux_case_59188552_phi_reload|        scalar|
|mux_case_58187543_phi_reload      |   in|   22|     ap_none|                       mux_case_58187543_phi_reload|        scalar|
|mux_case_57186534_phi_reload      |   in|   22|     ap_none|                       mux_case_57186534_phi_reload|        scalar|
|mux_case_56185525_phi_reload      |   in|   22|     ap_none|                       mux_case_56185525_phi_reload|        scalar|
|mux_case_55184516_phi_reload      |   in|   22|     ap_none|                       mux_case_55184516_phi_reload|        scalar|
|mux_case_54183507_phi_reload      |   in|   22|     ap_none|                       mux_case_54183507_phi_reload|        scalar|
|mux_case_53182498_phi_reload      |   in|   22|     ap_none|                       mux_case_53182498_phi_reload|        scalar|
|mux_case_52181489_phi_reload      |   in|   22|     ap_none|                       mux_case_52181489_phi_reload|        scalar|
|mux_case_51180480_phi_reload      |   in|   22|     ap_none|                       mux_case_51180480_phi_reload|        scalar|
|mux_case_50179471_phi_reload      |   in|   22|     ap_none|                       mux_case_50179471_phi_reload|        scalar|
|mux_case_49178462_phi_reload      |   in|   22|     ap_none|                       mux_case_49178462_phi_reload|        scalar|
|mux_case_48177453_phi_reload      |   in|   22|     ap_none|                       mux_case_48177453_phi_reload|        scalar|
|mux_case_47176444_phi_reload      |   in|   22|     ap_none|                       mux_case_47176444_phi_reload|        scalar|
|mux_case_46175435_phi_reload      |   in|   22|     ap_none|                       mux_case_46175435_phi_reload|        scalar|
|mux_case_45174426_phi_reload      |   in|   22|     ap_none|                       mux_case_45174426_phi_reload|        scalar|
|mux_case_44173417_phi_reload      |   in|   22|     ap_none|                       mux_case_44173417_phi_reload|        scalar|
|mux_case_43172408_phi_reload      |   in|   22|     ap_none|                       mux_case_43172408_phi_reload|        scalar|
|mux_case_42171399_phi_reload      |   in|   22|     ap_none|                       mux_case_42171399_phi_reload|        scalar|
|mux_case_41170390_phi_reload      |   in|   22|     ap_none|                       mux_case_41170390_phi_reload|        scalar|
|mux_case_40169381_phi_reload      |   in|   22|     ap_none|                       mux_case_40169381_phi_reload|        scalar|
|mux_case_39168371_phi_reload      |   in|   22|     ap_none|                       mux_case_39168371_phi_reload|        scalar|
|mux_case_38167361_phi_reload      |   in|   22|     ap_none|                       mux_case_38167361_phi_reload|        scalar|
|mux_case_37166351_phi_reload      |   in|   22|     ap_none|                       mux_case_37166351_phi_reload|        scalar|
|mux_case_36165341_phi_reload      |   in|   22|     ap_none|                       mux_case_36165341_phi_reload|        scalar|
|mux_case_35164331_phi_reload      |   in|   22|     ap_none|                       mux_case_35164331_phi_reload|        scalar|
|mux_case_34163321_phi_reload      |   in|   22|     ap_none|                       mux_case_34163321_phi_reload|        scalar|
|mux_case_33162311_phi_reload      |   in|   22|     ap_none|                       mux_case_33162311_phi_reload|        scalar|
|mux_case_32161301_phi_reload      |   in|   22|     ap_none|                       mux_case_32161301_phi_reload|        scalar|
|mux_case_31160291_phi_reload      |   in|   22|     ap_none|                       mux_case_31160291_phi_reload|        scalar|
|mux_case_30159281_phi_reload      |   in|   22|     ap_none|                       mux_case_30159281_phi_reload|        scalar|
|mux_case_29158271_phi_reload      |   in|   22|     ap_none|                       mux_case_29158271_phi_reload|        scalar|
|mux_case_28157261_phi_reload      |   in|   22|     ap_none|                       mux_case_28157261_phi_reload|        scalar|
|mux_case_27156251_phi_reload      |   in|   22|     ap_none|                       mux_case_27156251_phi_reload|        scalar|
|mux_case_26155241_phi_reload      |   in|   22|     ap_none|                       mux_case_26155241_phi_reload|        scalar|
|mux_case_25154231_phi_reload      |   in|   22|     ap_none|                       mux_case_25154231_phi_reload|        scalar|
|mux_case_24153221_phi_reload      |   in|   22|     ap_none|                       mux_case_24153221_phi_reload|        scalar|
|mux_case_23152211_phi_reload      |   in|   22|     ap_none|                       mux_case_23152211_phi_reload|        scalar|
|mux_case_22151201_phi_reload      |   in|   22|     ap_none|                       mux_case_22151201_phi_reload|        scalar|
|mux_case_21150191_phi_reload      |   in|   22|     ap_none|                       mux_case_21150191_phi_reload|        scalar|
|mux_case_20149181_phi_reload      |   in|   22|     ap_none|                       mux_case_20149181_phi_reload|        scalar|
|mux_case_19128172_phi_reload      |   in|   22|     ap_none|                       mux_case_19128172_phi_reload|        scalar|
|mux_case_18127163_phi_reload      |   in|   22|     ap_none|                       mux_case_18127163_phi_reload|        scalar|
|mux_case_17126154_phi_reload      |   in|   22|     ap_none|                       mux_case_17126154_phi_reload|        scalar|
|mux_case_16125145_phi_reload      |   in|   22|     ap_none|                       mux_case_16125145_phi_reload|        scalar|
|mux_case_15124136_phi_reload      |   in|   22|     ap_none|                       mux_case_15124136_phi_reload|        scalar|
|mux_case_14123127_phi_reload      |   in|   22|     ap_none|                       mux_case_14123127_phi_reload|        scalar|
|mux_case_13122118_phi_reload      |   in|   22|     ap_none|                       mux_case_13122118_phi_reload|        scalar|
|mux_case_12121109_phi_reload      |   in|   22|     ap_none|                       mux_case_12121109_phi_reload|        scalar|
|mux_case_11120100_phi_reload      |   in|   22|     ap_none|                       mux_case_11120100_phi_reload|        scalar|
|mux_case_1011991_phi_reload       |   in|   22|     ap_none|                        mux_case_1011991_phi_reload|        scalar|
|mux_case_911882_phi_reload        |   in|   22|     ap_none|                         mux_case_911882_phi_reload|        scalar|
|mux_case_811773_phi_reload        |   in|   22|     ap_none|                         mux_case_811773_phi_reload|        scalar|
|mux_case_711664_phi_reload        |   in|   22|     ap_none|                         mux_case_711664_phi_reload|        scalar|
|mux_case_611555_phi_reload        |   in|   22|     ap_none|                         mux_case_611555_phi_reload|        scalar|
|mux_case_511446_phi_reload        |   in|   22|     ap_none|                         mux_case_511446_phi_reload|        scalar|
|mux_case_411337_phi_reload        |   in|   22|     ap_none|                         mux_case_411337_phi_reload|        scalar|
|mux_case_311228_phi_reload        |   in|   22|     ap_none|                         mux_case_311228_phi_reload|        scalar|
|mux_case_211119_phi_reload        |   in|   22|     ap_none|                         mux_case_211119_phi_reload|        scalar|
|mux_case_111010_phi_reload        |   in|   22|     ap_none|                         mux_case_111010_phi_reload|        scalar|
|mux_case_01091_phi_reload         |   in|   22|     ap_none|                          mux_case_01091_phi_reload|        scalar|
|output_vectors_20                 |  out|   22|      ap_vld|                                  output_vectors_20|       pointer|
|output_vectors_20_ap_vld          |  out|    1|      ap_vld|                                  output_vectors_20|       pointer|
|output_vectors_0                  |  out|   22|      ap_vld|                                   output_vectors_0|       pointer|
|output_vectors_0_ap_vld           |  out|    1|      ap_vld|                                   output_vectors_0|       pointer|
|output_vectors_40                 |  out|   22|      ap_vld|                                  output_vectors_40|       pointer|
|output_vectors_40_ap_vld          |  out|    1|      ap_vld|                                  output_vectors_40|       pointer|
|output_vectors_60                 |  out|   22|      ap_vld|                                  output_vectors_60|       pointer|
|output_vectors_60_ap_vld          |  out|    1|      ap_vld|                                  output_vectors_60|       pointer|
|output_vectors_1                  |  out|   22|      ap_vld|                                   output_vectors_1|       pointer|
|output_vectors_1_ap_vld           |  out|    1|      ap_vld|                                   output_vectors_1|       pointer|
|output_vectors_21                 |  out|   22|      ap_vld|                                  output_vectors_21|       pointer|
|output_vectors_21_ap_vld          |  out|    1|      ap_vld|                                  output_vectors_21|       pointer|
|output_vectors_41                 |  out|   22|      ap_vld|                                  output_vectors_41|       pointer|
|output_vectors_41_ap_vld          |  out|    1|      ap_vld|                                  output_vectors_41|       pointer|
|output_vectors_61                 |  out|   22|      ap_vld|                                  output_vectors_61|       pointer|
|output_vectors_61_ap_vld          |  out|    1|      ap_vld|                                  output_vectors_61|       pointer|
|output_vectors_2                  |  out|   22|      ap_vld|                                   output_vectors_2|       pointer|
|output_vectors_2_ap_vld           |  out|    1|      ap_vld|                                   output_vectors_2|       pointer|
|output_vectors_22                 |  out|   22|      ap_vld|                                  output_vectors_22|       pointer|
|output_vectors_22_ap_vld          |  out|    1|      ap_vld|                                  output_vectors_22|       pointer|
|output_vectors_42                 |  out|   22|      ap_vld|                                  output_vectors_42|       pointer|
|output_vectors_42_ap_vld          |  out|    1|      ap_vld|                                  output_vectors_42|       pointer|
|output_vectors_62                 |  out|   22|      ap_vld|                                  output_vectors_62|       pointer|
|output_vectors_62_ap_vld          |  out|    1|      ap_vld|                                  output_vectors_62|       pointer|
|output_vectors_3                  |  out|   22|      ap_vld|                                   output_vectors_3|       pointer|
|output_vectors_3_ap_vld           |  out|    1|      ap_vld|                                   output_vectors_3|       pointer|
|output_vectors_23                 |  out|   22|      ap_vld|                                  output_vectors_23|       pointer|
|output_vectors_23_ap_vld          |  out|    1|      ap_vld|                                  output_vectors_23|       pointer|
|output_vectors_43                 |  out|   22|      ap_vld|                                  output_vectors_43|       pointer|
|output_vectors_43_ap_vld          |  out|    1|      ap_vld|                                  output_vectors_43|       pointer|
|output_vectors_63                 |  out|   22|      ap_vld|                                  output_vectors_63|       pointer|
|output_vectors_63_ap_vld          |  out|    1|      ap_vld|                                  output_vectors_63|       pointer|
|output_vectors_4                  |  out|   22|      ap_vld|                                   output_vectors_4|       pointer|
|output_vectors_4_ap_vld           |  out|    1|      ap_vld|                                   output_vectors_4|       pointer|
|output_vectors_24                 |  out|   22|      ap_vld|                                  output_vectors_24|       pointer|
|output_vectors_24_ap_vld          |  out|    1|      ap_vld|                                  output_vectors_24|       pointer|
|output_vectors_44                 |  out|   22|      ap_vld|                                  output_vectors_44|       pointer|
|output_vectors_44_ap_vld          |  out|    1|      ap_vld|                                  output_vectors_44|       pointer|
|output_vectors_64                 |  out|   22|      ap_vld|                                  output_vectors_64|       pointer|
|output_vectors_64_ap_vld          |  out|    1|      ap_vld|                                  output_vectors_64|       pointer|
|output_vectors_5                  |  out|   22|      ap_vld|                                   output_vectors_5|       pointer|
|output_vectors_5_ap_vld           |  out|    1|      ap_vld|                                   output_vectors_5|       pointer|
|output_vectors_25                 |  out|   22|      ap_vld|                                  output_vectors_25|       pointer|
|output_vectors_25_ap_vld          |  out|    1|      ap_vld|                                  output_vectors_25|       pointer|
|output_vectors_45                 |  out|   22|      ap_vld|                                  output_vectors_45|       pointer|
|output_vectors_45_ap_vld          |  out|    1|      ap_vld|                                  output_vectors_45|       pointer|
|output_vectors_65                 |  out|   22|      ap_vld|                                  output_vectors_65|       pointer|
|output_vectors_65_ap_vld          |  out|    1|      ap_vld|                                  output_vectors_65|       pointer|
|output_vectors_6                  |  out|   22|      ap_vld|                                   output_vectors_6|       pointer|
|output_vectors_6_ap_vld           |  out|    1|      ap_vld|                                   output_vectors_6|       pointer|
|output_vectors_26                 |  out|   22|      ap_vld|                                  output_vectors_26|       pointer|
|output_vectors_26_ap_vld          |  out|    1|      ap_vld|                                  output_vectors_26|       pointer|
|output_vectors_46                 |  out|   22|      ap_vld|                                  output_vectors_46|       pointer|
|output_vectors_46_ap_vld          |  out|    1|      ap_vld|                                  output_vectors_46|       pointer|
|output_vectors_66                 |  out|   22|      ap_vld|                                  output_vectors_66|       pointer|
|output_vectors_66_ap_vld          |  out|    1|      ap_vld|                                  output_vectors_66|       pointer|
|output_vectors_7                  |  out|   22|      ap_vld|                                   output_vectors_7|       pointer|
|output_vectors_7_ap_vld           |  out|    1|      ap_vld|                                   output_vectors_7|       pointer|
|output_vectors_27                 |  out|   22|      ap_vld|                                  output_vectors_27|       pointer|
|output_vectors_27_ap_vld          |  out|    1|      ap_vld|                                  output_vectors_27|       pointer|
|output_vectors_47                 |  out|   22|      ap_vld|                                  output_vectors_47|       pointer|
|output_vectors_47_ap_vld          |  out|    1|      ap_vld|                                  output_vectors_47|       pointer|
|output_vectors_67                 |  out|   22|      ap_vld|                                  output_vectors_67|       pointer|
|output_vectors_67_ap_vld          |  out|    1|      ap_vld|                                  output_vectors_67|       pointer|
|output_vectors_8                  |  out|   22|      ap_vld|                                   output_vectors_8|       pointer|
|output_vectors_8_ap_vld           |  out|    1|      ap_vld|                                   output_vectors_8|       pointer|
|output_vectors_28                 |  out|   22|      ap_vld|                                  output_vectors_28|       pointer|
|output_vectors_28_ap_vld          |  out|    1|      ap_vld|                                  output_vectors_28|       pointer|
|output_vectors_48                 |  out|   22|      ap_vld|                                  output_vectors_48|       pointer|
|output_vectors_48_ap_vld          |  out|    1|      ap_vld|                                  output_vectors_48|       pointer|
|output_vectors_68                 |  out|   22|      ap_vld|                                  output_vectors_68|       pointer|
|output_vectors_68_ap_vld          |  out|    1|      ap_vld|                                  output_vectors_68|       pointer|
|output_vectors_9                  |  out|   22|      ap_vld|                                   output_vectors_9|       pointer|
|output_vectors_9_ap_vld           |  out|    1|      ap_vld|                                   output_vectors_9|       pointer|
|output_vectors_29                 |  out|   22|      ap_vld|                                  output_vectors_29|       pointer|
|output_vectors_29_ap_vld          |  out|    1|      ap_vld|                                  output_vectors_29|       pointer|
|output_vectors_49                 |  out|   22|      ap_vld|                                  output_vectors_49|       pointer|
|output_vectors_49_ap_vld          |  out|    1|      ap_vld|                                  output_vectors_49|       pointer|
|output_vectors_69                 |  out|   22|      ap_vld|                                  output_vectors_69|       pointer|
|output_vectors_69_ap_vld          |  out|    1|      ap_vld|                                  output_vectors_69|       pointer|
|output_vectors_10                 |  out|   22|      ap_vld|                                  output_vectors_10|       pointer|
|output_vectors_10_ap_vld          |  out|    1|      ap_vld|                                  output_vectors_10|       pointer|
|output_vectors_30                 |  out|   22|      ap_vld|                                  output_vectors_30|       pointer|
|output_vectors_30_ap_vld          |  out|    1|      ap_vld|                                  output_vectors_30|       pointer|
|output_vectors_50                 |  out|   22|      ap_vld|                                  output_vectors_50|       pointer|
|output_vectors_50_ap_vld          |  out|    1|      ap_vld|                                  output_vectors_50|       pointer|
|output_vectors_70                 |  out|   22|      ap_vld|                                  output_vectors_70|       pointer|
|output_vectors_70_ap_vld          |  out|    1|      ap_vld|                                  output_vectors_70|       pointer|
|output_vectors_11                 |  out|   22|      ap_vld|                                  output_vectors_11|       pointer|
|output_vectors_11_ap_vld          |  out|    1|      ap_vld|                                  output_vectors_11|       pointer|
|output_vectors_31                 |  out|   22|      ap_vld|                                  output_vectors_31|       pointer|
|output_vectors_31_ap_vld          |  out|    1|      ap_vld|                                  output_vectors_31|       pointer|
|output_vectors_51                 |  out|   22|      ap_vld|                                  output_vectors_51|       pointer|
|output_vectors_51_ap_vld          |  out|    1|      ap_vld|                                  output_vectors_51|       pointer|
|output_vectors_71                 |  out|   22|      ap_vld|                                  output_vectors_71|       pointer|
|output_vectors_71_ap_vld          |  out|    1|      ap_vld|                                  output_vectors_71|       pointer|
|output_vectors_12                 |  out|   22|      ap_vld|                                  output_vectors_12|       pointer|
|output_vectors_12_ap_vld          |  out|    1|      ap_vld|                                  output_vectors_12|       pointer|
|output_vectors_32                 |  out|   22|      ap_vld|                                  output_vectors_32|       pointer|
|output_vectors_32_ap_vld          |  out|    1|      ap_vld|                                  output_vectors_32|       pointer|
|output_vectors_52                 |  out|   22|      ap_vld|                                  output_vectors_52|       pointer|
|output_vectors_52_ap_vld          |  out|    1|      ap_vld|                                  output_vectors_52|       pointer|
|output_vectors_72                 |  out|   22|      ap_vld|                                  output_vectors_72|       pointer|
|output_vectors_72_ap_vld          |  out|    1|      ap_vld|                                  output_vectors_72|       pointer|
|output_vectors_13                 |  out|   22|      ap_vld|                                  output_vectors_13|       pointer|
|output_vectors_13_ap_vld          |  out|    1|      ap_vld|                                  output_vectors_13|       pointer|
|output_vectors_33                 |  out|   22|      ap_vld|                                  output_vectors_33|       pointer|
|output_vectors_33_ap_vld          |  out|    1|      ap_vld|                                  output_vectors_33|       pointer|
|output_vectors_53                 |  out|   22|      ap_vld|                                  output_vectors_53|       pointer|
|output_vectors_53_ap_vld          |  out|    1|      ap_vld|                                  output_vectors_53|       pointer|
|output_vectors_73                 |  out|   22|      ap_vld|                                  output_vectors_73|       pointer|
|output_vectors_73_ap_vld          |  out|    1|      ap_vld|                                  output_vectors_73|       pointer|
|output_vectors_14                 |  out|   22|      ap_vld|                                  output_vectors_14|       pointer|
|output_vectors_14_ap_vld          |  out|    1|      ap_vld|                                  output_vectors_14|       pointer|
|output_vectors_34                 |  out|   22|      ap_vld|                                  output_vectors_34|       pointer|
|output_vectors_34_ap_vld          |  out|    1|      ap_vld|                                  output_vectors_34|       pointer|
|output_vectors_54                 |  out|   22|      ap_vld|                                  output_vectors_54|       pointer|
|output_vectors_54_ap_vld          |  out|    1|      ap_vld|                                  output_vectors_54|       pointer|
|output_vectors_74                 |  out|   22|      ap_vld|                                  output_vectors_74|       pointer|
|output_vectors_74_ap_vld          |  out|    1|      ap_vld|                                  output_vectors_74|       pointer|
|output_vectors_15                 |  out|   22|      ap_vld|                                  output_vectors_15|       pointer|
|output_vectors_15_ap_vld          |  out|    1|      ap_vld|                                  output_vectors_15|       pointer|
|output_vectors_35                 |  out|   22|      ap_vld|                                  output_vectors_35|       pointer|
|output_vectors_35_ap_vld          |  out|    1|      ap_vld|                                  output_vectors_35|       pointer|
|output_vectors_55                 |  out|   22|      ap_vld|                                  output_vectors_55|       pointer|
|output_vectors_55_ap_vld          |  out|    1|      ap_vld|                                  output_vectors_55|       pointer|
|output_vectors_75                 |  out|   22|      ap_vld|                                  output_vectors_75|       pointer|
|output_vectors_75_ap_vld          |  out|    1|      ap_vld|                                  output_vectors_75|       pointer|
|output_vectors_16                 |  out|   22|      ap_vld|                                  output_vectors_16|       pointer|
|output_vectors_16_ap_vld          |  out|    1|      ap_vld|                                  output_vectors_16|       pointer|
|output_vectors_36                 |  out|   22|      ap_vld|                                  output_vectors_36|       pointer|
|output_vectors_36_ap_vld          |  out|    1|      ap_vld|                                  output_vectors_36|       pointer|
|output_vectors_56                 |  out|   22|      ap_vld|                                  output_vectors_56|       pointer|
|output_vectors_56_ap_vld          |  out|    1|      ap_vld|                                  output_vectors_56|       pointer|
|output_vectors_76                 |  out|   22|      ap_vld|                                  output_vectors_76|       pointer|
|output_vectors_76_ap_vld          |  out|    1|      ap_vld|                                  output_vectors_76|       pointer|
|output_vectors_17                 |  out|   22|      ap_vld|                                  output_vectors_17|       pointer|
|output_vectors_17_ap_vld          |  out|    1|      ap_vld|                                  output_vectors_17|       pointer|
|output_vectors_37                 |  out|   22|      ap_vld|                                  output_vectors_37|       pointer|
|output_vectors_37_ap_vld          |  out|    1|      ap_vld|                                  output_vectors_37|       pointer|
|output_vectors_57                 |  out|   22|      ap_vld|                                  output_vectors_57|       pointer|
|output_vectors_57_ap_vld          |  out|    1|      ap_vld|                                  output_vectors_57|       pointer|
|output_vectors_77                 |  out|   22|      ap_vld|                                  output_vectors_77|       pointer|
|output_vectors_77_ap_vld          |  out|    1|      ap_vld|                                  output_vectors_77|       pointer|
|output_vectors_18                 |  out|   22|      ap_vld|                                  output_vectors_18|       pointer|
|output_vectors_18_ap_vld          |  out|    1|      ap_vld|                                  output_vectors_18|       pointer|
|output_vectors_38                 |  out|   22|      ap_vld|                                  output_vectors_38|       pointer|
|output_vectors_38_ap_vld          |  out|    1|      ap_vld|                                  output_vectors_38|       pointer|
|output_vectors_58                 |  out|   22|      ap_vld|                                  output_vectors_58|       pointer|
|output_vectors_58_ap_vld          |  out|    1|      ap_vld|                                  output_vectors_58|       pointer|
|output_vectors_78                 |  out|   22|      ap_vld|                                  output_vectors_78|       pointer|
|output_vectors_78_ap_vld          |  out|    1|      ap_vld|                                  output_vectors_78|       pointer|
|output_vectors_19                 |  out|   22|      ap_vld|                                  output_vectors_19|       pointer|
|output_vectors_19_ap_vld          |  out|    1|      ap_vld|                                  output_vectors_19|       pointer|
|output_vectors_39                 |  out|   22|      ap_vld|                                  output_vectors_39|       pointer|
|output_vectors_39_ap_vld          |  out|    1|      ap_vld|                                  output_vectors_39|       pointer|
|output_vectors_59                 |  out|   22|      ap_vld|                                  output_vectors_59|       pointer|
|output_vectors_59_ap_vld          |  out|    1|      ap_vld|                                  output_vectors_59|       pointer|
|output_vectors_79                 |  out|   22|      ap_vld|                                  output_vectors_79|       pointer|
|output_vectors_79_ap_vld          |  out|    1|      ap_vld|                                  output_vectors_79|       pointer|
|cell_state_19_0_out               |  out|   22|      ap_vld|                                cell_state_19_0_out|       pointer|
|cell_state_19_0_out_ap_vld        |  out|    1|      ap_vld|                                cell_state_19_0_out|       pointer|
|write_flag_0_out                  |  out|    1|      ap_vld|                                   write_flag_0_out|       pointer|
|write_flag_0_out_ap_vld           |  out|    1|      ap_vld|                                   write_flag_0_out|       pointer|
|cell_state_18_0_out               |  out|   22|      ap_vld|                                cell_state_18_0_out|       pointer|
|cell_state_18_0_out_ap_vld        |  out|    1|      ap_vld|                                cell_state_18_0_out|       pointer|
|hidden_state_0_060_out            |  out|   22|      ap_vld|                             hidden_state_0_060_out|       pointer|
|hidden_state_0_060_out_ap_vld     |  out|    1|      ap_vld|                             hidden_state_0_060_out|       pointer|
|write_flag3_0_out                 |  out|    1|      ap_vld|                                  write_flag3_0_out|       pointer|
|write_flag3_0_out_ap_vld          |  out|    1|      ap_vld|                                  write_flag3_0_out|       pointer|
|cell_state_17_0_out               |  out|   22|      ap_vld|                                cell_state_17_0_out|       pointer|
|cell_state_17_0_out_ap_vld        |  out|    1|      ap_vld|                                cell_state_17_0_out|       pointer|
|hidden_state_1_059_out            |  out|   22|      ap_vld|                             hidden_state_1_059_out|       pointer|
|hidden_state_1_059_out_ap_vld     |  out|    1|      ap_vld|                             hidden_state_1_059_out|       pointer|
|write_flag6_0_out                 |  out|    1|      ap_vld|                                  write_flag6_0_out|       pointer|
|write_flag6_0_out_ap_vld          |  out|    1|      ap_vld|                                  write_flag6_0_out|       pointer|
|cell_state_16_0_out               |  out|   22|      ap_vld|                                cell_state_16_0_out|       pointer|
|cell_state_16_0_out_ap_vld        |  out|    1|      ap_vld|                                cell_state_16_0_out|       pointer|
|hidden_state_2_058_out            |  out|   22|      ap_vld|                             hidden_state_2_058_out|       pointer|
|hidden_state_2_058_out_ap_vld     |  out|    1|      ap_vld|                             hidden_state_2_058_out|       pointer|
|write_flag9_0_out                 |  out|    1|      ap_vld|                                  write_flag9_0_out|       pointer|
|write_flag9_0_out_ap_vld          |  out|    1|      ap_vld|                                  write_flag9_0_out|       pointer|
|cell_state_15_0_out               |  out|   22|      ap_vld|                                cell_state_15_0_out|       pointer|
|cell_state_15_0_out_ap_vld        |  out|    1|      ap_vld|                                cell_state_15_0_out|       pointer|
|hidden_state_3_057_out            |  out|   22|      ap_vld|                             hidden_state_3_057_out|       pointer|
|hidden_state_3_057_out_ap_vld     |  out|    1|      ap_vld|                             hidden_state_3_057_out|       pointer|
|write_flag12_0_out                |  out|    1|      ap_vld|                                 write_flag12_0_out|       pointer|
|write_flag12_0_out_ap_vld         |  out|    1|      ap_vld|                                 write_flag12_0_out|       pointer|
|cell_state_14_0_out               |  out|   22|      ap_vld|                                cell_state_14_0_out|       pointer|
|cell_state_14_0_out_ap_vld        |  out|    1|      ap_vld|                                cell_state_14_0_out|       pointer|
|hidden_state_4_056_out            |  out|   22|      ap_vld|                             hidden_state_4_056_out|       pointer|
|hidden_state_4_056_out_ap_vld     |  out|    1|      ap_vld|                             hidden_state_4_056_out|       pointer|
|write_flag15_0_out                |  out|    1|      ap_vld|                                 write_flag15_0_out|       pointer|
|write_flag15_0_out_ap_vld         |  out|    1|      ap_vld|                                 write_flag15_0_out|       pointer|
|cell_state_13_0_out               |  out|   22|      ap_vld|                                cell_state_13_0_out|       pointer|
|cell_state_13_0_out_ap_vld        |  out|    1|      ap_vld|                                cell_state_13_0_out|       pointer|
|hidden_state_5_055_out            |  out|   22|      ap_vld|                             hidden_state_5_055_out|       pointer|
|hidden_state_5_055_out_ap_vld     |  out|    1|      ap_vld|                             hidden_state_5_055_out|       pointer|
|write_flag18_0_out                |  out|    1|      ap_vld|                                 write_flag18_0_out|       pointer|
|write_flag18_0_out_ap_vld         |  out|    1|      ap_vld|                                 write_flag18_0_out|       pointer|
|cell_state_1214_0_out             |  out|   22|      ap_vld|                              cell_state_1214_0_out|       pointer|
|cell_state_1214_0_out_ap_vld      |  out|    1|      ap_vld|                              cell_state_1214_0_out|       pointer|
|hidden_state_6_054_out            |  out|   22|      ap_vld|                             hidden_state_6_054_out|       pointer|
|hidden_state_6_054_out_ap_vld     |  out|    1|      ap_vld|                             hidden_state_6_054_out|       pointer|
|write_flag21_0_out                |  out|    1|      ap_vld|                                 write_flag21_0_out|       pointer|
|write_flag21_0_out_ap_vld         |  out|    1|      ap_vld|                                 write_flag21_0_out|       pointer|
|cell_state_11_0_out               |  out|   22|      ap_vld|                                cell_state_11_0_out|       pointer|
|cell_state_11_0_out_ap_vld        |  out|    1|      ap_vld|                                cell_state_11_0_out|       pointer|
|hidden_state_7_053_out            |  out|   22|      ap_vld|                             hidden_state_7_053_out|       pointer|
|hidden_state_7_053_out_ap_vld     |  out|    1|      ap_vld|                             hidden_state_7_053_out|       pointer|
|write_flag24_0_out                |  out|    1|      ap_vld|                                 write_flag24_0_out|       pointer|
|write_flag24_0_out_ap_vld         |  out|    1|      ap_vld|                                 write_flag24_0_out|       pointer|
|cell_state_10_0_out               |  out|   22|      ap_vld|                                cell_state_10_0_out|       pointer|
|cell_state_10_0_out_ap_vld        |  out|    1|      ap_vld|                                cell_state_10_0_out|       pointer|
|hidden_state_8_052_out            |  out|   22|      ap_vld|                             hidden_state_8_052_out|       pointer|
|hidden_state_8_052_out_ap_vld     |  out|    1|      ap_vld|                             hidden_state_8_052_out|       pointer|
|write_flag27_0_out                |  out|    1|      ap_vld|                                 write_flag27_0_out|       pointer|
|write_flag27_0_out_ap_vld         |  out|    1|      ap_vld|                                 write_flag27_0_out|       pointer|
|cell_state_9_0_out                |  out|   22|      ap_vld|                                 cell_state_9_0_out|       pointer|
|cell_state_9_0_out_ap_vld         |  out|    1|      ap_vld|                                 cell_state_9_0_out|       pointer|
|hidden_state_9_051_out            |  out|   22|      ap_vld|                             hidden_state_9_051_out|       pointer|
|hidden_state_9_051_out_ap_vld     |  out|    1|      ap_vld|                             hidden_state_9_051_out|       pointer|
|write_flag30_0_out                |  out|    1|      ap_vld|                                 write_flag30_0_out|       pointer|
|write_flag30_0_out_ap_vld         |  out|    1|      ap_vld|                                 write_flag30_0_out|       pointer|
|cell_state_8_0_out                |  out|   22|      ap_vld|                                 cell_state_8_0_out|       pointer|
|cell_state_8_0_out_ap_vld         |  out|    1|      ap_vld|                                 cell_state_8_0_out|       pointer|
|hidden_state_10_050_out           |  out|   22|      ap_vld|                            hidden_state_10_050_out|       pointer|
|hidden_state_10_050_out_ap_vld    |  out|    1|      ap_vld|                            hidden_state_10_050_out|       pointer|
|write_flag33_0_out                |  out|    1|      ap_vld|                                 write_flag33_0_out|       pointer|
|write_flag33_0_out_ap_vld         |  out|    1|      ap_vld|                                 write_flag33_0_out|       pointer|
|cell_state_7_0_out                |  out|   22|      ap_vld|                                 cell_state_7_0_out|       pointer|
|cell_state_7_0_out_ap_vld         |  out|    1|      ap_vld|                                 cell_state_7_0_out|       pointer|
|hidden_state_11_049_out           |  out|   22|      ap_vld|                            hidden_state_11_049_out|       pointer|
|hidden_state_11_049_out_ap_vld    |  out|    1|      ap_vld|                            hidden_state_11_049_out|       pointer|
|write_flag36_0_out                |  out|    1|      ap_vld|                                 write_flag36_0_out|       pointer|
|write_flag36_0_out_ap_vld         |  out|    1|      ap_vld|                                 write_flag36_0_out|       pointer|
|cell_state_6_0_out                |  out|   22|      ap_vld|                                 cell_state_6_0_out|       pointer|
|cell_state_6_0_out_ap_vld         |  out|    1|      ap_vld|                                 cell_state_6_0_out|       pointer|
|hidden_state_12_048_out           |  out|   22|      ap_vld|                            hidden_state_12_048_out|       pointer|
|hidden_state_12_048_out_ap_vld    |  out|    1|      ap_vld|                            hidden_state_12_048_out|       pointer|
|write_flag39_0_out                |  out|    1|      ap_vld|                                 write_flag39_0_out|       pointer|
|write_flag39_0_out_ap_vld         |  out|    1|      ap_vld|                                 write_flag39_0_out|       pointer|
|cell_state_5_0_out                |  out|   22|      ap_vld|                                 cell_state_5_0_out|       pointer|
|cell_state_5_0_out_ap_vld         |  out|    1|      ap_vld|                                 cell_state_5_0_out|       pointer|
|hidden_state_13_047_out           |  out|   22|      ap_vld|                            hidden_state_13_047_out|       pointer|
|hidden_state_13_047_out_ap_vld    |  out|    1|      ap_vld|                            hidden_state_13_047_out|       pointer|
|write_flag43_0_out                |  out|    1|      ap_vld|                                 write_flag43_0_out|       pointer|
|write_flag43_0_out_ap_vld         |  out|    1|      ap_vld|                                 write_flag43_0_out|       pointer|
|cell_state_4_0_out                |  out|   22|      ap_vld|                                 cell_state_4_0_out|       pointer|
|cell_state_4_0_out_ap_vld         |  out|    1|      ap_vld|                                 cell_state_4_0_out|       pointer|
|hidden_state_1445_046_out         |  out|   22|      ap_vld|                          hidden_state_1445_046_out|       pointer|
|hidden_state_1445_046_out_ap_vld  |  out|    1|      ap_vld|                          hidden_state_1445_046_out|       pointer|
|write_flag47_0_out                |  out|    1|      ap_vld|                                 write_flag47_0_out|       pointer|
|write_flag47_0_out_ap_vld         |  out|    1|      ap_vld|                                 write_flag47_0_out|       pointer|
|cell_state_3_0_out                |  out|   22|      ap_vld|                                 cell_state_3_0_out|       pointer|
|cell_state_3_0_out_ap_vld         |  out|    1|      ap_vld|                                 cell_state_3_0_out|       pointer|
|hidden_state_15_045_out           |  out|   22|      ap_vld|                            hidden_state_15_045_out|       pointer|
|hidden_state_15_045_out_ap_vld    |  out|    1|      ap_vld|                            hidden_state_15_045_out|       pointer|
|write_flag50_0_out                |  out|    1|      ap_vld|                                 write_flag50_0_out|       pointer|
|write_flag50_0_out_ap_vld         |  out|    1|      ap_vld|                                 write_flag50_0_out|       pointer|
|cell_state_2_0_out                |  out|   22|      ap_vld|                                 cell_state_2_0_out|       pointer|
|cell_state_2_0_out_ap_vld         |  out|    1|      ap_vld|                                 cell_state_2_0_out|       pointer|
|hidden_state_16_044_out           |  out|   22|      ap_vld|                            hidden_state_16_044_out|       pointer|
|hidden_state_16_044_out_ap_vld    |  out|    1|      ap_vld|                            hidden_state_16_044_out|       pointer|
|write_flag53_0_out                |  out|    1|      ap_vld|                                 write_flag53_0_out|       pointer|
|write_flag53_0_out_ap_vld         |  out|    1|      ap_vld|                                 write_flag53_0_out|       pointer|
|cell_state_1_0_out                |  out|   22|      ap_vld|                                 cell_state_1_0_out|       pointer|
|cell_state_1_0_out_ap_vld         |  out|    1|      ap_vld|                                 cell_state_1_0_out|       pointer|
|hidden_state_17_043_out           |  out|   22|      ap_vld|                            hidden_state_17_043_out|       pointer|
|hidden_state_17_043_out_ap_vld    |  out|    1|      ap_vld|                            hidden_state_17_043_out|       pointer|
|write_flag56_0_out                |  out|    1|      ap_vld|                                 write_flag56_0_out|       pointer|
|write_flag56_0_out_ap_vld         |  out|    1|      ap_vld|                                 write_flag56_0_out|       pointer|
|cell_state_0_0_out                |  out|   22|      ap_vld|                                 cell_state_0_0_out|       pointer|
|cell_state_0_0_out_ap_vld         |  out|    1|      ap_vld|                                 cell_state_0_0_out|       pointer|
|hidden_state_18_042_out           |  out|   22|      ap_vld|                            hidden_state_18_042_out|       pointer|
|hidden_state_18_042_out_ap_vld    |  out|    1|      ap_vld|                            hidden_state_18_042_out|       pointer|
|write_flag59_0_out                |  out|    1|      ap_vld|                                 write_flag59_0_out|       pointer|
|write_flag59_0_out_ap_vld         |  out|    1|      ap_vld|                                 write_flag59_0_out|       pointer|
|hidden_state_19_040_out           |  out|   22|      ap_vld|                            hidden_state_19_040_out|       pointer|
|hidden_state_19_040_out_ap_vld    |  out|    1|      ap_vld|                            hidden_state_19_040_out|       pointer|
+----------------------------------+-----+-----+------------+---------------------------------------------------+--------------+

