

================================================================
== Vitis HLS Report for 'LSTM_20ul_20ul_2ul_Pipeline_VITIS_LOOP_118_2'
================================================================
* Date:           Wed Oct 18 18:29:55 2023

* Version:        2023.1 (Build 3854077 on May  4 2023)
* Project:        matrix_test2
* Solution:       solution1 (Vivado IP Flow Target)
* Product family: zynquplus
* Target device:  xczu7ev-ffvc1156-2-e


================================================================
== Performance Estimates
================================================================
+ Timing: 
    * Summary: 
    +--------+---------+-----------+------------+
    |  Clock |  Target | Estimated | Uncertainty|
    +--------+---------+-----------+------------+
    |ap_clk  |  0.35 us|  16.165 ns|    94.50 ns|
    +--------+---------+-----------+------------+

+ Latency: 
    * Summary: 
    +---------+---------+----------+----------+-----+-----+---------+
    |  Latency (cycles) |  Latency (absolute) |  Interval | Pipeline|
    |   min   |   max   |    min   |    max   | min | max |   Type  |
    +---------+---------+----------+----------+-----+-----+---------+
    |       22|       22|  7.700 us|  7.700 us|   22|   22|       no|
    +---------+---------+----------+----------+-----+-----+---------+

    + Detail: 
        * Instance: 
        N/A

        * Loop: 
        +--------------------+---------+---------+----------+-----------+-----------+------+----------+
        |                    |  Latency (cycles) | Iteration|  Initiation Interval  | Trip |          |
        |      Loop Name     |   min   |   max   |  Latency |  achieved |   target  | Count| Pipelined|
        +--------------------+---------+---------+----------+-----------+-----------+------+----------+
        |- VITIS_LOOP_118_2  |       20|       20|         1|          1|          1|    20|       yes|
        +--------------------+---------+---------+----------+-----------+-----------+------+----------+



================================================================
== Utilization Estimates
================================================================
* Summary: 
+-----------------+---------+------+--------+--------+-----+
|       Name      | BRAM_18K|  DSP |   FF   |   LUT  | URAM|
+-----------------+---------+------+--------+--------+-----+
|DSP              |        -|     -|       -|       -|    -|
|Expression       |        -|     -|       0|    1365|    -|
|FIFO             |        -|     -|       -|       -|    -|
|Instance         |        -|     6|       0|     571|    -|
|Memory           |        -|     -|       -|       -|    -|
|Multiplexer      |        -|     -|       -|     847|    -|
|Register         |        -|     -|     447|       -|    -|
+-----------------+---------+------+--------+--------+-----+
|Total            |        0|     6|     447|    2783|    0|
+-----------------+---------+------+--------+--------+-----+
|Available        |      624|  1728|  460800|  230400|   96|
+-----------------+---------+------+--------+--------+-----+
|Utilization (%)  |        0|    ~0|      ~0|       1|    0|
+-----------------+---------+------+--------+--------+-----+

+ Detail: 
    * Instance: 
    +---------------------------+--------------------+---------+----+---+-----+-----+
    |          Instance         |       Module       | BRAM_18K| DSP| FF| LUT | URAM|
    +---------------------------+--------------------+---------+----+---+-----+-----+
    |mul_22s_22s_44_1_1_U23349  |mul_22s_22s_44_1_1  |        0|   2|  0|   22|    0|
    |mul_22s_22s_44_1_1_U23350  |mul_22s_22s_44_1_1  |        0|   2|  0|   22|    0|
    |mul_22s_22s_44_1_1_U23351  |mul_22s_22s_44_1_1  |        0|   2|  0|   22|    0|
    |mux_20_5_22_1_1_U23352     |mux_20_5_22_1_1     |        0|   0|  0|  101|    0|
    |mux_20_5_22_1_1_U23353     |mux_20_5_22_1_1     |        0|   0|  0|  101|    0|
    |mux_20_5_22_1_1_U23354     |mux_20_5_22_1_1     |        0|   0|  0|  101|    0|
    |mux_20_5_22_1_1_U23355     |mux_20_5_22_1_1     |        0|   0|  0|  101|    0|
    |mux_20_5_22_1_1_U23356     |mux_20_5_22_1_1     |        0|   0|  0|  101|    0|
    +---------------------------+--------------------+---------+----+---+-----+-----+
    |Total                      |                    |        0|   6|  0|  571|    0|
    +---------------------------+--------------------+---------+----+---+-----+-----+

    * DSP: 
    N/A

    * Memory: 
    N/A

    * FIFO: 
    N/A

    * Expression: 
    +---------------------------+----------+----+---+----+------------+------------+
    |       Variable Name       | Operation| DSP| FF| LUT| Bitwidth P0| Bitwidth P1|
    +---------------------------+----------+----+---+----+------------+------------+
    |add_ln10_1_fu_826_p2       |         +|   0|  0|  29|          22|           5|
    |add_ln10_2_fu_1000_p2      |         +|   0|  0|  29|          22|           5|
    |add_ln10_fu_526_p2         |         +|   0|  0|  29|          22|           5|
    |add_ln118_fu_388_p2        |         +|   0|  0|  12|           5|           1|
    |add_ln126_1_fu_1746_p2     |         +|   0|  0|  35|          28|          28|
    |add_ln126_2_fu_1802_p2     |         +|   0|  0|  29|          22|          22|
    |add_ln126_3_fu_1776_p2     |         +|   0|  0|  12|           5|           5|
    |add_ln126_4_fu_1752_p2     |         +|   0|  0|  34|          27|          27|
    |add_ln126_fu_1740_p2       |         +|   0|  0|  51|          44|          44|
    |add_ln127_fu_2194_p2       |         +|   0|  0|  29|          22|          22|
    |add_ln36_1_fu_2126_p2      |         +|   0|  0|  29|          22|           6|
    |add_ln36_fu_1196_p2        |         +|   0|  0|  29|          22|           6|
    |and_ln126_1_fu_1888_p2     |       and|   0|  0|   2|           1|           1|
    |and_ln126_2_fu_1902_p2     |       and|   0|  0|   2|           1|           1|
    |and_ln126_3_fu_1926_p2     |       and|   0|  0|   2|           1|           1|
    |and_ln126_4_fu_1932_p2     |       and|   0|  0|   2|           1|           1|
    |and_ln126_5_fu_1950_p2     |       and|   0|  0|   2|           1|           1|
    |and_ln126_fu_1822_p2       |       and|   0|  0|   2|           1|           1|
    |and_ln127_1_fu_2280_p2     |       and|   0|  0|   2|           1|           1|
    |and_ln127_2_fu_2294_p2     |       and|   0|  0|   2|           1|           1|
    |and_ln127_3_fu_2318_p2     |       and|   0|  0|   2|           1|           1|
    |and_ln127_4_fu_2324_p2     |       and|   0|  0|   2|           1|           1|
    |and_ln127_5_fu_2342_p2     |       and|   0|  0|   2|           1|           1|
    |and_ln127_fu_2214_p2       |       and|   0|  0|   2|           1|           1|
    |ap_condition_339           |       and|   0|  0|   2|           1|           1|
    |ap_condition_365           |       and|   0|  0|   2|           1|           1|
    |ap_condition_373           |       and|   0|  0|   2|           1|           1|
    |ap_condition_381           |       and|   0|  0|   2|           1|           1|
    |ap_condition_389           |       and|   0|  0|   2|           1|           1|
    |ap_condition_397           |       and|   0|  0|   2|           1|           1|
    |ap_condition_405           |       and|   0|  0|   2|           1|           1|
    |ap_condition_413           |       and|   0|  0|   2|           1|           1|
    |ap_condition_421           |       and|   0|  0|   2|           1|           1|
    |ap_condition_429           |       and|   0|  0|   2|           1|           1|
    |ap_condition_437           |       and|   0|  0|   2|           1|           1|
    |ap_condition_445           |       and|   0|  0|   2|           1|           1|
    |ap_condition_453           |       and|   0|  0|   2|           1|           1|
    |ap_condition_461           |       and|   0|  0|   2|           1|           1|
    |ap_condition_469           |       and|   0|  0|   2|           1|           1|
    |ap_condition_477           |       and|   0|  0|   2|           1|           1|
    |ap_condition_485           |       and|   0|  0|   2|           1|           1|
    |ap_condition_493           |       and|   0|  0|   2|           1|           1|
    |ap_condition_501           |       and|   0|  0|   2|           1|           1|
    |ap_condition_544           |       and|   0|  0|   2|           1|           1|
    |icmp_ln118_fu_382_p2       |      icmp|   0|  0|  12|           5|           5|
    |icmp_ln126_1_fu_1854_p2    |      icmp|   0|  0|  24|          17|           2|
    |icmp_ln126_2_fu_1860_p2    |      icmp|   0|  0|  24|          17|           1|
    |icmp_ln126_fu_1838_p2      |      icmp|   0|  0|  23|          16|           2|
    |icmp_ln127_1_fu_2246_p2    |      icmp|   0|  0|  24|          17|           2|
    |icmp_ln127_2_fu_2252_p2    |      icmp|   0|  0|  24|          17|           1|
    |icmp_ln127_fu_2230_p2      |      icmp|   0|  0|  23|          16|           2|
    |icmp_ln15_1_fu_840_p2      |      icmp|   0|  0|  29|          22|           6|
    |icmp_ln15_2_fu_1014_p2     |      icmp|   0|  0|  29|          22|           6|
    |icmp_ln15_fu_540_p2        |      icmp|   0|  0|  29|          22|           6|
    |icmp_ln20_1_fu_854_p2      |      icmp|   0|  0|  29|          22|           6|
    |icmp_ln20_2_fu_1028_p2     |      icmp|   0|  0|  29|          22|           6|
    |icmp_ln20_fu_554_p2        |      icmp|   0|  0|  29|          22|           6|
    |icmp_ln26_1_fu_2098_p2     |      icmp|   0|  0|  29|          22|           6|
    |icmp_ln26_fu_1168_p2       |      icmp|   0|  0|  29|          22|           6|
    |icmp_ln32_1_fu_2112_p2     |      icmp|   0|  0|  29|          22|           6|
    |icmp_ln32_fu_1182_p2       |      icmp|   0|  0|  29|          22|           6|
    |icmp_ln36_1_fu_2132_p2     |      icmp|   0|  0|  29|          22|           7|
    |icmp_ln36_fu_1202_p2       |      icmp|   0|  0|  29|          22|           7|
    |icmp_ln9_1_fu_820_p2       |      icmp|   0|  0|  29|          22|           6|
    |icmp_ln9_2_fu_994_p2       |      icmp|   0|  0|  29|          22|           6|
    |icmp_ln9_fu_520_p2         |      icmp|   0|  0|  29|          22|           6|
    |or_ln126_1_fu_1938_p2      |        or|   0|  0|   2|           1|           1|
    |or_ln126_2_fu_1964_p2      |        or|   0|  0|   2|           1|           1|
    |or_ln126_fu_1914_p2        |        or|   0|  0|   2|           1|           1|
    |or_ln127_1_fu_2330_p2      |        or|   0|  0|   2|           1|           1|
    |or_ln127_2_fu_2356_p2      |        or|   0|  0|   2|           1|           1|
    |or_ln127_fu_2306_p2        |        or|   0|  0|   2|           1|           1|
    |a_3_fu_2138_p3             |    select|   0|  0|  21|           1|          22|
    |a_4_fu_1174_p3             |    select|   0|  0|  21|           1|          22|
    |a_5_fu_1208_p3             |    select|   0|  0|  21|           1|          22|
    |a_fu_2104_p3               |    select|   0|  0|  21|           1|          22|
    |select_ln126_1_fu_1894_p3  |    select|   0|  0|   2|           1|           1|
    |select_ln126_2_fu_1956_p3  |    select|   0|  0|  22|           1|          21|
    |select_ln126_fu_1866_p3    |    select|   0|  0|   2|           1|           1|
    |select_ln127_1_fu_2286_p3  |    select|   0|  0|   2|           1|           1|
    |select_ln127_2_fu_2348_p3  |    select|   0|  0|  22|           1|          21|
    |select_ln127_3_fu_2362_p3  |    select|   0|  0|  21|           1|          22|
    |select_ln127_fu_2258_p3    |    select|   0|  0|   2|           1|           1|
    |select_ln20_1_fu_560_p3    |    select|   0|  0|  21|           1|          22|
    |select_ln20_2_fu_846_p3    |    select|   0|  0|   5|           1|           1|
    |select_ln20_3_fu_860_p3    |    select|   0|  0|  21|           1|          22|
    |select_ln20_4_fu_1020_p3   |    select|   0|  0|   5|           1|           1|
    |select_ln20_5_fu_1034_p3   |    select|   0|  0|  21|           1|          22|
    |select_ln20_fu_546_p3      |    select|   0|  0|   5|           1|           1|
    |select_ln36_2_fu_2118_p3   |    select|   0|  0|   7|           1|           6|
    |select_ln36_fu_1188_p3     |    select|   0|  0|   7|           1|           6|
    |select_ln9_1_fu_832_p3     |    select|   0|  0|  21|           1|           1|
    |select_ln9_2_fu_1006_p3    |    select|   0|  0|  21|           1|           1|
    |select_ln9_fu_532_p3       |    select|   0|  0|  21|           1|           1|
    |z_1_fu_1970_p3             |    select|   0|  0|  21|           1|          22|
    |xor_ln126_1_fu_1882_p2     |       xor|   0|  0|   2|           1|           2|
    |xor_ln126_2_fu_1908_p2     |       xor|   0|  0|   2|           1|           2|
    |xor_ln126_3_fu_1920_p2     |       xor|   0|  0|   2|           1|           2|
    |xor_ln126_4_fu_1944_p2     |       xor|   0|  0|   2|           1|           2|
    |xor_ln126_fu_1816_p2       |       xor|   0|  0|   2|           1|           2|
    |xor_ln127_1_fu_2274_p2     |       xor|   0|  0|   2|           1|           2|
    |xor_ln127_2_fu_2300_p2     |       xor|   0|  0|   2|           1|           2|
    |xor_ln127_3_fu_2312_p2     |       xor|   0|  0|   2|           1|           2|
    |xor_ln127_4_fu_2336_p2     |       xor|   0|  0|   2|           1|           2|
    |xor_ln127_fu_2208_p2       |       xor|   0|  0|   2|           1|           2|
    +---------------------------+----------+----+---+----+------------+------------+
    |Total                      |          |   0|  0|1365|         769|         603|
    +---------------------------+----------+----+---+----+------------+------------+

    * Multiplexer: 
    +------------------------------------------------------------------------------------------+----+-----------+-----+-----------+
    |                                           Name                                           | LUT| Input Size| Bits| Total Bits|
    +------------------------------------------------------------------------------------------+----+-----------+-----+-----------+
    |ap_done_int                                                                               |   9|          2|    1|          2|
    |ap_sig_allocacmp_k_1                                                                      |   9|          2|    5|         10|
    |k_fu_358                                                                                  |   9|          2|    5|         10|
    |network_top_params_struct_ap_fixed_ap_fixed_ap_int_32_ap_int_32_output1_1_o               |   9|          2|   22|         44|
    |network_top_params_struct_ap_fixed_ap_fixed_ap_int_32_ap_int_32_output1_2_o               |   9|          2|   22|         44|
    |network_top_params_struct_ap_fixed_ap_fixed_ap_int_32_ap_int_32_output1_3_o               |   9|          2|   22|         44|
    |network_top_params_struct_ap_fixed_ap_fixed_ap_int_32_ap_int_32_output1_4_o               |   9|          2|   22|         44|
    |network_top_params_struct_ap_fixed_ap_fixed_ap_int_32_ap_int_32_output1_5_o               |   9|          2|   22|         44|
    |network_top_params_struct_ap_fixed_ap_fixed_ap_int_32_ap_int_32_output1_6_o               |   9|          2|   22|         44|
    |network_top_params_struct_ap_fixed_ap_fixed_ap_int_32_ap_int_32_output1_7_o               |   9|          2|   22|         44|
    |network_top_params_struct_ap_fixed_ap_fixed_ap_int_32_ap_int_32_output1_8_o               |   9|          2|   22|         44|
    |network_top_params_struct_ap_fixed_ap_fixed_ap_int_32_ap_int_32_output1_9_o               |   9|          2|   22|         44|
    |network_top_params_struct_ap_fixed_ap_fixed_ap_int_32_ap_int_32_output1_o                 |   9|          2|   22|         44|
    |p_ZZ11network_topP13params_structP8ap_fixedILi22ELi17EL9ap_q_mode0EL9ap_o_mode0EL_9776_o  |   9|          2|   22|         44|
    |p_ZZ11network_topP13params_structP8ap_fixedILi22ELi17EL9ap_q_mode0EL9ap_o_mode0EL_9777_o  |   9|          2|   22|         44|
    |p_ZZ11network_topP13params_structP8ap_fixedILi22ELi17EL9ap_q_mode0EL9ap_o_mode0EL_9778_o  |   9|          2|   22|         44|
    |p_ZZ11network_topP13params_structP8ap_fixedILi22ELi17EL9ap_q_mode0EL9ap_o_mode0EL_9779_o  |   9|          2|   22|         44|
    |p_ZZ11network_topP13params_structP8ap_fixedILi22ELi17EL9ap_q_mode0EL9ap_o_mode0EL_9780_o  |   9|          2|   22|         44|
    |p_ZZ11network_topP13params_structP8ap_fixedILi22ELi17EL9ap_q_mode0EL9ap_o_mode0EL_9781_o  |   9|          2|   22|         44|
    |p_ZZ11network_topP13params_structP8ap_fixedILi22ELi17EL9ap_q_mode0EL9ap_o_mode0EL_9782_o  |   9|          2|   22|         44|
    |p_ZZ11network_topP13params_structP8ap_fixedILi22ELi17EL9ap_q_mode0EL9ap_o_mode0EL_9783_o  |   9|          2|   22|         44|
    |p_ZZ11network_topP13params_structP8ap_fixedILi22ELi17EL9ap_q_mode0EL9ap_o_mode0EL_9784_o  |   9|          2|   22|         44|
    |p_ZZ11network_topP13params_structP8ap_fixedILi22ELi17EL9ap_q_mode0EL9ap_o_mode0EL_9785_o  |   9|          2|   22|         44|
    |p_ZZ11network_topP13params_structP8ap_fixedILi22ELi17EL9ap_q_mode0EL9ap_o_mode0EL_9787_o  |  14|          3|   22|         66|
    |p_ZZ11network_topP13params_structP8ap_fixedILi22ELi17EL9ap_q_mode0EL9ap_o_mode0EL_9788_o  |  14|          3|   22|         66|
    |p_ZZ11network_topP13params_structP8ap_fixedILi22ELi17EL9ap_q_mode0EL9ap_o_mode0EL_9789_o  |  14|          3|   22|         66|
    |p_ZZ11network_topP13params_structP8ap_fixedILi22ELi17EL9ap_q_mode0EL9ap_o_mode0EL_9790_o  |  14|          3|   22|         66|
    |p_ZZ11network_topP13params_structP8ap_fixedILi22ELi17EL9ap_q_mode0EL9ap_o_mode0EL_9791_o  |  14|          3|   22|         66|
    |p_ZZ11network_topP13params_structP8ap_fixedILi22ELi17EL9ap_q_mode0EL9ap_o_mode0EL_9792_o  |  14|          3|   22|         66|
    |p_ZZ11network_topP13params_structP8ap_fixedILi22ELi17EL9ap_q_mode0EL9ap_o_mode0EL_9793_o  |  14|          3|   22|         66|
    |p_ZZ11network_topP13params_structP8ap_fixedILi22ELi17EL9ap_q_mode0EL9ap_o_mode0EL_9794_o  |  14|          3|   22|         66|
    |p_ZZ11network_topP13params_structP8ap_fixedILi22ELi17EL9ap_q_mode0EL9ap_o_mode0EL_9795_o  |  14|          3|   22|         66|
    |p_ZZ11network_topP13params_structP8ap_fixedILi22ELi17EL9ap_q_mode0EL9ap_o_mode0EL_9796_o  |  14|          3|   22|         66|
    |p_ZZ11network_topP13params_structP8ap_fixedILi22ELi17EL9ap_q_mode0EL9ap_o_mode0EL_9798_o  |  14|          3|   22|         66|
    |p_ZZ11network_topP13params_structP8ap_fixedILi22ELi17EL9ap_q_mode0EL9ap_o_mode0EL_9799_o  |  14|          3|   22|         66|
    |p_ZZ11network_topP13params_structP8ap_fixedILi22ELi17EL9ap_q_mode0EL9ap_o_mode0EL_9800_o  |  14|          3|   22|         66|
    |p_ZZ11network_topP13params_structP8ap_fixedILi22ELi17EL9ap_q_mode0EL9ap_o_mode0EL_9801_o  |  14|          3|   22|         66|
    |p_ZZ11network_topP13params_structP8ap_fixedILi22ELi17EL9ap_q_mode0EL9ap_o_mode0EL_9802_o  |  14|          3|   22|         66|
    |p_ZZ11network_topP13params_structP8ap_fixedILi22ELi17EL9ap_q_mode0EL9ap_o_mode0EL_9803_o  |  14|          3|   22|         66|
    |p_ZZ11network_topP13params_structP8ap_fixedILi22ELi17EL9ap_q_mode0EL9ap_o_mode0EL_9804_o  |  14|          3|   22|         66|
    |p_ZZ11network_topP13params_structP8ap_fixedILi22ELi17EL9ap_q_mode0EL9ap_o_mode0EL_9805_o  |  14|          3|   22|         66|
    |p_ZZ11network_topP13params_structP8ap_fixedILi22ELi17EL9ap_q_mode0EL9ap_o_mode0EL_9806_o  |  14|          3|   22|         66|
    |p_ZZ11network_topP13params_structP8ap_fixedILi22ELi17EL9ap_q_mode0EL9ap_o_mode0EL_9807_o  |  14|          3|   22|         66|
    |p_ZZ11network_topP13params_structP8ap_fixedILi22ELi17EL9ap_q_mode0EL9ap_o_mode0EL_9809_o  |   9|          2|   22|         44|
    |p_ZZ11network_topP13params_structP8ap_fixedILi22ELi17EL9ap_q_mode0EL9ap_o_mode0EL_9810_o  |   9|          2|   22|         44|
    |p_ZZ11network_topP13params_structP8ap_fixedILi22ELi17EL9ap_q_mode0EL9ap_o_mode0EL_9811_o  |   9|          2|   22|         44|
    |p_ZZ11network_topP13params_structP8ap_fixedILi22ELi17EL9ap_q_mode0EL9ap_o_mode0EL_9812_o  |   9|          2|   22|         44|
    |p_ZZ11network_topP13params_structP8ap_fixedILi22ELi17EL9ap_q_mode0EL9ap_o_mode0EL_9813_o  |   9|          2|   22|         44|
    |p_ZZ11network_topP13params_structP8ap_fixedILi22ELi17EL9ap_q_mode0EL9ap_o_mode0EL_9814_o  |   9|          2|   22|         44|
    |p_ZZ11network_topP13params_structP8ap_fixedILi22ELi17EL9ap_q_mode0EL9ap_o_mode0EL_9815_o  |   9|          2|   22|         44|
    |p_ZZ11network_topP13params_structP8ap_fixedILi22ELi17EL9ap_q_mode0EL9ap_o_mode0EL_9816_o  |   9|          2|   22|         44|
    |p_ZZ11network_topP13params_structP8ap_fixedILi22ELi17EL9ap_q_mode0EL9ap_o_mode0EL_9817_o  |   9|          2|   22|         44|
    |p_ZZ11network_topP13params_structP8ap_fixedILi22ELi17EL9ap_q_mode0EL9ap_o_mode0EL_9818_o  |   9|          2|   22|         44|
    |p_ZZ11network_topP13params_structP8ap_fixedILi22ELi17EL9ap_q_mode0EL9ap_o_mode0EL_9820_o  |   9|          2|   22|         44|
    |p_ZZ11network_topP13params_structP8ap_fixedILi22ELi17EL9ap_q_mode0EL9ap_o_mode0EL_9821_o  |   9|          2|   22|         44|
    |p_ZZ11network_topP13params_structP8ap_fixedILi22ELi17EL9ap_q_mode0EL9ap_o_mode0EL_9822_o  |   9|          2|   22|         44|
    |p_ZZ11network_topP13params_structP8ap_fixedILi22ELi17EL9ap_q_mode0EL9ap_o_mode0EL_9823_o  |   9|          2|   22|         44|
    |p_ZZ11network_topP13params_structP8ap_fixedILi22ELi17EL9ap_q_mode0EL9ap_o_mode0EL_9824_o  |   9|          2|   22|         44|
    |p_ZZ11network_topP13params_structP8ap_fixedILi22ELi17EL9ap_q_mode0EL9ap_o_mode0EL_9825_o  |   9|          2|   22|         44|
    |p_ZZ11network_topP13params_structP8ap_fixedILi22ELi17EL9ap_q_mode0EL9ap_o_mode0EL_9826_o  |   9|          2|   22|         44|
    |p_ZZ11network_topP13params_structP8ap_fixedILi22ELi17EL9ap_q_mode0EL9ap_o_mode0EL_9827_o  |   9|          2|   22|         44|
    |p_ZZ11network_topP13params_structP8ap_fixedILi22ELi17EL9ap_q_mode0EL9ap_o_mode0EL_9828_o  |   9|          2|   22|         44|
    |p_ZZ11network_topP13params_structP8ap_fixedILi22ELi17EL9ap_q_mode0EL9ap_o_mode0EL_9829_o  |   9|          2|   22|         44|
    |p_ZZ11network_topP13params_structP8ap_fixedILi22ELi17EL9ap_q_mode0EL9ap_o_mode0EL_9831_o  |   9|          2|   22|         44|
    |p_ZZ11network_topP13params_structP8ap_fixedILi22ELi17EL9ap_q_mode0EL9ap_o_mode0EL_9832_o  |   9|          2|   22|         44|
    |p_ZZ11network_topP13params_structP8ap_fixedILi22ELi17EL9ap_q_mode0EL9ap_o_mode0EL_9833_o  |   9|          2|   22|         44|
    |p_ZZ11network_topP13params_structP8ap_fixedILi22ELi17EL9ap_q_mode0EL9ap_o_mode0EL_9834_o  |   9|          2|   22|         44|
    |p_ZZ11network_topP13params_structP8ap_fixedILi22ELi17EL9ap_q_mode0EL9ap_o_mode0EL_9835_o  |   9|          2|   22|         44|
    |p_ZZ11network_topP13params_structP8ap_fixedILi22ELi17EL9ap_q_mode0EL9ap_o_mode0EL_9836_o  |   9|          2|   22|         44|
    |p_ZZ11network_topP13params_structP8ap_fixedILi22ELi17EL9ap_q_mode0EL9ap_o_mode0EL_9837_o  |   9|          2|   22|         44|
    |p_ZZ11network_topP13params_structP8ap_fixedILi22ELi17EL9ap_q_mode0EL9ap_o_mode0EL_9838_o  |   9|          2|   22|         44|
    |p_ZZ11network_topP13params_structP8ap_fixedILi22ELi17EL9ap_q_mode0EL9ap_o_mode0EL_9839_o  |   9|          2|   22|         44|
    |p_ZZ11network_topP13params_structP8ap_fixedILi22ELi17EL9ap_q_mode0EL9ap_o_mode0EL_9840_o  |   9|          2|   22|         44|
    |p_ZZ11network_topP13params_structP8ap_fixedILi22ELi17EL9ap_q_mode0EL9ap_o_mode0EL_9842_o  |   9|          2|   22|         44|
    |p_ZZ11network_topP13params_structP8ap_fixedILi22ELi17EL9ap_q_mode0EL9ap_o_mode0EL_9843_o  |   9|          2|   22|         44|
    |p_ZZ11network_topP13params_structP8ap_fixedILi22ELi17EL9ap_q_mode0EL9ap_o_mode0EL_9844_o  |   9|          2|   22|         44|
    |p_ZZ11network_topP13params_structP8ap_fixedILi22ELi17EL9ap_q_mode0EL9ap_o_mode0EL_9845_o  |   9|          2|   22|         44|
    |p_ZZ11network_topP13params_structP8ap_fixedILi22ELi17EL9ap_q_mode0EL9ap_o_mode0EL_9846_o  |   9|          2|   22|         44|
    |p_ZZ11network_topP13params_structP8ap_fixedILi22ELi17EL9ap_q_mode0EL9ap_o_mode0EL_9847_o  |   9|          2|   22|         44|
    |p_ZZ11network_topP13params_structP8ap_fixedILi22ELi17EL9ap_q_mode0EL9ap_o_mode0EL_9848_o  |   9|          2|   22|         44|
    |p_ZZ11network_topP13params_structP8ap_fixedILi22ELi17EL9ap_q_mode0EL9ap_o_mode0EL_9849_o  |   9|          2|   22|         44|
    |p_ZZ11network_topP13params_structP8ap_fixedILi22ELi17EL9ap_q_mode0EL9ap_o_mode0EL_9850_o  |   9|          2|   22|         44|
    |p_ZZ11network_topP13params_structP8ap_fixedILi22ELi17EL9ap_q_mode0EL9ap_o_mode0EL_9851_o  |   9|          2|   22|         44|
    +------------------------------------------------------------------------------------------+----+-----------+-----+-----------+
    |Total                                                                                     | 847|        186| 1771|       3982|
    +------------------------------------------------------------------------------------------+----+-----------+-----+-----------+

    * Register: 
    +----------------------------------------------------------------------------------------+----+----+-----+-----------+
    |                                          Name                                          | FF | LUT| Bits| Const Bits|
    +----------------------------------------------------------------------------------------+----+----+-----+-----------+
    |ap_CS_fsm                                                                               |   1|   0|    1|          0|
    |ap_done_reg                                                                             |   1|   0|    1|          0|
    |k_fu_358                                                                                |   5|   0|    5|          0|
    |network_top_params_struct_ap_fixed_ap_fixed_ap_int_ap_int_32_cell_state1                |  22|   0|   22|          0|
    |network_top_params_struct_ap_fixed_ap_fixed_ap_int_ap_int_32_cell_state1_1              |  22|   0|   22|          0|
    |network_top_params_struct_ap_fixed_ap_fixed_ap_int_ap_int_32_cell_state1_2              |  22|   0|   22|          0|
    |network_top_params_struct_ap_fixed_ap_fixed_ap_int_ap_int_32_cell_state1_3              |  22|   0|   22|          0|
    |network_top_params_struct_ap_fixed_ap_fixed_ap_int_ap_int_32_cell_state1_4              |  22|   0|   22|          0|
    |network_top_params_struct_ap_fixed_ap_fixed_ap_int_ap_int_32_cell_state1_5              |  22|   0|   22|          0|
    |network_top_params_struct_ap_fixed_ap_fixed_ap_int_ap_int_32_cell_state1_6              |  22|   0|   22|          0|
    |network_top_params_struct_ap_fixed_ap_fixed_ap_int_ap_int_32_cell_state1_7              |  22|   0|   22|          0|
    |network_top_params_struct_ap_fixed_ap_fixed_ap_int_ap_int_32_cell_state1_8              |  22|   0|   22|          0|
    |network_top_params_struct_ap_fixed_ap_fixed_ap_int_ap_int_32_cell_state1_9              |  22|   0|   22|          0|
    |p_ZZ11network_topP13params_structP8ap_fixedILi22ELi17EL9ap_q_mode0EL9ap_o_mode0EL_9448  |  22|   0|   22|          0|
    |p_ZZ11network_topP13params_structP8ap_fixedILi22ELi17EL9ap_q_mode0EL9ap_o_mode0EL_9449  |  22|   0|   22|          0|
    |p_ZZ11network_topP13params_structP8ap_fixedILi22ELi17EL9ap_q_mode0EL9ap_o_mode0EL_9450  |  22|   0|   22|          0|
    |p_ZZ11network_topP13params_structP8ap_fixedILi22ELi17EL9ap_q_mode0EL9ap_o_mode0EL_9451  |  22|   0|   22|          0|
    |p_ZZ11network_topP13params_structP8ap_fixedILi22ELi17EL9ap_q_mode0EL9ap_o_mode0EL_9452  |  22|   0|   22|          0|
    |p_ZZ11network_topP13params_structP8ap_fixedILi22ELi17EL9ap_q_mode0EL9ap_o_mode0EL_9453  |  22|   0|   22|          0|
    |p_ZZ11network_topP13params_structP8ap_fixedILi22ELi17EL9ap_q_mode0EL9ap_o_mode0EL_9454  |  22|   0|   22|          0|
    |p_ZZ11network_topP13params_structP8ap_fixedILi22ELi17EL9ap_q_mode0EL9ap_o_mode0EL_9455  |  22|   0|   22|          0|
    |p_ZZ11network_topP13params_structP8ap_fixedILi22ELi17EL9ap_q_mode0EL9ap_o_mode0EL_9457  |  22|   0|   22|          0|
    |p_ZZ11network_topP13params_structP8ap_fixedILi22ELi17EL9ap_q_mode0EL9ap_o_mode0EL_9458  |  22|   0|   22|          0|
    +----------------------------------------------------------------------------------------+----+----+-----+-----------+
    |Total                                                                                   | 447|   0|  447|          0|
    +----------------------------------------------------------------------------------------+----+----+-----+-----------+



================================================================
== Interface
================================================================
* Summary: 
+-------------------------------------------------------------------------------------------------+-----+-----+------------+----------------------------------------------------------------------------------------+--------------+
|                                            RTL Ports                                            | Dir | Bits|  Protocol  |                                      Source Object                                     |    C Type    |
+-------------------------------------------------------------------------------------------------+-----+-----+------------+----------------------------------------------------------------------------------------+--------------+
|ap_clk                                                                                           |   in|    1|  ap_ctrl_hs|                                         LSTM<20ul, 20ul, 2ul>_Pipeline_VITIS_LOOP_118_2|  return value|
|ap_rst                                                                                           |   in|    1|  ap_ctrl_hs|                                         LSTM<20ul, 20ul, 2ul>_Pipeline_VITIS_LOOP_118_2|  return value|
|ap_start                                                                                         |   in|    1|  ap_ctrl_hs|                                         LSTM<20ul, 20ul, 2ul>_Pipeline_VITIS_LOOP_118_2|  return value|
|ap_done                                                                                          |  out|    1|  ap_ctrl_hs|                                         LSTM<20ul, 20ul, 2ul>_Pipeline_VITIS_LOOP_118_2|  return value|
|ap_idle                                                                                          |  out|    1|  ap_ctrl_hs|                                         LSTM<20ul, 20ul, 2ul>_Pipeline_VITIS_LOOP_118_2|  return value|
|ap_ready                                                                                         |  out|    1|  ap_ctrl_hs|                                         LSTM<20ul, 20ul, 2ul>_Pipeline_VITIS_LOOP_118_2|  return value|
|network_top_params_struct_ap_fixed_ap_fixed_ap_int_ap_int_hidden_state1                          |  out|   22|      ap_vld|                 network_top_params_struct_ap_fixed_ap_fixed_ap_int_ap_int_hidden_state1|       pointer|
|network_top_params_struct_ap_fixed_ap_fixed_ap_int_ap_int_hidden_state1_ap_vld                   |  out|    1|      ap_vld|                 network_top_params_struct_ap_fixed_ap_fixed_ap_int_ap_int_hidden_state1|       pointer|
|p_ZZ11network_topP13params_structP8ap_fixedILi22ELi17EL9ap_q_mode0EL9ap_o_mode0EL_9787_i         |   in|   22|     ap_ovld|  p_ZZ11network_topP13params_structP8ap_fixedILi22ELi17EL9ap_q_mode0EL9ap_o_mode0EL_9787|       pointer|
|p_ZZ11network_topP13params_structP8ap_fixedILi22ELi17EL9ap_q_mode0EL9ap_o_mode0EL_9787_o         |  out|   22|     ap_ovld|  p_ZZ11network_topP13params_structP8ap_fixedILi22ELi17EL9ap_q_mode0EL9ap_o_mode0EL_9787|       pointer|
|p_ZZ11network_topP13params_structP8ap_fixedILi22ELi17EL9ap_q_mode0EL9ap_o_mode0EL_9787_o_ap_vld  |  out|    1|     ap_ovld|  p_ZZ11network_topP13params_structP8ap_fixedILi22ELi17EL9ap_q_mode0EL9ap_o_mode0EL_9787|       pointer|
|network_top_params_struct_ap_fixed_ap_fixed_ap_int_32_ap_int_32_output1_i                        |   in|   22|     ap_ovld|                 network_top_params_struct_ap_fixed_ap_fixed_ap_int_32_ap_int_32_output1|       pointer|
|network_top_params_struct_ap_fixed_ap_fixed_ap_int_32_ap_int_32_output1_o                        |  out|   22|     ap_ovld|                 network_top_params_struct_ap_fixed_ap_fixed_ap_int_32_ap_int_32_output1|       pointer|
|network_top_params_struct_ap_fixed_ap_fixed_ap_int_32_ap_int_32_output1_o_ap_vld                 |  out|    1|     ap_ovld|                 network_top_params_struct_ap_fixed_ap_fixed_ap_int_32_ap_int_32_output1|       pointer|
|p_ZZ11network_topP13params_structP8ap_fixedILi22ELi17EL9ap_q_mode0EL9ap_o_mode0EL_9809_i         |   in|   22|     ap_ovld|  p_ZZ11network_topP13params_structP8ap_fixedILi22ELi17EL9ap_q_mode0EL9ap_o_mode0EL_9809|       pointer|
|p_ZZ11network_topP13params_structP8ap_fixedILi22ELi17EL9ap_q_mode0EL9ap_o_mode0EL_9809_o         |  out|   22|     ap_ovld|  p_ZZ11network_topP13params_structP8ap_fixedILi22ELi17EL9ap_q_mode0EL9ap_o_mode0EL_9809|       pointer|
|p_ZZ11network_topP13params_structP8ap_fixedILi22ELi17EL9ap_q_mode0EL9ap_o_mode0EL_9809_o_ap_vld  |  out|    1|     ap_ovld|  p_ZZ11network_topP13params_structP8ap_fixedILi22ELi17EL9ap_q_mode0EL9ap_o_mode0EL_9809|       pointer|
|p_ZZ11network_topP13params_structP8ap_fixedILi22ELi17EL9ap_q_mode0EL9ap_o_mode0EL_9831_i         |   in|   22|     ap_ovld|  p_ZZ11network_topP13params_structP8ap_fixedILi22ELi17EL9ap_q_mode0EL9ap_o_mode0EL_9831|       pointer|
|p_ZZ11network_topP13params_structP8ap_fixedILi22ELi17EL9ap_q_mode0EL9ap_o_mode0EL_9831_o         |  out|   22|     ap_ovld|  p_ZZ11network_topP13params_structP8ap_fixedILi22ELi17EL9ap_q_mode0EL9ap_o_mode0EL_9831|       pointer|
|p_ZZ11network_topP13params_structP8ap_fixedILi22ELi17EL9ap_q_mode0EL9ap_o_mode0EL_9831_o_ap_vld  |  out|    1|     ap_ovld|  p_ZZ11network_topP13params_structP8ap_fixedILi22ELi17EL9ap_q_mode0EL9ap_o_mode0EL_9831|       pointer|
|network_top_params_struct_ap_fixed_ap_fixed_ap_int_32_ap_int_32_output1_1_i                      |   in|   22|     ap_ovld|               network_top_params_struct_ap_fixed_ap_fixed_ap_int_32_ap_int_32_output1_1|       pointer|
|network_top_params_struct_ap_fixed_ap_fixed_ap_int_32_ap_int_32_output1_1_o                      |  out|   22|     ap_ovld|               network_top_params_struct_ap_fixed_ap_fixed_ap_int_32_ap_int_32_output1_1|       pointer|
|network_top_params_struct_ap_fixed_ap_fixed_ap_int_32_ap_int_32_output1_1_o_ap_vld               |  out|    1|     ap_ovld|               network_top_params_struct_ap_fixed_ap_fixed_ap_int_32_ap_int_32_output1_1|       pointer|
|network_top_params_struct_ap_fixed_ap_fixed_ap_int_32_ap_int_32_output1_2_i                      |   in|   22|     ap_ovld|               network_top_params_struct_ap_fixed_ap_fixed_ap_int_32_ap_int_32_output1_2|       pointer|
|network_top_params_struct_ap_fixed_ap_fixed_ap_int_32_ap_int_32_output1_2_o                      |  out|   22|     ap_ovld|               network_top_params_struct_ap_fixed_ap_fixed_ap_int_32_ap_int_32_output1_2|       pointer|
|network_top_params_struct_ap_fixed_ap_fixed_ap_int_32_ap_int_32_output1_2_o_ap_vld               |  out|    1|     ap_ovld|               network_top_params_struct_ap_fixed_ap_fixed_ap_int_32_ap_int_32_output1_2|       pointer|
|network_top_params_struct_ap_fixed_ap_fixed_ap_int_32_ap_int_32_output1_3_i                      |   in|   22|     ap_ovld|               network_top_params_struct_ap_fixed_ap_fixed_ap_int_32_ap_int_32_output1_3|       pointer|
|network_top_params_struct_ap_fixed_ap_fixed_ap_int_32_ap_int_32_output1_3_o                      |  out|   22|     ap_ovld|               network_top_params_struct_ap_fixed_ap_fixed_ap_int_32_ap_int_32_output1_3|       pointer|
|network_top_params_struct_ap_fixed_ap_fixed_ap_int_32_ap_int_32_output1_3_o_ap_vld               |  out|    1|     ap_ovld|               network_top_params_struct_ap_fixed_ap_fixed_ap_int_32_ap_int_32_output1_3|       pointer|
|network_top_params_struct_ap_fixed_ap_fixed_ap_int_32_ap_int_32_output1_4_i                      |   in|   22|     ap_ovld|               network_top_params_struct_ap_fixed_ap_fixed_ap_int_32_ap_int_32_output1_4|       pointer|
|network_top_params_struct_ap_fixed_ap_fixed_ap_int_32_ap_int_32_output1_4_o                      |  out|   22|     ap_ovld|               network_top_params_struct_ap_fixed_ap_fixed_ap_int_32_ap_int_32_output1_4|       pointer|
|network_top_params_struct_ap_fixed_ap_fixed_ap_int_32_ap_int_32_output1_4_o_ap_vld               |  out|    1|     ap_ovld|               network_top_params_struct_ap_fixed_ap_fixed_ap_int_32_ap_int_32_output1_4|       pointer|
|network_top_params_struct_ap_fixed_ap_fixed_ap_int_32_ap_int_32_output1_5_i                      |   in|   22|     ap_ovld|               network_top_params_struct_ap_fixed_ap_fixed_ap_int_32_ap_int_32_output1_5|       pointer|
|network_top_params_struct_ap_fixed_ap_fixed_ap_int_32_ap_int_32_output1_5_o                      |  out|   22|     ap_ovld|               network_top_params_struct_ap_fixed_ap_fixed_ap_int_32_ap_int_32_output1_5|       pointer|
|network_top_params_struct_ap_fixed_ap_fixed_ap_int_32_ap_int_32_output1_5_o_ap_vld               |  out|    1|     ap_ovld|               network_top_params_struct_ap_fixed_ap_fixed_ap_int_32_ap_int_32_output1_5|       pointer|
|network_top_params_struct_ap_fixed_ap_fixed_ap_int_32_ap_int_32_output1_6_i                      |   in|   22|     ap_ovld|               network_top_params_struct_ap_fixed_ap_fixed_ap_int_32_ap_int_32_output1_6|       pointer|
|network_top_params_struct_ap_fixed_ap_fixed_ap_int_32_ap_int_32_output1_6_o                      |  out|   22|     ap_ovld|               network_top_params_struct_ap_fixed_ap_fixed_ap_int_32_ap_int_32_output1_6|       pointer|
|network_top_params_struct_ap_fixed_ap_fixed_ap_int_32_ap_int_32_output1_6_o_ap_vld               |  out|    1|     ap_ovld|               network_top_params_struct_ap_fixed_ap_fixed_ap_int_32_ap_int_32_output1_6|       pointer|
|network_top_params_struct_ap_fixed_ap_fixed_ap_int_32_ap_int_32_output1_7_i                      |   in|   22|     ap_ovld|               network_top_params_struct_ap_fixed_ap_fixed_ap_int_32_ap_int_32_output1_7|       pointer|
|network_top_params_struct_ap_fixed_ap_fixed_ap_int_32_ap_int_32_output1_7_o                      |  out|   22|     ap_ovld|               network_top_params_struct_ap_fixed_ap_fixed_ap_int_32_ap_int_32_output1_7|       pointer|
|network_top_params_struct_ap_fixed_ap_fixed_ap_int_32_ap_int_32_output1_7_o_ap_vld               |  out|    1|     ap_ovld|               network_top_params_struct_ap_fixed_ap_fixed_ap_int_32_ap_int_32_output1_7|       pointer|
|network_top_params_struct_ap_fixed_ap_fixed_ap_int_32_ap_int_32_output1_8_i                      |   in|   22|     ap_ovld|               network_top_params_struct_ap_fixed_ap_fixed_ap_int_32_ap_int_32_output1_8|       pointer|
|network_top_params_struct_ap_fixed_ap_fixed_ap_int_32_ap_int_32_output1_8_o                      |  out|   22|     ap_ovld|               network_top_params_struct_ap_fixed_ap_fixed_ap_int_32_ap_int_32_output1_8|       pointer|
|network_top_params_struct_ap_fixed_ap_fixed_ap_int_32_ap_int_32_output1_8_o_ap_vld               |  out|    1|     ap_ovld|               network_top_params_struct_ap_fixed_ap_fixed_ap_int_32_ap_int_32_output1_8|       pointer|
|network_top_params_struct_ap_fixed_ap_fixed_ap_int_32_ap_int_32_output1_9_i                      |   in|   22|     ap_ovld|               network_top_params_struct_ap_fixed_ap_fixed_ap_int_32_ap_int_32_output1_9|       pointer|
|network_top_params_struct_ap_fixed_ap_fixed_ap_int_32_ap_int_32_output1_9_o                      |  out|   22|     ap_ovld|               network_top_params_struct_ap_fixed_ap_fixed_ap_int_32_ap_int_32_output1_9|       pointer|
|network_top_params_struct_ap_fixed_ap_fixed_ap_int_32_ap_int_32_output1_9_o_ap_vld               |  out|    1|     ap_ovld|               network_top_params_struct_ap_fixed_ap_fixed_ap_int_32_ap_int_32_output1_9|       pointer|
|p_ZZ11network_topP13params_structP8ap_fixedILi22ELi17EL9ap_q_mode0EL9ap_o_mode0EL_9776_i         |   in|   22|     ap_ovld|  p_ZZ11network_topP13params_structP8ap_fixedILi22ELi17EL9ap_q_mode0EL9ap_o_mode0EL_9776|       pointer|
|p_ZZ11network_topP13params_structP8ap_fixedILi22ELi17EL9ap_q_mode0EL9ap_o_mode0EL_9776_o         |  out|   22|     ap_ovld|  p_ZZ11network_topP13params_structP8ap_fixedILi22ELi17EL9ap_q_mode0EL9ap_o_mode0EL_9776|       pointer|
|p_ZZ11network_topP13params_structP8ap_fixedILi22ELi17EL9ap_q_mode0EL9ap_o_mode0EL_9776_o_ap_vld  |  out|    1|     ap_ovld|  p_ZZ11network_topP13params_structP8ap_fixedILi22ELi17EL9ap_q_mode0EL9ap_o_mode0EL_9776|       pointer|
|p_ZZ11network_topP13params_structP8ap_fixedILi22ELi17EL9ap_q_mode0EL9ap_o_mode0EL_9777_i         |   in|   22|     ap_ovld|  p_ZZ11network_topP13params_structP8ap_fixedILi22ELi17EL9ap_q_mode0EL9ap_o_mode0EL_9777|       pointer|
|p_ZZ11network_topP13params_structP8ap_fixedILi22ELi17EL9ap_q_mode0EL9ap_o_mode0EL_9777_o         |  out|   22|     ap_ovld|  p_ZZ11network_topP13params_structP8ap_fixedILi22ELi17EL9ap_q_mode0EL9ap_o_mode0EL_9777|       pointer|
|p_ZZ11network_topP13params_structP8ap_fixedILi22ELi17EL9ap_q_mode0EL9ap_o_mode0EL_9777_o_ap_vld  |  out|    1|     ap_ovld|  p_ZZ11network_topP13params_structP8ap_fixedILi22ELi17EL9ap_q_mode0EL9ap_o_mode0EL_9777|       pointer|
|p_ZZ11network_topP13params_structP8ap_fixedILi22ELi17EL9ap_q_mode0EL9ap_o_mode0EL_9778_i         |   in|   22|     ap_ovld|  p_ZZ11network_topP13params_structP8ap_fixedILi22ELi17EL9ap_q_mode0EL9ap_o_mode0EL_9778|       pointer|
|p_ZZ11network_topP13params_structP8ap_fixedILi22ELi17EL9ap_q_mode0EL9ap_o_mode0EL_9778_o         |  out|   22|     ap_ovld|  p_ZZ11network_topP13params_structP8ap_fixedILi22ELi17EL9ap_q_mode0EL9ap_o_mode0EL_9778|       pointer|
|p_ZZ11network_topP13params_structP8ap_fixedILi22ELi17EL9ap_q_mode0EL9ap_o_mode0EL_9778_o_ap_vld  |  out|    1|     ap_ovld|  p_ZZ11network_topP13params_structP8ap_fixedILi22ELi17EL9ap_q_mode0EL9ap_o_mode0EL_9778|       pointer|
|p_ZZ11network_topP13params_structP8ap_fixedILi22ELi17EL9ap_q_mode0EL9ap_o_mode0EL_9779_i         |   in|   22|     ap_ovld|  p_ZZ11network_topP13params_structP8ap_fixedILi22ELi17EL9ap_q_mode0EL9ap_o_mode0EL_9779|       pointer|
|p_ZZ11network_topP13params_structP8ap_fixedILi22ELi17EL9ap_q_mode0EL9ap_o_mode0EL_9779_o         |  out|   22|     ap_ovld|  p_ZZ11network_topP13params_structP8ap_fixedILi22ELi17EL9ap_q_mode0EL9ap_o_mode0EL_9779|       pointer|
|p_ZZ11network_topP13params_structP8ap_fixedILi22ELi17EL9ap_q_mode0EL9ap_o_mode0EL_9779_o_ap_vld  |  out|    1|     ap_ovld|  p_ZZ11network_topP13params_structP8ap_fixedILi22ELi17EL9ap_q_mode0EL9ap_o_mode0EL_9779|       pointer|
|p_ZZ11network_topP13params_structP8ap_fixedILi22ELi17EL9ap_q_mode0EL9ap_o_mode0EL_9780_i         |   in|   22|     ap_ovld|  p_ZZ11network_topP13params_structP8ap_fixedILi22ELi17EL9ap_q_mode0EL9ap_o_mode0EL_9780|       pointer|
|p_ZZ11network_topP13params_structP8ap_fixedILi22ELi17EL9ap_q_mode0EL9ap_o_mode0EL_9780_o         |  out|   22|     ap_ovld|  p_ZZ11network_topP13params_structP8ap_fixedILi22ELi17EL9ap_q_mode0EL9ap_o_mode0EL_9780|       pointer|
|p_ZZ11network_topP13params_structP8ap_fixedILi22ELi17EL9ap_q_mode0EL9ap_o_mode0EL_9780_o_ap_vld  |  out|    1|     ap_ovld|  p_ZZ11network_topP13params_structP8ap_fixedILi22ELi17EL9ap_q_mode0EL9ap_o_mode0EL_9780|       pointer|
|p_ZZ11network_topP13params_structP8ap_fixedILi22ELi17EL9ap_q_mode0EL9ap_o_mode0EL_9781_i         |   in|   22|     ap_ovld|  p_ZZ11network_topP13params_structP8ap_fixedILi22ELi17EL9ap_q_mode0EL9ap_o_mode0EL_9781|       pointer|
|p_ZZ11network_topP13params_structP8ap_fixedILi22ELi17EL9ap_q_mode0EL9ap_o_mode0EL_9781_o         |  out|   22|     ap_ovld|  p_ZZ11network_topP13params_structP8ap_fixedILi22ELi17EL9ap_q_mode0EL9ap_o_mode0EL_9781|       pointer|
|p_ZZ11network_topP13params_structP8ap_fixedILi22ELi17EL9ap_q_mode0EL9ap_o_mode0EL_9781_o_ap_vld  |  out|    1|     ap_ovld|  p_ZZ11network_topP13params_structP8ap_fixedILi22ELi17EL9ap_q_mode0EL9ap_o_mode0EL_9781|       pointer|
|p_ZZ11network_topP13params_structP8ap_fixedILi22ELi17EL9ap_q_mode0EL9ap_o_mode0EL_9782_i         |   in|   22|     ap_ovld|  p_ZZ11network_topP13params_structP8ap_fixedILi22ELi17EL9ap_q_mode0EL9ap_o_mode0EL_9782|       pointer|
|p_ZZ11network_topP13params_structP8ap_fixedILi22ELi17EL9ap_q_mode0EL9ap_o_mode0EL_9782_o         |  out|   22|     ap_ovld|  p_ZZ11network_topP13params_structP8ap_fixedILi22ELi17EL9ap_q_mode0EL9ap_o_mode0EL_9782|       pointer|
|p_ZZ11network_topP13params_structP8ap_fixedILi22ELi17EL9ap_q_mode0EL9ap_o_mode0EL_9782_o_ap_vld  |  out|    1|     ap_ovld|  p_ZZ11network_topP13params_structP8ap_fixedILi22ELi17EL9ap_q_mode0EL9ap_o_mode0EL_9782|       pointer|
|p_ZZ11network_topP13params_structP8ap_fixedILi22ELi17EL9ap_q_mode0EL9ap_o_mode0EL_9783_i         |   in|   22|     ap_ovld|  p_ZZ11network_topP13params_structP8ap_fixedILi22ELi17EL9ap_q_mode0EL9ap_o_mode0EL_9783|       pointer|
|p_ZZ11network_topP13params_structP8ap_fixedILi22ELi17EL9ap_q_mode0EL9ap_o_mode0EL_9783_o         |  out|   22|     ap_ovld|  p_ZZ11network_topP13params_structP8ap_fixedILi22ELi17EL9ap_q_mode0EL9ap_o_mode0EL_9783|       pointer|
|p_ZZ11network_topP13params_structP8ap_fixedILi22ELi17EL9ap_q_mode0EL9ap_o_mode0EL_9783_o_ap_vld  |  out|    1|     ap_ovld|  p_ZZ11network_topP13params_structP8ap_fixedILi22ELi17EL9ap_q_mode0EL9ap_o_mode0EL_9783|       pointer|
|p_ZZ11network_topP13params_structP8ap_fixedILi22ELi17EL9ap_q_mode0EL9ap_o_mode0EL_9784_i         |   in|   22|     ap_ovld|  p_ZZ11network_topP13params_structP8ap_fixedILi22ELi17EL9ap_q_mode0EL9ap_o_mode0EL_9784|       pointer|
|p_ZZ11network_topP13params_structP8ap_fixedILi22ELi17EL9ap_q_mode0EL9ap_o_mode0EL_9784_o         |  out|   22|     ap_ovld|  p_ZZ11network_topP13params_structP8ap_fixedILi22ELi17EL9ap_q_mode0EL9ap_o_mode0EL_9784|       pointer|
|p_ZZ11network_topP13params_structP8ap_fixedILi22ELi17EL9ap_q_mode0EL9ap_o_mode0EL_9784_o_ap_vld  |  out|    1|     ap_ovld|  p_ZZ11network_topP13params_structP8ap_fixedILi22ELi17EL9ap_q_mode0EL9ap_o_mode0EL_9784|       pointer|
|p_ZZ11network_topP13params_structP8ap_fixedILi22ELi17EL9ap_q_mode0EL9ap_o_mode0EL_9785_i         |   in|   22|     ap_ovld|  p_ZZ11network_topP13params_structP8ap_fixedILi22ELi17EL9ap_q_mode0EL9ap_o_mode0EL_9785|       pointer|
|p_ZZ11network_topP13params_structP8ap_fixedILi22ELi17EL9ap_q_mode0EL9ap_o_mode0EL_9785_o         |  out|   22|     ap_ovld|  p_ZZ11network_topP13params_structP8ap_fixedILi22ELi17EL9ap_q_mode0EL9ap_o_mode0EL_9785|       pointer|
|p_ZZ11network_topP13params_structP8ap_fixedILi22ELi17EL9ap_q_mode0EL9ap_o_mode0EL_9785_o_ap_vld  |  out|    1|     ap_ovld|  p_ZZ11network_topP13params_structP8ap_fixedILi22ELi17EL9ap_q_mode0EL9ap_o_mode0EL_9785|       pointer|
|p_ZZ11network_topP13params_structP8ap_fixedILi22ELi17EL9ap_q_mode0EL9ap_o_mode0EL_9788_i         |   in|   22|     ap_ovld|  p_ZZ11network_topP13params_structP8ap_fixedILi22ELi17EL9ap_q_mode0EL9ap_o_mode0EL_9788|       pointer|
|p_ZZ11network_topP13params_structP8ap_fixedILi22ELi17EL9ap_q_mode0EL9ap_o_mode0EL_9788_o         |  out|   22|     ap_ovld|  p_ZZ11network_topP13params_structP8ap_fixedILi22ELi17EL9ap_q_mode0EL9ap_o_mode0EL_9788|       pointer|
|p_ZZ11network_topP13params_structP8ap_fixedILi22ELi17EL9ap_q_mode0EL9ap_o_mode0EL_9788_o_ap_vld  |  out|    1|     ap_ovld|  p_ZZ11network_topP13params_structP8ap_fixedILi22ELi17EL9ap_q_mode0EL9ap_o_mode0EL_9788|       pointer|
|p_ZZ11network_topP13params_structP8ap_fixedILi22ELi17EL9ap_q_mode0EL9ap_o_mode0EL_9789_i         |   in|   22|     ap_ovld|  p_ZZ11network_topP13params_structP8ap_fixedILi22ELi17EL9ap_q_mode0EL9ap_o_mode0EL_9789|       pointer|
|p_ZZ11network_topP13params_structP8ap_fixedILi22ELi17EL9ap_q_mode0EL9ap_o_mode0EL_9789_o         |  out|   22|     ap_ovld|  p_ZZ11network_topP13params_structP8ap_fixedILi22ELi17EL9ap_q_mode0EL9ap_o_mode0EL_9789|       pointer|
|p_ZZ11network_topP13params_structP8ap_fixedILi22ELi17EL9ap_q_mode0EL9ap_o_mode0EL_9789_o_ap_vld  |  out|    1|     ap_ovld|  p_ZZ11network_topP13params_structP8ap_fixedILi22ELi17EL9ap_q_mode0EL9ap_o_mode0EL_9789|       pointer|
|p_ZZ11network_topP13params_structP8ap_fixedILi22ELi17EL9ap_q_mode0EL9ap_o_mode0EL_9790_i         |   in|   22|     ap_ovld|  p_ZZ11network_topP13params_structP8ap_fixedILi22ELi17EL9ap_q_mode0EL9ap_o_mode0EL_9790|       pointer|
|p_ZZ11network_topP13params_structP8ap_fixedILi22ELi17EL9ap_q_mode0EL9ap_o_mode0EL_9790_o         |  out|   22|     ap_ovld|  p_ZZ11network_topP13params_structP8ap_fixedILi22ELi17EL9ap_q_mode0EL9ap_o_mode0EL_9790|       pointer|
|p_ZZ11network_topP13params_structP8ap_fixedILi22ELi17EL9ap_q_mode0EL9ap_o_mode0EL_9790_o_ap_vld  |  out|    1|     ap_ovld|  p_ZZ11network_topP13params_structP8ap_fixedILi22ELi17EL9ap_q_mode0EL9ap_o_mode0EL_9790|       pointer|
|p_ZZ11network_topP13params_structP8ap_fixedILi22ELi17EL9ap_q_mode0EL9ap_o_mode0EL_9791_i         |   in|   22|     ap_ovld|  p_ZZ11network_topP13params_structP8ap_fixedILi22ELi17EL9ap_q_mode0EL9ap_o_mode0EL_9791|       pointer|
|p_ZZ11network_topP13params_structP8ap_fixedILi22ELi17EL9ap_q_mode0EL9ap_o_mode0EL_9791_o         |  out|   22|     ap_ovld|  p_ZZ11network_topP13params_structP8ap_fixedILi22ELi17EL9ap_q_mode0EL9ap_o_mode0EL_9791|       pointer|
|p_ZZ11network_topP13params_structP8ap_fixedILi22ELi17EL9ap_q_mode0EL9ap_o_mode0EL_9791_o_ap_vld  |  out|    1|     ap_ovld|  p_ZZ11network_topP13params_structP8ap_fixedILi22ELi17EL9ap_q_mode0EL9ap_o_mode0EL_9791|       pointer|
|p_ZZ11network_topP13params_structP8ap_fixedILi22ELi17EL9ap_q_mode0EL9ap_o_mode0EL_9792_i         |   in|   22|     ap_ovld|  p_ZZ11network_topP13params_structP8ap_fixedILi22ELi17EL9ap_q_mode0EL9ap_o_mode0EL_9792|       pointer|
|p_ZZ11network_topP13params_structP8ap_fixedILi22ELi17EL9ap_q_mode0EL9ap_o_mode0EL_9792_o         |  out|   22|     ap_ovld|  p_ZZ11network_topP13params_structP8ap_fixedILi22ELi17EL9ap_q_mode0EL9ap_o_mode0EL_9792|       pointer|
|p_ZZ11network_topP13params_structP8ap_fixedILi22ELi17EL9ap_q_mode0EL9ap_o_mode0EL_9792_o_ap_vld  |  out|    1|     ap_ovld|  p_ZZ11network_topP13params_structP8ap_fixedILi22ELi17EL9ap_q_mode0EL9ap_o_mode0EL_9792|       pointer|
|p_ZZ11network_topP13params_structP8ap_fixedILi22ELi17EL9ap_q_mode0EL9ap_o_mode0EL_9793_i         |   in|   22|     ap_ovld|  p_ZZ11network_topP13params_structP8ap_fixedILi22ELi17EL9ap_q_mode0EL9ap_o_mode0EL_9793|       pointer|
|p_ZZ11network_topP13params_structP8ap_fixedILi22ELi17EL9ap_q_mode0EL9ap_o_mode0EL_9793_o         |  out|   22|     ap_ovld|  p_ZZ11network_topP13params_structP8ap_fixedILi22ELi17EL9ap_q_mode0EL9ap_o_mode0EL_9793|       pointer|
|p_ZZ11network_topP13params_structP8ap_fixedILi22ELi17EL9ap_q_mode0EL9ap_o_mode0EL_9793_o_ap_vld  |  out|    1|     ap_ovld|  p_ZZ11network_topP13params_structP8ap_fixedILi22ELi17EL9ap_q_mode0EL9ap_o_mode0EL_9793|       pointer|
|p_ZZ11network_topP13params_structP8ap_fixedILi22ELi17EL9ap_q_mode0EL9ap_o_mode0EL_9794_i         |   in|   22|     ap_ovld|  p_ZZ11network_topP13params_structP8ap_fixedILi22ELi17EL9ap_q_mode0EL9ap_o_mode0EL_9794|       pointer|
|p_ZZ11network_topP13params_structP8ap_fixedILi22ELi17EL9ap_q_mode0EL9ap_o_mode0EL_9794_o         |  out|   22|     ap_ovld|  p_ZZ11network_topP13params_structP8ap_fixedILi22ELi17EL9ap_q_mode0EL9ap_o_mode0EL_9794|       pointer|
|p_ZZ11network_topP13params_structP8ap_fixedILi22ELi17EL9ap_q_mode0EL9ap_o_mode0EL_9794_o_ap_vld  |  out|    1|     ap_ovld|  p_ZZ11network_topP13params_structP8ap_fixedILi22ELi17EL9ap_q_mode0EL9ap_o_mode0EL_9794|       pointer|
|p_ZZ11network_topP13params_structP8ap_fixedILi22ELi17EL9ap_q_mode0EL9ap_o_mode0EL_9795_i         |   in|   22|     ap_ovld|  p_ZZ11network_topP13params_structP8ap_fixedILi22ELi17EL9ap_q_mode0EL9ap_o_mode0EL_9795|       pointer|
|p_ZZ11network_topP13params_structP8ap_fixedILi22ELi17EL9ap_q_mode0EL9ap_o_mode0EL_9795_o         |  out|   22|     ap_ovld|  p_ZZ11network_topP13params_structP8ap_fixedILi22ELi17EL9ap_q_mode0EL9ap_o_mode0EL_9795|       pointer|
|p_ZZ11network_topP13params_structP8ap_fixedILi22ELi17EL9ap_q_mode0EL9ap_o_mode0EL_9795_o_ap_vld  |  out|    1|     ap_ovld|  p_ZZ11network_topP13params_structP8ap_fixedILi22ELi17EL9ap_q_mode0EL9ap_o_mode0EL_9795|       pointer|
|p_ZZ11network_topP13params_structP8ap_fixedILi22ELi17EL9ap_q_mode0EL9ap_o_mode0EL_9796_i         |   in|   22|     ap_ovld|  p_ZZ11network_topP13params_structP8ap_fixedILi22ELi17EL9ap_q_mode0EL9ap_o_mode0EL_9796|       pointer|
|p_ZZ11network_topP13params_structP8ap_fixedILi22ELi17EL9ap_q_mode0EL9ap_o_mode0EL_9796_o         |  out|   22|     ap_ovld|  p_ZZ11network_topP13params_structP8ap_fixedILi22ELi17EL9ap_q_mode0EL9ap_o_mode0EL_9796|       pointer|
|p_ZZ11network_topP13params_structP8ap_fixedILi22ELi17EL9ap_q_mode0EL9ap_o_mode0EL_9796_o_ap_vld  |  out|    1|     ap_ovld|  p_ZZ11network_topP13params_structP8ap_fixedILi22ELi17EL9ap_q_mode0EL9ap_o_mode0EL_9796|       pointer|
|p_ZZ11network_topP13params_structP8ap_fixedILi22ELi17EL9ap_q_mode0EL9ap_o_mode0EL_9798_i         |   in|   22|     ap_ovld|  p_ZZ11network_topP13params_structP8ap_fixedILi22ELi17EL9ap_q_mode0EL9ap_o_mode0EL_9798|       pointer|
|p_ZZ11network_topP13params_structP8ap_fixedILi22ELi17EL9ap_q_mode0EL9ap_o_mode0EL_9798_o         |  out|   22|     ap_ovld|  p_ZZ11network_topP13params_structP8ap_fixedILi22ELi17EL9ap_q_mode0EL9ap_o_mode0EL_9798|       pointer|
|p_ZZ11network_topP13params_structP8ap_fixedILi22ELi17EL9ap_q_mode0EL9ap_o_mode0EL_9798_o_ap_vld  |  out|    1|     ap_ovld|  p_ZZ11network_topP13params_structP8ap_fixedILi22ELi17EL9ap_q_mode0EL9ap_o_mode0EL_9798|       pointer|
|p_ZZ11network_topP13params_structP8ap_fixedILi22ELi17EL9ap_q_mode0EL9ap_o_mode0EL_9799_i         |   in|   22|     ap_ovld|  p_ZZ11network_topP13params_structP8ap_fixedILi22ELi17EL9ap_q_mode0EL9ap_o_mode0EL_9799|       pointer|
|p_ZZ11network_topP13params_structP8ap_fixedILi22ELi17EL9ap_q_mode0EL9ap_o_mode0EL_9799_o         |  out|   22|     ap_ovld|  p_ZZ11network_topP13params_structP8ap_fixedILi22ELi17EL9ap_q_mode0EL9ap_o_mode0EL_9799|       pointer|
|p_ZZ11network_topP13params_structP8ap_fixedILi22ELi17EL9ap_q_mode0EL9ap_o_mode0EL_9799_o_ap_vld  |  out|    1|     ap_ovld|  p_ZZ11network_topP13params_structP8ap_fixedILi22ELi17EL9ap_q_mode0EL9ap_o_mode0EL_9799|       pointer|
|p_ZZ11network_topP13params_structP8ap_fixedILi22ELi17EL9ap_q_mode0EL9ap_o_mode0EL_9800_i         |   in|   22|     ap_ovld|  p_ZZ11network_topP13params_structP8ap_fixedILi22ELi17EL9ap_q_mode0EL9ap_o_mode0EL_9800|       pointer|
|p_ZZ11network_topP13params_structP8ap_fixedILi22ELi17EL9ap_q_mode0EL9ap_o_mode0EL_9800_o         |  out|   22|     ap_ovld|  p_ZZ11network_topP13params_structP8ap_fixedILi22ELi17EL9ap_q_mode0EL9ap_o_mode0EL_9800|       pointer|
|p_ZZ11network_topP13params_structP8ap_fixedILi22ELi17EL9ap_q_mode0EL9ap_o_mode0EL_9800_o_ap_vld  |  out|    1|     ap_ovld|  p_ZZ11network_topP13params_structP8ap_fixedILi22ELi17EL9ap_q_mode0EL9ap_o_mode0EL_9800|       pointer|
|p_ZZ11network_topP13params_structP8ap_fixedILi22ELi17EL9ap_q_mode0EL9ap_o_mode0EL_9801_i         |   in|   22|     ap_ovld|  p_ZZ11network_topP13params_structP8ap_fixedILi22ELi17EL9ap_q_mode0EL9ap_o_mode0EL_9801|       pointer|
|p_ZZ11network_topP13params_structP8ap_fixedILi22ELi17EL9ap_q_mode0EL9ap_o_mode0EL_9801_o         |  out|   22|     ap_ovld|  p_ZZ11network_topP13params_structP8ap_fixedILi22ELi17EL9ap_q_mode0EL9ap_o_mode0EL_9801|       pointer|
|p_ZZ11network_topP13params_structP8ap_fixedILi22ELi17EL9ap_q_mode0EL9ap_o_mode0EL_9801_o_ap_vld  |  out|    1|     ap_ovld|  p_ZZ11network_topP13params_structP8ap_fixedILi22ELi17EL9ap_q_mode0EL9ap_o_mode0EL_9801|       pointer|
|p_ZZ11network_topP13params_structP8ap_fixedILi22ELi17EL9ap_q_mode0EL9ap_o_mode0EL_9802_i         |   in|   22|     ap_ovld|  p_ZZ11network_topP13params_structP8ap_fixedILi22ELi17EL9ap_q_mode0EL9ap_o_mode0EL_9802|       pointer|
|p_ZZ11network_topP13params_structP8ap_fixedILi22ELi17EL9ap_q_mode0EL9ap_o_mode0EL_9802_o         |  out|   22|     ap_ovld|  p_ZZ11network_topP13params_structP8ap_fixedILi22ELi17EL9ap_q_mode0EL9ap_o_mode0EL_9802|       pointer|
|p_ZZ11network_topP13params_structP8ap_fixedILi22ELi17EL9ap_q_mode0EL9ap_o_mode0EL_9802_o_ap_vld  |  out|    1|     ap_ovld|  p_ZZ11network_topP13params_structP8ap_fixedILi22ELi17EL9ap_q_mode0EL9ap_o_mode0EL_9802|       pointer|
|p_ZZ11network_topP13params_structP8ap_fixedILi22ELi17EL9ap_q_mode0EL9ap_o_mode0EL_9803_i         |   in|   22|     ap_ovld|  p_ZZ11network_topP13params_structP8ap_fixedILi22ELi17EL9ap_q_mode0EL9ap_o_mode0EL_9803|       pointer|
|p_ZZ11network_topP13params_structP8ap_fixedILi22ELi17EL9ap_q_mode0EL9ap_o_mode0EL_9803_o         |  out|   22|     ap_ovld|  p_ZZ11network_topP13params_structP8ap_fixedILi22ELi17EL9ap_q_mode0EL9ap_o_mode0EL_9803|       pointer|
|p_ZZ11network_topP13params_structP8ap_fixedILi22ELi17EL9ap_q_mode0EL9ap_o_mode0EL_9803_o_ap_vld  |  out|    1|     ap_ovld|  p_ZZ11network_topP13params_structP8ap_fixedILi22ELi17EL9ap_q_mode0EL9ap_o_mode0EL_9803|       pointer|
|p_ZZ11network_topP13params_structP8ap_fixedILi22ELi17EL9ap_q_mode0EL9ap_o_mode0EL_9804_i         |   in|   22|     ap_ovld|  p_ZZ11network_topP13params_structP8ap_fixedILi22ELi17EL9ap_q_mode0EL9ap_o_mode0EL_9804|       pointer|
|p_ZZ11network_topP13params_structP8ap_fixedILi22ELi17EL9ap_q_mode0EL9ap_o_mode0EL_9804_o         |  out|   22|     ap_ovld|  p_ZZ11network_topP13params_structP8ap_fixedILi22ELi17EL9ap_q_mode0EL9ap_o_mode0EL_9804|       pointer|
|p_ZZ11network_topP13params_structP8ap_fixedILi22ELi17EL9ap_q_mode0EL9ap_o_mode0EL_9804_o_ap_vld  |  out|    1|     ap_ovld|  p_ZZ11network_topP13params_structP8ap_fixedILi22ELi17EL9ap_q_mode0EL9ap_o_mode0EL_9804|       pointer|
|p_ZZ11network_topP13params_structP8ap_fixedILi22ELi17EL9ap_q_mode0EL9ap_o_mode0EL_9805_i         |   in|   22|     ap_ovld|  p_ZZ11network_topP13params_structP8ap_fixedILi22ELi17EL9ap_q_mode0EL9ap_o_mode0EL_9805|       pointer|
|p_ZZ11network_topP13params_structP8ap_fixedILi22ELi17EL9ap_q_mode0EL9ap_o_mode0EL_9805_o         |  out|   22|     ap_ovld|  p_ZZ11network_topP13params_structP8ap_fixedILi22ELi17EL9ap_q_mode0EL9ap_o_mode0EL_9805|       pointer|
|p_ZZ11network_topP13params_structP8ap_fixedILi22ELi17EL9ap_q_mode0EL9ap_o_mode0EL_9805_o_ap_vld  |  out|    1|     ap_ovld|  p_ZZ11network_topP13params_structP8ap_fixedILi22ELi17EL9ap_q_mode0EL9ap_o_mode0EL_9805|       pointer|
|p_ZZ11network_topP13params_structP8ap_fixedILi22ELi17EL9ap_q_mode0EL9ap_o_mode0EL_9806_i         |   in|   22|     ap_ovld|  p_ZZ11network_topP13params_structP8ap_fixedILi22ELi17EL9ap_q_mode0EL9ap_o_mode0EL_9806|       pointer|
|p_ZZ11network_topP13params_structP8ap_fixedILi22ELi17EL9ap_q_mode0EL9ap_o_mode0EL_9806_o         |  out|   22|     ap_ovld|  p_ZZ11network_topP13params_structP8ap_fixedILi22ELi17EL9ap_q_mode0EL9ap_o_mode0EL_9806|       pointer|
|p_ZZ11network_topP13params_structP8ap_fixedILi22ELi17EL9ap_q_mode0EL9ap_o_mode0EL_9806_o_ap_vld  |  out|    1|     ap_ovld|  p_ZZ11network_topP13params_structP8ap_fixedILi22ELi17EL9ap_q_mode0EL9ap_o_mode0EL_9806|       pointer|
|p_ZZ11network_topP13params_structP8ap_fixedILi22ELi17EL9ap_q_mode0EL9ap_o_mode0EL_9807_i         |   in|   22|     ap_ovld|  p_ZZ11network_topP13params_structP8ap_fixedILi22ELi17EL9ap_q_mode0EL9ap_o_mode0EL_9807|       pointer|
|p_ZZ11network_topP13params_structP8ap_fixedILi22ELi17EL9ap_q_mode0EL9ap_o_mode0EL_9807_o         |  out|   22|     ap_ovld|  p_ZZ11network_topP13params_structP8ap_fixedILi22ELi17EL9ap_q_mode0EL9ap_o_mode0EL_9807|       pointer|
|p_ZZ11network_topP13params_structP8ap_fixedILi22ELi17EL9ap_q_mode0EL9ap_o_mode0EL_9807_o_ap_vld  |  out|    1|     ap_ovld|  p_ZZ11network_topP13params_structP8ap_fixedILi22ELi17EL9ap_q_mode0EL9ap_o_mode0EL_9807|       pointer|
|p_ZZ11network_topP13params_structP8ap_fixedILi22ELi17EL9ap_q_mode0EL9ap_o_mode0EL_9810_i         |   in|   22|     ap_ovld|  p_ZZ11network_topP13params_structP8ap_fixedILi22ELi17EL9ap_q_mode0EL9ap_o_mode0EL_9810|       pointer|
|p_ZZ11network_topP13params_structP8ap_fixedILi22ELi17EL9ap_q_mode0EL9ap_o_mode0EL_9810_o         |  out|   22|     ap_ovld|  p_ZZ11network_topP13params_structP8ap_fixedILi22ELi17EL9ap_q_mode0EL9ap_o_mode0EL_9810|       pointer|
|p_ZZ11network_topP13params_structP8ap_fixedILi22ELi17EL9ap_q_mode0EL9ap_o_mode0EL_9810_o_ap_vld  |  out|    1|     ap_ovld|  p_ZZ11network_topP13params_structP8ap_fixedILi22ELi17EL9ap_q_mode0EL9ap_o_mode0EL_9810|       pointer|
|p_ZZ11network_topP13params_structP8ap_fixedILi22ELi17EL9ap_q_mode0EL9ap_o_mode0EL_9811_i         |   in|   22|     ap_ovld|  p_ZZ11network_topP13params_structP8ap_fixedILi22ELi17EL9ap_q_mode0EL9ap_o_mode0EL_9811|       pointer|
|p_ZZ11network_topP13params_structP8ap_fixedILi22ELi17EL9ap_q_mode0EL9ap_o_mode0EL_9811_o         |  out|   22|     ap_ovld|  p_ZZ11network_topP13params_structP8ap_fixedILi22ELi17EL9ap_q_mode0EL9ap_o_mode0EL_9811|       pointer|
|p_ZZ11network_topP13params_structP8ap_fixedILi22ELi17EL9ap_q_mode0EL9ap_o_mode0EL_9811_o_ap_vld  |  out|    1|     ap_ovld|  p_ZZ11network_topP13params_structP8ap_fixedILi22ELi17EL9ap_q_mode0EL9ap_o_mode0EL_9811|       pointer|
|p_ZZ11network_topP13params_structP8ap_fixedILi22ELi17EL9ap_q_mode0EL9ap_o_mode0EL_9812_i         |   in|   22|     ap_ovld|  p_ZZ11network_topP13params_structP8ap_fixedILi22ELi17EL9ap_q_mode0EL9ap_o_mode0EL_9812|       pointer|
|p_ZZ11network_topP13params_structP8ap_fixedILi22ELi17EL9ap_q_mode0EL9ap_o_mode0EL_9812_o         |  out|   22|     ap_ovld|  p_ZZ11network_topP13params_structP8ap_fixedILi22ELi17EL9ap_q_mode0EL9ap_o_mode0EL_9812|       pointer|
|p_ZZ11network_topP13params_structP8ap_fixedILi22ELi17EL9ap_q_mode0EL9ap_o_mode0EL_9812_o_ap_vld  |  out|    1|     ap_ovld|  p_ZZ11network_topP13params_structP8ap_fixedILi22ELi17EL9ap_q_mode0EL9ap_o_mode0EL_9812|       pointer|
|p_ZZ11network_topP13params_structP8ap_fixedILi22ELi17EL9ap_q_mode0EL9ap_o_mode0EL_9813_i         |   in|   22|     ap_ovld|  p_ZZ11network_topP13params_structP8ap_fixedILi22ELi17EL9ap_q_mode0EL9ap_o_mode0EL_9813|       pointer|
|p_ZZ11network_topP13params_structP8ap_fixedILi22ELi17EL9ap_q_mode0EL9ap_o_mode0EL_9813_o         |  out|   22|     ap_ovld|  p_ZZ11network_topP13params_structP8ap_fixedILi22ELi17EL9ap_q_mode0EL9ap_o_mode0EL_9813|       pointer|
|p_ZZ11network_topP13params_structP8ap_fixedILi22ELi17EL9ap_q_mode0EL9ap_o_mode0EL_9813_o_ap_vld  |  out|    1|     ap_ovld|  p_ZZ11network_topP13params_structP8ap_fixedILi22ELi17EL9ap_q_mode0EL9ap_o_mode0EL_9813|       pointer|
|p_ZZ11network_topP13params_structP8ap_fixedILi22ELi17EL9ap_q_mode0EL9ap_o_mode0EL_9814_i         |   in|   22|     ap_ovld|  p_ZZ11network_topP13params_structP8ap_fixedILi22ELi17EL9ap_q_mode0EL9ap_o_mode0EL_9814|       pointer|
|p_ZZ11network_topP13params_structP8ap_fixedILi22ELi17EL9ap_q_mode0EL9ap_o_mode0EL_9814_o         |  out|   22|     ap_ovld|  p_ZZ11network_topP13params_structP8ap_fixedILi22ELi17EL9ap_q_mode0EL9ap_o_mode0EL_9814|       pointer|
|p_ZZ11network_topP13params_structP8ap_fixedILi22ELi17EL9ap_q_mode0EL9ap_o_mode0EL_9814_o_ap_vld  |  out|    1|     ap_ovld|  p_ZZ11network_topP13params_structP8ap_fixedILi22ELi17EL9ap_q_mode0EL9ap_o_mode0EL_9814|       pointer|
|p_ZZ11network_topP13params_structP8ap_fixedILi22ELi17EL9ap_q_mode0EL9ap_o_mode0EL_9815_i         |   in|   22|     ap_ovld|  p_ZZ11network_topP13params_structP8ap_fixedILi22ELi17EL9ap_q_mode0EL9ap_o_mode0EL_9815|       pointer|
|p_ZZ11network_topP13params_structP8ap_fixedILi22ELi17EL9ap_q_mode0EL9ap_o_mode0EL_9815_o         |  out|   22|     ap_ovld|  p_ZZ11network_topP13params_structP8ap_fixedILi22ELi17EL9ap_q_mode0EL9ap_o_mode0EL_9815|       pointer|
|p_ZZ11network_topP13params_structP8ap_fixedILi22ELi17EL9ap_q_mode0EL9ap_o_mode0EL_9815_o_ap_vld  |  out|    1|     ap_ovld|  p_ZZ11network_topP13params_structP8ap_fixedILi22ELi17EL9ap_q_mode0EL9ap_o_mode0EL_9815|       pointer|
|p_ZZ11network_topP13params_structP8ap_fixedILi22ELi17EL9ap_q_mode0EL9ap_o_mode0EL_9816_i         |   in|   22|     ap_ovld|  p_ZZ11network_topP13params_structP8ap_fixedILi22ELi17EL9ap_q_mode0EL9ap_o_mode0EL_9816|       pointer|
|p_ZZ11network_topP13params_structP8ap_fixedILi22ELi17EL9ap_q_mode0EL9ap_o_mode0EL_9816_o         |  out|   22|     ap_ovld|  p_ZZ11network_topP13params_structP8ap_fixedILi22ELi17EL9ap_q_mode0EL9ap_o_mode0EL_9816|       pointer|
|p_ZZ11network_topP13params_structP8ap_fixedILi22ELi17EL9ap_q_mode0EL9ap_o_mode0EL_9816_o_ap_vld  |  out|    1|     ap_ovld|  p_ZZ11network_topP13params_structP8ap_fixedILi22ELi17EL9ap_q_mode0EL9ap_o_mode0EL_9816|       pointer|
|p_ZZ11network_topP13params_structP8ap_fixedILi22ELi17EL9ap_q_mode0EL9ap_o_mode0EL_9817_i         |   in|   22|     ap_ovld|  p_ZZ11network_topP13params_structP8ap_fixedILi22ELi17EL9ap_q_mode0EL9ap_o_mode0EL_9817|       pointer|
|p_ZZ11network_topP13params_structP8ap_fixedILi22ELi17EL9ap_q_mode0EL9ap_o_mode0EL_9817_o         |  out|   22|     ap_ovld|  p_ZZ11network_topP13params_structP8ap_fixedILi22ELi17EL9ap_q_mode0EL9ap_o_mode0EL_9817|       pointer|
|p_ZZ11network_topP13params_structP8ap_fixedILi22ELi17EL9ap_q_mode0EL9ap_o_mode0EL_9817_o_ap_vld  |  out|    1|     ap_ovld|  p_ZZ11network_topP13params_structP8ap_fixedILi22ELi17EL9ap_q_mode0EL9ap_o_mode0EL_9817|       pointer|
|p_ZZ11network_topP13params_structP8ap_fixedILi22ELi17EL9ap_q_mode0EL9ap_o_mode0EL_9818_i         |   in|   22|     ap_ovld|  p_ZZ11network_topP13params_structP8ap_fixedILi22ELi17EL9ap_q_mode0EL9ap_o_mode0EL_9818|       pointer|
|p_ZZ11network_topP13params_structP8ap_fixedILi22ELi17EL9ap_q_mode0EL9ap_o_mode0EL_9818_o         |  out|   22|     ap_ovld|  p_ZZ11network_topP13params_structP8ap_fixedILi22ELi17EL9ap_q_mode0EL9ap_o_mode0EL_9818|       pointer|
|p_ZZ11network_topP13params_structP8ap_fixedILi22ELi17EL9ap_q_mode0EL9ap_o_mode0EL_9818_o_ap_vld  |  out|    1|     ap_ovld|  p_ZZ11network_topP13params_structP8ap_fixedILi22ELi17EL9ap_q_mode0EL9ap_o_mode0EL_9818|       pointer|
|p_ZZ11network_topP13params_structP8ap_fixedILi22ELi17EL9ap_q_mode0EL9ap_o_mode0EL_9820_i         |   in|   22|     ap_ovld|  p_ZZ11network_topP13params_structP8ap_fixedILi22ELi17EL9ap_q_mode0EL9ap_o_mode0EL_9820|       pointer|
|p_ZZ11network_topP13params_structP8ap_fixedILi22ELi17EL9ap_q_mode0EL9ap_o_mode0EL_9820_o         |  out|   22|     ap_ovld|  p_ZZ11network_topP13params_structP8ap_fixedILi22ELi17EL9ap_q_mode0EL9ap_o_mode0EL_9820|       pointer|
|p_ZZ11network_topP13params_structP8ap_fixedILi22ELi17EL9ap_q_mode0EL9ap_o_mode0EL_9820_o_ap_vld  |  out|    1|     ap_ovld|  p_ZZ11network_topP13params_structP8ap_fixedILi22ELi17EL9ap_q_mode0EL9ap_o_mode0EL_9820|       pointer|
|p_ZZ11network_topP13params_structP8ap_fixedILi22ELi17EL9ap_q_mode0EL9ap_o_mode0EL_9821_i         |   in|   22|     ap_ovld|  p_ZZ11network_topP13params_structP8ap_fixedILi22ELi17EL9ap_q_mode0EL9ap_o_mode0EL_9821|       pointer|
|p_ZZ11network_topP13params_structP8ap_fixedILi22ELi17EL9ap_q_mode0EL9ap_o_mode0EL_9821_o         |  out|   22|     ap_ovld|  p_ZZ11network_topP13params_structP8ap_fixedILi22ELi17EL9ap_q_mode0EL9ap_o_mode0EL_9821|       pointer|
|p_ZZ11network_topP13params_structP8ap_fixedILi22ELi17EL9ap_q_mode0EL9ap_o_mode0EL_9821_o_ap_vld  |  out|    1|     ap_ovld|  p_ZZ11network_topP13params_structP8ap_fixedILi22ELi17EL9ap_q_mode0EL9ap_o_mode0EL_9821|       pointer|
|p_ZZ11network_topP13params_structP8ap_fixedILi22ELi17EL9ap_q_mode0EL9ap_o_mode0EL_9822_i         |   in|   22|     ap_ovld|  p_ZZ11network_topP13params_structP8ap_fixedILi22ELi17EL9ap_q_mode0EL9ap_o_mode0EL_9822|       pointer|
|p_ZZ11network_topP13params_structP8ap_fixedILi22ELi17EL9ap_q_mode0EL9ap_o_mode0EL_9822_o         |  out|   22|     ap_ovld|  p_ZZ11network_topP13params_structP8ap_fixedILi22ELi17EL9ap_q_mode0EL9ap_o_mode0EL_9822|       pointer|
|p_ZZ11network_topP13params_structP8ap_fixedILi22ELi17EL9ap_q_mode0EL9ap_o_mode0EL_9822_o_ap_vld  |  out|    1|     ap_ovld|  p_ZZ11network_topP13params_structP8ap_fixedILi22ELi17EL9ap_q_mode0EL9ap_o_mode0EL_9822|       pointer|
|p_ZZ11network_topP13params_structP8ap_fixedILi22ELi17EL9ap_q_mode0EL9ap_o_mode0EL_9823_i         |   in|   22|     ap_ovld|  p_ZZ11network_topP13params_structP8ap_fixedILi22ELi17EL9ap_q_mode0EL9ap_o_mode0EL_9823|       pointer|
|p_ZZ11network_topP13params_structP8ap_fixedILi22ELi17EL9ap_q_mode0EL9ap_o_mode0EL_9823_o         |  out|   22|     ap_ovld|  p_ZZ11network_topP13params_structP8ap_fixedILi22ELi17EL9ap_q_mode0EL9ap_o_mode0EL_9823|       pointer|
|p_ZZ11network_topP13params_structP8ap_fixedILi22ELi17EL9ap_q_mode0EL9ap_o_mode0EL_9823_o_ap_vld  |  out|    1|     ap_ovld|  p_ZZ11network_topP13params_structP8ap_fixedILi22ELi17EL9ap_q_mode0EL9ap_o_mode0EL_9823|       pointer|
|p_ZZ11network_topP13params_structP8ap_fixedILi22ELi17EL9ap_q_mode0EL9ap_o_mode0EL_9824_i         |   in|   22|     ap_ovld|  p_ZZ11network_topP13params_structP8ap_fixedILi22ELi17EL9ap_q_mode0EL9ap_o_mode0EL_9824|       pointer|
|p_ZZ11network_topP13params_structP8ap_fixedILi22ELi17EL9ap_q_mode0EL9ap_o_mode0EL_9824_o         |  out|   22|     ap_ovld|  p_ZZ11network_topP13params_structP8ap_fixedILi22ELi17EL9ap_q_mode0EL9ap_o_mode0EL_9824|       pointer|
|p_ZZ11network_topP13params_structP8ap_fixedILi22ELi17EL9ap_q_mode0EL9ap_o_mode0EL_9824_o_ap_vld  |  out|    1|     ap_ovld|  p_ZZ11network_topP13params_structP8ap_fixedILi22ELi17EL9ap_q_mode0EL9ap_o_mode0EL_9824|       pointer|
|p_ZZ11network_topP13params_structP8ap_fixedILi22ELi17EL9ap_q_mode0EL9ap_o_mode0EL_9825_i         |   in|   22|     ap_ovld|  p_ZZ11network_topP13params_structP8ap_fixedILi22ELi17EL9ap_q_mode0EL9ap_o_mode0EL_9825|       pointer|
|p_ZZ11network_topP13params_structP8ap_fixedILi22ELi17EL9ap_q_mode0EL9ap_o_mode0EL_9825_o         |  out|   22|     ap_ovld|  p_ZZ11network_topP13params_structP8ap_fixedILi22ELi17EL9ap_q_mode0EL9ap_o_mode0EL_9825|       pointer|
|p_ZZ11network_topP13params_structP8ap_fixedILi22ELi17EL9ap_q_mode0EL9ap_o_mode0EL_9825_o_ap_vld  |  out|    1|     ap_ovld|  p_ZZ11network_topP13params_structP8ap_fixedILi22ELi17EL9ap_q_mode0EL9ap_o_mode0EL_9825|       pointer|
|p_ZZ11network_topP13params_structP8ap_fixedILi22ELi17EL9ap_q_mode0EL9ap_o_mode0EL_9826_i         |   in|   22|     ap_ovld|  p_ZZ11network_topP13params_structP8ap_fixedILi22ELi17EL9ap_q_mode0EL9ap_o_mode0EL_9826|       pointer|
|p_ZZ11network_topP13params_structP8ap_fixedILi22ELi17EL9ap_q_mode0EL9ap_o_mode0EL_9826_o         |  out|   22|     ap_ovld|  p_ZZ11network_topP13params_structP8ap_fixedILi22ELi17EL9ap_q_mode0EL9ap_o_mode0EL_9826|       pointer|
|p_ZZ11network_topP13params_structP8ap_fixedILi22ELi17EL9ap_q_mode0EL9ap_o_mode0EL_9826_o_ap_vld  |  out|    1|     ap_ovld|  p_ZZ11network_topP13params_structP8ap_fixedILi22ELi17EL9ap_q_mode0EL9ap_o_mode0EL_9826|       pointer|
|p_ZZ11network_topP13params_structP8ap_fixedILi22ELi17EL9ap_q_mode0EL9ap_o_mode0EL_9827_i         |   in|   22|     ap_ovld|  p_ZZ11network_topP13params_structP8ap_fixedILi22ELi17EL9ap_q_mode0EL9ap_o_mode0EL_9827|       pointer|
|p_ZZ11network_topP13params_structP8ap_fixedILi22ELi17EL9ap_q_mode0EL9ap_o_mode0EL_9827_o         |  out|   22|     ap_ovld|  p_ZZ11network_topP13params_structP8ap_fixedILi22ELi17EL9ap_q_mode0EL9ap_o_mode0EL_9827|       pointer|
|p_ZZ11network_topP13params_structP8ap_fixedILi22ELi17EL9ap_q_mode0EL9ap_o_mode0EL_9827_o_ap_vld  |  out|    1|     ap_ovld|  p_ZZ11network_topP13params_structP8ap_fixedILi22ELi17EL9ap_q_mode0EL9ap_o_mode0EL_9827|       pointer|
|p_ZZ11network_topP13params_structP8ap_fixedILi22ELi17EL9ap_q_mode0EL9ap_o_mode0EL_9828_i         |   in|   22|     ap_ovld|  p_ZZ11network_topP13params_structP8ap_fixedILi22ELi17EL9ap_q_mode0EL9ap_o_mode0EL_9828|       pointer|
|p_ZZ11network_topP13params_structP8ap_fixedILi22ELi17EL9ap_q_mode0EL9ap_o_mode0EL_9828_o         |  out|   22|     ap_ovld|  p_ZZ11network_topP13params_structP8ap_fixedILi22ELi17EL9ap_q_mode0EL9ap_o_mode0EL_9828|       pointer|
|p_ZZ11network_topP13params_structP8ap_fixedILi22ELi17EL9ap_q_mode0EL9ap_o_mode0EL_9828_o_ap_vld  |  out|    1|     ap_ovld|  p_ZZ11network_topP13params_structP8ap_fixedILi22ELi17EL9ap_q_mode0EL9ap_o_mode0EL_9828|       pointer|
|p_ZZ11network_topP13params_structP8ap_fixedILi22ELi17EL9ap_q_mode0EL9ap_o_mode0EL_9829_i         |   in|   22|     ap_ovld|  p_ZZ11network_topP13params_structP8ap_fixedILi22ELi17EL9ap_q_mode0EL9ap_o_mode0EL_9829|       pointer|
|p_ZZ11network_topP13params_structP8ap_fixedILi22ELi17EL9ap_q_mode0EL9ap_o_mode0EL_9829_o         |  out|   22|     ap_ovld|  p_ZZ11network_topP13params_structP8ap_fixedILi22ELi17EL9ap_q_mode0EL9ap_o_mode0EL_9829|       pointer|
|p_ZZ11network_topP13params_structP8ap_fixedILi22ELi17EL9ap_q_mode0EL9ap_o_mode0EL_9829_o_ap_vld  |  out|    1|     ap_ovld|  p_ZZ11network_topP13params_structP8ap_fixedILi22ELi17EL9ap_q_mode0EL9ap_o_mode0EL_9829|       pointer|
|p_ZZ11network_topP13params_structP8ap_fixedILi22ELi17EL9ap_q_mode0EL9ap_o_mode0EL_9832_i         |   in|   22|     ap_ovld|  p_ZZ11network_topP13params_structP8ap_fixedILi22ELi17EL9ap_q_mode0EL9ap_o_mode0EL_9832|       pointer|
|p_ZZ11network_topP13params_structP8ap_fixedILi22ELi17EL9ap_q_mode0EL9ap_o_mode0EL_9832_o         |  out|   22|     ap_ovld|  p_ZZ11network_topP13params_structP8ap_fixedILi22ELi17EL9ap_q_mode0EL9ap_o_mode0EL_9832|       pointer|
|p_ZZ11network_topP13params_structP8ap_fixedILi22ELi17EL9ap_q_mode0EL9ap_o_mode0EL_9832_o_ap_vld  |  out|    1|     ap_ovld|  p_ZZ11network_topP13params_structP8ap_fixedILi22ELi17EL9ap_q_mode0EL9ap_o_mode0EL_9832|       pointer|
|p_ZZ11network_topP13params_structP8ap_fixedILi22ELi17EL9ap_q_mode0EL9ap_o_mode0EL_9833_i         |   in|   22|     ap_ovld|  p_ZZ11network_topP13params_structP8ap_fixedILi22ELi17EL9ap_q_mode0EL9ap_o_mode0EL_9833|       pointer|
|p_ZZ11network_topP13params_structP8ap_fixedILi22ELi17EL9ap_q_mode0EL9ap_o_mode0EL_9833_o         |  out|   22|     ap_ovld|  p_ZZ11network_topP13params_structP8ap_fixedILi22ELi17EL9ap_q_mode0EL9ap_o_mode0EL_9833|       pointer|
|p_ZZ11network_topP13params_structP8ap_fixedILi22ELi17EL9ap_q_mode0EL9ap_o_mode0EL_9833_o_ap_vld  |  out|    1|     ap_ovld|  p_ZZ11network_topP13params_structP8ap_fixedILi22ELi17EL9ap_q_mode0EL9ap_o_mode0EL_9833|       pointer|
|p_ZZ11network_topP13params_structP8ap_fixedILi22ELi17EL9ap_q_mode0EL9ap_o_mode0EL_9834_i         |   in|   22|     ap_ovld|  p_ZZ11network_topP13params_structP8ap_fixedILi22ELi17EL9ap_q_mode0EL9ap_o_mode0EL_9834|       pointer|
|p_ZZ11network_topP13params_structP8ap_fixedILi22ELi17EL9ap_q_mode0EL9ap_o_mode0EL_9834_o         |  out|   22|     ap_ovld|  p_ZZ11network_topP13params_structP8ap_fixedILi22ELi17EL9ap_q_mode0EL9ap_o_mode0EL_9834|       pointer|
|p_ZZ11network_topP13params_structP8ap_fixedILi22ELi17EL9ap_q_mode0EL9ap_o_mode0EL_9834_o_ap_vld  |  out|    1|     ap_ovld|  p_ZZ11network_topP13params_structP8ap_fixedILi22ELi17EL9ap_q_mode0EL9ap_o_mode0EL_9834|       pointer|
|p_ZZ11network_topP13params_structP8ap_fixedILi22ELi17EL9ap_q_mode0EL9ap_o_mode0EL_9835_i         |   in|   22|     ap_ovld|  p_ZZ11network_topP13params_structP8ap_fixedILi22ELi17EL9ap_q_mode0EL9ap_o_mode0EL_9835|       pointer|
|p_ZZ11network_topP13params_structP8ap_fixedILi22ELi17EL9ap_q_mode0EL9ap_o_mode0EL_9835_o         |  out|   22|     ap_ovld|  p_ZZ11network_topP13params_structP8ap_fixedILi22ELi17EL9ap_q_mode0EL9ap_o_mode0EL_9835|       pointer|
|p_ZZ11network_topP13params_structP8ap_fixedILi22ELi17EL9ap_q_mode0EL9ap_o_mode0EL_9835_o_ap_vld  |  out|    1|     ap_ovld|  p_ZZ11network_topP13params_structP8ap_fixedILi22ELi17EL9ap_q_mode0EL9ap_o_mode0EL_9835|       pointer|
|p_ZZ11network_topP13params_structP8ap_fixedILi22ELi17EL9ap_q_mode0EL9ap_o_mode0EL_9836_i         |   in|   22|     ap_ovld|  p_ZZ11network_topP13params_structP8ap_fixedILi22ELi17EL9ap_q_mode0EL9ap_o_mode0EL_9836|       pointer|
|p_ZZ11network_topP13params_structP8ap_fixedILi22ELi17EL9ap_q_mode0EL9ap_o_mode0EL_9836_o         |  out|   22|     ap_ovld|  p_ZZ11network_topP13params_structP8ap_fixedILi22ELi17EL9ap_q_mode0EL9ap_o_mode0EL_9836|       pointer|
|p_ZZ11network_topP13params_structP8ap_fixedILi22ELi17EL9ap_q_mode0EL9ap_o_mode0EL_9836_o_ap_vld  |  out|    1|     ap_ovld|  p_ZZ11network_topP13params_structP8ap_fixedILi22ELi17EL9ap_q_mode0EL9ap_o_mode0EL_9836|       pointer|
|p_ZZ11network_topP13params_structP8ap_fixedILi22ELi17EL9ap_q_mode0EL9ap_o_mode0EL_9837_i         |   in|   22|     ap_ovld|  p_ZZ11network_topP13params_structP8ap_fixedILi22ELi17EL9ap_q_mode0EL9ap_o_mode0EL_9837|       pointer|
|p_ZZ11network_topP13params_structP8ap_fixedILi22ELi17EL9ap_q_mode0EL9ap_o_mode0EL_9837_o         |  out|   22|     ap_ovld|  p_ZZ11network_topP13params_structP8ap_fixedILi22ELi17EL9ap_q_mode0EL9ap_o_mode0EL_9837|       pointer|
|p_ZZ11network_topP13params_structP8ap_fixedILi22ELi17EL9ap_q_mode0EL9ap_o_mode0EL_9837_o_ap_vld  |  out|    1|     ap_ovld|  p_ZZ11network_topP13params_structP8ap_fixedILi22ELi17EL9ap_q_mode0EL9ap_o_mode0EL_9837|       pointer|
|p_ZZ11network_topP13params_structP8ap_fixedILi22ELi17EL9ap_q_mode0EL9ap_o_mode0EL_9838_i         |   in|   22|     ap_ovld|  p_ZZ11network_topP13params_structP8ap_fixedILi22ELi17EL9ap_q_mode0EL9ap_o_mode0EL_9838|       pointer|
|p_ZZ11network_topP13params_structP8ap_fixedILi22ELi17EL9ap_q_mode0EL9ap_o_mode0EL_9838_o         |  out|   22|     ap_ovld|  p_ZZ11network_topP13params_structP8ap_fixedILi22ELi17EL9ap_q_mode0EL9ap_o_mode0EL_9838|       pointer|
|p_ZZ11network_topP13params_structP8ap_fixedILi22ELi17EL9ap_q_mode0EL9ap_o_mode0EL_9838_o_ap_vld  |  out|    1|     ap_ovld|  p_ZZ11network_topP13params_structP8ap_fixedILi22ELi17EL9ap_q_mode0EL9ap_o_mode0EL_9838|       pointer|
|p_ZZ11network_topP13params_structP8ap_fixedILi22ELi17EL9ap_q_mode0EL9ap_o_mode0EL_9839_i         |   in|   22|     ap_ovld|  p_ZZ11network_topP13params_structP8ap_fixedILi22ELi17EL9ap_q_mode0EL9ap_o_mode0EL_9839|       pointer|
|p_ZZ11network_topP13params_structP8ap_fixedILi22ELi17EL9ap_q_mode0EL9ap_o_mode0EL_9839_o         |  out|   22|     ap_ovld|  p_ZZ11network_topP13params_structP8ap_fixedILi22ELi17EL9ap_q_mode0EL9ap_o_mode0EL_9839|       pointer|
|p_ZZ11network_topP13params_structP8ap_fixedILi22ELi17EL9ap_q_mode0EL9ap_o_mode0EL_9839_o_ap_vld  |  out|    1|     ap_ovld|  p_ZZ11network_topP13params_structP8ap_fixedILi22ELi17EL9ap_q_mode0EL9ap_o_mode0EL_9839|       pointer|
|p_ZZ11network_topP13params_structP8ap_fixedILi22ELi17EL9ap_q_mode0EL9ap_o_mode0EL_9840_i         |   in|   22|     ap_ovld|  p_ZZ11network_topP13params_structP8ap_fixedILi22ELi17EL9ap_q_mode0EL9ap_o_mode0EL_9840|       pointer|
|p_ZZ11network_topP13params_structP8ap_fixedILi22ELi17EL9ap_q_mode0EL9ap_o_mode0EL_9840_o         |  out|   22|     ap_ovld|  p_ZZ11network_topP13params_structP8ap_fixedILi22ELi17EL9ap_q_mode0EL9ap_o_mode0EL_9840|       pointer|
|p_ZZ11network_topP13params_structP8ap_fixedILi22ELi17EL9ap_q_mode0EL9ap_o_mode0EL_9840_o_ap_vld  |  out|    1|     ap_ovld|  p_ZZ11network_topP13params_structP8ap_fixedILi22ELi17EL9ap_q_mode0EL9ap_o_mode0EL_9840|       pointer|
|p_ZZ11network_topP13params_structP8ap_fixedILi22ELi17EL9ap_q_mode0EL9ap_o_mode0EL_9842_i         |   in|   22|     ap_ovld|  p_ZZ11network_topP13params_structP8ap_fixedILi22ELi17EL9ap_q_mode0EL9ap_o_mode0EL_9842|       pointer|
|p_ZZ11network_topP13params_structP8ap_fixedILi22ELi17EL9ap_q_mode0EL9ap_o_mode0EL_9842_o         |  out|   22|     ap_ovld|  p_ZZ11network_topP13params_structP8ap_fixedILi22ELi17EL9ap_q_mode0EL9ap_o_mode0EL_9842|       pointer|
|p_ZZ11network_topP13params_structP8ap_fixedILi22ELi17EL9ap_q_mode0EL9ap_o_mode0EL_9842_o_ap_vld  |  out|    1|     ap_ovld|  p_ZZ11network_topP13params_structP8ap_fixedILi22ELi17EL9ap_q_mode0EL9ap_o_mode0EL_9842|       pointer|
|p_ZZ11network_topP13params_structP8ap_fixedILi22ELi17EL9ap_q_mode0EL9ap_o_mode0EL_9843_i         |   in|   22|     ap_ovld|  p_ZZ11network_topP13params_structP8ap_fixedILi22ELi17EL9ap_q_mode0EL9ap_o_mode0EL_9843|       pointer|
|p_ZZ11network_topP13params_structP8ap_fixedILi22ELi17EL9ap_q_mode0EL9ap_o_mode0EL_9843_o         |  out|   22|     ap_ovld|  p_ZZ11network_topP13params_structP8ap_fixedILi22ELi17EL9ap_q_mode0EL9ap_o_mode0EL_9843|       pointer|
|p_ZZ11network_topP13params_structP8ap_fixedILi22ELi17EL9ap_q_mode0EL9ap_o_mode0EL_9843_o_ap_vld  |  out|    1|     ap_ovld|  p_ZZ11network_topP13params_structP8ap_fixedILi22ELi17EL9ap_q_mode0EL9ap_o_mode0EL_9843|       pointer|
|p_ZZ11network_topP13params_structP8ap_fixedILi22ELi17EL9ap_q_mode0EL9ap_o_mode0EL_9844_i         |   in|   22|     ap_ovld|  p_ZZ11network_topP13params_structP8ap_fixedILi22ELi17EL9ap_q_mode0EL9ap_o_mode0EL_9844|       pointer|
|p_ZZ11network_topP13params_structP8ap_fixedILi22ELi17EL9ap_q_mode0EL9ap_o_mode0EL_9844_o         |  out|   22|     ap_ovld|  p_ZZ11network_topP13params_structP8ap_fixedILi22ELi17EL9ap_q_mode0EL9ap_o_mode0EL_9844|       pointer|
|p_ZZ11network_topP13params_structP8ap_fixedILi22ELi17EL9ap_q_mode0EL9ap_o_mode0EL_9844_o_ap_vld  |  out|    1|     ap_ovld|  p_ZZ11network_topP13params_structP8ap_fixedILi22ELi17EL9ap_q_mode0EL9ap_o_mode0EL_9844|       pointer|
|p_ZZ11network_topP13params_structP8ap_fixedILi22ELi17EL9ap_q_mode0EL9ap_o_mode0EL_9845_i         |   in|   22|     ap_ovld|  p_ZZ11network_topP13params_structP8ap_fixedILi22ELi17EL9ap_q_mode0EL9ap_o_mode0EL_9845|       pointer|
|p_ZZ11network_topP13params_structP8ap_fixedILi22ELi17EL9ap_q_mode0EL9ap_o_mode0EL_9845_o         |  out|   22|     ap_ovld|  p_ZZ11network_topP13params_structP8ap_fixedILi22ELi17EL9ap_q_mode0EL9ap_o_mode0EL_9845|       pointer|
|p_ZZ11network_topP13params_structP8ap_fixedILi22ELi17EL9ap_q_mode0EL9ap_o_mode0EL_9845_o_ap_vld  |  out|    1|     ap_ovld|  p_ZZ11network_topP13params_structP8ap_fixedILi22ELi17EL9ap_q_mode0EL9ap_o_mode0EL_9845|       pointer|
|p_ZZ11network_topP13params_structP8ap_fixedILi22ELi17EL9ap_q_mode0EL9ap_o_mode0EL_9846_i         |   in|   22|     ap_ovld|  p_ZZ11network_topP13params_structP8ap_fixedILi22ELi17EL9ap_q_mode0EL9ap_o_mode0EL_9846|       pointer|
|p_ZZ11network_topP13params_structP8ap_fixedILi22ELi17EL9ap_q_mode0EL9ap_o_mode0EL_9846_o         |  out|   22|     ap_ovld|  p_ZZ11network_topP13params_structP8ap_fixedILi22ELi17EL9ap_q_mode0EL9ap_o_mode0EL_9846|       pointer|
|p_ZZ11network_topP13params_structP8ap_fixedILi22ELi17EL9ap_q_mode0EL9ap_o_mode0EL_9846_o_ap_vld  |  out|    1|     ap_ovld|  p_ZZ11network_topP13params_structP8ap_fixedILi22ELi17EL9ap_q_mode0EL9ap_o_mode0EL_9846|       pointer|
|p_ZZ11network_topP13params_structP8ap_fixedILi22ELi17EL9ap_q_mode0EL9ap_o_mode0EL_9847_i         |   in|   22|     ap_ovld|  p_ZZ11network_topP13params_structP8ap_fixedILi22ELi17EL9ap_q_mode0EL9ap_o_mode0EL_9847|       pointer|
|p_ZZ11network_topP13params_structP8ap_fixedILi22ELi17EL9ap_q_mode0EL9ap_o_mode0EL_9847_o         |  out|   22|     ap_ovld|  p_ZZ11network_topP13params_structP8ap_fixedILi22ELi17EL9ap_q_mode0EL9ap_o_mode0EL_9847|       pointer|
|p_ZZ11network_topP13params_structP8ap_fixedILi22ELi17EL9ap_q_mode0EL9ap_o_mode0EL_9847_o_ap_vld  |  out|    1|     ap_ovld|  p_ZZ11network_topP13params_structP8ap_fixedILi22ELi17EL9ap_q_mode0EL9ap_o_mode0EL_9847|       pointer|
|p_ZZ11network_topP13params_structP8ap_fixedILi22ELi17EL9ap_q_mode0EL9ap_o_mode0EL_9848_i         |   in|   22|     ap_ovld|  p_ZZ11network_topP13params_structP8ap_fixedILi22ELi17EL9ap_q_mode0EL9ap_o_mode0EL_9848|       pointer|
|p_ZZ11network_topP13params_structP8ap_fixedILi22ELi17EL9ap_q_mode0EL9ap_o_mode0EL_9848_o         |  out|   22|     ap_ovld|  p_ZZ11network_topP13params_structP8ap_fixedILi22ELi17EL9ap_q_mode0EL9ap_o_mode0EL_9848|       pointer|
|p_ZZ11network_topP13params_structP8ap_fixedILi22ELi17EL9ap_q_mode0EL9ap_o_mode0EL_9848_o_ap_vld  |  out|    1|     ap_ovld|  p_ZZ11network_topP13params_structP8ap_fixedILi22ELi17EL9ap_q_mode0EL9ap_o_mode0EL_9848|       pointer|
|p_ZZ11network_topP13params_structP8ap_fixedILi22ELi17EL9ap_q_mode0EL9ap_o_mode0EL_9849_i         |   in|   22|     ap_ovld|  p_ZZ11network_topP13params_structP8ap_fixedILi22ELi17EL9ap_q_mode0EL9ap_o_mode0EL_9849|       pointer|
|p_ZZ11network_topP13params_structP8ap_fixedILi22ELi17EL9ap_q_mode0EL9ap_o_mode0EL_9849_o         |  out|   22|     ap_ovld|  p_ZZ11network_topP13params_structP8ap_fixedILi22ELi17EL9ap_q_mode0EL9ap_o_mode0EL_9849|       pointer|
|p_ZZ11network_topP13params_structP8ap_fixedILi22ELi17EL9ap_q_mode0EL9ap_o_mode0EL_9849_o_ap_vld  |  out|    1|     ap_ovld|  p_ZZ11network_topP13params_structP8ap_fixedILi22ELi17EL9ap_q_mode0EL9ap_o_mode0EL_9849|       pointer|
|p_ZZ11network_topP13params_structP8ap_fixedILi22ELi17EL9ap_q_mode0EL9ap_o_mode0EL_9850_i         |   in|   22|     ap_ovld|  p_ZZ11network_topP13params_structP8ap_fixedILi22ELi17EL9ap_q_mode0EL9ap_o_mode0EL_9850|       pointer|
|p_ZZ11network_topP13params_structP8ap_fixedILi22ELi17EL9ap_q_mode0EL9ap_o_mode0EL_9850_o         |  out|   22|     ap_ovld|  p_ZZ11network_topP13params_structP8ap_fixedILi22ELi17EL9ap_q_mode0EL9ap_o_mode0EL_9850|       pointer|
|p_ZZ11network_topP13params_structP8ap_fixedILi22ELi17EL9ap_q_mode0EL9ap_o_mode0EL_9850_o_ap_vld  |  out|    1|     ap_ovld|  p_ZZ11network_topP13params_structP8ap_fixedILi22ELi17EL9ap_q_mode0EL9ap_o_mode0EL_9850|       pointer|
|p_ZZ11network_topP13params_structP8ap_fixedILi22ELi17EL9ap_q_mode0EL9ap_o_mode0EL_9851_i         |   in|   22|     ap_ovld|  p_ZZ11network_topP13params_structP8ap_fixedILi22ELi17EL9ap_q_mode0EL9ap_o_mode0EL_9851|       pointer|
|p_ZZ11network_topP13params_structP8ap_fixedILi22ELi17EL9ap_q_mode0EL9ap_o_mode0EL_9851_o         |  out|   22|     ap_ovld|  p_ZZ11network_topP13params_structP8ap_fixedILi22ELi17EL9ap_q_mode0EL9ap_o_mode0EL_9851|       pointer|
|p_ZZ11network_topP13params_structP8ap_fixedILi22ELi17EL9ap_q_mode0EL9ap_o_mode0EL_9851_o_ap_vld  |  out|    1|     ap_ovld|  p_ZZ11network_topP13params_structP8ap_fixedILi22ELi17EL9ap_q_mode0EL9ap_o_mode0EL_9851|       pointer|
|network_top_params_struct_ap_fixed_ap_fixed_ap_int_ap_int_hidden_state1_1                        |  out|   22|      ap_vld|               network_top_params_struct_ap_fixed_ap_fixed_ap_int_ap_int_hidden_state1_1|       pointer|
|network_top_params_struct_ap_fixed_ap_fixed_ap_int_ap_int_hidden_state1_1_ap_vld                 |  out|    1|      ap_vld|               network_top_params_struct_ap_fixed_ap_fixed_ap_int_ap_int_hidden_state1_1|       pointer|
|network_top_params_struct_ap_fixed_ap_fixed_ap_int_ap_int_hidden_state1_2                        |  out|   22|      ap_vld|               network_top_params_struct_ap_fixed_ap_fixed_ap_int_ap_int_hidden_state1_2|       pointer|
|network_top_params_struct_ap_fixed_ap_fixed_ap_int_ap_int_hidden_state1_2_ap_vld                 |  out|    1|      ap_vld|               network_top_params_struct_ap_fixed_ap_fixed_ap_int_ap_int_hidden_state1_2|       pointer|
|network_top_params_struct_ap_fixed_ap_fixed_ap_int_ap_int_hidden_state1_3                        |  out|   22|      ap_vld|               network_top_params_struct_ap_fixed_ap_fixed_ap_int_ap_int_hidden_state1_3|       pointer|
|network_top_params_struct_ap_fixed_ap_fixed_ap_int_ap_int_hidden_state1_3_ap_vld                 |  out|    1|      ap_vld|               network_top_params_struct_ap_fixed_ap_fixed_ap_int_ap_int_hidden_state1_3|       pointer|
|network_top_params_struct_ap_fixed_ap_fixed_ap_int_ap_int_hidden_state1_4                        |  out|   22|      ap_vld|               network_top_params_struct_ap_fixed_ap_fixed_ap_int_ap_int_hidden_state1_4|       pointer|
|network_top_params_struct_ap_fixed_ap_fixed_ap_int_ap_int_hidden_state1_4_ap_vld                 |  out|    1|      ap_vld|               network_top_params_struct_ap_fixed_ap_fixed_ap_int_ap_int_hidden_state1_4|       pointer|
|network_top_params_struct_ap_fixed_ap_fixed_ap_int_ap_int_hidden_state1_5                        |  out|   22|      ap_vld|               network_top_params_struct_ap_fixed_ap_fixed_ap_int_ap_int_hidden_state1_5|       pointer|
|network_top_params_struct_ap_fixed_ap_fixed_ap_int_ap_int_hidden_state1_5_ap_vld                 |  out|    1|      ap_vld|               network_top_params_struct_ap_fixed_ap_fixed_ap_int_ap_int_hidden_state1_5|       pointer|
|network_top_params_struct_ap_fixed_ap_fixed_ap_int_ap_int_hidden_state1_6                        |  out|   22|      ap_vld|               network_top_params_struct_ap_fixed_ap_fixed_ap_int_ap_int_hidden_state1_6|       pointer|
|network_top_params_struct_ap_fixed_ap_fixed_ap_int_ap_int_hidden_state1_6_ap_vld                 |  out|    1|      ap_vld|               network_top_params_struct_ap_fixed_ap_fixed_ap_int_ap_int_hidden_state1_6|       pointer|
|network_top_params_struct_ap_fixed_ap_fixed_ap_int_ap_int_hidden_state1_7                        |  out|   22|      ap_vld|               network_top_params_struct_ap_fixed_ap_fixed_ap_int_ap_int_hidden_state1_7|       pointer|
|network_top_params_struct_ap_fixed_ap_fixed_ap_int_ap_int_hidden_state1_7_ap_vld                 |  out|    1|      ap_vld|               network_top_params_struct_ap_fixed_ap_fixed_ap_int_ap_int_hidden_state1_7|       pointer|
|network_top_params_struct_ap_fixed_ap_fixed_ap_int_ap_int_hidden_state1_8                        |  out|   22|      ap_vld|               network_top_params_struct_ap_fixed_ap_fixed_ap_int_ap_int_hidden_state1_8|       pointer|
|network_top_params_struct_ap_fixed_ap_fixed_ap_int_ap_int_hidden_state1_8_ap_vld                 |  out|    1|      ap_vld|               network_top_params_struct_ap_fixed_ap_fixed_ap_int_ap_int_hidden_state1_8|       pointer|
|network_top_params_struct_ap_fixed_ap_fixed_ap_int_ap_int_hidden_state1_9                        |  out|   22|      ap_vld|               network_top_params_struct_ap_fixed_ap_fixed_ap_int_ap_int_hidden_state1_9|       pointer|
|network_top_params_struct_ap_fixed_ap_fixed_ap_int_ap_int_hidden_state1_9_ap_vld                 |  out|    1|      ap_vld|               network_top_params_struct_ap_fixed_ap_fixed_ap_int_ap_int_hidden_state1_9|       pointer|
|p_ZZ11network_topP13params_structP8ap_fixedILi22ELi17EL9ap_q_mode0EL9ap_o_mode0EL_9492           |  out|   22|      ap_vld|  p_ZZ11network_topP13params_structP8ap_fixedILi22ELi17EL9ap_q_mode0EL9ap_o_mode0EL_9492|       pointer|
|p_ZZ11network_topP13params_structP8ap_fixedILi22ELi17EL9ap_q_mode0EL9ap_o_mode0EL_9492_ap_vld    |  out|    1|      ap_vld|  p_ZZ11network_topP13params_structP8ap_fixedILi22ELi17EL9ap_q_mode0EL9ap_o_mode0EL_9492|       pointer|
|p_ZZ11network_topP13params_structP8ap_fixedILi22ELi17EL9ap_q_mode0EL9ap_o_mode0EL_9493           |  out|   22|      ap_vld|  p_ZZ11network_topP13params_structP8ap_fixedILi22ELi17EL9ap_q_mode0EL9ap_o_mode0EL_9493|       pointer|
|p_ZZ11network_topP13params_structP8ap_fixedILi22ELi17EL9ap_q_mode0EL9ap_o_mode0EL_9493_ap_vld    |  out|    1|      ap_vld|  p_ZZ11network_topP13params_structP8ap_fixedILi22ELi17EL9ap_q_mode0EL9ap_o_mode0EL_9493|       pointer|
|p_ZZ11network_topP13params_structP8ap_fixedILi22ELi17EL9ap_q_mode0EL9ap_o_mode0EL_9494           |  out|   22|      ap_vld|  p_ZZ11network_topP13params_structP8ap_fixedILi22ELi17EL9ap_q_mode0EL9ap_o_mode0EL_9494|       pointer|
|p_ZZ11network_topP13params_structP8ap_fixedILi22ELi17EL9ap_q_mode0EL9ap_o_mode0EL_9494_ap_vld    |  out|    1|      ap_vld|  p_ZZ11network_topP13params_structP8ap_fixedILi22ELi17EL9ap_q_mode0EL9ap_o_mode0EL_9494|       pointer|
|p_ZZ11network_topP13params_structP8ap_fixedILi22ELi17EL9ap_q_mode0EL9ap_o_mode0EL_9495           |  out|   22|      ap_vld|  p_ZZ11network_topP13params_structP8ap_fixedILi22ELi17EL9ap_q_mode0EL9ap_o_mode0EL_9495|       pointer|
|p_ZZ11network_topP13params_structP8ap_fixedILi22ELi17EL9ap_q_mode0EL9ap_o_mode0EL_9495_ap_vld    |  out|    1|      ap_vld|  p_ZZ11network_topP13params_structP8ap_fixedILi22ELi17EL9ap_q_mode0EL9ap_o_mode0EL_9495|       pointer|
|p_ZZ11network_topP13params_structP8ap_fixedILi22ELi17EL9ap_q_mode0EL9ap_o_mode0EL_9496           |  out|   22|      ap_vld|  p_ZZ11network_topP13params_structP8ap_fixedILi22ELi17EL9ap_q_mode0EL9ap_o_mode0EL_9496|       pointer|
|p_ZZ11network_topP13params_structP8ap_fixedILi22ELi17EL9ap_q_mode0EL9ap_o_mode0EL_9496_ap_vld    |  out|    1|      ap_vld|  p_ZZ11network_topP13params_structP8ap_fixedILi22ELi17EL9ap_q_mode0EL9ap_o_mode0EL_9496|       pointer|
|p_ZZ11network_topP13params_structP8ap_fixedILi22ELi17EL9ap_q_mode0EL9ap_o_mode0EL_9497           |  out|   22|      ap_vld|  p_ZZ11network_topP13params_structP8ap_fixedILi22ELi17EL9ap_q_mode0EL9ap_o_mode0EL_9497|       pointer|
|p_ZZ11network_topP13params_structP8ap_fixedILi22ELi17EL9ap_q_mode0EL9ap_o_mode0EL_9497_ap_vld    |  out|    1|      ap_vld|  p_ZZ11network_topP13params_structP8ap_fixedILi22ELi17EL9ap_q_mode0EL9ap_o_mode0EL_9497|       pointer|
|p_ZZ11network_topP13params_structP8ap_fixedILi22ELi17EL9ap_q_mode0EL9ap_o_mode0EL_9498           |  out|   22|      ap_vld|  p_ZZ11network_topP13params_structP8ap_fixedILi22ELi17EL9ap_q_mode0EL9ap_o_mode0EL_9498|       pointer|
|p_ZZ11network_topP13params_structP8ap_fixedILi22ELi17EL9ap_q_mode0EL9ap_o_mode0EL_9498_ap_vld    |  out|    1|      ap_vld|  p_ZZ11network_topP13params_structP8ap_fixedILi22ELi17EL9ap_q_mode0EL9ap_o_mode0EL_9498|       pointer|
|p_ZZ11network_topP13params_structP8ap_fixedILi22ELi17EL9ap_q_mode0EL9ap_o_mode0EL_9499           |  out|   22|      ap_vld|  p_ZZ11network_topP13params_structP8ap_fixedILi22ELi17EL9ap_q_mode0EL9ap_o_mode0EL_9499|       pointer|
|p_ZZ11network_topP13params_structP8ap_fixedILi22ELi17EL9ap_q_mode0EL9ap_o_mode0EL_9499_ap_vld    |  out|    1|      ap_vld|  p_ZZ11network_topP13params_structP8ap_fixedILi22ELi17EL9ap_q_mode0EL9ap_o_mode0EL_9499|       pointer|
|p_ZZ11network_topP13params_structP8ap_fixedILi22ELi17EL9ap_q_mode0EL9ap_o_mode0EL_9501           |  out|   22|      ap_vld|  p_ZZ11network_topP13params_structP8ap_fixedILi22ELi17EL9ap_q_mode0EL9ap_o_mode0EL_9501|       pointer|
|p_ZZ11network_topP13params_structP8ap_fixedILi22ELi17EL9ap_q_mode0EL9ap_o_mode0EL_9501_ap_vld    |  out|    1|      ap_vld|  p_ZZ11network_topP13params_structP8ap_fixedILi22ELi17EL9ap_q_mode0EL9ap_o_mode0EL_9501|       pointer|
|p_ZZ11network_topP13params_structP8ap_fixedILi22ELi17EL9ap_q_mode0EL9ap_o_mode0EL_9502           |  out|   22|      ap_vld|  p_ZZ11network_topP13params_structP8ap_fixedILi22ELi17EL9ap_q_mode0EL9ap_o_mode0EL_9502|       pointer|
|p_ZZ11network_topP13params_structP8ap_fixedILi22ELi17EL9ap_q_mode0EL9ap_o_mode0EL_9502_ap_vld    |  out|    1|      ap_vld|  p_ZZ11network_topP13params_structP8ap_fixedILi22ELi17EL9ap_q_mode0EL9ap_o_mode0EL_9502|       pointer|
+-------------------------------------------------------------------------------------------------+-----+-----+------------+----------------------------------------------------------------------------------------+--------------+

