

================================================================
== Vitis HLS Report for 'network_top_Pipeline_load_weight2_matrix_inner_loop27'
================================================================
* Date:           Sat Oct 28 11:45:56 2023

* Version:        2023.1 (Build 3854077 on May  4 2023)
* Project:        hardware_accelerator
* Solution:       solution1 (Vivado IP Flow Target)
* Product family: zynquplus
* Target device:  xczu7ev-ffvc1156-2-e


================================================================
== Performance Estimates
================================================================
+ Timing: 
    * Summary: 
    +--------+----------+-----------+------------+
    |  Clock |  Target  | Estimated | Uncertainty|
    +--------+----------+-----------+------------+
    |ap_clk  |  20.00 ns|  14.600 ns|     5.40 ns|
    +--------+----------+-----------+------------+

+ Latency: 
    * Summary: 
    +---------+---------+----------+----------+-----+-----+---------+
    |  Latency (cycles) |  Latency (absolute) |  Interval | Pipeline|
    |   min   |   max   |    min   |    max   | min | max |   Type  |
    +---------+---------+----------+----------+-----+-----+---------+
    |       42|       42|  0.840 us|  0.840 us|   42|   42|       no|
    +---------+---------+----------+----------+-----+-----+---------+

    + Detail: 
        * Instance: 
        N/A

        * Loop: 
        +----------------------------------+---------+---------+----------+-----------+-----------+------+----------+
        |                                  |  Latency (cycles) | Iteration|  Initiation Interval  | Trip |          |
        |             Loop Name            |   min   |   max   |  Latency |  achieved |   target  | Count| Pipelined|
        +----------------------------------+---------+---------+----------+-----------+-----------+------+----------+
        |- load_weight2_matrix_inner_loop  |       40|       40|        10|          1|          1|    32|       yes|
        +----------------------------------+---------+---------+----------+-----------+-----------+------+----------+



================================================================
== Utilization Estimates
================================================================
* Summary: 
+-----------------+---------+------+--------+--------+-----+
|       Name      | BRAM_18K|  DSP |   FF   |   LUT  | URAM|
+-----------------+---------+------+--------+--------+-----+
|DSP              |        -|     -|       -|       -|    -|
|Expression       |        -|     -|       0|     111|    -|
|FIFO             |        -|     -|       -|       -|    -|
|Instance         |        -|     -|       -|       -|    -|
|Memory           |        -|     -|       -|       -|    -|
|Multiplexer      |        -|     -|       -|      54|    -|
|Register         |        -|     -|     158|      32|    -|
+-----------------+---------+------+--------+--------+-----+
|Total            |        0|     0|     158|     197|    0|
+-----------------+---------+------+--------+--------+-----+
|Available        |      624|  1728|  460800|  230400|   96|
+-----------------+---------+------+--------+--------+-----+
|Utilization (%)  |        0|     0|      ~0|      ~0|    0|
+-----------------+---------+------+--------+--------+-----+

+ Detail: 
    * Instance: 
    N/A

    * DSP: 
    N/A

    * Memory: 
    N/A

    * FIFO: 
    N/A

    * Expression: 
    +---------------------------+----------+----+---+----+------------+------------+
    |       Variable Name       | Operation| DSP| FF| LUT| Bitwidth P0| Bitwidth P1|
    +---------------------------+----------+----+---+----+------------+------------+
    |add_ln249_fu_232_p2        |         +|   0|  0|  13|           6|           1|
    |add_ln251_4_fu_284_p2      |         +|   0|  0|  71|          64|          64|
    |icmp_ln249_fu_226_p2       |      icmp|   0|  0|  14|           6|           7|
    |ap_block_pp0_stage0_11001  |        or|   0|  0|   2|           1|           1|
    |or_ln251_fu_266_p2         |        or|   0|  0|   9|           9|           7|
    |ap_enable_pp0              |       xor|   0|  0|   2|           1|           2|
    +---------------------------+----------+----+---+----+------------+------------+
    |Total                      |          |   0|  0| 111|          87|          82|
    +---------------------------+----------+----+---+----+------------+------------+

    * Multiplexer: 
    +-------------------------+----+-----------+-----+-----------+
    |           Name          | LUT| Input Size| Bits| Total Bits|
    +-------------------------+----+-----------+-----+-----------+
    |ap_done_int              |   9|          2|    1|          2|
    |ap_enable_reg_pp0_iter1  |   9|          2|    1|          2|
    |ap_sig_allocacmp_c_20    |   9|          2|    6|         12|
    |c_fu_196                 |   9|          2|    6|         12|
    |gmem_blk_n_AR            |   9|          2|    1|          2|
    |gmem_blk_n_R             |   9|          2|    1|          2|
    +-------------------------+----+-----------+-----+-----------+
    |Total                    |  54|         12|   16|         32|
    +-------------------------+----+-----------+-----+-----------+

    * Register: 
    +----------------------------------+----+----+-----+-----------+
    |               Name               | FF | LUT| Bits| Const Bits|
    +----------------------------------+----+----+-----+-----------+
    |ap_CS_fsm                         |   1|   0|    1|          0|
    |ap_done_reg                       |   1|   0|    1|          0|
    |ap_enable_reg_pp0_iter1           |   1|   0|    1|          0|
    |ap_enable_reg_pp0_iter2           |   1|   0|    1|          0|
    |ap_enable_reg_pp0_iter3           |   1|   0|    1|          0|
    |ap_enable_reg_pp0_iter4           |   1|   0|    1|          0|
    |ap_enable_reg_pp0_iter5           |   1|   0|    1|          0|
    |ap_enable_reg_pp0_iter6           |   1|   0|    1|          0|
    |ap_enable_reg_pp0_iter7           |   1|   0|    1|          0|
    |ap_enable_reg_pp0_iter8           |   1|   0|    1|          0|
    |ap_enable_reg_pp0_iter9           |   1|   0|    1|          0|
    |ap_loop_exit_ready_pp0_iter1_reg  |   1|   0|    1|          0|
    |ap_loop_exit_ready_pp0_iter2_reg  |   1|   0|    1|          0|
    |ap_loop_exit_ready_pp0_iter3_reg  |   1|   0|    1|          0|
    |ap_loop_exit_ready_pp0_iter4_reg  |   1|   0|    1|          0|
    |ap_loop_exit_ready_pp0_iter5_reg  |   1|   0|    1|          0|
    |ap_loop_exit_ready_pp0_iter6_reg  |   1|   0|    1|          0|
    |ap_loop_exit_ready_pp0_iter7_reg  |   1|   0|    1|          0|
    |ap_loop_exit_ready_pp0_iter8_reg  |   1|   0|    1|          0|
    |c_fu_196                          |   6|   0|    6|          0|
    |gmem_addr_reg_526                 |  64|   0|   64|          0|
    |trunc_ln249_reg_522               |   5|   0|    5|          0|
    |trunc_ln249_reg_522               |  64|  32|    5|          0|
    +----------------------------------+----+----+-----+-----------+
    |Total                             | 158|  32|   99|          0|
    +----------------------------------+----+----+-----+-----------+



================================================================
== Interface
================================================================
* Summary: 
+-----------------------------------------------------------------------------------------------+-----+-----+------------+----------------------------------------------------------------------------------------+--------------+
|                                           RTL Ports                                           | Dir | Bits|  Protocol  |                                      Source Object                                     |    C Type    |
+-----------------------------------------------------------------------------------------------+-----+-----+------------+----------------------------------------------------------------------------------------+--------------+
|ap_clk                                                                                         |   in|    1|  ap_ctrl_hs|                                   network_top_Pipeline_load_weight2_matrix_inner_loop27|  return value|
|ap_rst                                                                                         |   in|    1|  ap_ctrl_hs|                                   network_top_Pipeline_load_weight2_matrix_inner_loop27|  return value|
|ap_start                                                                                       |   in|    1|  ap_ctrl_hs|                                   network_top_Pipeline_load_weight2_matrix_inner_loop27|  return value|
|ap_done                                                                                        |  out|    1|  ap_ctrl_hs|                                   network_top_Pipeline_load_weight2_matrix_inner_loop27|  return value|
|ap_idle                                                                                        |  out|    1|  ap_ctrl_hs|                                   network_top_Pipeline_load_weight2_matrix_inner_loop27|  return value|
|ap_ready                                                                                       |  out|    1|  ap_ctrl_hs|                                   network_top_Pipeline_load_weight2_matrix_inner_loop27|  return value|
|m_axi_gmem_AWVALID                                                                             |  out|    1|       m_axi|                                                                                    gmem|       pointer|
|m_axi_gmem_AWREADY                                                                             |   in|    1|       m_axi|                                                                                    gmem|       pointer|
|m_axi_gmem_AWADDR                                                                              |  out|   64|       m_axi|                                                                                    gmem|       pointer|
|m_axi_gmem_AWID                                                                                |  out|    1|       m_axi|                                                                                    gmem|       pointer|
|m_axi_gmem_AWLEN                                                                               |  out|   32|       m_axi|                                                                                    gmem|       pointer|
|m_axi_gmem_AWSIZE                                                                              |  out|    3|       m_axi|                                                                                    gmem|       pointer|
|m_axi_gmem_AWBURST                                                                             |  out|    2|       m_axi|                                                                                    gmem|       pointer|
|m_axi_gmem_AWLOCK                                                                              |  out|    2|       m_axi|                                                                                    gmem|       pointer|
|m_axi_gmem_AWCACHE                                                                             |  out|    4|       m_axi|                                                                                    gmem|       pointer|
|m_axi_gmem_AWPROT                                                                              |  out|    3|       m_axi|                                                                                    gmem|       pointer|
|m_axi_gmem_AWQOS                                                                               |  out|    4|       m_axi|                                                                                    gmem|       pointer|
|m_axi_gmem_AWREGION                                                                            |  out|    4|       m_axi|                                                                                    gmem|       pointer|
|m_axi_gmem_AWUSER                                                                              |  out|    1|       m_axi|                                                                                    gmem|       pointer|
|m_axi_gmem_WVALID                                                                              |  out|    1|       m_axi|                                                                                    gmem|       pointer|
|m_axi_gmem_WREADY                                                                              |   in|    1|       m_axi|                                                                                    gmem|       pointer|
|m_axi_gmem_WDATA                                                                               |  out|   16|       m_axi|                                                                                    gmem|       pointer|
|m_axi_gmem_WSTRB                                                                               |  out|    2|       m_axi|                                                                                    gmem|       pointer|
|m_axi_gmem_WLAST                                                                               |  out|    1|       m_axi|                                                                                    gmem|       pointer|
|m_axi_gmem_WID                                                                                 |  out|    1|       m_axi|                                                                                    gmem|       pointer|
|m_axi_gmem_WUSER                                                                               |  out|    1|       m_axi|                                                                                    gmem|       pointer|
|m_axi_gmem_ARVALID                                                                             |  out|    1|       m_axi|                                                                                    gmem|       pointer|
|m_axi_gmem_ARREADY                                                                             |   in|    1|       m_axi|                                                                                    gmem|       pointer|
|m_axi_gmem_ARADDR                                                                              |  out|   64|       m_axi|                                                                                    gmem|       pointer|
|m_axi_gmem_ARID                                                                                |  out|    1|       m_axi|                                                                                    gmem|       pointer|
|m_axi_gmem_ARLEN                                                                               |  out|   32|       m_axi|                                                                                    gmem|       pointer|
|m_axi_gmem_ARSIZE                                                                              |  out|    3|       m_axi|                                                                                    gmem|       pointer|
|m_axi_gmem_ARBURST                                                                             |  out|    2|       m_axi|                                                                                    gmem|       pointer|
|m_axi_gmem_ARLOCK                                                                              |  out|    2|       m_axi|                                                                                    gmem|       pointer|
|m_axi_gmem_ARCACHE                                                                             |  out|    4|       m_axi|                                                                                    gmem|       pointer|
|m_axi_gmem_ARPROT                                                                              |  out|    3|       m_axi|                                                                                    gmem|       pointer|
|m_axi_gmem_ARQOS                                                                               |  out|    4|       m_axi|                                                                                    gmem|       pointer|
|m_axi_gmem_ARREGION                                                                            |  out|    4|       m_axi|                                                                                    gmem|       pointer|
|m_axi_gmem_ARUSER                                                                              |  out|    1|       m_axi|                                                                                    gmem|       pointer|
|m_axi_gmem_RVALID                                                                              |   in|    1|       m_axi|                                                                                    gmem|       pointer|
|m_axi_gmem_RREADY                                                                              |  out|    1|       m_axi|                                                                                    gmem|       pointer|
|m_axi_gmem_RDATA                                                                               |   in|   16|       m_axi|                                                                                    gmem|       pointer|
|m_axi_gmem_RLAST                                                                               |   in|    1|       m_axi|                                                                                    gmem|       pointer|
|m_axi_gmem_RID                                                                                 |   in|    1|       m_axi|                                                                                    gmem|       pointer|
|m_axi_gmem_RFIFONUM                                                                            |   in|   10|       m_axi|                                                                                    gmem|       pointer|
|m_axi_gmem_RUSER                                                                               |   in|    1|       m_axi|                                                                                    gmem|       pointer|
|m_axi_gmem_RRESP                                                                               |   in|    2|       m_axi|                                                                                    gmem|       pointer|
|m_axi_gmem_BVALID                                                                              |   in|    1|       m_axi|                                                                                    gmem|       pointer|
|m_axi_gmem_BREADY                                                                              |  out|    1|       m_axi|                                                                                    gmem|       pointer|
|m_axi_gmem_BRESP                                                                               |   in|    2|       m_axi|                                                                                    gmem|       pointer|
|m_axi_gmem_BID                                                                                 |   in|    1|       m_axi|                                                                                    gmem|       pointer|
|m_axi_gmem_BUSER                                                                               |   in|    1|       m_axi|                                                                                    gmem|       pointer|
|add_ln251                                                                                      |   in|   64|     ap_none|                                                                               add_ln251|        scalar|
|network_top_params_struct_ap_fixed_ap_fixed_ap_int_ap_int_32_weights2_31                       |  out|   12|      ap_vld|                network_top_params_struct_ap_fixed_ap_fixed_ap_int_ap_int_32_weights2_31|       pointer|
|network_top_params_struct_ap_fixed_ap_fixed_ap_int_ap_int_32_weights2_31_ap_vld                |  out|    1|      ap_vld|                network_top_params_struct_ap_fixed_ap_fixed_ap_int_ap_int_32_weights2_31|       pointer|
|network_top_params_struct_ap_fixed_ap_fixed_ap_int_ap_int_32_weights2_30                       |  out|   12|      ap_vld|                network_top_params_struct_ap_fixed_ap_fixed_ap_int_ap_int_32_weights2_30|       pointer|
|network_top_params_struct_ap_fixed_ap_fixed_ap_int_ap_int_32_weights2_30_ap_vld                |  out|    1|      ap_vld|                network_top_params_struct_ap_fixed_ap_fixed_ap_int_ap_int_32_weights2_30|       pointer|
|network_top_params_struct_ap_fixed_ap_fixed_ap_int_ap_int_32_weights2_29                       |  out|   12|      ap_vld|                network_top_params_struct_ap_fixed_ap_fixed_ap_int_ap_int_32_weights2_29|       pointer|
|network_top_params_struct_ap_fixed_ap_fixed_ap_int_ap_int_32_weights2_29_ap_vld                |  out|    1|      ap_vld|                network_top_params_struct_ap_fixed_ap_fixed_ap_int_ap_int_32_weights2_29|       pointer|
|network_top_params_struct_ap_fixed_ap_fixed_ap_int_ap_int_32_weights2_28                       |  out|   12|      ap_vld|                network_top_params_struct_ap_fixed_ap_fixed_ap_int_ap_int_32_weights2_28|       pointer|
|network_top_params_struct_ap_fixed_ap_fixed_ap_int_ap_int_32_weights2_28_ap_vld                |  out|    1|      ap_vld|                network_top_params_struct_ap_fixed_ap_fixed_ap_int_ap_int_32_weights2_28|       pointer|
|network_top_params_struct_ap_fixed_ap_fixed_ap_int_ap_int_32_weights2_27                       |  out|   12|      ap_vld|                network_top_params_struct_ap_fixed_ap_fixed_ap_int_ap_int_32_weights2_27|       pointer|
|network_top_params_struct_ap_fixed_ap_fixed_ap_int_ap_int_32_weights2_27_ap_vld                |  out|    1|      ap_vld|                network_top_params_struct_ap_fixed_ap_fixed_ap_int_ap_int_32_weights2_27|       pointer|
|network_top_params_struct_ap_fixed_ap_fixed_ap_int_ap_int_32_weights2_26                       |  out|   12|      ap_vld|                network_top_params_struct_ap_fixed_ap_fixed_ap_int_ap_int_32_weights2_26|       pointer|
|network_top_params_struct_ap_fixed_ap_fixed_ap_int_ap_int_32_weights2_26_ap_vld                |  out|    1|      ap_vld|                network_top_params_struct_ap_fixed_ap_fixed_ap_int_ap_int_32_weights2_26|       pointer|
|network_top_params_struct_ap_fixed_ap_fixed_ap_int_ap_int_32_weights2_25                       |  out|   12|      ap_vld|                network_top_params_struct_ap_fixed_ap_fixed_ap_int_ap_int_32_weights2_25|       pointer|
|network_top_params_struct_ap_fixed_ap_fixed_ap_int_ap_int_32_weights2_25_ap_vld                |  out|    1|      ap_vld|                network_top_params_struct_ap_fixed_ap_fixed_ap_int_ap_int_32_weights2_25|       pointer|
|network_top_params_struct_ap_fixed_ap_fixed_ap_int_ap_int_32_weights2_24                       |  out|   12|      ap_vld|                network_top_params_struct_ap_fixed_ap_fixed_ap_int_ap_int_32_weights2_24|       pointer|
|network_top_params_struct_ap_fixed_ap_fixed_ap_int_ap_int_32_weights2_24_ap_vld                |  out|    1|      ap_vld|                network_top_params_struct_ap_fixed_ap_fixed_ap_int_ap_int_32_weights2_24|       pointer|
|network_top_params_struct_ap_fixed_ap_fixed_ap_int_ap_int_32_weights2_23                       |  out|   12|      ap_vld|                network_top_params_struct_ap_fixed_ap_fixed_ap_int_ap_int_32_weights2_23|       pointer|
|network_top_params_struct_ap_fixed_ap_fixed_ap_int_ap_int_32_weights2_23_ap_vld                |  out|    1|      ap_vld|                network_top_params_struct_ap_fixed_ap_fixed_ap_int_ap_int_32_weights2_23|       pointer|
|network_top_params_struct_ap_fixed_ap_fixed_ap_int_ap_int_32_weights2_22                       |  out|   12|      ap_vld|                network_top_params_struct_ap_fixed_ap_fixed_ap_int_ap_int_32_weights2_22|       pointer|
|network_top_params_struct_ap_fixed_ap_fixed_ap_int_ap_int_32_weights2_22_ap_vld                |  out|    1|      ap_vld|                network_top_params_struct_ap_fixed_ap_fixed_ap_int_ap_int_32_weights2_22|       pointer|
|p_ZZ11network_topP13params_structP8ap_fixedILi12ELi2EL9ap_q_mode0EL9ap_o_mode3ELi_1737         |  out|   12|      ap_vld|  p_ZZ11network_topP13params_structP8ap_fixedILi12ELi2EL9ap_q_mode0EL9ap_o_mode3ELi_1737|       pointer|
|p_ZZ11network_topP13params_structP8ap_fixedILi12ELi2EL9ap_q_mode0EL9ap_o_mode3ELi_1737_ap_vld  |  out|    1|      ap_vld|  p_ZZ11network_topP13params_structP8ap_fixedILi12ELi2EL9ap_q_mode0EL9ap_o_mode3ELi_1737|       pointer|
|p_ZZ11network_topP13params_structP8ap_fixedILi12ELi2EL9ap_q_mode0EL9ap_o_mode3ELi_1738         |  out|   12|      ap_vld|  p_ZZ11network_topP13params_structP8ap_fixedILi12ELi2EL9ap_q_mode0EL9ap_o_mode3ELi_1738|       pointer|
|p_ZZ11network_topP13params_structP8ap_fixedILi12ELi2EL9ap_q_mode0EL9ap_o_mode3ELi_1738_ap_vld  |  out|    1|      ap_vld|  p_ZZ11network_topP13params_structP8ap_fixedILi12ELi2EL9ap_q_mode0EL9ap_o_mode3ELi_1738|       pointer|
|p_ZZ11network_topP13params_structP8ap_fixedILi12ELi2EL9ap_q_mode0EL9ap_o_mode3ELi_1739         |  out|   12|      ap_vld|  p_ZZ11network_topP13params_structP8ap_fixedILi12ELi2EL9ap_q_mode0EL9ap_o_mode3ELi_1739|       pointer|
|p_ZZ11network_topP13params_structP8ap_fixedILi12ELi2EL9ap_q_mode0EL9ap_o_mode3ELi_1739_ap_vld  |  out|    1|      ap_vld|  p_ZZ11network_topP13params_structP8ap_fixedILi12ELi2EL9ap_q_mode0EL9ap_o_mode3ELi_1739|       pointer|
|p_ZZ11network_topP13params_structP8ap_fixedILi12ELi2EL9ap_q_mode0EL9ap_o_mode3ELi_1740         |  out|   12|      ap_vld|  p_ZZ11network_topP13params_structP8ap_fixedILi12ELi2EL9ap_q_mode0EL9ap_o_mode3ELi_1740|       pointer|
|p_ZZ11network_topP13params_structP8ap_fixedILi12ELi2EL9ap_q_mode0EL9ap_o_mode3ELi_1740_ap_vld  |  out|    1|      ap_vld|  p_ZZ11network_topP13params_structP8ap_fixedILi12ELi2EL9ap_q_mode0EL9ap_o_mode3ELi_1740|       pointer|
|p_ZZ11network_topP13params_structP8ap_fixedILi12ELi2EL9ap_q_mode0EL9ap_o_mode3ELi_1741         |  out|   12|      ap_vld|  p_ZZ11network_topP13params_structP8ap_fixedILi12ELi2EL9ap_q_mode0EL9ap_o_mode3ELi_1741|       pointer|
|p_ZZ11network_topP13params_structP8ap_fixedILi12ELi2EL9ap_q_mode0EL9ap_o_mode3ELi_1741_ap_vld  |  out|    1|      ap_vld|  p_ZZ11network_topP13params_structP8ap_fixedILi12ELi2EL9ap_q_mode0EL9ap_o_mode3ELi_1741|       pointer|
|p_ZZ11network_topP13params_structP8ap_fixedILi12ELi2EL9ap_q_mode0EL9ap_o_mode3ELi_1742         |  out|   12|      ap_vld|  p_ZZ11network_topP13params_structP8ap_fixedILi12ELi2EL9ap_q_mode0EL9ap_o_mode3ELi_1742|       pointer|
|p_ZZ11network_topP13params_structP8ap_fixedILi12ELi2EL9ap_q_mode0EL9ap_o_mode3ELi_1742_ap_vld  |  out|    1|      ap_vld|  p_ZZ11network_topP13params_structP8ap_fixedILi12ELi2EL9ap_q_mode0EL9ap_o_mode3ELi_1742|       pointer|
|p_ZZ11network_topP13params_structP8ap_fixedILi12ELi2EL9ap_q_mode0EL9ap_o_mode3ELi_1743         |  out|   12|      ap_vld|  p_ZZ11network_topP13params_structP8ap_fixedILi12ELi2EL9ap_q_mode0EL9ap_o_mode3ELi_1743|       pointer|
|p_ZZ11network_topP13params_structP8ap_fixedILi12ELi2EL9ap_q_mode0EL9ap_o_mode3ELi_1743_ap_vld  |  out|    1|      ap_vld|  p_ZZ11network_topP13params_structP8ap_fixedILi12ELi2EL9ap_q_mode0EL9ap_o_mode3ELi_1743|       pointer|
|p_ZZ11network_topP13params_structP8ap_fixedILi12ELi2EL9ap_q_mode0EL9ap_o_mode3ELi_1744         |  out|   12|      ap_vld|  p_ZZ11network_topP13params_structP8ap_fixedILi12ELi2EL9ap_q_mode0EL9ap_o_mode3ELi_1744|       pointer|
|p_ZZ11network_topP13params_structP8ap_fixedILi12ELi2EL9ap_q_mode0EL9ap_o_mode3ELi_1744_ap_vld  |  out|    1|      ap_vld|  p_ZZ11network_topP13params_structP8ap_fixedILi12ELi2EL9ap_q_mode0EL9ap_o_mode3ELi_1744|       pointer|
|p_ZZ11network_topP13params_structP8ap_fixedILi12ELi2EL9ap_q_mode0EL9ap_o_mode3ELi_1745         |  out|   12|      ap_vld|  p_ZZ11network_topP13params_structP8ap_fixedILi12ELi2EL9ap_q_mode0EL9ap_o_mode3ELi_1745|       pointer|
|p_ZZ11network_topP13params_structP8ap_fixedILi12ELi2EL9ap_q_mode0EL9ap_o_mode3ELi_1745_ap_vld  |  out|    1|      ap_vld|  p_ZZ11network_topP13params_structP8ap_fixedILi12ELi2EL9ap_q_mode0EL9ap_o_mode3ELi_1745|       pointer|
|p_ZZ11network_topP13params_structP8ap_fixedILi12ELi2EL9ap_q_mode0EL9ap_o_mode3ELi_1746         |  out|   12|      ap_vld|  p_ZZ11network_topP13params_structP8ap_fixedILi12ELi2EL9ap_q_mode0EL9ap_o_mode3ELi_1746|       pointer|
|p_ZZ11network_topP13params_structP8ap_fixedILi12ELi2EL9ap_q_mode0EL9ap_o_mode3ELi_1746_ap_vld  |  out|    1|      ap_vld|  p_ZZ11network_topP13params_structP8ap_fixedILi12ELi2EL9ap_q_mode0EL9ap_o_mode3ELi_1746|       pointer|
|p_ZZ11network_topP13params_structP8ap_fixedILi12ELi2EL9ap_q_mode0EL9ap_o_mode3ELi_1747         |  out|   12|      ap_vld|  p_ZZ11network_topP13params_structP8ap_fixedILi12ELi2EL9ap_q_mode0EL9ap_o_mode3ELi_1747|       pointer|
|p_ZZ11network_topP13params_structP8ap_fixedILi12ELi2EL9ap_q_mode0EL9ap_o_mode3ELi_1747_ap_vld  |  out|    1|      ap_vld|  p_ZZ11network_topP13params_structP8ap_fixedILi12ELi2EL9ap_q_mode0EL9ap_o_mode3ELi_1747|       pointer|
|p_ZZ11network_topP13params_structP8ap_fixedILi12ELi2EL9ap_q_mode0EL9ap_o_mode3ELi_1748         |  out|   12|      ap_vld|  p_ZZ11network_topP13params_structP8ap_fixedILi12ELi2EL9ap_q_mode0EL9ap_o_mode3ELi_1748|       pointer|
|p_ZZ11network_topP13params_structP8ap_fixedILi12ELi2EL9ap_q_mode0EL9ap_o_mode3ELi_1748_ap_vld  |  out|    1|      ap_vld|  p_ZZ11network_topP13params_structP8ap_fixedILi12ELi2EL9ap_q_mode0EL9ap_o_mode3ELi_1748|       pointer|
|p_ZZ11network_topP13params_structP8ap_fixedILi12ELi2EL9ap_q_mode0EL9ap_o_mode3ELi_1749         |  out|   12|      ap_vld|  p_ZZ11network_topP13params_structP8ap_fixedILi12ELi2EL9ap_q_mode0EL9ap_o_mode3ELi_1749|       pointer|
|p_ZZ11network_topP13params_structP8ap_fixedILi12ELi2EL9ap_q_mode0EL9ap_o_mode3ELi_1749_ap_vld  |  out|    1|      ap_vld|  p_ZZ11network_topP13params_structP8ap_fixedILi12ELi2EL9ap_q_mode0EL9ap_o_mode3ELi_1749|       pointer|
|p_ZZ11network_topP13params_structP8ap_fixedILi12ELi2EL9ap_q_mode0EL9ap_o_mode3ELi_1750         |  out|   12|      ap_vld|  p_ZZ11network_topP13params_structP8ap_fixedILi12ELi2EL9ap_q_mode0EL9ap_o_mode3ELi_1750|       pointer|
|p_ZZ11network_topP13params_structP8ap_fixedILi12ELi2EL9ap_q_mode0EL9ap_o_mode3ELi_1750_ap_vld  |  out|    1|      ap_vld|  p_ZZ11network_topP13params_structP8ap_fixedILi12ELi2EL9ap_q_mode0EL9ap_o_mode3ELi_1750|       pointer|
|p_ZZ11network_topP13params_structP8ap_fixedILi12ELi2EL9ap_q_mode0EL9ap_o_mode3ELi_1751         |  out|   12|      ap_vld|  p_ZZ11network_topP13params_structP8ap_fixedILi12ELi2EL9ap_q_mode0EL9ap_o_mode3ELi_1751|       pointer|
|p_ZZ11network_topP13params_structP8ap_fixedILi12ELi2EL9ap_q_mode0EL9ap_o_mode3ELi_1751_ap_vld  |  out|    1|      ap_vld|  p_ZZ11network_topP13params_structP8ap_fixedILi12ELi2EL9ap_q_mode0EL9ap_o_mode3ELi_1751|       pointer|
|p_ZZ11network_topP13params_structP8ap_fixedILi12ELi2EL9ap_q_mode0EL9ap_o_mode3ELi_1752         |  out|   12|      ap_vld|  p_ZZ11network_topP13params_structP8ap_fixedILi12ELi2EL9ap_q_mode0EL9ap_o_mode3ELi_1752|       pointer|
|p_ZZ11network_topP13params_structP8ap_fixedILi12ELi2EL9ap_q_mode0EL9ap_o_mode3ELi_1752_ap_vld  |  out|    1|      ap_vld|  p_ZZ11network_topP13params_structP8ap_fixedILi12ELi2EL9ap_q_mode0EL9ap_o_mode3ELi_1752|       pointer|
|p_ZZ11network_topP13params_structP8ap_fixedILi12ELi2EL9ap_q_mode0EL9ap_o_mode3ELi_1753         |  out|   12|      ap_vld|  p_ZZ11network_topP13params_structP8ap_fixedILi12ELi2EL9ap_q_mode0EL9ap_o_mode3ELi_1753|       pointer|
|p_ZZ11network_topP13params_structP8ap_fixedILi12ELi2EL9ap_q_mode0EL9ap_o_mode3ELi_1753_ap_vld  |  out|    1|      ap_vld|  p_ZZ11network_topP13params_structP8ap_fixedILi12ELi2EL9ap_q_mode0EL9ap_o_mode3ELi_1753|       pointer|
|p_ZZ11network_topP13params_structP8ap_fixedILi12ELi2EL9ap_q_mode0EL9ap_o_mode3ELi_1754         |  out|   12|      ap_vld|  p_ZZ11network_topP13params_structP8ap_fixedILi12ELi2EL9ap_q_mode0EL9ap_o_mode3ELi_1754|       pointer|
|p_ZZ11network_topP13params_structP8ap_fixedILi12ELi2EL9ap_q_mode0EL9ap_o_mode3ELi_1754_ap_vld  |  out|    1|      ap_vld|  p_ZZ11network_topP13params_structP8ap_fixedILi12ELi2EL9ap_q_mode0EL9ap_o_mode3ELi_1754|       pointer|
|p_ZZ11network_topP13params_structP8ap_fixedILi12ELi2EL9ap_q_mode0EL9ap_o_mode3ELi_1755         |  out|   12|      ap_vld|  p_ZZ11network_topP13params_structP8ap_fixedILi12ELi2EL9ap_q_mode0EL9ap_o_mode3ELi_1755|       pointer|
|p_ZZ11network_topP13params_structP8ap_fixedILi12ELi2EL9ap_q_mode0EL9ap_o_mode3ELi_1755_ap_vld  |  out|    1|      ap_vld|  p_ZZ11network_topP13params_structP8ap_fixedILi12ELi2EL9ap_q_mode0EL9ap_o_mode3ELi_1755|       pointer|
|p_ZZ11network_topP13params_structP8ap_fixedILi12ELi2EL9ap_q_mode0EL9ap_o_mode3ELi_1756         |  out|   12|      ap_vld|  p_ZZ11network_topP13params_structP8ap_fixedILi12ELi2EL9ap_q_mode0EL9ap_o_mode3ELi_1756|       pointer|
|p_ZZ11network_topP13params_structP8ap_fixedILi12ELi2EL9ap_q_mode0EL9ap_o_mode3ELi_1756_ap_vld  |  out|    1|      ap_vld|  p_ZZ11network_topP13params_structP8ap_fixedILi12ELi2EL9ap_q_mode0EL9ap_o_mode3ELi_1756|       pointer|
|p_ZZ11network_topP13params_structP8ap_fixedILi12ELi2EL9ap_q_mode0EL9ap_o_mode3ELi_1757         |  out|   12|      ap_vld|  p_ZZ11network_topP13params_structP8ap_fixedILi12ELi2EL9ap_q_mode0EL9ap_o_mode3ELi_1757|       pointer|
|p_ZZ11network_topP13params_structP8ap_fixedILi12ELi2EL9ap_q_mode0EL9ap_o_mode3ELi_1757_ap_vld  |  out|    1|      ap_vld|  p_ZZ11network_topP13params_structP8ap_fixedILi12ELi2EL9ap_q_mode0EL9ap_o_mode3ELi_1757|       pointer|
|p_ZZ11network_topP13params_structP8ap_fixedILi12ELi2EL9ap_q_mode0EL9ap_o_mode3ELi_1758         |  out|   12|      ap_vld|  p_ZZ11network_topP13params_structP8ap_fixedILi12ELi2EL9ap_q_mode0EL9ap_o_mode3ELi_1758|       pointer|
|p_ZZ11network_topP13params_structP8ap_fixedILi12ELi2EL9ap_q_mode0EL9ap_o_mode3ELi_1758_ap_vld  |  out|    1|      ap_vld|  p_ZZ11network_topP13params_structP8ap_fixedILi12ELi2EL9ap_q_mode0EL9ap_o_mode3ELi_1758|       pointer|
+-----------------------------------------------------------------------------------------------+-----+-----+------------+----------------------------------------------------------------------------------------+--------------+

