

================================================================
== Vitis HLS Report for 'network_top_Pipeline_load_weight1_matrix_inner_loop23'
================================================================
* Date:           Wed Oct 18 18:28:20 2023

* Version:        2023.1 (Build 3854077 on May  4 2023)
* Project:        matrix_test2
* Solution:       solution1 (Vivado IP Flow Target)
* Product family: zynquplus
* Target device:  xczu7ev-ffvc1156-2-e


================================================================
== Performance Estimates
================================================================
+ Timing: 
    * Summary: 
    +--------+---------+----------+------------+
    |  Clock |  Target | Estimated| Uncertainty|
    +--------+---------+----------+------------+
    |ap_clk  |  0.35 us|  0.256 us|    94.50 ns|
    +--------+---------+----------+------------+

+ Latency: 
    * Summary: 
    +---------+---------+-----------+-----------+-----+-----+---------+
    |  Latency (cycles) |   Latency (absolute)  |  Interval | Pipeline|
    |   min   |   max   |    min    |    max    | min | max |   Type  |
    +---------+---------+-----------+-----------+-----+-----+---------+
    |       90|       90|  31.500 us|  31.500 us|   90|   90|       no|
    +---------+---------+-----------+-----------+-----+-----+---------+

    + Detail: 
        * Instance: 
        N/A

        * Loop: 
        +----------------------------------+---------+---------+----------+-----------+-----------+------+----------+
        |                                  |  Latency (cycles) | Iteration|  Initiation Interval  | Trip |          |
        |             Loop Name            |   min   |   max   |  Latency |  achieved |   target  | Count| Pipelined|
        +----------------------------------+---------+---------+----------+-----------+-----------+------+----------+
        |- load_weight1_matrix_inner_loop  |       88|       88|        10|          1|          1|    80|       yes|
        +----------------------------------+---------+---------+----------+-----------+-----------+------+----------+



================================================================
== Utilization Estimates
================================================================
* Summary: 
+-----------------+---------+------+--------+--------+-----+
|       Name      | BRAM_18K|  DSP |   FF   |   LUT  | URAM|
+-----------------+---------+------+--------+--------+-----+
|DSP              |        -|     -|       -|       -|    -|
|Expression       |        -|     -|       0|     187|    -|
|FIFO             |        -|     -|       -|       -|    -|
|Instance         |        -|     0|       0|       5|    -|
|Memory           |        -|     -|       -|       -|    -|
|Multiplexer      |        -|     -|       -|      99|    -|
|Register         |        -|     -|     183|      32|    -|
+-----------------+---------+------+--------+--------+-----+
|Total            |        0|     0|     183|     323|    0|
+-----------------+---------+------+--------+--------+-----+
|Available        |      624|  1728|  460800|  230400|   96|
+-----------------+---------+------+--------+--------+-----+
|Utilization (%)  |        0|     0|      ~0|      ~0|    0|
+-----------------+---------+------+--------+--------+-----+

+ Detail: 
    * Instance: 
    +---------------------------+---------------------+---------+----+---+----+-----+
    |          Instance         |        Module       | BRAM_18K| DSP| FF| LUT| URAM|
    +---------------------------+---------------------+---------+----+---+----+-----+
    |mul_3ns_11ns_12_1_1_U1911  |mul_3ns_11ns_12_1_1  |        0|   0|  0|   5|    0|
    +---------------------------+---------------------+---------+----+---+----+-----+
    |Total                      |                     |        0|   0|  0|   5|    0|
    +---------------------------+---------------------+---------+----+---+----+-----+

    * DSP: 
    N/A

    * Memory: 
    N/A

    * FIFO: 
    N/A

    * Expression: 
    +---------------------------+----------+----+---+----+------------+------------+
    |       Variable Name       | Operation| DSP| FF| LUT| Bitwidth P0| Bitwidth P1|
    +---------------------------+----------+----+---+----+------------+------------+
    |add_ln211_22_fu_565_p2     |         +|   0|  0|  14|           7|           1|
    |add_ln211_fu_448_p2        |         +|   0|  0|  14|           7|           1|
    |add_ln213_23_fu_536_p2     |         +|   0|  0|  71|          64|          64|
    |add_ln213_fu_518_p2        |         +|   0|  0|  20|          13|           9|
    |next_mul350_fu_460_p2      |         +|   0|  0|  22|          15|           8|
    |icmp_ln211_22_fu_571_p2    |      icmp|   0|  0|  14|           7|           5|
    |icmp_ln211_fu_442_p2       |      icmp|   0|  0|  14|           7|           7|
    |ap_block_pp0_stage0_11001  |        or|   0|  0|   2|           1|           1|
    |or_ln213_fu_490_p2         |        or|   0|  0|   7|           7|           7|
    |select_ln211_fu_577_p3     |    select|   0|  0|   7|           1|           7|
    |ap_enable_pp0              |       xor|   0|  0|   2|           1|           2|
    +---------------------------+----------+----+---+----+------------+------------+
    |Total                      |          |   0|  0| 187|         130|         112|
    +---------------------------+----------+----+---+----+------------+------------+

    * Multiplexer: 
    +-------------------------------------+----+-----------+-----+-----------+
    |                 Name                | LUT| Input Size| Bits| Total Bits|
    +-------------------------------------+----+-----------+-----+-----------+
    |ap_done_int                          |   9|          2|    1|          2|
    |ap_enable_reg_pp0_iter1              |   9|          2|    1|          2|
    |ap_sig_allocacmp_c                   |   9|          2|    7|         14|
    |ap_sig_allocacmp_phi_mul349_load     |   9|          2|   15|         30|
    |ap_sig_allocacmp_phi_urem351_load    |   9|          2|    7|         14|
    |ap_sig_allocacmp_phi_urem351_load_1  |   9|          2|    7|         14|
    |c_23_fu_402                          |   9|          2|    7|         14|
    |gmem_blk_n_AR                        |   9|          2|    1|          2|
    |gmem_blk_n_R                         |   9|          2|    1|          2|
    |phi_mul349_fu_398                    |   9|          2|   15|         30|
    |phi_urem351_fu_394                   |   9|          2|    7|         14|
    +-------------------------------------+----+-----------+-----+-----------+
    |Total                                |  99|         22|   69|        138|
    +-------------------------------------+----+-----------+-----+-----------+

    * Register: 
    +----------------------------------+----+----+-----+-----------+
    |               Name               | FF | LUT| Bits| Const Bits|
    +----------------------------------+----+----+-----+-----------+
    |ap_CS_fsm                         |   1|   0|    1|          0|
    |ap_done_reg                       |   1|   0|    1|          0|
    |ap_enable_reg_pp0_iter1           |   1|   0|    1|          0|
    |ap_enable_reg_pp0_iter2           |   1|   0|    1|          0|
    |ap_enable_reg_pp0_iter3           |   1|   0|    1|          0|
    |ap_enable_reg_pp0_iter4           |   1|   0|    1|          0|
    |ap_enable_reg_pp0_iter5           |   1|   0|    1|          0|
    |ap_enable_reg_pp0_iter6           |   1|   0|    1|          0|
    |ap_enable_reg_pp0_iter7           |   1|   0|    1|          0|
    |ap_enable_reg_pp0_iter8           |   1|   0|    1|          0|
    |ap_enable_reg_pp0_iter9           |   1|   0|    1|          0|
    |ap_loop_exit_ready_pp0_iter1_reg  |   1|   0|    1|          0|
    |ap_loop_exit_ready_pp0_iter2_reg  |   1|   0|    1|          0|
    |ap_loop_exit_ready_pp0_iter3_reg  |   1|   0|    1|          0|
    |ap_loop_exit_ready_pp0_iter4_reg  |   1|   0|    1|          0|
    |ap_loop_exit_ready_pp0_iter5_reg  |   1|   0|    1|          0|
    |ap_loop_exit_ready_pp0_iter6_reg  |   1|   0|    1|          0|
    |ap_loop_exit_ready_pp0_iter7_reg  |   1|   0|    1|          0|
    |ap_loop_exit_ready_pp0_iter8_reg  |   1|   0|    1|          0|
    |c_23_fu_402                       |   7|   0|    7|          0|
    |c_reg_1106                        |   7|   0|    7|          0|
    |gmem_addr_reg_1114                |  64|   0|   64|          0|
    |phi_mul349_fu_398                 |  15|   0|   15|          0|
    |phi_urem351_fu_394                |   7|   0|    7|          0|
    |c_reg_1106                        |  64|  32|    7|          0|
    +----------------------------------+----+----+-----+-----------+
    |Total                             | 183|  32|  126|          0|
    +----------------------------------+----+----+-----+-----------+



================================================================
== Interface
================================================================
* Summary: 
+------------------------------------------------------------------------------------------------+-----+-----+------------+-----------------------------------------------------------------------------------------+--------------+
|                                            RTL Ports                                           | Dir | Bits|  Protocol  |                                      Source Object                                      |    C Type    |
+------------------------------------------------------------------------------------------------+-----+-----+------------+-----------------------------------------------------------------------------------------+--------------+
|ap_clk                                                                                          |   in|    1|  ap_ctrl_hs|                                    network_top_Pipeline_load_weight1_matrix_inner_loop23|  return value|
|ap_rst                                                                                          |   in|    1|  ap_ctrl_hs|                                    network_top_Pipeline_load_weight1_matrix_inner_loop23|  return value|
|ap_start                                                                                        |   in|    1|  ap_ctrl_hs|                                    network_top_Pipeline_load_weight1_matrix_inner_loop23|  return value|
|ap_done                                                                                         |  out|    1|  ap_ctrl_hs|                                    network_top_Pipeline_load_weight1_matrix_inner_loop23|  return value|
|ap_idle                                                                                         |  out|    1|  ap_ctrl_hs|                                    network_top_Pipeline_load_weight1_matrix_inner_loop23|  return value|
|ap_ready                                                                                        |  out|    1|  ap_ctrl_hs|                                    network_top_Pipeline_load_weight1_matrix_inner_loop23|  return value|
|m_axi_gmem_AWVALID                                                                              |  out|    1|       m_axi|                                                                                     gmem|       pointer|
|m_axi_gmem_AWREADY                                                                              |   in|    1|       m_axi|                                                                                     gmem|       pointer|
|m_axi_gmem_AWADDR                                                                               |  out|   64|       m_axi|                                                                                     gmem|       pointer|
|m_axi_gmem_AWID                                                                                 |  out|    1|       m_axi|                                                                                     gmem|       pointer|
|m_axi_gmem_AWLEN                                                                                |  out|   32|       m_axi|                                                                                     gmem|       pointer|
|m_axi_gmem_AWSIZE                                                                               |  out|    3|       m_axi|                                                                                     gmem|       pointer|
|m_axi_gmem_AWBURST                                                                              |  out|    2|       m_axi|                                                                                     gmem|       pointer|
|m_axi_gmem_AWLOCK                                                                               |  out|    2|       m_axi|                                                                                     gmem|       pointer|
|m_axi_gmem_AWCACHE                                                                              |  out|    4|       m_axi|                                                                                     gmem|       pointer|
|m_axi_gmem_AWPROT                                                                               |  out|    3|       m_axi|                                                                                     gmem|       pointer|
|m_axi_gmem_AWQOS                                                                                |  out|    4|       m_axi|                                                                                     gmem|       pointer|
|m_axi_gmem_AWREGION                                                                             |  out|    4|       m_axi|                                                                                     gmem|       pointer|
|m_axi_gmem_AWUSER                                                                               |  out|    1|       m_axi|                                                                                     gmem|       pointer|
|m_axi_gmem_WVALID                                                                               |  out|    1|       m_axi|                                                                                     gmem|       pointer|
|m_axi_gmem_WREADY                                                                               |   in|    1|       m_axi|                                                                                     gmem|       pointer|
|m_axi_gmem_WDATA                                                                                |  out|   32|       m_axi|                                                                                     gmem|       pointer|
|m_axi_gmem_WSTRB                                                                                |  out|    4|       m_axi|                                                                                     gmem|       pointer|
|m_axi_gmem_WLAST                                                                                |  out|    1|       m_axi|                                                                                     gmem|       pointer|
|m_axi_gmem_WID                                                                                  |  out|    1|       m_axi|                                                                                     gmem|       pointer|
|m_axi_gmem_WUSER                                                                                |  out|    1|       m_axi|                                                                                     gmem|       pointer|
|m_axi_gmem_ARVALID                                                                              |  out|    1|       m_axi|                                                                                     gmem|       pointer|
|m_axi_gmem_ARREADY                                                                              |   in|    1|       m_axi|                                                                                     gmem|       pointer|
|m_axi_gmem_ARADDR                                                                               |  out|   64|       m_axi|                                                                                     gmem|       pointer|
|m_axi_gmem_ARID                                                                                 |  out|    1|       m_axi|                                                                                     gmem|       pointer|
|m_axi_gmem_ARLEN                                                                                |  out|   32|       m_axi|                                                                                     gmem|       pointer|
|m_axi_gmem_ARSIZE                                                                               |  out|    3|       m_axi|                                                                                     gmem|       pointer|
|m_axi_gmem_ARBURST                                                                              |  out|    2|       m_axi|                                                                                     gmem|       pointer|
|m_axi_gmem_ARLOCK                                                                               |  out|    2|       m_axi|                                                                                     gmem|       pointer|
|m_axi_gmem_ARCACHE                                                                              |  out|    4|       m_axi|                                                                                     gmem|       pointer|
|m_axi_gmem_ARPROT                                                                               |  out|    3|       m_axi|                                                                                     gmem|       pointer|
|m_axi_gmem_ARQOS                                                                                |  out|    4|       m_axi|                                                                                     gmem|       pointer|
|m_axi_gmem_ARREGION                                                                             |  out|    4|       m_axi|                                                                                     gmem|       pointer|
|m_axi_gmem_ARUSER                                                                               |  out|    1|       m_axi|                                                                                     gmem|       pointer|
|m_axi_gmem_RVALID                                                                               |   in|    1|       m_axi|                                                                                     gmem|       pointer|
|m_axi_gmem_RREADY                                                                               |  out|    1|       m_axi|                                                                                     gmem|       pointer|
|m_axi_gmem_RDATA                                                                                |   in|   32|       m_axi|                                                                                     gmem|       pointer|
|m_axi_gmem_RLAST                                                                                |   in|    1|       m_axi|                                                                                     gmem|       pointer|
|m_axi_gmem_RID                                                                                  |   in|    1|       m_axi|                                                                                     gmem|       pointer|
|m_axi_gmem_RFIFONUM                                                                             |   in|    9|       m_axi|                                                                                     gmem|       pointer|
|m_axi_gmem_RUSER                                                                                |   in|    1|       m_axi|                                                                                     gmem|       pointer|
|m_axi_gmem_RRESP                                                                                |   in|    2|       m_axi|                                                                                     gmem|       pointer|
|m_axi_gmem_BVALID                                                                               |   in|    1|       m_axi|                                                                                     gmem|       pointer|
|m_axi_gmem_BREADY                                                                               |  out|    1|       m_axi|                                                                                     gmem|       pointer|
|m_axi_gmem_BRESP                                                                                |   in|    2|       m_axi|                                                                                     gmem|       pointer|
|m_axi_gmem_BID                                                                                  |   in|    1|       m_axi|                                                                                     gmem|       pointer|
|m_axi_gmem_BUSER                                                                                |   in|    1|       m_axi|                                                                                     gmem|       pointer|
|myparams                                                                                        |   in|   64|     ap_none|                                                                                 myparams|        scalar|
|p_ZZ11network_topP13params_structP8ap_fixedILi22ELi17EL9ap_q_mode0EL9ap_o_mode0EL_11228         |  out|   22|      ap_vld|  p_ZZ11network_topP13params_structP8ap_fixedILi22ELi17EL9ap_q_mode0EL9ap_o_mode0EL_11228|       pointer|
|p_ZZ11network_topP13params_structP8ap_fixedILi22ELi17EL9ap_q_mode0EL9ap_o_mode0EL_11228_ap_vld  |  out|    1|      ap_vld|  p_ZZ11network_topP13params_structP8ap_fixedILi22ELi17EL9ap_q_mode0EL9ap_o_mode0EL_11228|       pointer|
|p_ZZ11network_topP13params_structP8ap_fixedILi22ELi17EL9ap_q_mode0EL9ap_o_mode0EL_11229         |  out|   22|      ap_vld|  p_ZZ11network_topP13params_structP8ap_fixedILi22ELi17EL9ap_q_mode0EL9ap_o_mode0EL_11229|       pointer|
|p_ZZ11network_topP13params_structP8ap_fixedILi22ELi17EL9ap_q_mode0EL9ap_o_mode0EL_11229_ap_vld  |  out|    1|      ap_vld|  p_ZZ11network_topP13params_structP8ap_fixedILi22ELi17EL9ap_q_mode0EL9ap_o_mode0EL_11229|       pointer|
|p_ZZ11network_topP13params_structP8ap_fixedILi22ELi17EL9ap_q_mode0EL9ap_o_mode0EL_11230         |  out|   22|      ap_vld|  p_ZZ11network_topP13params_structP8ap_fixedILi22ELi17EL9ap_q_mode0EL9ap_o_mode0EL_11230|       pointer|
|p_ZZ11network_topP13params_structP8ap_fixedILi22ELi17EL9ap_q_mode0EL9ap_o_mode0EL_11230_ap_vld  |  out|    1|      ap_vld|  p_ZZ11network_topP13params_structP8ap_fixedILi22ELi17EL9ap_q_mode0EL9ap_o_mode0EL_11230|       pointer|
|p_ZZ11network_topP13params_structP8ap_fixedILi22ELi17EL9ap_q_mode0EL9ap_o_mode0EL_11231         |  out|   22|      ap_vld|  p_ZZ11network_topP13params_structP8ap_fixedILi22ELi17EL9ap_q_mode0EL9ap_o_mode0EL_11231|       pointer|
|p_ZZ11network_topP13params_structP8ap_fixedILi22ELi17EL9ap_q_mode0EL9ap_o_mode0EL_11231_ap_vld  |  out|    1|      ap_vld|  p_ZZ11network_topP13params_structP8ap_fixedILi22ELi17EL9ap_q_mode0EL9ap_o_mode0EL_11231|       pointer|
|p_ZZ11network_topP13params_structP8ap_fixedILi22ELi17EL9ap_q_mode0EL9ap_o_mode0EL_11232         |  out|   22|      ap_vld|  p_ZZ11network_topP13params_structP8ap_fixedILi22ELi17EL9ap_q_mode0EL9ap_o_mode0EL_11232|       pointer|
|p_ZZ11network_topP13params_structP8ap_fixedILi22ELi17EL9ap_q_mode0EL9ap_o_mode0EL_11232_ap_vld  |  out|    1|      ap_vld|  p_ZZ11network_topP13params_structP8ap_fixedILi22ELi17EL9ap_q_mode0EL9ap_o_mode0EL_11232|       pointer|
|p_ZZ11network_topP13params_structP8ap_fixedILi22ELi17EL9ap_q_mode0EL9ap_o_mode0EL_11233         |  out|   22|      ap_vld|  p_ZZ11network_topP13params_structP8ap_fixedILi22ELi17EL9ap_q_mode0EL9ap_o_mode0EL_11233|       pointer|
|p_ZZ11network_topP13params_structP8ap_fixedILi22ELi17EL9ap_q_mode0EL9ap_o_mode0EL_11233_ap_vld  |  out|    1|      ap_vld|  p_ZZ11network_topP13params_structP8ap_fixedILi22ELi17EL9ap_q_mode0EL9ap_o_mode0EL_11233|       pointer|
|p_ZZ11network_topP13params_structP8ap_fixedILi22ELi17EL9ap_q_mode0EL9ap_o_mode0EL_11234         |  out|   22|      ap_vld|  p_ZZ11network_topP13params_structP8ap_fixedILi22ELi17EL9ap_q_mode0EL9ap_o_mode0EL_11234|       pointer|
|p_ZZ11network_topP13params_structP8ap_fixedILi22ELi17EL9ap_q_mode0EL9ap_o_mode0EL_11234_ap_vld  |  out|    1|      ap_vld|  p_ZZ11network_topP13params_structP8ap_fixedILi22ELi17EL9ap_q_mode0EL9ap_o_mode0EL_11234|       pointer|
|p_ZZ11network_topP13params_structP8ap_fixedILi22ELi17EL9ap_q_mode0EL9ap_o_mode0EL_11235         |  out|   22|      ap_vld|  p_ZZ11network_topP13params_structP8ap_fixedILi22ELi17EL9ap_q_mode0EL9ap_o_mode0EL_11235|       pointer|
|p_ZZ11network_topP13params_structP8ap_fixedILi22ELi17EL9ap_q_mode0EL9ap_o_mode0EL_11235_ap_vld  |  out|    1|      ap_vld|  p_ZZ11network_topP13params_structP8ap_fixedILi22ELi17EL9ap_q_mode0EL9ap_o_mode0EL_11235|       pointer|
|p_ZZ11network_topP13params_structP8ap_fixedILi22ELi17EL9ap_q_mode0EL9ap_o_mode0EL_11236         |  out|   22|      ap_vld|  p_ZZ11network_topP13params_structP8ap_fixedILi22ELi17EL9ap_q_mode0EL9ap_o_mode0EL_11236|       pointer|
|p_ZZ11network_topP13params_structP8ap_fixedILi22ELi17EL9ap_q_mode0EL9ap_o_mode0EL_11236_ap_vld  |  out|    1|      ap_vld|  p_ZZ11network_topP13params_structP8ap_fixedILi22ELi17EL9ap_q_mode0EL9ap_o_mode0EL_11236|       pointer|
|p_ZZ11network_topP13params_structP8ap_fixedILi22ELi17EL9ap_q_mode0EL9ap_o_mode0EL_11237         |  out|   22|      ap_vld|  p_ZZ11network_topP13params_structP8ap_fixedILi22ELi17EL9ap_q_mode0EL9ap_o_mode0EL_11237|       pointer|
|p_ZZ11network_topP13params_structP8ap_fixedILi22ELi17EL9ap_q_mode0EL9ap_o_mode0EL_11237_ap_vld  |  out|    1|      ap_vld|  p_ZZ11network_topP13params_structP8ap_fixedILi22ELi17EL9ap_q_mode0EL9ap_o_mode0EL_11237|       pointer|
|network_top_params_struct_ap_fixed_ap_fixed_ap_int_ap_int_32_weights1_6                         |  out|   22|      ap_vld|                  network_top_params_struct_ap_fixed_ap_fixed_ap_int_ap_int_32_weights1_6|       pointer|
|network_top_params_struct_ap_fixed_ap_fixed_ap_int_ap_int_32_weights1_6_ap_vld                  |  out|    1|      ap_vld|                  network_top_params_struct_ap_fixed_ap_fixed_ap_int_ap_int_32_weights1_6|       pointer|
|network_top_params_struct_ap_fixed_ap_fixed_ap_int_ap_int_32_weights1_5                         |  out|   22|      ap_vld|                  network_top_params_struct_ap_fixed_ap_fixed_ap_int_ap_int_32_weights1_5|       pointer|
|network_top_params_struct_ap_fixed_ap_fixed_ap_int_ap_int_32_weights1_5_ap_vld                  |  out|    1|      ap_vld|                  network_top_params_struct_ap_fixed_ap_fixed_ap_int_ap_int_32_weights1_5|       pointer|
|network_top_params_struct_ap_fixed_ap_fixed_ap_int_ap_int_32_weights1_4                         |  out|   22|      ap_vld|                  network_top_params_struct_ap_fixed_ap_fixed_ap_int_ap_int_32_weights1_4|       pointer|
|network_top_params_struct_ap_fixed_ap_fixed_ap_int_ap_int_32_weights1_4_ap_vld                  |  out|    1|      ap_vld|                  network_top_params_struct_ap_fixed_ap_fixed_ap_int_ap_int_32_weights1_4|       pointer|
|network_top_params_struct_ap_fixed_ap_fixed_ap_int_ap_int_32_weights1_3                         |  out|   22|      ap_vld|                  network_top_params_struct_ap_fixed_ap_fixed_ap_int_ap_int_32_weights1_3|       pointer|
|network_top_params_struct_ap_fixed_ap_fixed_ap_int_ap_int_32_weights1_3_ap_vld                  |  out|    1|      ap_vld|                  network_top_params_struct_ap_fixed_ap_fixed_ap_int_ap_int_32_weights1_3|       pointer|
|network_top_params_struct_ap_fixed_ap_fixed_ap_int_ap_int_32_weights1_2                         |  out|   22|      ap_vld|                  network_top_params_struct_ap_fixed_ap_fixed_ap_int_ap_int_32_weights1_2|       pointer|
|network_top_params_struct_ap_fixed_ap_fixed_ap_int_ap_int_32_weights1_2_ap_vld                  |  out|    1|      ap_vld|                  network_top_params_struct_ap_fixed_ap_fixed_ap_int_ap_int_32_weights1_2|       pointer|
|network_top_params_struct_ap_fixed_ap_fixed_ap_int_ap_int_32_weights1_1                         |  out|   22|      ap_vld|                  network_top_params_struct_ap_fixed_ap_fixed_ap_int_ap_int_32_weights1_1|       pointer|
|network_top_params_struct_ap_fixed_ap_fixed_ap_int_ap_int_32_weights1_1_ap_vld                  |  out|    1|      ap_vld|                  network_top_params_struct_ap_fixed_ap_fixed_ap_int_ap_int_32_weights1_1|       pointer|
|network_top_params_struct_ap_fixed_ap_fixed_ap_int_ap_int_32_weights1                           |  out|   22|      ap_vld|                    network_top_params_struct_ap_fixed_ap_fixed_ap_int_ap_int_32_weights1|       pointer|
|network_top_params_struct_ap_fixed_ap_fixed_ap_int_ap_int_32_weights1_ap_vld                    |  out|    1|      ap_vld|                    network_top_params_struct_ap_fixed_ap_fixed_ap_int_ap_int_32_weights1|       pointer|
|network_top_params_struct_ap_fixed_ap_fixed_ap_int_ap_int_32_weights1_85                        |  out|   22|      ap_vld|                 network_top_params_struct_ap_fixed_ap_fixed_ap_int_ap_int_32_weights1_85|       pointer|
|network_top_params_struct_ap_fixed_ap_fixed_ap_int_ap_int_32_weights1_85_ap_vld                 |  out|    1|      ap_vld|                 network_top_params_struct_ap_fixed_ap_fixed_ap_int_ap_int_32_weights1_85|       pointer|
|network_top_params_struct_ap_fixed_ap_fixed_ap_int_ap_int_32_weights1_86                        |  out|   22|      ap_vld|                 network_top_params_struct_ap_fixed_ap_fixed_ap_int_ap_int_32_weights1_86|       pointer|
|network_top_params_struct_ap_fixed_ap_fixed_ap_int_ap_int_32_weights1_86_ap_vld                 |  out|    1|      ap_vld|                 network_top_params_struct_ap_fixed_ap_fixed_ap_int_ap_int_32_weights1_86|       pointer|
|network_top_params_struct_ap_fixed_ap_fixed_ap_int_ap_int_32_weights1_87                        |  out|   22|      ap_vld|                 network_top_params_struct_ap_fixed_ap_fixed_ap_int_ap_int_32_weights1_87|       pointer|
|network_top_params_struct_ap_fixed_ap_fixed_ap_int_ap_int_32_weights1_87_ap_vld                 |  out|    1|      ap_vld|                 network_top_params_struct_ap_fixed_ap_fixed_ap_int_ap_int_32_weights1_87|       pointer|
|network_top_params_struct_ap_fixed_ap_fixed_ap_int_ap_int_32_weights1_88                        |  out|   22|      ap_vld|                 network_top_params_struct_ap_fixed_ap_fixed_ap_int_ap_int_32_weights1_88|       pointer|
|network_top_params_struct_ap_fixed_ap_fixed_ap_int_ap_int_32_weights1_88_ap_vld                 |  out|    1|      ap_vld|                 network_top_params_struct_ap_fixed_ap_fixed_ap_int_ap_int_32_weights1_88|       pointer|
|network_top_params_struct_ap_fixed_ap_fixed_ap_int_ap_int_32_weights1_89                        |  out|   22|      ap_vld|                 network_top_params_struct_ap_fixed_ap_fixed_ap_int_ap_int_32_weights1_89|       pointer|
|network_top_params_struct_ap_fixed_ap_fixed_ap_int_ap_int_32_weights1_89_ap_vld                 |  out|    1|      ap_vld|                 network_top_params_struct_ap_fixed_ap_fixed_ap_int_ap_int_32_weights1_89|       pointer|
|network_top_params_struct_ap_fixed_ap_fixed_ap_int_ap_int_32_weights1_90                        |  out|   22|      ap_vld|                 network_top_params_struct_ap_fixed_ap_fixed_ap_int_ap_int_32_weights1_90|       pointer|
|network_top_params_struct_ap_fixed_ap_fixed_ap_int_ap_int_32_weights1_90_ap_vld                 |  out|    1|      ap_vld|                 network_top_params_struct_ap_fixed_ap_fixed_ap_int_ap_int_32_weights1_90|       pointer|
|network_top_params_struct_ap_fixed_ap_fixed_ap_int_ap_int_32_weights1_92                        |  out|   22|      ap_vld|                 network_top_params_struct_ap_fixed_ap_fixed_ap_int_ap_int_32_weights1_92|       pointer|
|network_top_params_struct_ap_fixed_ap_fixed_ap_int_ap_int_32_weights1_92_ap_vld                 |  out|    1|      ap_vld|                 network_top_params_struct_ap_fixed_ap_fixed_ap_int_ap_int_32_weights1_92|       pointer|
|network_top_params_struct_ap_fixed_ap_fixed_ap_int_ap_int_32_weights1_93                        |  out|   22|      ap_vld|                 network_top_params_struct_ap_fixed_ap_fixed_ap_int_ap_int_32_weights1_93|       pointer|
|network_top_params_struct_ap_fixed_ap_fixed_ap_int_ap_int_32_weights1_93_ap_vld                 |  out|    1|      ap_vld|                 network_top_params_struct_ap_fixed_ap_fixed_ap_int_ap_int_32_weights1_93|       pointer|
|network_top_params_struct_ap_fixed_ap_fixed_ap_int_ap_int_32_weights1_94                        |  out|   22|      ap_vld|                 network_top_params_struct_ap_fixed_ap_fixed_ap_int_ap_int_32_weights1_94|       pointer|
|network_top_params_struct_ap_fixed_ap_fixed_ap_int_ap_int_32_weights1_94_ap_vld                 |  out|    1|      ap_vld|                 network_top_params_struct_ap_fixed_ap_fixed_ap_int_ap_int_32_weights1_94|       pointer|
|network_top_params_struct_ap_fixed_ap_fixed_ap_int_ap_int_32_weights1_95                        |  out|   22|      ap_vld|                 network_top_params_struct_ap_fixed_ap_fixed_ap_int_ap_int_32_weights1_95|       pointer|
|network_top_params_struct_ap_fixed_ap_fixed_ap_int_ap_int_32_weights1_95_ap_vld                 |  out|    1|      ap_vld|                 network_top_params_struct_ap_fixed_ap_fixed_ap_int_ap_int_32_weights1_95|       pointer|
|network_top_params_struct_ap_fixed_ap_fixed_ap_int_ap_int_32_weights1_96                        |  out|   22|      ap_vld|                 network_top_params_struct_ap_fixed_ap_fixed_ap_int_ap_int_32_weights1_96|       pointer|
|network_top_params_struct_ap_fixed_ap_fixed_ap_int_ap_int_32_weights1_96_ap_vld                 |  out|    1|      ap_vld|                 network_top_params_struct_ap_fixed_ap_fixed_ap_int_ap_int_32_weights1_96|       pointer|
|network_top_params_struct_ap_fixed_ap_fixed_ap_int_ap_int_32_weights1_97                        |  out|   22|      ap_vld|                 network_top_params_struct_ap_fixed_ap_fixed_ap_int_ap_int_32_weights1_97|       pointer|
|network_top_params_struct_ap_fixed_ap_fixed_ap_int_ap_int_32_weights1_97_ap_vld                 |  out|    1|      ap_vld|                 network_top_params_struct_ap_fixed_ap_fixed_ap_int_ap_int_32_weights1_97|       pointer|
|network_top_params_struct_ap_fixed_ap_fixed_ap_int_ap_int_32_weights1_98                        |  out|   22|      ap_vld|                 network_top_params_struct_ap_fixed_ap_fixed_ap_int_ap_int_32_weights1_98|       pointer|
|network_top_params_struct_ap_fixed_ap_fixed_ap_int_ap_int_32_weights1_98_ap_vld                 |  out|    1|      ap_vld|                 network_top_params_struct_ap_fixed_ap_fixed_ap_int_ap_int_32_weights1_98|       pointer|
|network_top_params_struct_ap_fixed_ap_fixed_ap_int_ap_int_32_weights1_99                        |  out|   22|      ap_vld|                 network_top_params_struct_ap_fixed_ap_fixed_ap_int_ap_int_32_weights1_99|       pointer|
|network_top_params_struct_ap_fixed_ap_fixed_ap_int_ap_int_32_weights1_99_ap_vld                 |  out|    1|      ap_vld|                 network_top_params_struct_ap_fixed_ap_fixed_ap_int_ap_int_32_weights1_99|       pointer|
|network_top_params_struct_ap_fixed_ap_fixed_ap_int_ap_int_32_weights1_352                       |  out|   22|      ap_vld|                network_top_params_struct_ap_fixed_ap_fixed_ap_int_ap_int_32_weights1_352|       pointer|
|network_top_params_struct_ap_fixed_ap_fixed_ap_int_ap_int_32_weights1_352_ap_vld                |  out|    1|      ap_vld|                network_top_params_struct_ap_fixed_ap_fixed_ap_int_ap_int_32_weights1_352|       pointer|
|network_top_params_struct_ap_fixed_ap_fixed_ap_int_ap_int_32_weights1_351                       |  out|   22|      ap_vld|                network_top_params_struct_ap_fixed_ap_fixed_ap_int_ap_int_32_weights1_351|       pointer|
|network_top_params_struct_ap_fixed_ap_fixed_ap_int_ap_int_32_weights1_351_ap_vld                |  out|    1|      ap_vld|                network_top_params_struct_ap_fixed_ap_fixed_ap_int_ap_int_32_weights1_351|       pointer|
|network_top_params_struct_ap_fixed_ap_fixed_ap_int_ap_int_32_weights1_349                       |  out|   22|      ap_vld|                network_top_params_struct_ap_fixed_ap_fixed_ap_int_ap_int_32_weights1_349|       pointer|
|network_top_params_struct_ap_fixed_ap_fixed_ap_int_ap_int_32_weights1_349_ap_vld                |  out|    1|      ap_vld|                network_top_params_struct_ap_fixed_ap_fixed_ap_int_ap_int_32_weights1_349|       pointer|
|network_top_params_struct_ap_fixed_ap_fixed_ap_int_ap_int_32_weights1_348                       |  out|   22|      ap_vld|                network_top_params_struct_ap_fixed_ap_fixed_ap_int_ap_int_32_weights1_348|       pointer|
|network_top_params_struct_ap_fixed_ap_fixed_ap_int_ap_int_32_weights1_348_ap_vld                |  out|    1|      ap_vld|                network_top_params_struct_ap_fixed_ap_fixed_ap_int_ap_int_32_weights1_348|       pointer|
|network_top_params_struct_ap_fixed_ap_fixed_ap_int_ap_int_32_weights1_347                       |  out|   22|      ap_vld|                network_top_params_struct_ap_fixed_ap_fixed_ap_int_ap_int_32_weights1_347|       pointer|
|network_top_params_struct_ap_fixed_ap_fixed_ap_int_ap_int_32_weights1_347_ap_vld                |  out|    1|      ap_vld|                network_top_params_struct_ap_fixed_ap_fixed_ap_int_ap_int_32_weights1_347|       pointer|
|network_top_params_struct_ap_fixed_ap_fixed_ap_int_ap_int_32_weights1_346                       |  out|   22|      ap_vld|                network_top_params_struct_ap_fixed_ap_fixed_ap_int_ap_int_32_weights1_346|       pointer|
|network_top_params_struct_ap_fixed_ap_fixed_ap_int_ap_int_32_weights1_346_ap_vld                |  out|    1|      ap_vld|                network_top_params_struct_ap_fixed_ap_fixed_ap_int_ap_int_32_weights1_346|       pointer|
|network_top_params_struct_ap_fixed_ap_fixed_ap_int_ap_int_32_weights1_345                       |  out|   22|      ap_vld|                network_top_params_struct_ap_fixed_ap_fixed_ap_int_ap_int_32_weights1_345|       pointer|
|network_top_params_struct_ap_fixed_ap_fixed_ap_int_ap_int_32_weights1_345_ap_vld                |  out|    1|      ap_vld|                network_top_params_struct_ap_fixed_ap_fixed_ap_int_ap_int_32_weights1_345|       pointer|
|network_top_params_struct_ap_fixed_ap_fixed_ap_int_ap_int_32_weights1_344                       |  out|   22|      ap_vld|                network_top_params_struct_ap_fixed_ap_fixed_ap_int_ap_int_32_weights1_344|       pointer|
|network_top_params_struct_ap_fixed_ap_fixed_ap_int_ap_int_32_weights1_344_ap_vld                |  out|    1|      ap_vld|                network_top_params_struct_ap_fixed_ap_fixed_ap_int_ap_int_32_weights1_344|       pointer|
|network_top_params_struct_ap_fixed_ap_fixed_ap_int_ap_int_32_weights1_343                       |  out|   22|      ap_vld|                network_top_params_struct_ap_fixed_ap_fixed_ap_int_ap_int_32_weights1_343|       pointer|
|network_top_params_struct_ap_fixed_ap_fixed_ap_int_ap_int_32_weights1_343_ap_vld                |  out|    1|      ap_vld|                network_top_params_struct_ap_fixed_ap_fixed_ap_int_ap_int_32_weights1_343|       pointer|
|network_top_params_struct_ap_fixed_ap_fixed_ap_int_ap_int_32_weights1_342                       |  out|   22|      ap_vld|                network_top_params_struct_ap_fixed_ap_fixed_ap_int_ap_int_32_weights1_342|       pointer|
|network_top_params_struct_ap_fixed_ap_fixed_ap_int_ap_int_32_weights1_342_ap_vld                |  out|    1|      ap_vld|                network_top_params_struct_ap_fixed_ap_fixed_ap_int_ap_int_32_weights1_342|       pointer|
|network_top_params_struct_ap_fixed_ap_fixed_ap_int_ap_int_32_weights1_341                       |  out|   22|      ap_vld|                network_top_params_struct_ap_fixed_ap_fixed_ap_int_ap_int_32_weights1_341|       pointer|
|network_top_params_struct_ap_fixed_ap_fixed_ap_int_ap_int_32_weights1_341_ap_vld                |  out|    1|      ap_vld|                network_top_params_struct_ap_fixed_ap_fixed_ap_int_ap_int_32_weights1_341|       pointer|
|network_top_params_struct_ap_fixed_ap_fixed_ap_int_ap_int_32_weights1_340                       |  out|   22|      ap_vld|                network_top_params_struct_ap_fixed_ap_fixed_ap_int_ap_int_32_weights1_340|       pointer|
|network_top_params_struct_ap_fixed_ap_fixed_ap_int_ap_int_32_weights1_340_ap_vld                |  out|    1|      ap_vld|                network_top_params_struct_ap_fixed_ap_fixed_ap_int_ap_int_32_weights1_340|       pointer|
|network_top_params_struct_ap_fixed_ap_fixed_ap_int_ap_int_32_weights1_337                       |  out|   22|      ap_vld|                network_top_params_struct_ap_fixed_ap_fixed_ap_int_ap_int_32_weights1_337|       pointer|
|network_top_params_struct_ap_fixed_ap_fixed_ap_int_ap_int_32_weights1_337_ap_vld                |  out|    1|      ap_vld|                network_top_params_struct_ap_fixed_ap_fixed_ap_int_ap_int_32_weights1_337|       pointer|
|network_top_params_struct_ap_fixed_ap_fixed_ap_int_ap_int_32_weights1_336                       |  out|   22|      ap_vld|                network_top_params_struct_ap_fixed_ap_fixed_ap_int_ap_int_32_weights1_336|       pointer|
|network_top_params_struct_ap_fixed_ap_fixed_ap_int_ap_int_32_weights1_336_ap_vld                |  out|    1|      ap_vld|                network_top_params_struct_ap_fixed_ap_fixed_ap_int_ap_int_32_weights1_336|       pointer|
|network_top_params_struct_ap_fixed_ap_fixed_ap_int_ap_int_32_weights1_335                       |  out|   22|      ap_vld|                network_top_params_struct_ap_fixed_ap_fixed_ap_int_ap_int_32_weights1_335|       pointer|
|network_top_params_struct_ap_fixed_ap_fixed_ap_int_ap_int_32_weights1_335_ap_vld                |  out|    1|      ap_vld|                network_top_params_struct_ap_fixed_ap_fixed_ap_int_ap_int_32_weights1_335|       pointer|
|network_top_params_struct_ap_fixed_ap_fixed_ap_int_ap_int_32_weights1_334                       |  out|   22|      ap_vld|                network_top_params_struct_ap_fixed_ap_fixed_ap_int_ap_int_32_weights1_334|       pointer|
|network_top_params_struct_ap_fixed_ap_fixed_ap_int_ap_int_32_weights1_334_ap_vld                |  out|    1|      ap_vld|                network_top_params_struct_ap_fixed_ap_fixed_ap_int_ap_int_32_weights1_334|       pointer|
|network_top_params_struct_ap_fixed_ap_fixed_ap_int_ap_int_32_weights1_333                       |  out|   22|      ap_vld|                network_top_params_struct_ap_fixed_ap_fixed_ap_int_ap_int_32_weights1_333|       pointer|
|network_top_params_struct_ap_fixed_ap_fixed_ap_int_ap_int_32_weights1_333_ap_vld                |  out|    1|      ap_vld|                network_top_params_struct_ap_fixed_ap_fixed_ap_int_ap_int_32_weights1_333|       pointer|
|network_top_params_struct_ap_fixed_ap_fixed_ap_int_ap_int_32_weights1_332                       |  out|   22|      ap_vld|                network_top_params_struct_ap_fixed_ap_fixed_ap_int_ap_int_32_weights1_332|       pointer|
|network_top_params_struct_ap_fixed_ap_fixed_ap_int_ap_int_32_weights1_332_ap_vld                |  out|    1|      ap_vld|                network_top_params_struct_ap_fixed_ap_fixed_ap_int_ap_int_32_weights1_332|       pointer|
|network_top_params_struct_ap_fixed_ap_fixed_ap_int_ap_int_32_weights1_331                       |  out|   22|      ap_vld|                network_top_params_struct_ap_fixed_ap_fixed_ap_int_ap_int_32_weights1_331|       pointer|
|network_top_params_struct_ap_fixed_ap_fixed_ap_int_ap_int_32_weights1_331_ap_vld                |  out|    1|      ap_vld|                network_top_params_struct_ap_fixed_ap_fixed_ap_int_ap_int_32_weights1_331|       pointer|
|network_top_params_struct_ap_fixed_ap_fixed_ap_int_ap_int_32_weights1_330                       |  out|   22|      ap_vld|                network_top_params_struct_ap_fixed_ap_fixed_ap_int_ap_int_32_weights1_330|       pointer|
|network_top_params_struct_ap_fixed_ap_fixed_ap_int_ap_int_32_weights1_330_ap_vld                |  out|    1|      ap_vld|                network_top_params_struct_ap_fixed_ap_fixed_ap_int_ap_int_32_weights1_330|       pointer|
|network_top_params_struct_ap_fixed_ap_fixed_ap_int_ap_int_32_weights1_329                       |  out|   22|      ap_vld|                network_top_params_struct_ap_fixed_ap_fixed_ap_int_ap_int_32_weights1_329|       pointer|
|network_top_params_struct_ap_fixed_ap_fixed_ap_int_ap_int_32_weights1_329_ap_vld                |  out|    1|      ap_vld|                network_top_params_struct_ap_fixed_ap_fixed_ap_int_ap_int_32_weights1_329|       pointer|
|network_top_params_struct_ap_fixed_ap_fixed_ap_int_ap_int_32_weights1_328                       |  out|   22|      ap_vld|                network_top_params_struct_ap_fixed_ap_fixed_ap_int_ap_int_32_weights1_328|       pointer|
|network_top_params_struct_ap_fixed_ap_fixed_ap_int_ap_int_32_weights1_328_ap_vld                |  out|    1|      ap_vld|                network_top_params_struct_ap_fixed_ap_fixed_ap_int_ap_int_32_weights1_328|       pointer|
|network_top_params_struct_ap_fixed_ap_fixed_ap_int_ap_int_32_weights1_326                       |  out|   22|      ap_vld|                network_top_params_struct_ap_fixed_ap_fixed_ap_int_ap_int_32_weights1_326|       pointer|
|network_top_params_struct_ap_fixed_ap_fixed_ap_int_ap_int_32_weights1_326_ap_vld                |  out|    1|      ap_vld|                network_top_params_struct_ap_fixed_ap_fixed_ap_int_ap_int_32_weights1_326|       pointer|
|network_top_params_struct_ap_fixed_ap_fixed_ap_int_ap_int_32_weights1_325                       |  out|   22|      ap_vld|                network_top_params_struct_ap_fixed_ap_fixed_ap_int_ap_int_32_weights1_325|       pointer|
|network_top_params_struct_ap_fixed_ap_fixed_ap_int_ap_int_32_weights1_325_ap_vld                |  out|    1|      ap_vld|                network_top_params_struct_ap_fixed_ap_fixed_ap_int_ap_int_32_weights1_325|       pointer|
|network_top_params_struct_ap_fixed_ap_fixed_ap_int_ap_int_32_weights1_324                       |  out|   22|      ap_vld|                network_top_params_struct_ap_fixed_ap_fixed_ap_int_ap_int_32_weights1_324|       pointer|
|network_top_params_struct_ap_fixed_ap_fixed_ap_int_ap_int_32_weights1_324_ap_vld                |  out|    1|      ap_vld|                network_top_params_struct_ap_fixed_ap_fixed_ap_int_ap_int_32_weights1_324|       pointer|
|network_top_params_struct_ap_fixed_ap_fixed_ap_int_ap_int_32_weights1_323                       |  out|   22|      ap_vld|                network_top_params_struct_ap_fixed_ap_fixed_ap_int_ap_int_32_weights1_323|       pointer|
|network_top_params_struct_ap_fixed_ap_fixed_ap_int_ap_int_32_weights1_323_ap_vld                |  out|    1|      ap_vld|                network_top_params_struct_ap_fixed_ap_fixed_ap_int_ap_int_32_weights1_323|       pointer|
|network_top_params_struct_ap_fixed_ap_fixed_ap_int_ap_int_32_weights1_322                       |  out|   22|      ap_vld|                network_top_params_struct_ap_fixed_ap_fixed_ap_int_ap_int_32_weights1_322|       pointer|
|network_top_params_struct_ap_fixed_ap_fixed_ap_int_ap_int_32_weights1_322_ap_vld                |  out|    1|      ap_vld|                network_top_params_struct_ap_fixed_ap_fixed_ap_int_ap_int_32_weights1_322|       pointer|
|network_top_params_struct_ap_fixed_ap_fixed_ap_int_ap_int_32_weights1_321                       |  out|   22|      ap_vld|                network_top_params_struct_ap_fixed_ap_fixed_ap_int_ap_int_32_weights1_321|       pointer|
|network_top_params_struct_ap_fixed_ap_fixed_ap_int_ap_int_32_weights1_321_ap_vld                |  out|    1|      ap_vld|                network_top_params_struct_ap_fixed_ap_fixed_ap_int_ap_int_32_weights1_321|       pointer|
|network_top_params_struct_ap_fixed_ap_fixed_ap_int_ap_int_32_weights1_320                       |  out|   22|      ap_vld|                network_top_params_struct_ap_fixed_ap_fixed_ap_int_ap_int_32_weights1_320|       pointer|
|network_top_params_struct_ap_fixed_ap_fixed_ap_int_ap_int_32_weights1_320_ap_vld                |  out|    1|      ap_vld|                network_top_params_struct_ap_fixed_ap_fixed_ap_int_ap_int_32_weights1_320|       pointer|
|network_top_params_struct_ap_fixed_ap_fixed_ap_int_ap_int_32_weights1_319                       |  out|   22|      ap_vld|                network_top_params_struct_ap_fixed_ap_fixed_ap_int_ap_int_32_weights1_319|       pointer|
|network_top_params_struct_ap_fixed_ap_fixed_ap_int_ap_int_32_weights1_319_ap_vld                |  out|    1|      ap_vld|                network_top_params_struct_ap_fixed_ap_fixed_ap_int_ap_int_32_weights1_319|       pointer|
|network_top_params_struct_ap_fixed_ap_fixed_ap_int_ap_int_32_weights1_318                       |  out|   22|      ap_vld|                network_top_params_struct_ap_fixed_ap_fixed_ap_int_ap_int_32_weights1_318|       pointer|
|network_top_params_struct_ap_fixed_ap_fixed_ap_int_ap_int_32_weights1_318_ap_vld                |  out|    1|      ap_vld|                network_top_params_struct_ap_fixed_ap_fixed_ap_int_ap_int_32_weights1_318|       pointer|
|network_top_params_struct_ap_fixed_ap_fixed_ap_int_ap_int_32_weights1_317                       |  out|   22|      ap_vld|                network_top_params_struct_ap_fixed_ap_fixed_ap_int_ap_int_32_weights1_317|       pointer|
|network_top_params_struct_ap_fixed_ap_fixed_ap_int_ap_int_32_weights1_317_ap_vld                |  out|    1|      ap_vld|                network_top_params_struct_ap_fixed_ap_fixed_ap_int_ap_int_32_weights1_317|       pointer|
|network_top_params_struct_ap_fixed_ap_fixed_ap_int_ap_int_32_weights1_315                       |  out|   22|      ap_vld|                network_top_params_struct_ap_fixed_ap_fixed_ap_int_ap_int_32_weights1_315|       pointer|
|network_top_params_struct_ap_fixed_ap_fixed_ap_int_ap_int_32_weights1_315_ap_vld                |  out|    1|      ap_vld|                network_top_params_struct_ap_fixed_ap_fixed_ap_int_ap_int_32_weights1_315|       pointer|
|network_top_params_struct_ap_fixed_ap_fixed_ap_int_ap_int_32_weights1_314                       |  out|   22|      ap_vld|                network_top_params_struct_ap_fixed_ap_fixed_ap_int_ap_int_32_weights1_314|       pointer|
|network_top_params_struct_ap_fixed_ap_fixed_ap_int_ap_int_32_weights1_314_ap_vld                |  out|    1|      ap_vld|                network_top_params_struct_ap_fixed_ap_fixed_ap_int_ap_int_32_weights1_314|       pointer|
|network_top_params_struct_ap_fixed_ap_fixed_ap_int_ap_int_32_weights1_313                       |  out|   22|      ap_vld|                network_top_params_struct_ap_fixed_ap_fixed_ap_int_ap_int_32_weights1_313|       pointer|
|network_top_params_struct_ap_fixed_ap_fixed_ap_int_ap_int_32_weights1_313_ap_vld                |  out|    1|      ap_vld|                network_top_params_struct_ap_fixed_ap_fixed_ap_int_ap_int_32_weights1_313|       pointer|
|network_top_params_struct_ap_fixed_ap_fixed_ap_int_ap_int_32_weights1_312                       |  out|   22|      ap_vld|                network_top_params_struct_ap_fixed_ap_fixed_ap_int_ap_int_32_weights1_312|       pointer|
|network_top_params_struct_ap_fixed_ap_fixed_ap_int_ap_int_32_weights1_312_ap_vld                |  out|    1|      ap_vld|                network_top_params_struct_ap_fixed_ap_fixed_ap_int_ap_int_32_weights1_312|       pointer|
|network_top_params_struct_ap_fixed_ap_fixed_ap_int_ap_int_32_weights1_311                       |  out|   22|      ap_vld|                network_top_params_struct_ap_fixed_ap_fixed_ap_int_ap_int_32_weights1_311|       pointer|
|network_top_params_struct_ap_fixed_ap_fixed_ap_int_ap_int_32_weights1_311_ap_vld                |  out|    1|      ap_vld|                network_top_params_struct_ap_fixed_ap_fixed_ap_int_ap_int_32_weights1_311|       pointer|
|network_top_params_struct_ap_fixed_ap_fixed_ap_int_ap_int_32_weights1_310                       |  out|   22|      ap_vld|                network_top_params_struct_ap_fixed_ap_fixed_ap_int_ap_int_32_weights1_310|       pointer|
|network_top_params_struct_ap_fixed_ap_fixed_ap_int_ap_int_32_weights1_310_ap_vld                |  out|    1|      ap_vld|                network_top_params_struct_ap_fixed_ap_fixed_ap_int_ap_int_32_weights1_310|       pointer|
|network_top_params_struct_ap_fixed_ap_fixed_ap_int_ap_int_32_weights1_309                       |  out|   22|      ap_vld|                network_top_params_struct_ap_fixed_ap_fixed_ap_int_ap_int_32_weights1_309|       pointer|
|network_top_params_struct_ap_fixed_ap_fixed_ap_int_ap_int_32_weights1_309_ap_vld                |  out|    1|      ap_vld|                network_top_params_struct_ap_fixed_ap_fixed_ap_int_ap_int_32_weights1_309|       pointer|
|network_top_params_struct_ap_fixed_ap_fixed_ap_int_ap_int_32_weights1_308                       |  out|   22|      ap_vld|                network_top_params_struct_ap_fixed_ap_fixed_ap_int_ap_int_32_weights1_308|       pointer|
|network_top_params_struct_ap_fixed_ap_fixed_ap_int_ap_int_32_weights1_308_ap_vld                |  out|    1|      ap_vld|                network_top_params_struct_ap_fixed_ap_fixed_ap_int_ap_int_32_weights1_308|       pointer|
|network_top_params_struct_ap_fixed_ap_fixed_ap_int_ap_int_32_weights1_307                       |  out|   22|      ap_vld|                network_top_params_struct_ap_fixed_ap_fixed_ap_int_ap_int_32_weights1_307|       pointer|
|network_top_params_struct_ap_fixed_ap_fixed_ap_int_ap_int_32_weights1_307_ap_vld                |  out|    1|      ap_vld|                network_top_params_struct_ap_fixed_ap_fixed_ap_int_ap_int_32_weights1_307|       pointer|
|network_top_params_struct_ap_fixed_ap_fixed_ap_int_ap_int_32_weights1_306                       |  out|   22|      ap_vld|                network_top_params_struct_ap_fixed_ap_fixed_ap_int_ap_int_32_weights1_306|       pointer|
|network_top_params_struct_ap_fixed_ap_fixed_ap_int_ap_int_32_weights1_306_ap_vld                |  out|    1|      ap_vld|                network_top_params_struct_ap_fixed_ap_fixed_ap_int_ap_int_32_weights1_306|       pointer|
|network_top_params_struct_ap_fixed_ap_fixed_ap_int_ap_int_32_weights1_304                       |  out|   22|      ap_vld|                network_top_params_struct_ap_fixed_ap_fixed_ap_int_ap_int_32_weights1_304|       pointer|
|network_top_params_struct_ap_fixed_ap_fixed_ap_int_ap_int_32_weights1_304_ap_vld                |  out|    1|      ap_vld|                network_top_params_struct_ap_fixed_ap_fixed_ap_int_ap_int_32_weights1_304|       pointer|
|network_top_params_struct_ap_fixed_ap_fixed_ap_int_ap_int_32_weights1_303                       |  out|   22|      ap_vld|                network_top_params_struct_ap_fixed_ap_fixed_ap_int_ap_int_32_weights1_303|       pointer|
|network_top_params_struct_ap_fixed_ap_fixed_ap_int_ap_int_32_weights1_303_ap_vld                |  out|    1|      ap_vld|                network_top_params_struct_ap_fixed_ap_fixed_ap_int_ap_int_32_weights1_303|       pointer|
|network_top_params_struct_ap_fixed_ap_fixed_ap_int_ap_int_32_weights1_302                       |  out|   22|      ap_vld|                network_top_params_struct_ap_fixed_ap_fixed_ap_int_ap_int_32_weights1_302|       pointer|
|network_top_params_struct_ap_fixed_ap_fixed_ap_int_ap_int_32_weights1_302_ap_vld                |  out|    1|      ap_vld|                network_top_params_struct_ap_fixed_ap_fixed_ap_int_ap_int_32_weights1_302|       pointer|
|network_top_params_struct_ap_fixed_ap_fixed_ap_int_ap_int_32_weights1_301                       |  out|   22|      ap_vld|                network_top_params_struct_ap_fixed_ap_fixed_ap_int_ap_int_32_weights1_301|       pointer|
|network_top_params_struct_ap_fixed_ap_fixed_ap_int_ap_int_32_weights1_301_ap_vld                |  out|    1|      ap_vld|                network_top_params_struct_ap_fixed_ap_fixed_ap_int_ap_int_32_weights1_301|       pointer|
|network_top_params_struct_ap_fixed_ap_fixed_ap_int_ap_int_32_weights1_300                       |  out|   22|      ap_vld|                network_top_params_struct_ap_fixed_ap_fixed_ap_int_ap_int_32_weights1_300|       pointer|
|network_top_params_struct_ap_fixed_ap_fixed_ap_int_ap_int_32_weights1_300_ap_vld                |  out|    1|      ap_vld|                network_top_params_struct_ap_fixed_ap_fixed_ap_int_ap_int_32_weights1_300|       pointer|
|network_top_params_struct_ap_fixed_ap_fixed_ap_int_ap_int_32_weights1_299                       |  out|   22|      ap_vld|                network_top_params_struct_ap_fixed_ap_fixed_ap_int_ap_int_32_weights1_299|       pointer|
|network_top_params_struct_ap_fixed_ap_fixed_ap_int_ap_int_32_weights1_299_ap_vld                |  out|    1|      ap_vld|                network_top_params_struct_ap_fixed_ap_fixed_ap_int_ap_int_32_weights1_299|       pointer|
|network_top_params_struct_ap_fixed_ap_fixed_ap_int_ap_int_32_weights1_298                       |  out|   22|      ap_vld|                network_top_params_struct_ap_fixed_ap_fixed_ap_int_ap_int_32_weights1_298|       pointer|
|network_top_params_struct_ap_fixed_ap_fixed_ap_int_ap_int_32_weights1_298_ap_vld                |  out|    1|      ap_vld|                network_top_params_struct_ap_fixed_ap_fixed_ap_int_ap_int_32_weights1_298|       pointer|
+------------------------------------------------------------------------------------------------+-----+-----+------------+-----------------------------------------------------------------------------------------+--------------+

