

================================================================
== Vitis HLS Report for 'network_top_Pipeline_load_weight1_matrix_inner_loop5'
================================================================
* Date:           Wed Oct 18 18:28:07 2023

* Version:        2023.1 (Build 3854077 on May  4 2023)
* Project:        matrix_test2
* Solution:       solution1 (Vivado IP Flow Target)
* Product family: zynquplus
* Target device:  xczu7ev-ffvc1156-2-e


================================================================
== Performance Estimates
================================================================
+ Timing: 
    * Summary: 
    +--------+---------+----------+------------+
    |  Clock |  Target | Estimated| Uncertainty|
    +--------+---------+----------+------------+
    |ap_clk  |  0.35 us|  0.256 us|    94.50 ns|
    +--------+---------+----------+------------+

+ Latency: 
    * Summary: 
    +---------+---------+-----------+-----------+-----+-----+---------+
    |  Latency (cycles) |   Latency (absolute)  |  Interval | Pipeline|
    |   min   |   max   |    min    |    max    | min | max |   Type  |
    +---------+---------+-----------+-----------+-----+-----+---------+
    |       90|       90|  31.500 us|  31.500 us|   90|   90|       no|
    +---------+---------+-----------+-----------+-----+-----+---------+

    + Detail: 
        * Instance: 
        N/A

        * Loop: 
        +----------------------------------+---------+---------+----------+-----------+-----------+------+----------+
        |                                  |  Latency (cycles) | Iteration|  Initiation Interval  | Trip |          |
        |             Loop Name            |   min   |   max   |  Latency |  achieved |   target  | Count| Pipelined|
        +----------------------------------+---------+---------+----------+-----------+-----------+------+----------+
        |- load_weight1_matrix_inner_loop  |       88|       88|        10|          1|          1|    80|       yes|
        +----------------------------------+---------+---------+----------+-----------+-----------+------+----------+



================================================================
== Utilization Estimates
================================================================
* Summary: 
+-----------------+---------+------+--------+--------+-----+
|       Name      | BRAM_18K|  DSP |   FF   |   LUT  | URAM|
+-----------------+---------+------+--------+--------+-----+
|DSP              |        -|     -|       -|       -|    -|
|Expression       |        -|     -|       0|     187|    -|
|FIFO             |        -|     -|       -|       -|    -|
|Instance         |        -|     0|       0|       5|    -|
|Memory           |        -|     -|       -|       -|    -|
|Multiplexer      |        -|     -|       -|      99|    -|
|Register         |        -|     -|     183|      32|    -|
+-----------------+---------+------+--------+--------+-----+
|Total            |        0|     0|     183|     323|    0|
+-----------------+---------+------+--------+--------+-----+
|Available        |      624|  1728|  460800|  230400|   96|
+-----------------+---------+------+--------+--------+-----+
|Utilization (%)  |        0|     0|      ~0|      ~0|    0|
+-----------------+---------+------+--------+--------+-----+

+ Detail: 
    * Instance: 
    +--------------------------+---------------------+---------+----+---+----+-----+
    |         Instance         |        Module       | BRAM_18K| DSP| FF| LUT| URAM|
    +--------------------------+---------------------+---------+----+---+----+-----+
    |mul_3ns_11ns_12_1_1_U417  |mul_3ns_11ns_12_1_1  |        0|   0|  0|   5|    0|
    +--------------------------+---------------------+---------+----+---+----+-----+
    |Total                     |                     |        0|   0|  0|   5|    0|
    +--------------------------+---------------------+---------+----+---+----+-----+

    * DSP: 
    N/A

    * Memory: 
    N/A

    * FIFO: 
    N/A

    * Expression: 
    +---------------------------+----------+----+---+----+------------+------------+
    |       Variable Name       | Operation| DSP| FF| LUT| Bitwidth P0| Bitwidth P1|
    +---------------------------+----------+----+---+----+------------+------------+
    |add_ln211_5_fu_565_p2      |         +|   0|  0|  14|           7|           1|
    |add_ln211_fu_448_p2        |         +|   0|  0|  14|           7|           1|
    |add_ln213_5_fu_536_p2      |         +|   0|  0|  71|          64|          64|
    |add_ln213_fu_518_p2        |         +|   0|  0|  20|          13|           7|
    |next_mul260_fu_460_p2      |         +|   0|  0|  22|          15|           8|
    |icmp_ln211_5_fu_571_p2     |      icmp|   0|  0|  14|           7|           5|
    |icmp_ln211_fu_442_p2       |      icmp|   0|  0|  14|           7|           7|
    |ap_block_pp0_stage0_11001  |        or|   0|  0|   2|           1|           1|
    |or_ln213_fu_490_p2         |        or|   0|  0|   7|           7|           7|
    |select_ln211_fu_577_p3     |    select|   0|  0|   7|           1|           7|
    |ap_enable_pp0              |       xor|   0|  0|   2|           1|           2|
    +---------------------------+----------+----+---+----+------------+------------+
    |Total                      |          |   0|  0| 187|         130|         110|
    +---------------------------+----------+----+---+----+------------+------------+

    * Multiplexer: 
    +-------------------------------------+----+-----------+-----+-----------+
    |                 Name                | LUT| Input Size| Bits| Total Bits|
    +-------------------------------------+----+-----------+-----+-----------+
    |ap_done_int                          |   9|          2|    1|          2|
    |ap_enable_reg_pp0_iter1              |   9|          2|    1|          2|
    |ap_sig_allocacmp_c                   |   9|          2|    7|         14|
    |ap_sig_allocacmp_phi_mul259_load     |   9|          2|   15|         30|
    |ap_sig_allocacmp_phi_urem261_load    |   9|          2|    7|         14|
    |ap_sig_allocacmp_phi_urem261_load_1  |   9|          2|    7|         14|
    |c_5_fu_402                           |   9|          2|    7|         14|
    |gmem_blk_n_AR                        |   9|          2|    1|          2|
    |gmem_blk_n_R                         |   9|          2|    1|          2|
    |phi_mul259_fu_398                    |   9|          2|   15|         30|
    |phi_urem261_fu_394                   |   9|          2|    7|         14|
    +-------------------------------------+----+-----------+-----+-----------+
    |Total                                |  99|         22|   69|        138|
    +-------------------------------------+----+-----------+-----+-----------+

    * Register: 
    +----------------------------------+----+----+-----+-----------+
    |               Name               | FF | LUT| Bits| Const Bits|
    +----------------------------------+----+----+-----+-----------+
    |ap_CS_fsm                         |   1|   0|    1|          0|
    |ap_done_reg                       |   1|   0|    1|          0|
    |ap_enable_reg_pp0_iter1           |   1|   0|    1|          0|
    |ap_enable_reg_pp0_iter2           |   1|   0|    1|          0|
    |ap_enable_reg_pp0_iter3           |   1|   0|    1|          0|
    |ap_enable_reg_pp0_iter4           |   1|   0|    1|          0|
    |ap_enable_reg_pp0_iter5           |   1|   0|    1|          0|
    |ap_enable_reg_pp0_iter6           |   1|   0|    1|          0|
    |ap_enable_reg_pp0_iter7           |   1|   0|    1|          0|
    |ap_enable_reg_pp0_iter8           |   1|   0|    1|          0|
    |ap_enable_reg_pp0_iter9           |   1|   0|    1|          0|
    |ap_loop_exit_ready_pp0_iter1_reg  |   1|   0|    1|          0|
    |ap_loop_exit_ready_pp0_iter2_reg  |   1|   0|    1|          0|
    |ap_loop_exit_ready_pp0_iter3_reg  |   1|   0|    1|          0|
    |ap_loop_exit_ready_pp0_iter4_reg  |   1|   0|    1|          0|
    |ap_loop_exit_ready_pp0_iter5_reg  |   1|   0|    1|          0|
    |ap_loop_exit_ready_pp0_iter6_reg  |   1|   0|    1|          0|
    |ap_loop_exit_ready_pp0_iter7_reg  |   1|   0|    1|          0|
    |ap_loop_exit_ready_pp0_iter8_reg  |   1|   0|    1|          0|
    |c_5_fu_402                        |   7|   0|    7|          0|
    |c_reg_1106                        |   7|   0|    7|          0|
    |gmem_addr_reg_1114                |  64|   0|   64|          0|
    |phi_mul259_fu_398                 |  15|   0|   15|          0|
    |phi_urem261_fu_394                |   7|   0|    7|          0|
    |c_reg_1106                        |  64|  32|    7|          0|
    +----------------------------------+----+----+-----+-----------+
    |Total                             | 183|  32|  126|          0|
    +----------------------------------+----+----+-----+-----------+



================================================================
== Interface
================================================================
* Summary: 
+------------------------------------------------------------------------------------------------+-----+-----+------------+-----------------------------------------------------------------------------------------+--------------+
|                                            RTL Ports                                           | Dir | Bits|  Protocol  |                                      Source Object                                      |    C Type    |
+------------------------------------------------------------------------------------------------+-----+-----+------------+-----------------------------------------------------------------------------------------+--------------+
|ap_clk                                                                                          |   in|    1|  ap_ctrl_hs|                                     network_top_Pipeline_load_weight1_matrix_inner_loop5|  return value|
|ap_rst                                                                                          |   in|    1|  ap_ctrl_hs|                                     network_top_Pipeline_load_weight1_matrix_inner_loop5|  return value|
|ap_start                                                                                        |   in|    1|  ap_ctrl_hs|                                     network_top_Pipeline_load_weight1_matrix_inner_loop5|  return value|
|ap_done                                                                                         |  out|    1|  ap_ctrl_hs|                                     network_top_Pipeline_load_weight1_matrix_inner_loop5|  return value|
|ap_idle                                                                                         |  out|    1|  ap_ctrl_hs|                                     network_top_Pipeline_load_weight1_matrix_inner_loop5|  return value|
|ap_ready                                                                                        |  out|    1|  ap_ctrl_hs|                                     network_top_Pipeline_load_weight1_matrix_inner_loop5|  return value|
|m_axi_gmem_AWVALID                                                                              |  out|    1|       m_axi|                                                                                     gmem|       pointer|
|m_axi_gmem_AWREADY                                                                              |   in|    1|       m_axi|                                                                                     gmem|       pointer|
|m_axi_gmem_AWADDR                                                                               |  out|   64|       m_axi|                                                                                     gmem|       pointer|
|m_axi_gmem_AWID                                                                                 |  out|    1|       m_axi|                                                                                     gmem|       pointer|
|m_axi_gmem_AWLEN                                                                                |  out|   32|       m_axi|                                                                                     gmem|       pointer|
|m_axi_gmem_AWSIZE                                                                               |  out|    3|       m_axi|                                                                                     gmem|       pointer|
|m_axi_gmem_AWBURST                                                                              |  out|    2|       m_axi|                                                                                     gmem|       pointer|
|m_axi_gmem_AWLOCK                                                                               |  out|    2|       m_axi|                                                                                     gmem|       pointer|
|m_axi_gmem_AWCACHE                                                                              |  out|    4|       m_axi|                                                                                     gmem|       pointer|
|m_axi_gmem_AWPROT                                                                               |  out|    3|       m_axi|                                                                                     gmem|       pointer|
|m_axi_gmem_AWQOS                                                                                |  out|    4|       m_axi|                                                                                     gmem|       pointer|
|m_axi_gmem_AWREGION                                                                             |  out|    4|       m_axi|                                                                                     gmem|       pointer|
|m_axi_gmem_AWUSER                                                                               |  out|    1|       m_axi|                                                                                     gmem|       pointer|
|m_axi_gmem_WVALID                                                                               |  out|    1|       m_axi|                                                                                     gmem|       pointer|
|m_axi_gmem_WREADY                                                                               |   in|    1|       m_axi|                                                                                     gmem|       pointer|
|m_axi_gmem_WDATA                                                                                |  out|   32|       m_axi|                                                                                     gmem|       pointer|
|m_axi_gmem_WSTRB                                                                                |  out|    4|       m_axi|                                                                                     gmem|       pointer|
|m_axi_gmem_WLAST                                                                                |  out|    1|       m_axi|                                                                                     gmem|       pointer|
|m_axi_gmem_WID                                                                                  |  out|    1|       m_axi|                                                                                     gmem|       pointer|
|m_axi_gmem_WUSER                                                                                |  out|    1|       m_axi|                                                                                     gmem|       pointer|
|m_axi_gmem_ARVALID                                                                              |  out|    1|       m_axi|                                                                                     gmem|       pointer|
|m_axi_gmem_ARREADY                                                                              |   in|    1|       m_axi|                                                                                     gmem|       pointer|
|m_axi_gmem_ARADDR                                                                               |  out|   64|       m_axi|                                                                                     gmem|       pointer|
|m_axi_gmem_ARID                                                                                 |  out|    1|       m_axi|                                                                                     gmem|       pointer|
|m_axi_gmem_ARLEN                                                                                |  out|   32|       m_axi|                                                                                     gmem|       pointer|
|m_axi_gmem_ARSIZE                                                                               |  out|    3|       m_axi|                                                                                     gmem|       pointer|
|m_axi_gmem_ARBURST                                                                              |  out|    2|       m_axi|                                                                                     gmem|       pointer|
|m_axi_gmem_ARLOCK                                                                               |  out|    2|       m_axi|                                                                                     gmem|       pointer|
|m_axi_gmem_ARCACHE                                                                              |  out|    4|       m_axi|                                                                                     gmem|       pointer|
|m_axi_gmem_ARPROT                                                                               |  out|    3|       m_axi|                                                                                     gmem|       pointer|
|m_axi_gmem_ARQOS                                                                                |  out|    4|       m_axi|                                                                                     gmem|       pointer|
|m_axi_gmem_ARREGION                                                                             |  out|    4|       m_axi|                                                                                     gmem|       pointer|
|m_axi_gmem_ARUSER                                                                               |  out|    1|       m_axi|                                                                                     gmem|       pointer|
|m_axi_gmem_RVALID                                                                               |   in|    1|       m_axi|                                                                                     gmem|       pointer|
|m_axi_gmem_RREADY                                                                               |  out|    1|       m_axi|                                                                                     gmem|       pointer|
|m_axi_gmem_RDATA                                                                                |   in|   32|       m_axi|                                                                                     gmem|       pointer|
|m_axi_gmem_RLAST                                                                                |   in|    1|       m_axi|                                                                                     gmem|       pointer|
|m_axi_gmem_RID                                                                                  |   in|    1|       m_axi|                                                                                     gmem|       pointer|
|m_axi_gmem_RFIFONUM                                                                             |   in|    9|       m_axi|                                                                                     gmem|       pointer|
|m_axi_gmem_RUSER                                                                                |   in|    1|       m_axi|                                                                                     gmem|       pointer|
|m_axi_gmem_RRESP                                                                                |   in|    2|       m_axi|                                                                                     gmem|       pointer|
|m_axi_gmem_BVALID                                                                               |   in|    1|       m_axi|                                                                                     gmem|       pointer|
|m_axi_gmem_BREADY                                                                               |  out|    1|       m_axi|                                                                                     gmem|       pointer|
|m_axi_gmem_BRESP                                                                                |   in|    2|       m_axi|                                                                                     gmem|       pointer|
|m_axi_gmem_BID                                                                                  |   in|    1|       m_axi|                                                                                     gmem|       pointer|
|m_axi_gmem_BUSER                                                                                |   in|    1|       m_axi|                                                                                     gmem|       pointer|
|myparams                                                                                        |   in|   64|     ap_none|                                                                                 myparams|        scalar|
|p_ZZ11network_topP13params_structP8ap_fixedILi22ELi17EL9ap_q_mode0EL9ap_o_mode0EL_12823         |  out|   22|      ap_vld|  p_ZZ11network_topP13params_structP8ap_fixedILi22ELi17EL9ap_q_mode0EL9ap_o_mode0EL_12823|       pointer|
|p_ZZ11network_topP13params_structP8ap_fixedILi22ELi17EL9ap_q_mode0EL9ap_o_mode0EL_12823_ap_vld  |  out|    1|      ap_vld|  p_ZZ11network_topP13params_structP8ap_fixedILi22ELi17EL9ap_q_mode0EL9ap_o_mode0EL_12823|       pointer|
|p_ZZ11network_topP13params_structP8ap_fixedILi22ELi17EL9ap_q_mode0EL9ap_o_mode0EL_12824         |  out|   22|      ap_vld|  p_ZZ11network_topP13params_structP8ap_fixedILi22ELi17EL9ap_q_mode0EL9ap_o_mode0EL_12824|       pointer|
|p_ZZ11network_topP13params_structP8ap_fixedILi22ELi17EL9ap_q_mode0EL9ap_o_mode0EL_12824_ap_vld  |  out|    1|      ap_vld|  p_ZZ11network_topP13params_structP8ap_fixedILi22ELi17EL9ap_q_mode0EL9ap_o_mode0EL_12824|       pointer|
|p_ZZ11network_topP13params_structP8ap_fixedILi22ELi17EL9ap_q_mode0EL9ap_o_mode0EL_12836         |  out|   22|      ap_vld|  p_ZZ11network_topP13params_structP8ap_fixedILi22ELi17EL9ap_q_mode0EL9ap_o_mode0EL_12836|       pointer|
|p_ZZ11network_topP13params_structP8ap_fixedILi22ELi17EL9ap_q_mode0EL9ap_o_mode0EL_12836_ap_vld  |  out|    1|      ap_vld|  p_ZZ11network_topP13params_structP8ap_fixedILi22ELi17EL9ap_q_mode0EL9ap_o_mode0EL_12836|       pointer|
|p_ZZ11network_topP13params_structP8ap_fixedILi22ELi17EL9ap_q_mode0EL9ap_o_mode0EL_12848         |  out|   22|      ap_vld|  p_ZZ11network_topP13params_structP8ap_fixedILi22ELi17EL9ap_q_mode0EL9ap_o_mode0EL_12848|       pointer|
|p_ZZ11network_topP13params_structP8ap_fixedILi22ELi17EL9ap_q_mode0EL9ap_o_mode0EL_12848_ap_vld  |  out|    1|      ap_vld|  p_ZZ11network_topP13params_structP8ap_fixedILi22ELi17EL9ap_q_mode0EL9ap_o_mode0EL_12848|       pointer|
|p_ZZ11network_topP13params_structP8ap_fixedILi22ELi17EL9ap_q_mode0EL9ap_o_mode0EL_12860         |  out|   22|      ap_vld|  p_ZZ11network_topP13params_structP8ap_fixedILi22ELi17EL9ap_q_mode0EL9ap_o_mode0EL_12860|       pointer|
|p_ZZ11network_topP13params_structP8ap_fixedILi22ELi17EL9ap_q_mode0EL9ap_o_mode0EL_12860_ap_vld  |  out|    1|      ap_vld|  p_ZZ11network_topP13params_structP8ap_fixedILi22ELi17EL9ap_q_mode0EL9ap_o_mode0EL_12860|       pointer|
|p_ZZ11network_topP13params_structP8ap_fixedILi22ELi17EL9ap_q_mode0EL9ap_o_mode0EL_12872         |  out|   22|      ap_vld|  p_ZZ11network_topP13params_structP8ap_fixedILi22ELi17EL9ap_q_mode0EL9ap_o_mode0EL_12872|       pointer|
|p_ZZ11network_topP13params_structP8ap_fixedILi22ELi17EL9ap_q_mode0EL9ap_o_mode0EL_12872_ap_vld  |  out|    1|      ap_vld|  p_ZZ11network_topP13params_structP8ap_fixedILi22ELi17EL9ap_q_mode0EL9ap_o_mode0EL_12872|       pointer|
|p_ZZ11network_topP13params_structP8ap_fixedILi22ELi17EL9ap_q_mode0EL9ap_o_mode0EL_12884         |  out|   22|      ap_vld|  p_ZZ11network_topP13params_structP8ap_fixedILi22ELi17EL9ap_q_mode0EL9ap_o_mode0EL_12884|       pointer|
|p_ZZ11network_topP13params_structP8ap_fixedILi22ELi17EL9ap_q_mode0EL9ap_o_mode0EL_12884_ap_vld  |  out|    1|      ap_vld|  p_ZZ11network_topP13params_structP8ap_fixedILi22ELi17EL9ap_q_mode0EL9ap_o_mode0EL_12884|       pointer|
|p_ZZ11network_topP13params_structP8ap_fixedILi22ELi17EL9ap_q_mode0EL9ap_o_mode0EL_12896         |  out|   22|      ap_vld|  p_ZZ11network_topP13params_structP8ap_fixedILi22ELi17EL9ap_q_mode0EL9ap_o_mode0EL_12896|       pointer|
|p_ZZ11network_topP13params_structP8ap_fixedILi22ELi17EL9ap_q_mode0EL9ap_o_mode0EL_12896_ap_vld  |  out|    1|      ap_vld|  p_ZZ11network_topP13params_structP8ap_fixedILi22ELi17EL9ap_q_mode0EL9ap_o_mode0EL_12896|       pointer|
|p_ZZ11network_topP13params_structP8ap_fixedILi22ELi17EL9ap_q_mode0EL9ap_o_mode0EL_12908         |  out|   22|      ap_vld|  p_ZZ11network_topP13params_structP8ap_fixedILi22ELi17EL9ap_q_mode0EL9ap_o_mode0EL_12908|       pointer|
|p_ZZ11network_topP13params_structP8ap_fixedILi22ELi17EL9ap_q_mode0EL9ap_o_mode0EL_12908_ap_vld  |  out|    1|      ap_vld|  p_ZZ11network_topP13params_structP8ap_fixedILi22ELi17EL9ap_q_mode0EL9ap_o_mode0EL_12908|       pointer|
|p_ZZ11network_topP13params_structP8ap_fixedILi22ELi17EL9ap_q_mode0EL9ap_o_mode0EL_12909         |  out|   22|      ap_vld|  p_ZZ11network_topP13params_structP8ap_fixedILi22ELi17EL9ap_q_mode0EL9ap_o_mode0EL_12909|       pointer|
|p_ZZ11network_topP13params_structP8ap_fixedILi22ELi17EL9ap_q_mode0EL9ap_o_mode0EL_12909_ap_vld  |  out|    1|      ap_vld|  p_ZZ11network_topP13params_structP8ap_fixedILi22ELi17EL9ap_q_mode0EL9ap_o_mode0EL_12909|       pointer|
|p_ZZ11network_topP13params_structP8ap_fixedILi22ELi17EL9ap_q_mode0EL9ap_o_mode0EL_12825         |  out|   22|      ap_vld|  p_ZZ11network_topP13params_structP8ap_fixedILi22ELi17EL9ap_q_mode0EL9ap_o_mode0EL_12825|       pointer|
|p_ZZ11network_topP13params_structP8ap_fixedILi22ELi17EL9ap_q_mode0EL9ap_o_mode0EL_12825_ap_vld  |  out|    1|      ap_vld|  p_ZZ11network_topP13params_structP8ap_fixedILi22ELi17EL9ap_q_mode0EL9ap_o_mode0EL_12825|       pointer|
|p_ZZ11network_topP13params_structP8ap_fixedILi22ELi17EL9ap_q_mode0EL9ap_o_mode0EL_12826         |  out|   22|      ap_vld|  p_ZZ11network_topP13params_structP8ap_fixedILi22ELi17EL9ap_q_mode0EL9ap_o_mode0EL_12826|       pointer|
|p_ZZ11network_topP13params_structP8ap_fixedILi22ELi17EL9ap_q_mode0EL9ap_o_mode0EL_12826_ap_vld  |  out|    1|      ap_vld|  p_ZZ11network_topP13params_structP8ap_fixedILi22ELi17EL9ap_q_mode0EL9ap_o_mode0EL_12826|       pointer|
|p_ZZ11network_topP13params_structP8ap_fixedILi22ELi17EL9ap_q_mode0EL9ap_o_mode0EL_12827         |  out|   22|      ap_vld|  p_ZZ11network_topP13params_structP8ap_fixedILi22ELi17EL9ap_q_mode0EL9ap_o_mode0EL_12827|       pointer|
|p_ZZ11network_topP13params_structP8ap_fixedILi22ELi17EL9ap_q_mode0EL9ap_o_mode0EL_12827_ap_vld  |  out|    1|      ap_vld|  p_ZZ11network_topP13params_structP8ap_fixedILi22ELi17EL9ap_q_mode0EL9ap_o_mode0EL_12827|       pointer|
|p_ZZ11network_topP13params_structP8ap_fixedILi22ELi17EL9ap_q_mode0EL9ap_o_mode0EL_12828         |  out|   22|      ap_vld|  p_ZZ11network_topP13params_structP8ap_fixedILi22ELi17EL9ap_q_mode0EL9ap_o_mode0EL_12828|       pointer|
|p_ZZ11network_topP13params_structP8ap_fixedILi22ELi17EL9ap_q_mode0EL9ap_o_mode0EL_12828_ap_vld  |  out|    1|      ap_vld|  p_ZZ11network_topP13params_structP8ap_fixedILi22ELi17EL9ap_q_mode0EL9ap_o_mode0EL_12828|       pointer|
|p_ZZ11network_topP13params_structP8ap_fixedILi22ELi17EL9ap_q_mode0EL9ap_o_mode0EL_12829         |  out|   22|      ap_vld|  p_ZZ11network_topP13params_structP8ap_fixedILi22ELi17EL9ap_q_mode0EL9ap_o_mode0EL_12829|       pointer|
|p_ZZ11network_topP13params_structP8ap_fixedILi22ELi17EL9ap_q_mode0EL9ap_o_mode0EL_12829_ap_vld  |  out|    1|      ap_vld|  p_ZZ11network_topP13params_structP8ap_fixedILi22ELi17EL9ap_q_mode0EL9ap_o_mode0EL_12829|       pointer|
|p_ZZ11network_topP13params_structP8ap_fixedILi22ELi17EL9ap_q_mode0EL9ap_o_mode0EL_12830         |  out|   22|      ap_vld|  p_ZZ11network_topP13params_structP8ap_fixedILi22ELi17EL9ap_q_mode0EL9ap_o_mode0EL_12830|       pointer|
|p_ZZ11network_topP13params_structP8ap_fixedILi22ELi17EL9ap_q_mode0EL9ap_o_mode0EL_12830_ap_vld  |  out|    1|      ap_vld|  p_ZZ11network_topP13params_structP8ap_fixedILi22ELi17EL9ap_q_mode0EL9ap_o_mode0EL_12830|       pointer|
|p_ZZ11network_topP13params_structP8ap_fixedILi22ELi17EL9ap_q_mode0EL9ap_o_mode0EL_12831         |  out|   22|      ap_vld|  p_ZZ11network_topP13params_structP8ap_fixedILi22ELi17EL9ap_q_mode0EL9ap_o_mode0EL_12831|       pointer|
|p_ZZ11network_topP13params_structP8ap_fixedILi22ELi17EL9ap_q_mode0EL9ap_o_mode0EL_12831_ap_vld  |  out|    1|      ap_vld|  p_ZZ11network_topP13params_structP8ap_fixedILi22ELi17EL9ap_q_mode0EL9ap_o_mode0EL_12831|       pointer|
|p_ZZ11network_topP13params_structP8ap_fixedILi22ELi17EL9ap_q_mode0EL9ap_o_mode0EL_12832         |  out|   22|      ap_vld|  p_ZZ11network_topP13params_structP8ap_fixedILi22ELi17EL9ap_q_mode0EL9ap_o_mode0EL_12832|       pointer|
|p_ZZ11network_topP13params_structP8ap_fixedILi22ELi17EL9ap_q_mode0EL9ap_o_mode0EL_12832_ap_vld  |  out|    1|      ap_vld|  p_ZZ11network_topP13params_structP8ap_fixedILi22ELi17EL9ap_q_mode0EL9ap_o_mode0EL_12832|       pointer|
|p_ZZ11network_topP13params_structP8ap_fixedILi22ELi17EL9ap_q_mode0EL9ap_o_mode0EL_12834         |  out|   22|      ap_vld|  p_ZZ11network_topP13params_structP8ap_fixedILi22ELi17EL9ap_q_mode0EL9ap_o_mode0EL_12834|       pointer|
|p_ZZ11network_topP13params_structP8ap_fixedILi22ELi17EL9ap_q_mode0EL9ap_o_mode0EL_12834_ap_vld  |  out|    1|      ap_vld|  p_ZZ11network_topP13params_structP8ap_fixedILi22ELi17EL9ap_q_mode0EL9ap_o_mode0EL_12834|       pointer|
|p_ZZ11network_topP13params_structP8ap_fixedILi22ELi17EL9ap_q_mode0EL9ap_o_mode0EL_12835         |  out|   22|      ap_vld|  p_ZZ11network_topP13params_structP8ap_fixedILi22ELi17EL9ap_q_mode0EL9ap_o_mode0EL_12835|       pointer|
|p_ZZ11network_topP13params_structP8ap_fixedILi22ELi17EL9ap_q_mode0EL9ap_o_mode0EL_12835_ap_vld  |  out|    1|      ap_vld|  p_ZZ11network_topP13params_structP8ap_fixedILi22ELi17EL9ap_q_mode0EL9ap_o_mode0EL_12835|       pointer|
|p_ZZ11network_topP13params_structP8ap_fixedILi22ELi17EL9ap_q_mode0EL9ap_o_mode0EL_12837         |  out|   22|      ap_vld|  p_ZZ11network_topP13params_structP8ap_fixedILi22ELi17EL9ap_q_mode0EL9ap_o_mode0EL_12837|       pointer|
|p_ZZ11network_topP13params_structP8ap_fixedILi22ELi17EL9ap_q_mode0EL9ap_o_mode0EL_12837_ap_vld  |  out|    1|      ap_vld|  p_ZZ11network_topP13params_structP8ap_fixedILi22ELi17EL9ap_q_mode0EL9ap_o_mode0EL_12837|       pointer|
|p_ZZ11network_topP13params_structP8ap_fixedILi22ELi17EL9ap_q_mode0EL9ap_o_mode0EL_12838         |  out|   22|      ap_vld|  p_ZZ11network_topP13params_structP8ap_fixedILi22ELi17EL9ap_q_mode0EL9ap_o_mode0EL_12838|       pointer|
|p_ZZ11network_topP13params_structP8ap_fixedILi22ELi17EL9ap_q_mode0EL9ap_o_mode0EL_12838_ap_vld  |  out|    1|      ap_vld|  p_ZZ11network_topP13params_structP8ap_fixedILi22ELi17EL9ap_q_mode0EL9ap_o_mode0EL_12838|       pointer|
|p_ZZ11network_topP13params_structP8ap_fixedILi22ELi17EL9ap_q_mode0EL9ap_o_mode0EL_12839         |  out|   22|      ap_vld|  p_ZZ11network_topP13params_structP8ap_fixedILi22ELi17EL9ap_q_mode0EL9ap_o_mode0EL_12839|       pointer|
|p_ZZ11network_topP13params_structP8ap_fixedILi22ELi17EL9ap_q_mode0EL9ap_o_mode0EL_12839_ap_vld  |  out|    1|      ap_vld|  p_ZZ11network_topP13params_structP8ap_fixedILi22ELi17EL9ap_q_mode0EL9ap_o_mode0EL_12839|       pointer|
|p_ZZ11network_topP13params_structP8ap_fixedILi22ELi17EL9ap_q_mode0EL9ap_o_mode0EL_12840         |  out|   22|      ap_vld|  p_ZZ11network_topP13params_structP8ap_fixedILi22ELi17EL9ap_q_mode0EL9ap_o_mode0EL_12840|       pointer|
|p_ZZ11network_topP13params_structP8ap_fixedILi22ELi17EL9ap_q_mode0EL9ap_o_mode0EL_12840_ap_vld  |  out|    1|      ap_vld|  p_ZZ11network_topP13params_structP8ap_fixedILi22ELi17EL9ap_q_mode0EL9ap_o_mode0EL_12840|       pointer|
|p_ZZ11network_topP13params_structP8ap_fixedILi22ELi17EL9ap_q_mode0EL9ap_o_mode0EL_12841         |  out|   22|      ap_vld|  p_ZZ11network_topP13params_structP8ap_fixedILi22ELi17EL9ap_q_mode0EL9ap_o_mode0EL_12841|       pointer|
|p_ZZ11network_topP13params_structP8ap_fixedILi22ELi17EL9ap_q_mode0EL9ap_o_mode0EL_12841_ap_vld  |  out|    1|      ap_vld|  p_ZZ11network_topP13params_structP8ap_fixedILi22ELi17EL9ap_q_mode0EL9ap_o_mode0EL_12841|       pointer|
|p_ZZ11network_topP13params_structP8ap_fixedILi22ELi17EL9ap_q_mode0EL9ap_o_mode0EL_12842         |  out|   22|      ap_vld|  p_ZZ11network_topP13params_structP8ap_fixedILi22ELi17EL9ap_q_mode0EL9ap_o_mode0EL_12842|       pointer|
|p_ZZ11network_topP13params_structP8ap_fixedILi22ELi17EL9ap_q_mode0EL9ap_o_mode0EL_12842_ap_vld  |  out|    1|      ap_vld|  p_ZZ11network_topP13params_structP8ap_fixedILi22ELi17EL9ap_q_mode0EL9ap_o_mode0EL_12842|       pointer|
|p_ZZ11network_topP13params_structP8ap_fixedILi22ELi17EL9ap_q_mode0EL9ap_o_mode0EL_12843         |  out|   22|      ap_vld|  p_ZZ11network_topP13params_structP8ap_fixedILi22ELi17EL9ap_q_mode0EL9ap_o_mode0EL_12843|       pointer|
|p_ZZ11network_topP13params_structP8ap_fixedILi22ELi17EL9ap_q_mode0EL9ap_o_mode0EL_12843_ap_vld  |  out|    1|      ap_vld|  p_ZZ11network_topP13params_structP8ap_fixedILi22ELi17EL9ap_q_mode0EL9ap_o_mode0EL_12843|       pointer|
|p_ZZ11network_topP13params_structP8ap_fixedILi22ELi17EL9ap_q_mode0EL9ap_o_mode0EL_12845         |  out|   22|      ap_vld|  p_ZZ11network_topP13params_structP8ap_fixedILi22ELi17EL9ap_q_mode0EL9ap_o_mode0EL_12845|       pointer|
|p_ZZ11network_topP13params_structP8ap_fixedILi22ELi17EL9ap_q_mode0EL9ap_o_mode0EL_12845_ap_vld  |  out|    1|      ap_vld|  p_ZZ11network_topP13params_structP8ap_fixedILi22ELi17EL9ap_q_mode0EL9ap_o_mode0EL_12845|       pointer|
|p_ZZ11network_topP13params_structP8ap_fixedILi22ELi17EL9ap_q_mode0EL9ap_o_mode0EL_12846         |  out|   22|      ap_vld|  p_ZZ11network_topP13params_structP8ap_fixedILi22ELi17EL9ap_q_mode0EL9ap_o_mode0EL_12846|       pointer|
|p_ZZ11network_topP13params_structP8ap_fixedILi22ELi17EL9ap_q_mode0EL9ap_o_mode0EL_12846_ap_vld  |  out|    1|      ap_vld|  p_ZZ11network_topP13params_structP8ap_fixedILi22ELi17EL9ap_q_mode0EL9ap_o_mode0EL_12846|       pointer|
|p_ZZ11network_topP13params_structP8ap_fixedILi22ELi17EL9ap_q_mode0EL9ap_o_mode0EL_12847         |  out|   22|      ap_vld|  p_ZZ11network_topP13params_structP8ap_fixedILi22ELi17EL9ap_q_mode0EL9ap_o_mode0EL_12847|       pointer|
|p_ZZ11network_topP13params_structP8ap_fixedILi22ELi17EL9ap_q_mode0EL9ap_o_mode0EL_12847_ap_vld  |  out|    1|      ap_vld|  p_ZZ11network_topP13params_structP8ap_fixedILi22ELi17EL9ap_q_mode0EL9ap_o_mode0EL_12847|       pointer|
|p_ZZ11network_topP13params_structP8ap_fixedILi22ELi17EL9ap_q_mode0EL9ap_o_mode0EL_12849         |  out|   22|      ap_vld|  p_ZZ11network_topP13params_structP8ap_fixedILi22ELi17EL9ap_q_mode0EL9ap_o_mode0EL_12849|       pointer|
|p_ZZ11network_topP13params_structP8ap_fixedILi22ELi17EL9ap_q_mode0EL9ap_o_mode0EL_12849_ap_vld  |  out|    1|      ap_vld|  p_ZZ11network_topP13params_structP8ap_fixedILi22ELi17EL9ap_q_mode0EL9ap_o_mode0EL_12849|       pointer|
|p_ZZ11network_topP13params_structP8ap_fixedILi22ELi17EL9ap_q_mode0EL9ap_o_mode0EL_12850         |  out|   22|      ap_vld|  p_ZZ11network_topP13params_structP8ap_fixedILi22ELi17EL9ap_q_mode0EL9ap_o_mode0EL_12850|       pointer|
|p_ZZ11network_topP13params_structP8ap_fixedILi22ELi17EL9ap_q_mode0EL9ap_o_mode0EL_12850_ap_vld  |  out|    1|      ap_vld|  p_ZZ11network_topP13params_structP8ap_fixedILi22ELi17EL9ap_q_mode0EL9ap_o_mode0EL_12850|       pointer|
|p_ZZ11network_topP13params_structP8ap_fixedILi22ELi17EL9ap_q_mode0EL9ap_o_mode0EL_12851         |  out|   22|      ap_vld|  p_ZZ11network_topP13params_structP8ap_fixedILi22ELi17EL9ap_q_mode0EL9ap_o_mode0EL_12851|       pointer|
|p_ZZ11network_topP13params_structP8ap_fixedILi22ELi17EL9ap_q_mode0EL9ap_o_mode0EL_12851_ap_vld  |  out|    1|      ap_vld|  p_ZZ11network_topP13params_structP8ap_fixedILi22ELi17EL9ap_q_mode0EL9ap_o_mode0EL_12851|       pointer|
|p_ZZ11network_topP13params_structP8ap_fixedILi22ELi17EL9ap_q_mode0EL9ap_o_mode0EL_12852         |  out|   22|      ap_vld|  p_ZZ11network_topP13params_structP8ap_fixedILi22ELi17EL9ap_q_mode0EL9ap_o_mode0EL_12852|       pointer|
|p_ZZ11network_topP13params_structP8ap_fixedILi22ELi17EL9ap_q_mode0EL9ap_o_mode0EL_12852_ap_vld  |  out|    1|      ap_vld|  p_ZZ11network_topP13params_structP8ap_fixedILi22ELi17EL9ap_q_mode0EL9ap_o_mode0EL_12852|       pointer|
|p_ZZ11network_topP13params_structP8ap_fixedILi22ELi17EL9ap_q_mode0EL9ap_o_mode0EL_12853         |  out|   22|      ap_vld|  p_ZZ11network_topP13params_structP8ap_fixedILi22ELi17EL9ap_q_mode0EL9ap_o_mode0EL_12853|       pointer|
|p_ZZ11network_topP13params_structP8ap_fixedILi22ELi17EL9ap_q_mode0EL9ap_o_mode0EL_12853_ap_vld  |  out|    1|      ap_vld|  p_ZZ11network_topP13params_structP8ap_fixedILi22ELi17EL9ap_q_mode0EL9ap_o_mode0EL_12853|       pointer|
|p_ZZ11network_topP13params_structP8ap_fixedILi22ELi17EL9ap_q_mode0EL9ap_o_mode0EL_12854         |  out|   22|      ap_vld|  p_ZZ11network_topP13params_structP8ap_fixedILi22ELi17EL9ap_q_mode0EL9ap_o_mode0EL_12854|       pointer|
|p_ZZ11network_topP13params_structP8ap_fixedILi22ELi17EL9ap_q_mode0EL9ap_o_mode0EL_12854_ap_vld  |  out|    1|      ap_vld|  p_ZZ11network_topP13params_structP8ap_fixedILi22ELi17EL9ap_q_mode0EL9ap_o_mode0EL_12854|       pointer|
|p_ZZ11network_topP13params_structP8ap_fixedILi22ELi17EL9ap_q_mode0EL9ap_o_mode0EL_12856         |  out|   22|      ap_vld|  p_ZZ11network_topP13params_structP8ap_fixedILi22ELi17EL9ap_q_mode0EL9ap_o_mode0EL_12856|       pointer|
|p_ZZ11network_topP13params_structP8ap_fixedILi22ELi17EL9ap_q_mode0EL9ap_o_mode0EL_12856_ap_vld  |  out|    1|      ap_vld|  p_ZZ11network_topP13params_structP8ap_fixedILi22ELi17EL9ap_q_mode0EL9ap_o_mode0EL_12856|       pointer|
|p_ZZ11network_topP13params_structP8ap_fixedILi22ELi17EL9ap_q_mode0EL9ap_o_mode0EL_12857         |  out|   22|      ap_vld|  p_ZZ11network_topP13params_structP8ap_fixedILi22ELi17EL9ap_q_mode0EL9ap_o_mode0EL_12857|       pointer|
|p_ZZ11network_topP13params_structP8ap_fixedILi22ELi17EL9ap_q_mode0EL9ap_o_mode0EL_12857_ap_vld  |  out|    1|      ap_vld|  p_ZZ11network_topP13params_structP8ap_fixedILi22ELi17EL9ap_q_mode0EL9ap_o_mode0EL_12857|       pointer|
|p_ZZ11network_topP13params_structP8ap_fixedILi22ELi17EL9ap_q_mode0EL9ap_o_mode0EL_12858         |  out|   22|      ap_vld|  p_ZZ11network_topP13params_structP8ap_fixedILi22ELi17EL9ap_q_mode0EL9ap_o_mode0EL_12858|       pointer|
|p_ZZ11network_topP13params_structP8ap_fixedILi22ELi17EL9ap_q_mode0EL9ap_o_mode0EL_12858_ap_vld  |  out|    1|      ap_vld|  p_ZZ11network_topP13params_structP8ap_fixedILi22ELi17EL9ap_q_mode0EL9ap_o_mode0EL_12858|       pointer|
|p_ZZ11network_topP13params_structP8ap_fixedILi22ELi17EL9ap_q_mode0EL9ap_o_mode0EL_12859         |  out|   22|      ap_vld|  p_ZZ11network_topP13params_structP8ap_fixedILi22ELi17EL9ap_q_mode0EL9ap_o_mode0EL_12859|       pointer|
|p_ZZ11network_topP13params_structP8ap_fixedILi22ELi17EL9ap_q_mode0EL9ap_o_mode0EL_12859_ap_vld  |  out|    1|      ap_vld|  p_ZZ11network_topP13params_structP8ap_fixedILi22ELi17EL9ap_q_mode0EL9ap_o_mode0EL_12859|       pointer|
|p_ZZ11network_topP13params_structP8ap_fixedILi22ELi17EL9ap_q_mode0EL9ap_o_mode0EL_12861         |  out|   22|      ap_vld|  p_ZZ11network_topP13params_structP8ap_fixedILi22ELi17EL9ap_q_mode0EL9ap_o_mode0EL_12861|       pointer|
|p_ZZ11network_topP13params_structP8ap_fixedILi22ELi17EL9ap_q_mode0EL9ap_o_mode0EL_12861_ap_vld  |  out|    1|      ap_vld|  p_ZZ11network_topP13params_structP8ap_fixedILi22ELi17EL9ap_q_mode0EL9ap_o_mode0EL_12861|       pointer|
|p_ZZ11network_topP13params_structP8ap_fixedILi22ELi17EL9ap_q_mode0EL9ap_o_mode0EL_12862         |  out|   22|      ap_vld|  p_ZZ11network_topP13params_structP8ap_fixedILi22ELi17EL9ap_q_mode0EL9ap_o_mode0EL_12862|       pointer|
|p_ZZ11network_topP13params_structP8ap_fixedILi22ELi17EL9ap_q_mode0EL9ap_o_mode0EL_12862_ap_vld  |  out|    1|      ap_vld|  p_ZZ11network_topP13params_structP8ap_fixedILi22ELi17EL9ap_q_mode0EL9ap_o_mode0EL_12862|       pointer|
|p_ZZ11network_topP13params_structP8ap_fixedILi22ELi17EL9ap_q_mode0EL9ap_o_mode0EL_12863         |  out|   22|      ap_vld|  p_ZZ11network_topP13params_structP8ap_fixedILi22ELi17EL9ap_q_mode0EL9ap_o_mode0EL_12863|       pointer|
|p_ZZ11network_topP13params_structP8ap_fixedILi22ELi17EL9ap_q_mode0EL9ap_o_mode0EL_12863_ap_vld  |  out|    1|      ap_vld|  p_ZZ11network_topP13params_structP8ap_fixedILi22ELi17EL9ap_q_mode0EL9ap_o_mode0EL_12863|       pointer|
|p_ZZ11network_topP13params_structP8ap_fixedILi22ELi17EL9ap_q_mode0EL9ap_o_mode0EL_12864         |  out|   22|      ap_vld|  p_ZZ11network_topP13params_structP8ap_fixedILi22ELi17EL9ap_q_mode0EL9ap_o_mode0EL_12864|       pointer|
|p_ZZ11network_topP13params_structP8ap_fixedILi22ELi17EL9ap_q_mode0EL9ap_o_mode0EL_12864_ap_vld  |  out|    1|      ap_vld|  p_ZZ11network_topP13params_structP8ap_fixedILi22ELi17EL9ap_q_mode0EL9ap_o_mode0EL_12864|       pointer|
|p_ZZ11network_topP13params_structP8ap_fixedILi22ELi17EL9ap_q_mode0EL9ap_o_mode0EL_12865         |  out|   22|      ap_vld|  p_ZZ11network_topP13params_structP8ap_fixedILi22ELi17EL9ap_q_mode0EL9ap_o_mode0EL_12865|       pointer|
|p_ZZ11network_topP13params_structP8ap_fixedILi22ELi17EL9ap_q_mode0EL9ap_o_mode0EL_12865_ap_vld  |  out|    1|      ap_vld|  p_ZZ11network_topP13params_structP8ap_fixedILi22ELi17EL9ap_q_mode0EL9ap_o_mode0EL_12865|       pointer|
|p_ZZ11network_topP13params_structP8ap_fixedILi22ELi17EL9ap_q_mode0EL9ap_o_mode0EL_12867         |  out|   22|      ap_vld|  p_ZZ11network_topP13params_structP8ap_fixedILi22ELi17EL9ap_q_mode0EL9ap_o_mode0EL_12867|       pointer|
|p_ZZ11network_topP13params_structP8ap_fixedILi22ELi17EL9ap_q_mode0EL9ap_o_mode0EL_12867_ap_vld  |  out|    1|      ap_vld|  p_ZZ11network_topP13params_structP8ap_fixedILi22ELi17EL9ap_q_mode0EL9ap_o_mode0EL_12867|       pointer|
|p_ZZ11network_topP13params_structP8ap_fixedILi22ELi17EL9ap_q_mode0EL9ap_o_mode0EL_12868         |  out|   22|      ap_vld|  p_ZZ11network_topP13params_structP8ap_fixedILi22ELi17EL9ap_q_mode0EL9ap_o_mode0EL_12868|       pointer|
|p_ZZ11network_topP13params_structP8ap_fixedILi22ELi17EL9ap_q_mode0EL9ap_o_mode0EL_12868_ap_vld  |  out|    1|      ap_vld|  p_ZZ11network_topP13params_structP8ap_fixedILi22ELi17EL9ap_q_mode0EL9ap_o_mode0EL_12868|       pointer|
|p_ZZ11network_topP13params_structP8ap_fixedILi22ELi17EL9ap_q_mode0EL9ap_o_mode0EL_12869         |  out|   22|      ap_vld|  p_ZZ11network_topP13params_structP8ap_fixedILi22ELi17EL9ap_q_mode0EL9ap_o_mode0EL_12869|       pointer|
|p_ZZ11network_topP13params_structP8ap_fixedILi22ELi17EL9ap_q_mode0EL9ap_o_mode0EL_12869_ap_vld  |  out|    1|      ap_vld|  p_ZZ11network_topP13params_structP8ap_fixedILi22ELi17EL9ap_q_mode0EL9ap_o_mode0EL_12869|       pointer|
|p_ZZ11network_topP13params_structP8ap_fixedILi22ELi17EL9ap_q_mode0EL9ap_o_mode0EL_12870         |  out|   22|      ap_vld|  p_ZZ11network_topP13params_structP8ap_fixedILi22ELi17EL9ap_q_mode0EL9ap_o_mode0EL_12870|       pointer|
|p_ZZ11network_topP13params_structP8ap_fixedILi22ELi17EL9ap_q_mode0EL9ap_o_mode0EL_12870_ap_vld  |  out|    1|      ap_vld|  p_ZZ11network_topP13params_structP8ap_fixedILi22ELi17EL9ap_q_mode0EL9ap_o_mode0EL_12870|       pointer|
|p_ZZ11network_topP13params_structP8ap_fixedILi22ELi17EL9ap_q_mode0EL9ap_o_mode0EL_12871         |  out|   22|      ap_vld|  p_ZZ11network_topP13params_structP8ap_fixedILi22ELi17EL9ap_q_mode0EL9ap_o_mode0EL_12871|       pointer|
|p_ZZ11network_topP13params_structP8ap_fixedILi22ELi17EL9ap_q_mode0EL9ap_o_mode0EL_12871_ap_vld  |  out|    1|      ap_vld|  p_ZZ11network_topP13params_structP8ap_fixedILi22ELi17EL9ap_q_mode0EL9ap_o_mode0EL_12871|       pointer|
|p_ZZ11network_topP13params_structP8ap_fixedILi22ELi17EL9ap_q_mode0EL9ap_o_mode0EL_12873         |  out|   22|      ap_vld|  p_ZZ11network_topP13params_structP8ap_fixedILi22ELi17EL9ap_q_mode0EL9ap_o_mode0EL_12873|       pointer|
|p_ZZ11network_topP13params_structP8ap_fixedILi22ELi17EL9ap_q_mode0EL9ap_o_mode0EL_12873_ap_vld  |  out|    1|      ap_vld|  p_ZZ11network_topP13params_structP8ap_fixedILi22ELi17EL9ap_q_mode0EL9ap_o_mode0EL_12873|       pointer|
|p_ZZ11network_topP13params_structP8ap_fixedILi22ELi17EL9ap_q_mode0EL9ap_o_mode0EL_12874         |  out|   22|      ap_vld|  p_ZZ11network_topP13params_structP8ap_fixedILi22ELi17EL9ap_q_mode0EL9ap_o_mode0EL_12874|       pointer|
|p_ZZ11network_topP13params_structP8ap_fixedILi22ELi17EL9ap_q_mode0EL9ap_o_mode0EL_12874_ap_vld  |  out|    1|      ap_vld|  p_ZZ11network_topP13params_structP8ap_fixedILi22ELi17EL9ap_q_mode0EL9ap_o_mode0EL_12874|       pointer|
|p_ZZ11network_topP13params_structP8ap_fixedILi22ELi17EL9ap_q_mode0EL9ap_o_mode0EL_12875         |  out|   22|      ap_vld|  p_ZZ11network_topP13params_structP8ap_fixedILi22ELi17EL9ap_q_mode0EL9ap_o_mode0EL_12875|       pointer|
|p_ZZ11network_topP13params_structP8ap_fixedILi22ELi17EL9ap_q_mode0EL9ap_o_mode0EL_12875_ap_vld  |  out|    1|      ap_vld|  p_ZZ11network_topP13params_structP8ap_fixedILi22ELi17EL9ap_q_mode0EL9ap_o_mode0EL_12875|       pointer|
|p_ZZ11network_topP13params_structP8ap_fixedILi22ELi17EL9ap_q_mode0EL9ap_o_mode0EL_12876         |  out|   22|      ap_vld|  p_ZZ11network_topP13params_structP8ap_fixedILi22ELi17EL9ap_q_mode0EL9ap_o_mode0EL_12876|       pointer|
|p_ZZ11network_topP13params_structP8ap_fixedILi22ELi17EL9ap_q_mode0EL9ap_o_mode0EL_12876_ap_vld  |  out|    1|      ap_vld|  p_ZZ11network_topP13params_structP8ap_fixedILi22ELi17EL9ap_q_mode0EL9ap_o_mode0EL_12876|       pointer|
|p_ZZ11network_topP13params_structP8ap_fixedILi22ELi17EL9ap_q_mode0EL9ap_o_mode0EL_12878         |  out|   22|      ap_vld|  p_ZZ11network_topP13params_structP8ap_fixedILi22ELi17EL9ap_q_mode0EL9ap_o_mode0EL_12878|       pointer|
|p_ZZ11network_topP13params_structP8ap_fixedILi22ELi17EL9ap_q_mode0EL9ap_o_mode0EL_12878_ap_vld  |  out|    1|      ap_vld|  p_ZZ11network_topP13params_structP8ap_fixedILi22ELi17EL9ap_q_mode0EL9ap_o_mode0EL_12878|       pointer|
|p_ZZ11network_topP13params_structP8ap_fixedILi22ELi17EL9ap_q_mode0EL9ap_o_mode0EL_12879         |  out|   22|      ap_vld|  p_ZZ11network_topP13params_structP8ap_fixedILi22ELi17EL9ap_q_mode0EL9ap_o_mode0EL_12879|       pointer|
|p_ZZ11network_topP13params_structP8ap_fixedILi22ELi17EL9ap_q_mode0EL9ap_o_mode0EL_12879_ap_vld  |  out|    1|      ap_vld|  p_ZZ11network_topP13params_structP8ap_fixedILi22ELi17EL9ap_q_mode0EL9ap_o_mode0EL_12879|       pointer|
|p_ZZ11network_topP13params_structP8ap_fixedILi22ELi17EL9ap_q_mode0EL9ap_o_mode0EL_12880         |  out|   22|      ap_vld|  p_ZZ11network_topP13params_structP8ap_fixedILi22ELi17EL9ap_q_mode0EL9ap_o_mode0EL_12880|       pointer|
|p_ZZ11network_topP13params_structP8ap_fixedILi22ELi17EL9ap_q_mode0EL9ap_o_mode0EL_12880_ap_vld  |  out|    1|      ap_vld|  p_ZZ11network_topP13params_structP8ap_fixedILi22ELi17EL9ap_q_mode0EL9ap_o_mode0EL_12880|       pointer|
|p_ZZ11network_topP13params_structP8ap_fixedILi22ELi17EL9ap_q_mode0EL9ap_o_mode0EL_12881         |  out|   22|      ap_vld|  p_ZZ11network_topP13params_structP8ap_fixedILi22ELi17EL9ap_q_mode0EL9ap_o_mode0EL_12881|       pointer|
|p_ZZ11network_topP13params_structP8ap_fixedILi22ELi17EL9ap_q_mode0EL9ap_o_mode0EL_12881_ap_vld  |  out|    1|      ap_vld|  p_ZZ11network_topP13params_structP8ap_fixedILi22ELi17EL9ap_q_mode0EL9ap_o_mode0EL_12881|       pointer|
|p_ZZ11network_topP13params_structP8ap_fixedILi22ELi17EL9ap_q_mode0EL9ap_o_mode0EL_12882         |  out|   22|      ap_vld|  p_ZZ11network_topP13params_structP8ap_fixedILi22ELi17EL9ap_q_mode0EL9ap_o_mode0EL_12882|       pointer|
|p_ZZ11network_topP13params_structP8ap_fixedILi22ELi17EL9ap_q_mode0EL9ap_o_mode0EL_12882_ap_vld  |  out|    1|      ap_vld|  p_ZZ11network_topP13params_structP8ap_fixedILi22ELi17EL9ap_q_mode0EL9ap_o_mode0EL_12882|       pointer|
|p_ZZ11network_topP13params_structP8ap_fixedILi22ELi17EL9ap_q_mode0EL9ap_o_mode0EL_12883         |  out|   22|      ap_vld|  p_ZZ11network_topP13params_structP8ap_fixedILi22ELi17EL9ap_q_mode0EL9ap_o_mode0EL_12883|       pointer|
|p_ZZ11network_topP13params_structP8ap_fixedILi22ELi17EL9ap_q_mode0EL9ap_o_mode0EL_12883_ap_vld  |  out|    1|      ap_vld|  p_ZZ11network_topP13params_structP8ap_fixedILi22ELi17EL9ap_q_mode0EL9ap_o_mode0EL_12883|       pointer|
|p_ZZ11network_topP13params_structP8ap_fixedILi22ELi17EL9ap_q_mode0EL9ap_o_mode0EL_12885         |  out|   22|      ap_vld|  p_ZZ11network_topP13params_structP8ap_fixedILi22ELi17EL9ap_q_mode0EL9ap_o_mode0EL_12885|       pointer|
|p_ZZ11network_topP13params_structP8ap_fixedILi22ELi17EL9ap_q_mode0EL9ap_o_mode0EL_12885_ap_vld  |  out|    1|      ap_vld|  p_ZZ11network_topP13params_structP8ap_fixedILi22ELi17EL9ap_q_mode0EL9ap_o_mode0EL_12885|       pointer|
|p_ZZ11network_topP13params_structP8ap_fixedILi22ELi17EL9ap_q_mode0EL9ap_o_mode0EL_12886         |  out|   22|      ap_vld|  p_ZZ11network_topP13params_structP8ap_fixedILi22ELi17EL9ap_q_mode0EL9ap_o_mode0EL_12886|       pointer|
|p_ZZ11network_topP13params_structP8ap_fixedILi22ELi17EL9ap_q_mode0EL9ap_o_mode0EL_12886_ap_vld  |  out|    1|      ap_vld|  p_ZZ11network_topP13params_structP8ap_fixedILi22ELi17EL9ap_q_mode0EL9ap_o_mode0EL_12886|       pointer|
|p_ZZ11network_topP13params_structP8ap_fixedILi22ELi17EL9ap_q_mode0EL9ap_o_mode0EL_12887         |  out|   22|      ap_vld|  p_ZZ11network_topP13params_structP8ap_fixedILi22ELi17EL9ap_q_mode0EL9ap_o_mode0EL_12887|       pointer|
|p_ZZ11network_topP13params_structP8ap_fixedILi22ELi17EL9ap_q_mode0EL9ap_o_mode0EL_12887_ap_vld  |  out|    1|      ap_vld|  p_ZZ11network_topP13params_structP8ap_fixedILi22ELi17EL9ap_q_mode0EL9ap_o_mode0EL_12887|       pointer|
|p_ZZ11network_topP13params_structP8ap_fixedILi22ELi17EL9ap_q_mode0EL9ap_o_mode0EL_12889         |  out|   22|      ap_vld|  p_ZZ11network_topP13params_structP8ap_fixedILi22ELi17EL9ap_q_mode0EL9ap_o_mode0EL_12889|       pointer|
|p_ZZ11network_topP13params_structP8ap_fixedILi22ELi17EL9ap_q_mode0EL9ap_o_mode0EL_12889_ap_vld  |  out|    1|      ap_vld|  p_ZZ11network_topP13params_structP8ap_fixedILi22ELi17EL9ap_q_mode0EL9ap_o_mode0EL_12889|       pointer|
|p_ZZ11network_topP13params_structP8ap_fixedILi22ELi17EL9ap_q_mode0EL9ap_o_mode0EL_12890         |  out|   22|      ap_vld|  p_ZZ11network_topP13params_structP8ap_fixedILi22ELi17EL9ap_q_mode0EL9ap_o_mode0EL_12890|       pointer|
|p_ZZ11network_topP13params_structP8ap_fixedILi22ELi17EL9ap_q_mode0EL9ap_o_mode0EL_12890_ap_vld  |  out|    1|      ap_vld|  p_ZZ11network_topP13params_structP8ap_fixedILi22ELi17EL9ap_q_mode0EL9ap_o_mode0EL_12890|       pointer|
|p_ZZ11network_topP13params_structP8ap_fixedILi22ELi17EL9ap_q_mode0EL9ap_o_mode0EL_12891         |  out|   22|      ap_vld|  p_ZZ11network_topP13params_structP8ap_fixedILi22ELi17EL9ap_q_mode0EL9ap_o_mode0EL_12891|       pointer|
|p_ZZ11network_topP13params_structP8ap_fixedILi22ELi17EL9ap_q_mode0EL9ap_o_mode0EL_12891_ap_vld  |  out|    1|      ap_vld|  p_ZZ11network_topP13params_structP8ap_fixedILi22ELi17EL9ap_q_mode0EL9ap_o_mode0EL_12891|       pointer|
|p_ZZ11network_topP13params_structP8ap_fixedILi22ELi17EL9ap_q_mode0EL9ap_o_mode0EL_12892         |  out|   22|      ap_vld|  p_ZZ11network_topP13params_structP8ap_fixedILi22ELi17EL9ap_q_mode0EL9ap_o_mode0EL_12892|       pointer|
|p_ZZ11network_topP13params_structP8ap_fixedILi22ELi17EL9ap_q_mode0EL9ap_o_mode0EL_12892_ap_vld  |  out|    1|      ap_vld|  p_ZZ11network_topP13params_structP8ap_fixedILi22ELi17EL9ap_q_mode0EL9ap_o_mode0EL_12892|       pointer|
|p_ZZ11network_topP13params_structP8ap_fixedILi22ELi17EL9ap_q_mode0EL9ap_o_mode0EL_12893         |  out|   22|      ap_vld|  p_ZZ11network_topP13params_structP8ap_fixedILi22ELi17EL9ap_q_mode0EL9ap_o_mode0EL_12893|       pointer|
|p_ZZ11network_topP13params_structP8ap_fixedILi22ELi17EL9ap_q_mode0EL9ap_o_mode0EL_12893_ap_vld  |  out|    1|      ap_vld|  p_ZZ11network_topP13params_structP8ap_fixedILi22ELi17EL9ap_q_mode0EL9ap_o_mode0EL_12893|       pointer|
|p_ZZ11network_topP13params_structP8ap_fixedILi22ELi17EL9ap_q_mode0EL9ap_o_mode0EL_12894         |  out|   22|      ap_vld|  p_ZZ11network_topP13params_structP8ap_fixedILi22ELi17EL9ap_q_mode0EL9ap_o_mode0EL_12894|       pointer|
|p_ZZ11network_topP13params_structP8ap_fixedILi22ELi17EL9ap_q_mode0EL9ap_o_mode0EL_12894_ap_vld  |  out|    1|      ap_vld|  p_ZZ11network_topP13params_structP8ap_fixedILi22ELi17EL9ap_q_mode0EL9ap_o_mode0EL_12894|       pointer|
|p_ZZ11network_topP13params_structP8ap_fixedILi22ELi17EL9ap_q_mode0EL9ap_o_mode0EL_12895         |  out|   22|      ap_vld|  p_ZZ11network_topP13params_structP8ap_fixedILi22ELi17EL9ap_q_mode0EL9ap_o_mode0EL_12895|       pointer|
|p_ZZ11network_topP13params_structP8ap_fixedILi22ELi17EL9ap_q_mode0EL9ap_o_mode0EL_12895_ap_vld  |  out|    1|      ap_vld|  p_ZZ11network_topP13params_structP8ap_fixedILi22ELi17EL9ap_q_mode0EL9ap_o_mode0EL_12895|       pointer|
|p_ZZ11network_topP13params_structP8ap_fixedILi22ELi17EL9ap_q_mode0EL9ap_o_mode0EL_12897         |  out|   22|      ap_vld|  p_ZZ11network_topP13params_structP8ap_fixedILi22ELi17EL9ap_q_mode0EL9ap_o_mode0EL_12897|       pointer|
|p_ZZ11network_topP13params_structP8ap_fixedILi22ELi17EL9ap_q_mode0EL9ap_o_mode0EL_12897_ap_vld  |  out|    1|      ap_vld|  p_ZZ11network_topP13params_structP8ap_fixedILi22ELi17EL9ap_q_mode0EL9ap_o_mode0EL_12897|       pointer|
|p_ZZ11network_topP13params_structP8ap_fixedILi22ELi17EL9ap_q_mode0EL9ap_o_mode0EL_12898         |  out|   22|      ap_vld|  p_ZZ11network_topP13params_structP8ap_fixedILi22ELi17EL9ap_q_mode0EL9ap_o_mode0EL_12898|       pointer|
|p_ZZ11network_topP13params_structP8ap_fixedILi22ELi17EL9ap_q_mode0EL9ap_o_mode0EL_12898_ap_vld  |  out|    1|      ap_vld|  p_ZZ11network_topP13params_structP8ap_fixedILi22ELi17EL9ap_q_mode0EL9ap_o_mode0EL_12898|       pointer|
|p_ZZ11network_topP13params_structP8ap_fixedILi22ELi17EL9ap_q_mode0EL9ap_o_mode0EL_12900         |  out|   22|      ap_vld|  p_ZZ11network_topP13params_structP8ap_fixedILi22ELi17EL9ap_q_mode0EL9ap_o_mode0EL_12900|       pointer|
|p_ZZ11network_topP13params_structP8ap_fixedILi22ELi17EL9ap_q_mode0EL9ap_o_mode0EL_12900_ap_vld  |  out|    1|      ap_vld|  p_ZZ11network_topP13params_structP8ap_fixedILi22ELi17EL9ap_q_mode0EL9ap_o_mode0EL_12900|       pointer|
|p_ZZ11network_topP13params_structP8ap_fixedILi22ELi17EL9ap_q_mode0EL9ap_o_mode0EL_12901         |  out|   22|      ap_vld|  p_ZZ11network_topP13params_structP8ap_fixedILi22ELi17EL9ap_q_mode0EL9ap_o_mode0EL_12901|       pointer|
|p_ZZ11network_topP13params_structP8ap_fixedILi22ELi17EL9ap_q_mode0EL9ap_o_mode0EL_12901_ap_vld  |  out|    1|      ap_vld|  p_ZZ11network_topP13params_structP8ap_fixedILi22ELi17EL9ap_q_mode0EL9ap_o_mode0EL_12901|       pointer|
|p_ZZ11network_topP13params_structP8ap_fixedILi22ELi17EL9ap_q_mode0EL9ap_o_mode0EL_12902         |  out|   22|      ap_vld|  p_ZZ11network_topP13params_structP8ap_fixedILi22ELi17EL9ap_q_mode0EL9ap_o_mode0EL_12902|       pointer|
|p_ZZ11network_topP13params_structP8ap_fixedILi22ELi17EL9ap_q_mode0EL9ap_o_mode0EL_12902_ap_vld  |  out|    1|      ap_vld|  p_ZZ11network_topP13params_structP8ap_fixedILi22ELi17EL9ap_q_mode0EL9ap_o_mode0EL_12902|       pointer|
|p_ZZ11network_topP13params_structP8ap_fixedILi22ELi17EL9ap_q_mode0EL9ap_o_mode0EL_12903         |  out|   22|      ap_vld|  p_ZZ11network_topP13params_structP8ap_fixedILi22ELi17EL9ap_q_mode0EL9ap_o_mode0EL_12903|       pointer|
|p_ZZ11network_topP13params_structP8ap_fixedILi22ELi17EL9ap_q_mode0EL9ap_o_mode0EL_12903_ap_vld  |  out|    1|      ap_vld|  p_ZZ11network_topP13params_structP8ap_fixedILi22ELi17EL9ap_q_mode0EL9ap_o_mode0EL_12903|       pointer|
|p_ZZ11network_topP13params_structP8ap_fixedILi22ELi17EL9ap_q_mode0EL9ap_o_mode0EL_12904         |  out|   22|      ap_vld|  p_ZZ11network_topP13params_structP8ap_fixedILi22ELi17EL9ap_q_mode0EL9ap_o_mode0EL_12904|       pointer|
|p_ZZ11network_topP13params_structP8ap_fixedILi22ELi17EL9ap_q_mode0EL9ap_o_mode0EL_12904_ap_vld  |  out|    1|      ap_vld|  p_ZZ11network_topP13params_structP8ap_fixedILi22ELi17EL9ap_q_mode0EL9ap_o_mode0EL_12904|       pointer|
|p_ZZ11network_topP13params_structP8ap_fixedILi22ELi17EL9ap_q_mode0EL9ap_o_mode0EL_12905         |  out|   22|      ap_vld|  p_ZZ11network_topP13params_structP8ap_fixedILi22ELi17EL9ap_q_mode0EL9ap_o_mode0EL_12905|       pointer|
|p_ZZ11network_topP13params_structP8ap_fixedILi22ELi17EL9ap_q_mode0EL9ap_o_mode0EL_12905_ap_vld  |  out|    1|      ap_vld|  p_ZZ11network_topP13params_structP8ap_fixedILi22ELi17EL9ap_q_mode0EL9ap_o_mode0EL_12905|       pointer|
|p_ZZ11network_topP13params_structP8ap_fixedILi22ELi17EL9ap_q_mode0EL9ap_o_mode0EL_12906         |  out|   22|      ap_vld|  p_ZZ11network_topP13params_structP8ap_fixedILi22ELi17EL9ap_q_mode0EL9ap_o_mode0EL_12906|       pointer|
|p_ZZ11network_topP13params_structP8ap_fixedILi22ELi17EL9ap_q_mode0EL9ap_o_mode0EL_12906_ap_vld  |  out|    1|      ap_vld|  p_ZZ11network_topP13params_structP8ap_fixedILi22ELi17EL9ap_q_mode0EL9ap_o_mode0EL_12906|       pointer|
|p_ZZ11network_topP13params_structP8ap_fixedILi22ELi17EL9ap_q_mode0EL9ap_o_mode0EL_12907         |  out|   22|      ap_vld|  p_ZZ11network_topP13params_structP8ap_fixedILi22ELi17EL9ap_q_mode0EL9ap_o_mode0EL_12907|       pointer|
|p_ZZ11network_topP13params_structP8ap_fixedILi22ELi17EL9ap_q_mode0EL9ap_o_mode0EL_12907_ap_vld  |  out|    1|      ap_vld|  p_ZZ11network_topP13params_structP8ap_fixedILi22ELi17EL9ap_q_mode0EL9ap_o_mode0EL_12907|       pointer|
+------------------------------------------------------------------------------------------------+-----+-----+------------+-----------------------------------------------------------------------------------------+--------------+

