

================================================================
== Vitis HLS Report for 'network_top_Pipeline_load_weight2_matrix_inner_loop73'
================================================================
* Date:           Wed Oct 18 18:28:58 2023

* Version:        2023.1 (Build 3854077 on May  4 2023)
* Project:        matrix_test2
* Solution:       solution1 (Vivado IP Flow Target)
* Product family: zynquplus
* Target device:  xczu7ev-ffvc1156-2-e


================================================================
== Performance Estimates
================================================================
+ Timing: 
    * Summary: 
    +--------+---------+----------+------------+
    |  Clock |  Target | Estimated| Uncertainty|
    +--------+---------+----------+------------+
    |ap_clk  |  0.35 us|  0.256 us|    94.50 ns|
    +--------+---------+----------+------------+

+ Latency: 
    * Summary: 
    +---------+---------+-----------+-----------+-----+-----+---------+
    |  Latency (cycles) |   Latency (absolute)  |  Interval | Pipeline|
    |   min   |   max   |    min    |    max    | min | max |   Type  |
    +---------+---------+-----------+-----------+-----+-----+---------+
    |       90|       90|  31.500 us|  31.500 us|   90|   90|       no|
    +---------+---------+-----------+-----------+-----+-----+---------+

    + Detail: 
        * Instance: 
        N/A

        * Loop: 
        +----------------------------------+---------+---------+----------+-----------+-----------+------+----------+
        |                                  |  Latency (cycles) | Iteration|  Initiation Interval  | Trip |          |
        |             Loop Name            |   min   |   max   |  Latency |  achieved |   target  | Count| Pipelined|
        +----------------------------------+---------+---------+----------+-----------+-----------+------+----------+
        |- load_weight2_matrix_inner_loop  |       88|       88|        10|          1|          1|    80|       yes|
        +----------------------------------+---------+---------+----------+-----------+-----------+------+----------+



================================================================
== Utilization Estimates
================================================================
* Summary: 
+-----------------+---------+------+--------+--------+-----+
|       Name      | BRAM_18K|  DSP |   FF   |   LUT  | URAM|
+-----------------+---------+------+--------+--------+-----+
|DSP              |        -|     -|       -|       -|    -|
|Expression       |        -|     -|       0|     187|    -|
|FIFO             |        -|     -|       -|       -|    -|
|Instance         |        -|     0|       0|       5|    -|
|Memory           |        -|     -|       -|       -|    -|
|Multiplexer      |        -|     -|       -|      99|    -|
|Register         |        -|     -|     183|      32|    -|
+-----------------+---------+------+--------+--------+-----+
|Total            |        0|     0|     183|     323|    0|
+-----------------+---------+------+--------+--------+-----+
|Available        |      624|  1728|  460800|  230400|   96|
+-----------------+---------+------+--------+--------+-----+
|Utilization (%)  |        0|     0|      ~0|      ~0|    0|
+-----------------+---------+------+--------+--------+-----+

+ Detail: 
    * Instance: 
    +---------------------------+---------------------+---------+----+---+----+-----+
    |          Instance         |        Module       | BRAM_18K| DSP| FF| LUT| URAM|
    +---------------------------+---------------------+---------+----+---+----+-----+
    |mul_3ns_11ns_12_1_1_U6144  |mul_3ns_11ns_12_1_1  |        0|   0|  0|   5|    0|
    +---------------------------+---------------------+---------+----+---+----+-----+
    |Total                      |                     |        0|   0|  0|   5|    0|
    +---------------------------+---------------------+---------+----+---+----+-----+

    * DSP: 
    N/A

    * Memory: 
    N/A

    * FIFO: 
    N/A

    * Expression: 
    +---------------------------+----------+----+---+----+------------+------------+
    |       Variable Name       | Operation| DSP| FF| LUT| Bitwidth P0| Bitwidth P1|
    +---------------------------+----------+----+---+----+------------+------------+
    |add_ln217_6_fu_565_p2      |         +|   0|  0|  14|           7|           1|
    |add_ln217_fu_448_p2        |         +|   0|  0|  14|           7|           1|
    |add_ln219_11_fu_518_p2     |         +|   0|  0|  20|          13|          10|
    |add_ln219_12_fu_536_p2     |         +|   0|  0|  71|          64|          64|
    |next_mul605_fu_460_p2      |         +|   0|  0|  22|          15|           8|
    |icmp_ln217_6_fu_571_p2     |      icmp|   0|  0|  14|           7|           5|
    |icmp_ln217_fu_442_p2       |      icmp|   0|  0|  14|           7|           7|
    |ap_block_pp0_stage0_11001  |        or|   0|  0|   2|           1|           1|
    |or_ln219_fu_490_p2         |        or|   0|  0|   7|           7|           7|
    |select_ln217_fu_577_p3     |    select|   0|  0|   7|           1|           7|
    |ap_enable_pp0              |       xor|   0|  0|   2|           1|           2|
    +---------------------------+----------+----+---+----+------------+------------+
    |Total                      |          |   0|  0| 187|         130|         113|
    +---------------------------+----------+----+---+----+------------+------------+

    * Multiplexer: 
    +-------------------------------------+----+-----------+-----+-----------+
    |                 Name                | LUT| Input Size| Bits| Total Bits|
    +-------------------------------------+----+-----------+-----+-----------+
    |ap_done_int                          |   9|          2|    1|          2|
    |ap_enable_reg_pp0_iter1              |   9|          2|    1|          2|
    |ap_sig_allocacmp_c_46                |   9|          2|    7|         14|
    |ap_sig_allocacmp_phi_mul604_load     |   9|          2|   15|         30|
    |ap_sig_allocacmp_phi_urem606_load    |   9|          2|    7|         14|
    |ap_sig_allocacmp_phi_urem606_load_1  |   9|          2|    7|         14|
    |c_fu_402                             |   9|          2|    7|         14|
    |gmem_blk_n_AR                        |   9|          2|    1|          2|
    |gmem_blk_n_R                         |   9|          2|    1|          2|
    |phi_mul604_fu_398                    |   9|          2|   15|         30|
    |phi_urem606_fu_394                   |   9|          2|    7|         14|
    +-------------------------------------+----+-----------+-----+-----------+
    |Total                                |  99|         22|   69|        138|
    +-------------------------------------+----+-----------+-----+-----------+

    * Register: 
    +----------------------------------+----+----+-----+-----------+
    |               Name               | FF | LUT| Bits| Const Bits|
    +----------------------------------+----+----+-----+-----------+
    |ap_CS_fsm                         |   1|   0|    1|          0|
    |ap_done_reg                       |   1|   0|    1|          0|
    |ap_enable_reg_pp0_iter1           |   1|   0|    1|          0|
    |ap_enable_reg_pp0_iter2           |   1|   0|    1|          0|
    |ap_enable_reg_pp0_iter3           |   1|   0|    1|          0|
    |ap_enable_reg_pp0_iter4           |   1|   0|    1|          0|
    |ap_enable_reg_pp0_iter5           |   1|   0|    1|          0|
    |ap_enable_reg_pp0_iter6           |   1|   0|    1|          0|
    |ap_enable_reg_pp0_iter7           |   1|   0|    1|          0|
    |ap_enable_reg_pp0_iter8           |   1|   0|    1|          0|
    |ap_enable_reg_pp0_iter9           |   1|   0|    1|          0|
    |ap_loop_exit_ready_pp0_iter1_reg  |   1|   0|    1|          0|
    |ap_loop_exit_ready_pp0_iter2_reg  |   1|   0|    1|          0|
    |ap_loop_exit_ready_pp0_iter3_reg  |   1|   0|    1|          0|
    |ap_loop_exit_ready_pp0_iter4_reg  |   1|   0|    1|          0|
    |ap_loop_exit_ready_pp0_iter5_reg  |   1|   0|    1|          0|
    |ap_loop_exit_ready_pp0_iter6_reg  |   1|   0|    1|          0|
    |ap_loop_exit_ready_pp0_iter7_reg  |   1|   0|    1|          0|
    |ap_loop_exit_ready_pp0_iter8_reg  |   1|   0|    1|          0|
    |c_46_reg_1106                     |   7|   0|    7|          0|
    |c_fu_402                          |   7|   0|    7|          0|
    |gmem_addr_reg_1114                |  64|   0|   64|          0|
    |phi_mul604_fu_398                 |  15|   0|   15|          0|
    |phi_urem606_fu_394                |   7|   0|    7|          0|
    |c_46_reg_1106                     |  64|  32|    7|          0|
    +----------------------------------+----+----+-----+-----------+
    |Total                             | 183|  32|  126|          0|
    +----------------------------------+----+----+-----+-----------+



================================================================
== Interface
================================================================
* Summary: 
+------------------------------------------------------------------------------------------------+-----+-----+------------+-----------------------------------------------------------------------------------------+--------------+
|                                            RTL Ports                                           | Dir | Bits|  Protocol  |                                      Source Object                                      |    C Type    |
+------------------------------------------------------------------------------------------------+-----+-----+------------+-----------------------------------------------------------------------------------------+--------------+
|ap_clk                                                                                          |   in|    1|  ap_ctrl_hs|                                    network_top_Pipeline_load_weight2_matrix_inner_loop73|  return value|
|ap_rst                                                                                          |   in|    1|  ap_ctrl_hs|                                    network_top_Pipeline_load_weight2_matrix_inner_loop73|  return value|
|ap_start                                                                                        |   in|    1|  ap_ctrl_hs|                                    network_top_Pipeline_load_weight2_matrix_inner_loop73|  return value|
|ap_done                                                                                         |  out|    1|  ap_ctrl_hs|                                    network_top_Pipeline_load_weight2_matrix_inner_loop73|  return value|
|ap_idle                                                                                         |  out|    1|  ap_ctrl_hs|                                    network_top_Pipeline_load_weight2_matrix_inner_loop73|  return value|
|ap_ready                                                                                        |  out|    1|  ap_ctrl_hs|                                    network_top_Pipeline_load_weight2_matrix_inner_loop73|  return value|
|m_axi_gmem_AWVALID                                                                              |  out|    1|       m_axi|                                                                                     gmem|       pointer|
|m_axi_gmem_AWREADY                                                                              |   in|    1|       m_axi|                                                                                     gmem|       pointer|
|m_axi_gmem_AWADDR                                                                               |  out|   64|       m_axi|                                                                                     gmem|       pointer|
|m_axi_gmem_AWID                                                                                 |  out|    1|       m_axi|                                                                                     gmem|       pointer|
|m_axi_gmem_AWLEN                                                                                |  out|   32|       m_axi|                                                                                     gmem|       pointer|
|m_axi_gmem_AWSIZE                                                                               |  out|    3|       m_axi|                                                                                     gmem|       pointer|
|m_axi_gmem_AWBURST                                                                              |  out|    2|       m_axi|                                                                                     gmem|       pointer|
|m_axi_gmem_AWLOCK                                                                               |  out|    2|       m_axi|                                                                                     gmem|       pointer|
|m_axi_gmem_AWCACHE                                                                              |  out|    4|       m_axi|                                                                                     gmem|       pointer|
|m_axi_gmem_AWPROT                                                                               |  out|    3|       m_axi|                                                                                     gmem|       pointer|
|m_axi_gmem_AWQOS                                                                                |  out|    4|       m_axi|                                                                                     gmem|       pointer|
|m_axi_gmem_AWREGION                                                                             |  out|    4|       m_axi|                                                                                     gmem|       pointer|
|m_axi_gmem_AWUSER                                                                               |  out|    1|       m_axi|                                                                                     gmem|       pointer|
|m_axi_gmem_WVALID                                                                               |  out|    1|       m_axi|                                                                                     gmem|       pointer|
|m_axi_gmem_WREADY                                                                               |   in|    1|       m_axi|                                                                                     gmem|       pointer|
|m_axi_gmem_WDATA                                                                                |  out|   32|       m_axi|                                                                                     gmem|       pointer|
|m_axi_gmem_WSTRB                                                                                |  out|    4|       m_axi|                                                                                     gmem|       pointer|
|m_axi_gmem_WLAST                                                                                |  out|    1|       m_axi|                                                                                     gmem|       pointer|
|m_axi_gmem_WID                                                                                  |  out|    1|       m_axi|                                                                                     gmem|       pointer|
|m_axi_gmem_WUSER                                                                                |  out|    1|       m_axi|                                                                                     gmem|       pointer|
|m_axi_gmem_ARVALID                                                                              |  out|    1|       m_axi|                                                                                     gmem|       pointer|
|m_axi_gmem_ARREADY                                                                              |   in|    1|       m_axi|                                                                                     gmem|       pointer|
|m_axi_gmem_ARADDR                                                                               |  out|   64|       m_axi|                                                                                     gmem|       pointer|
|m_axi_gmem_ARID                                                                                 |  out|    1|       m_axi|                                                                                     gmem|       pointer|
|m_axi_gmem_ARLEN                                                                                |  out|   32|       m_axi|                                                                                     gmem|       pointer|
|m_axi_gmem_ARSIZE                                                                               |  out|    3|       m_axi|                                                                                     gmem|       pointer|
|m_axi_gmem_ARBURST                                                                              |  out|    2|       m_axi|                                                                                     gmem|       pointer|
|m_axi_gmem_ARLOCK                                                                               |  out|    2|       m_axi|                                                                                     gmem|       pointer|
|m_axi_gmem_ARCACHE                                                                              |  out|    4|       m_axi|                                                                                     gmem|       pointer|
|m_axi_gmem_ARPROT                                                                               |  out|    3|       m_axi|                                                                                     gmem|       pointer|
|m_axi_gmem_ARQOS                                                                                |  out|    4|       m_axi|                                                                                     gmem|       pointer|
|m_axi_gmem_ARREGION                                                                             |  out|    4|       m_axi|                                                                                     gmem|       pointer|
|m_axi_gmem_ARUSER                                                                               |  out|    1|       m_axi|                                                                                     gmem|       pointer|
|m_axi_gmem_RVALID                                                                               |   in|    1|       m_axi|                                                                                     gmem|       pointer|
|m_axi_gmem_RREADY                                                                               |  out|    1|       m_axi|                                                                                     gmem|       pointer|
|m_axi_gmem_RDATA                                                                                |   in|   32|       m_axi|                                                                                     gmem|       pointer|
|m_axi_gmem_RLAST                                                                                |   in|    1|       m_axi|                                                                                     gmem|       pointer|
|m_axi_gmem_RID                                                                                  |   in|    1|       m_axi|                                                                                     gmem|       pointer|
|m_axi_gmem_RFIFONUM                                                                             |   in|    9|       m_axi|                                                                                     gmem|       pointer|
|m_axi_gmem_RUSER                                                                                |   in|    1|       m_axi|                                                                                     gmem|       pointer|
|m_axi_gmem_RRESP                                                                                |   in|    2|       m_axi|                                                                                     gmem|       pointer|
|m_axi_gmem_BVALID                                                                               |   in|    1|       m_axi|                                                                                     gmem|       pointer|
|m_axi_gmem_BREADY                                                                               |  out|    1|       m_axi|                                                                                     gmem|       pointer|
|m_axi_gmem_BRESP                                                                                |   in|    2|       m_axi|                                                                                     gmem|       pointer|
|m_axi_gmem_BID                                                                                  |   in|    1|       m_axi|                                                                                     gmem|       pointer|
|m_axi_gmem_BUSER                                                                                |   in|    1|       m_axi|                                                                                     gmem|       pointer|
|add_ln219                                                                                       |   in|   64|     ap_none|                                                                                add_ln219|        scalar|
|p_ZZ11network_topP13params_structP8ap_fixedILi22ELi17EL9ap_q_mode0EL9ap_o_mode0EL_15375         |  out|   22|      ap_vld|  p_ZZ11network_topP13params_structP8ap_fixedILi22ELi17EL9ap_q_mode0EL9ap_o_mode0EL_15375|       pointer|
|p_ZZ11network_topP13params_structP8ap_fixedILi22ELi17EL9ap_q_mode0EL9ap_o_mode0EL_15375_ap_vld  |  out|    1|      ap_vld|  p_ZZ11network_topP13params_structP8ap_fixedILi22ELi17EL9ap_q_mode0EL9ap_o_mode0EL_15375|       pointer|
|p_ZZ11network_topP13params_structP8ap_fixedILi22ELi17EL9ap_q_mode0EL9ap_o_mode0EL_15376         |  out|   22|      ap_vld|  p_ZZ11network_topP13params_structP8ap_fixedILi22ELi17EL9ap_q_mode0EL9ap_o_mode0EL_15376|       pointer|
|p_ZZ11network_topP13params_structP8ap_fixedILi22ELi17EL9ap_q_mode0EL9ap_o_mode0EL_15376_ap_vld  |  out|    1|      ap_vld|  p_ZZ11network_topP13params_structP8ap_fixedILi22ELi17EL9ap_q_mode0EL9ap_o_mode0EL_15376|       pointer|
|p_ZZ11network_topP13params_structP8ap_fixedILi22ELi17EL9ap_q_mode0EL9ap_o_mode0EL_15388         |  out|   22|      ap_vld|  p_ZZ11network_topP13params_structP8ap_fixedILi22ELi17EL9ap_q_mode0EL9ap_o_mode0EL_15388|       pointer|
|p_ZZ11network_topP13params_structP8ap_fixedILi22ELi17EL9ap_q_mode0EL9ap_o_mode0EL_15388_ap_vld  |  out|    1|      ap_vld|  p_ZZ11network_topP13params_structP8ap_fixedILi22ELi17EL9ap_q_mode0EL9ap_o_mode0EL_15388|       pointer|
|p_ZZ11network_topP13params_structP8ap_fixedILi22ELi17EL9ap_q_mode0EL9ap_o_mode0EL_15400         |  out|   22|      ap_vld|  p_ZZ11network_topP13params_structP8ap_fixedILi22ELi17EL9ap_q_mode0EL9ap_o_mode0EL_15400|       pointer|
|p_ZZ11network_topP13params_structP8ap_fixedILi22ELi17EL9ap_q_mode0EL9ap_o_mode0EL_15400_ap_vld  |  out|    1|      ap_vld|  p_ZZ11network_topP13params_structP8ap_fixedILi22ELi17EL9ap_q_mode0EL9ap_o_mode0EL_15400|       pointer|
|p_ZZ11network_topP13params_structP8ap_fixedILi22ELi17EL9ap_q_mode0EL9ap_o_mode0EL_15412         |  out|   22|      ap_vld|  p_ZZ11network_topP13params_structP8ap_fixedILi22ELi17EL9ap_q_mode0EL9ap_o_mode0EL_15412|       pointer|
|p_ZZ11network_topP13params_structP8ap_fixedILi22ELi17EL9ap_q_mode0EL9ap_o_mode0EL_15412_ap_vld  |  out|    1|      ap_vld|  p_ZZ11network_topP13params_structP8ap_fixedILi22ELi17EL9ap_q_mode0EL9ap_o_mode0EL_15412|       pointer|
|p_ZZ11network_topP13params_structP8ap_fixedILi22ELi17EL9ap_q_mode0EL9ap_o_mode0EL_15424         |  out|   22|      ap_vld|  p_ZZ11network_topP13params_structP8ap_fixedILi22ELi17EL9ap_q_mode0EL9ap_o_mode0EL_15424|       pointer|
|p_ZZ11network_topP13params_structP8ap_fixedILi22ELi17EL9ap_q_mode0EL9ap_o_mode0EL_15424_ap_vld  |  out|    1|      ap_vld|  p_ZZ11network_topP13params_structP8ap_fixedILi22ELi17EL9ap_q_mode0EL9ap_o_mode0EL_15424|       pointer|
|p_ZZ11network_topP13params_structP8ap_fixedILi22ELi17EL9ap_q_mode0EL9ap_o_mode0EL_15436         |  out|   22|      ap_vld|  p_ZZ11network_topP13params_structP8ap_fixedILi22ELi17EL9ap_q_mode0EL9ap_o_mode0EL_15436|       pointer|
|p_ZZ11network_topP13params_structP8ap_fixedILi22ELi17EL9ap_q_mode0EL9ap_o_mode0EL_15436_ap_vld  |  out|    1|      ap_vld|  p_ZZ11network_topP13params_structP8ap_fixedILi22ELi17EL9ap_q_mode0EL9ap_o_mode0EL_15436|       pointer|
|p_ZZ11network_topP13params_structP8ap_fixedILi22ELi17EL9ap_q_mode0EL9ap_o_mode0EL_15448         |  out|   22|      ap_vld|  p_ZZ11network_topP13params_structP8ap_fixedILi22ELi17EL9ap_q_mode0EL9ap_o_mode0EL_15448|       pointer|
|p_ZZ11network_topP13params_structP8ap_fixedILi22ELi17EL9ap_q_mode0EL9ap_o_mode0EL_15448_ap_vld  |  out|    1|      ap_vld|  p_ZZ11network_topP13params_structP8ap_fixedILi22ELi17EL9ap_q_mode0EL9ap_o_mode0EL_15448|       pointer|
|p_ZZ11network_topP13params_structP8ap_fixedILi22ELi17EL9ap_q_mode0EL9ap_o_mode0EL_15460         |  out|   22|      ap_vld|  p_ZZ11network_topP13params_structP8ap_fixedILi22ELi17EL9ap_q_mode0EL9ap_o_mode0EL_15460|       pointer|
|p_ZZ11network_topP13params_structP8ap_fixedILi22ELi17EL9ap_q_mode0EL9ap_o_mode0EL_15460_ap_vld  |  out|    1|      ap_vld|  p_ZZ11network_topP13params_structP8ap_fixedILi22ELi17EL9ap_q_mode0EL9ap_o_mode0EL_15460|       pointer|
|p_ZZ11network_topP13params_structP8ap_fixedILi22ELi17EL9ap_q_mode0EL9ap_o_mode0EL_15461         |  out|   22|      ap_vld|  p_ZZ11network_topP13params_structP8ap_fixedILi22ELi17EL9ap_q_mode0EL9ap_o_mode0EL_15461|       pointer|
|p_ZZ11network_topP13params_structP8ap_fixedILi22ELi17EL9ap_q_mode0EL9ap_o_mode0EL_15461_ap_vld  |  out|    1|      ap_vld|  p_ZZ11network_topP13params_structP8ap_fixedILi22ELi17EL9ap_q_mode0EL9ap_o_mode0EL_15461|       pointer|
|p_ZZ11network_topP13params_structP8ap_fixedILi22ELi17EL9ap_q_mode0EL9ap_o_mode0EL_15377         |  out|   22|      ap_vld|  p_ZZ11network_topP13params_structP8ap_fixedILi22ELi17EL9ap_q_mode0EL9ap_o_mode0EL_15377|       pointer|
|p_ZZ11network_topP13params_structP8ap_fixedILi22ELi17EL9ap_q_mode0EL9ap_o_mode0EL_15377_ap_vld  |  out|    1|      ap_vld|  p_ZZ11network_topP13params_structP8ap_fixedILi22ELi17EL9ap_q_mode0EL9ap_o_mode0EL_15377|       pointer|
|p_ZZ11network_topP13params_structP8ap_fixedILi22ELi17EL9ap_q_mode0EL9ap_o_mode0EL_15378         |  out|   22|      ap_vld|  p_ZZ11network_topP13params_structP8ap_fixedILi22ELi17EL9ap_q_mode0EL9ap_o_mode0EL_15378|       pointer|
|p_ZZ11network_topP13params_structP8ap_fixedILi22ELi17EL9ap_q_mode0EL9ap_o_mode0EL_15378_ap_vld  |  out|    1|      ap_vld|  p_ZZ11network_topP13params_structP8ap_fixedILi22ELi17EL9ap_q_mode0EL9ap_o_mode0EL_15378|       pointer|
|p_ZZ11network_topP13params_structP8ap_fixedILi22ELi17EL9ap_q_mode0EL9ap_o_mode0EL_15379         |  out|   22|      ap_vld|  p_ZZ11network_topP13params_structP8ap_fixedILi22ELi17EL9ap_q_mode0EL9ap_o_mode0EL_15379|       pointer|
|p_ZZ11network_topP13params_structP8ap_fixedILi22ELi17EL9ap_q_mode0EL9ap_o_mode0EL_15379_ap_vld  |  out|    1|      ap_vld|  p_ZZ11network_topP13params_structP8ap_fixedILi22ELi17EL9ap_q_mode0EL9ap_o_mode0EL_15379|       pointer|
|p_ZZ11network_topP13params_structP8ap_fixedILi22ELi17EL9ap_q_mode0EL9ap_o_mode0EL_15380         |  out|   22|      ap_vld|  p_ZZ11network_topP13params_structP8ap_fixedILi22ELi17EL9ap_q_mode0EL9ap_o_mode0EL_15380|       pointer|
|p_ZZ11network_topP13params_structP8ap_fixedILi22ELi17EL9ap_q_mode0EL9ap_o_mode0EL_15380_ap_vld  |  out|    1|      ap_vld|  p_ZZ11network_topP13params_structP8ap_fixedILi22ELi17EL9ap_q_mode0EL9ap_o_mode0EL_15380|       pointer|
|p_ZZ11network_topP13params_structP8ap_fixedILi22ELi17EL9ap_q_mode0EL9ap_o_mode0EL_15381         |  out|   22|      ap_vld|  p_ZZ11network_topP13params_structP8ap_fixedILi22ELi17EL9ap_q_mode0EL9ap_o_mode0EL_15381|       pointer|
|p_ZZ11network_topP13params_structP8ap_fixedILi22ELi17EL9ap_q_mode0EL9ap_o_mode0EL_15381_ap_vld  |  out|    1|      ap_vld|  p_ZZ11network_topP13params_structP8ap_fixedILi22ELi17EL9ap_q_mode0EL9ap_o_mode0EL_15381|       pointer|
|p_ZZ11network_topP13params_structP8ap_fixedILi22ELi17EL9ap_q_mode0EL9ap_o_mode0EL_15382         |  out|   22|      ap_vld|  p_ZZ11network_topP13params_structP8ap_fixedILi22ELi17EL9ap_q_mode0EL9ap_o_mode0EL_15382|       pointer|
|p_ZZ11network_topP13params_structP8ap_fixedILi22ELi17EL9ap_q_mode0EL9ap_o_mode0EL_15382_ap_vld  |  out|    1|      ap_vld|  p_ZZ11network_topP13params_structP8ap_fixedILi22ELi17EL9ap_q_mode0EL9ap_o_mode0EL_15382|       pointer|
|p_ZZ11network_topP13params_structP8ap_fixedILi22ELi17EL9ap_q_mode0EL9ap_o_mode0EL_15383         |  out|   22|      ap_vld|  p_ZZ11network_topP13params_structP8ap_fixedILi22ELi17EL9ap_q_mode0EL9ap_o_mode0EL_15383|       pointer|
|p_ZZ11network_topP13params_structP8ap_fixedILi22ELi17EL9ap_q_mode0EL9ap_o_mode0EL_15383_ap_vld  |  out|    1|      ap_vld|  p_ZZ11network_topP13params_structP8ap_fixedILi22ELi17EL9ap_q_mode0EL9ap_o_mode0EL_15383|       pointer|
|p_ZZ11network_topP13params_structP8ap_fixedILi22ELi17EL9ap_q_mode0EL9ap_o_mode0EL_15384         |  out|   22|      ap_vld|  p_ZZ11network_topP13params_structP8ap_fixedILi22ELi17EL9ap_q_mode0EL9ap_o_mode0EL_15384|       pointer|
|p_ZZ11network_topP13params_structP8ap_fixedILi22ELi17EL9ap_q_mode0EL9ap_o_mode0EL_15384_ap_vld  |  out|    1|      ap_vld|  p_ZZ11network_topP13params_structP8ap_fixedILi22ELi17EL9ap_q_mode0EL9ap_o_mode0EL_15384|       pointer|
|p_ZZ11network_topP13params_structP8ap_fixedILi22ELi17EL9ap_q_mode0EL9ap_o_mode0EL_15386         |  out|   22|      ap_vld|  p_ZZ11network_topP13params_structP8ap_fixedILi22ELi17EL9ap_q_mode0EL9ap_o_mode0EL_15386|       pointer|
|p_ZZ11network_topP13params_structP8ap_fixedILi22ELi17EL9ap_q_mode0EL9ap_o_mode0EL_15386_ap_vld  |  out|    1|      ap_vld|  p_ZZ11network_topP13params_structP8ap_fixedILi22ELi17EL9ap_q_mode0EL9ap_o_mode0EL_15386|       pointer|
|p_ZZ11network_topP13params_structP8ap_fixedILi22ELi17EL9ap_q_mode0EL9ap_o_mode0EL_15387         |  out|   22|      ap_vld|  p_ZZ11network_topP13params_structP8ap_fixedILi22ELi17EL9ap_q_mode0EL9ap_o_mode0EL_15387|       pointer|
|p_ZZ11network_topP13params_structP8ap_fixedILi22ELi17EL9ap_q_mode0EL9ap_o_mode0EL_15387_ap_vld  |  out|    1|      ap_vld|  p_ZZ11network_topP13params_structP8ap_fixedILi22ELi17EL9ap_q_mode0EL9ap_o_mode0EL_15387|       pointer|
|p_ZZ11network_topP13params_structP8ap_fixedILi22ELi17EL9ap_q_mode0EL9ap_o_mode0EL_15389         |  out|   22|      ap_vld|  p_ZZ11network_topP13params_structP8ap_fixedILi22ELi17EL9ap_q_mode0EL9ap_o_mode0EL_15389|       pointer|
|p_ZZ11network_topP13params_structP8ap_fixedILi22ELi17EL9ap_q_mode0EL9ap_o_mode0EL_15389_ap_vld  |  out|    1|      ap_vld|  p_ZZ11network_topP13params_structP8ap_fixedILi22ELi17EL9ap_q_mode0EL9ap_o_mode0EL_15389|       pointer|
|p_ZZ11network_topP13params_structP8ap_fixedILi22ELi17EL9ap_q_mode0EL9ap_o_mode0EL_15390         |  out|   22|      ap_vld|  p_ZZ11network_topP13params_structP8ap_fixedILi22ELi17EL9ap_q_mode0EL9ap_o_mode0EL_15390|       pointer|
|p_ZZ11network_topP13params_structP8ap_fixedILi22ELi17EL9ap_q_mode0EL9ap_o_mode0EL_15390_ap_vld  |  out|    1|      ap_vld|  p_ZZ11network_topP13params_structP8ap_fixedILi22ELi17EL9ap_q_mode0EL9ap_o_mode0EL_15390|       pointer|
|p_ZZ11network_topP13params_structP8ap_fixedILi22ELi17EL9ap_q_mode0EL9ap_o_mode0EL_15391         |  out|   22|      ap_vld|  p_ZZ11network_topP13params_structP8ap_fixedILi22ELi17EL9ap_q_mode0EL9ap_o_mode0EL_15391|       pointer|
|p_ZZ11network_topP13params_structP8ap_fixedILi22ELi17EL9ap_q_mode0EL9ap_o_mode0EL_15391_ap_vld  |  out|    1|      ap_vld|  p_ZZ11network_topP13params_structP8ap_fixedILi22ELi17EL9ap_q_mode0EL9ap_o_mode0EL_15391|       pointer|
|p_ZZ11network_topP13params_structP8ap_fixedILi22ELi17EL9ap_q_mode0EL9ap_o_mode0EL_15392         |  out|   22|      ap_vld|  p_ZZ11network_topP13params_structP8ap_fixedILi22ELi17EL9ap_q_mode0EL9ap_o_mode0EL_15392|       pointer|
|p_ZZ11network_topP13params_structP8ap_fixedILi22ELi17EL9ap_q_mode0EL9ap_o_mode0EL_15392_ap_vld  |  out|    1|      ap_vld|  p_ZZ11network_topP13params_structP8ap_fixedILi22ELi17EL9ap_q_mode0EL9ap_o_mode0EL_15392|       pointer|
|p_ZZ11network_topP13params_structP8ap_fixedILi22ELi17EL9ap_q_mode0EL9ap_o_mode0EL_15393         |  out|   22|      ap_vld|  p_ZZ11network_topP13params_structP8ap_fixedILi22ELi17EL9ap_q_mode0EL9ap_o_mode0EL_15393|       pointer|
|p_ZZ11network_topP13params_structP8ap_fixedILi22ELi17EL9ap_q_mode0EL9ap_o_mode0EL_15393_ap_vld  |  out|    1|      ap_vld|  p_ZZ11network_topP13params_structP8ap_fixedILi22ELi17EL9ap_q_mode0EL9ap_o_mode0EL_15393|       pointer|
|p_ZZ11network_topP13params_structP8ap_fixedILi22ELi17EL9ap_q_mode0EL9ap_o_mode0EL_15394         |  out|   22|      ap_vld|  p_ZZ11network_topP13params_structP8ap_fixedILi22ELi17EL9ap_q_mode0EL9ap_o_mode0EL_15394|       pointer|
|p_ZZ11network_topP13params_structP8ap_fixedILi22ELi17EL9ap_q_mode0EL9ap_o_mode0EL_15394_ap_vld  |  out|    1|      ap_vld|  p_ZZ11network_topP13params_structP8ap_fixedILi22ELi17EL9ap_q_mode0EL9ap_o_mode0EL_15394|       pointer|
|p_ZZ11network_topP13params_structP8ap_fixedILi22ELi17EL9ap_q_mode0EL9ap_o_mode0EL_15395         |  out|   22|      ap_vld|  p_ZZ11network_topP13params_structP8ap_fixedILi22ELi17EL9ap_q_mode0EL9ap_o_mode0EL_15395|       pointer|
|p_ZZ11network_topP13params_structP8ap_fixedILi22ELi17EL9ap_q_mode0EL9ap_o_mode0EL_15395_ap_vld  |  out|    1|      ap_vld|  p_ZZ11network_topP13params_structP8ap_fixedILi22ELi17EL9ap_q_mode0EL9ap_o_mode0EL_15395|       pointer|
|p_ZZ11network_topP13params_structP8ap_fixedILi22ELi17EL9ap_q_mode0EL9ap_o_mode0EL_15397         |  out|   22|      ap_vld|  p_ZZ11network_topP13params_structP8ap_fixedILi22ELi17EL9ap_q_mode0EL9ap_o_mode0EL_15397|       pointer|
|p_ZZ11network_topP13params_structP8ap_fixedILi22ELi17EL9ap_q_mode0EL9ap_o_mode0EL_15397_ap_vld  |  out|    1|      ap_vld|  p_ZZ11network_topP13params_structP8ap_fixedILi22ELi17EL9ap_q_mode0EL9ap_o_mode0EL_15397|       pointer|
|p_ZZ11network_topP13params_structP8ap_fixedILi22ELi17EL9ap_q_mode0EL9ap_o_mode0EL_15398         |  out|   22|      ap_vld|  p_ZZ11network_topP13params_structP8ap_fixedILi22ELi17EL9ap_q_mode0EL9ap_o_mode0EL_15398|       pointer|
|p_ZZ11network_topP13params_structP8ap_fixedILi22ELi17EL9ap_q_mode0EL9ap_o_mode0EL_15398_ap_vld  |  out|    1|      ap_vld|  p_ZZ11network_topP13params_structP8ap_fixedILi22ELi17EL9ap_q_mode0EL9ap_o_mode0EL_15398|       pointer|
|p_ZZ11network_topP13params_structP8ap_fixedILi22ELi17EL9ap_q_mode0EL9ap_o_mode0EL_15399         |  out|   22|      ap_vld|  p_ZZ11network_topP13params_structP8ap_fixedILi22ELi17EL9ap_q_mode0EL9ap_o_mode0EL_15399|       pointer|
|p_ZZ11network_topP13params_structP8ap_fixedILi22ELi17EL9ap_q_mode0EL9ap_o_mode0EL_15399_ap_vld  |  out|    1|      ap_vld|  p_ZZ11network_topP13params_structP8ap_fixedILi22ELi17EL9ap_q_mode0EL9ap_o_mode0EL_15399|       pointer|
|p_ZZ11network_topP13params_structP8ap_fixedILi22ELi17EL9ap_q_mode0EL9ap_o_mode0EL_15401         |  out|   22|      ap_vld|  p_ZZ11network_topP13params_structP8ap_fixedILi22ELi17EL9ap_q_mode0EL9ap_o_mode0EL_15401|       pointer|
|p_ZZ11network_topP13params_structP8ap_fixedILi22ELi17EL9ap_q_mode0EL9ap_o_mode0EL_15401_ap_vld  |  out|    1|      ap_vld|  p_ZZ11network_topP13params_structP8ap_fixedILi22ELi17EL9ap_q_mode0EL9ap_o_mode0EL_15401|       pointer|
|p_ZZ11network_topP13params_structP8ap_fixedILi22ELi17EL9ap_q_mode0EL9ap_o_mode0EL_15402         |  out|   22|      ap_vld|  p_ZZ11network_topP13params_structP8ap_fixedILi22ELi17EL9ap_q_mode0EL9ap_o_mode0EL_15402|       pointer|
|p_ZZ11network_topP13params_structP8ap_fixedILi22ELi17EL9ap_q_mode0EL9ap_o_mode0EL_15402_ap_vld  |  out|    1|      ap_vld|  p_ZZ11network_topP13params_structP8ap_fixedILi22ELi17EL9ap_q_mode0EL9ap_o_mode0EL_15402|       pointer|
|p_ZZ11network_topP13params_structP8ap_fixedILi22ELi17EL9ap_q_mode0EL9ap_o_mode0EL_15403         |  out|   22|      ap_vld|  p_ZZ11network_topP13params_structP8ap_fixedILi22ELi17EL9ap_q_mode0EL9ap_o_mode0EL_15403|       pointer|
|p_ZZ11network_topP13params_structP8ap_fixedILi22ELi17EL9ap_q_mode0EL9ap_o_mode0EL_15403_ap_vld  |  out|    1|      ap_vld|  p_ZZ11network_topP13params_structP8ap_fixedILi22ELi17EL9ap_q_mode0EL9ap_o_mode0EL_15403|       pointer|
|p_ZZ11network_topP13params_structP8ap_fixedILi22ELi17EL9ap_q_mode0EL9ap_o_mode0EL_15404         |  out|   22|      ap_vld|  p_ZZ11network_topP13params_structP8ap_fixedILi22ELi17EL9ap_q_mode0EL9ap_o_mode0EL_15404|       pointer|
|p_ZZ11network_topP13params_structP8ap_fixedILi22ELi17EL9ap_q_mode0EL9ap_o_mode0EL_15404_ap_vld  |  out|    1|      ap_vld|  p_ZZ11network_topP13params_structP8ap_fixedILi22ELi17EL9ap_q_mode0EL9ap_o_mode0EL_15404|       pointer|
|p_ZZ11network_topP13params_structP8ap_fixedILi22ELi17EL9ap_q_mode0EL9ap_o_mode0EL_15405         |  out|   22|      ap_vld|  p_ZZ11network_topP13params_structP8ap_fixedILi22ELi17EL9ap_q_mode0EL9ap_o_mode0EL_15405|       pointer|
|p_ZZ11network_topP13params_structP8ap_fixedILi22ELi17EL9ap_q_mode0EL9ap_o_mode0EL_15405_ap_vld  |  out|    1|      ap_vld|  p_ZZ11network_topP13params_structP8ap_fixedILi22ELi17EL9ap_q_mode0EL9ap_o_mode0EL_15405|       pointer|
|p_ZZ11network_topP13params_structP8ap_fixedILi22ELi17EL9ap_q_mode0EL9ap_o_mode0EL_15406         |  out|   22|      ap_vld|  p_ZZ11network_topP13params_structP8ap_fixedILi22ELi17EL9ap_q_mode0EL9ap_o_mode0EL_15406|       pointer|
|p_ZZ11network_topP13params_structP8ap_fixedILi22ELi17EL9ap_q_mode0EL9ap_o_mode0EL_15406_ap_vld  |  out|    1|      ap_vld|  p_ZZ11network_topP13params_structP8ap_fixedILi22ELi17EL9ap_q_mode0EL9ap_o_mode0EL_15406|       pointer|
|p_ZZ11network_topP13params_structP8ap_fixedILi22ELi17EL9ap_q_mode0EL9ap_o_mode0EL_15408         |  out|   22|      ap_vld|  p_ZZ11network_topP13params_structP8ap_fixedILi22ELi17EL9ap_q_mode0EL9ap_o_mode0EL_15408|       pointer|
|p_ZZ11network_topP13params_structP8ap_fixedILi22ELi17EL9ap_q_mode0EL9ap_o_mode0EL_15408_ap_vld  |  out|    1|      ap_vld|  p_ZZ11network_topP13params_structP8ap_fixedILi22ELi17EL9ap_q_mode0EL9ap_o_mode0EL_15408|       pointer|
|p_ZZ11network_topP13params_structP8ap_fixedILi22ELi17EL9ap_q_mode0EL9ap_o_mode0EL_15409         |  out|   22|      ap_vld|  p_ZZ11network_topP13params_structP8ap_fixedILi22ELi17EL9ap_q_mode0EL9ap_o_mode0EL_15409|       pointer|
|p_ZZ11network_topP13params_structP8ap_fixedILi22ELi17EL9ap_q_mode0EL9ap_o_mode0EL_15409_ap_vld  |  out|    1|      ap_vld|  p_ZZ11network_topP13params_structP8ap_fixedILi22ELi17EL9ap_q_mode0EL9ap_o_mode0EL_15409|       pointer|
|p_ZZ11network_topP13params_structP8ap_fixedILi22ELi17EL9ap_q_mode0EL9ap_o_mode0EL_15410         |  out|   22|      ap_vld|  p_ZZ11network_topP13params_structP8ap_fixedILi22ELi17EL9ap_q_mode0EL9ap_o_mode0EL_15410|       pointer|
|p_ZZ11network_topP13params_structP8ap_fixedILi22ELi17EL9ap_q_mode0EL9ap_o_mode0EL_15410_ap_vld  |  out|    1|      ap_vld|  p_ZZ11network_topP13params_structP8ap_fixedILi22ELi17EL9ap_q_mode0EL9ap_o_mode0EL_15410|       pointer|
|p_ZZ11network_topP13params_structP8ap_fixedILi22ELi17EL9ap_q_mode0EL9ap_o_mode0EL_15411         |  out|   22|      ap_vld|  p_ZZ11network_topP13params_structP8ap_fixedILi22ELi17EL9ap_q_mode0EL9ap_o_mode0EL_15411|       pointer|
|p_ZZ11network_topP13params_structP8ap_fixedILi22ELi17EL9ap_q_mode0EL9ap_o_mode0EL_15411_ap_vld  |  out|    1|      ap_vld|  p_ZZ11network_topP13params_structP8ap_fixedILi22ELi17EL9ap_q_mode0EL9ap_o_mode0EL_15411|       pointer|
|p_ZZ11network_topP13params_structP8ap_fixedILi22ELi17EL9ap_q_mode0EL9ap_o_mode0EL_15413         |  out|   22|      ap_vld|  p_ZZ11network_topP13params_structP8ap_fixedILi22ELi17EL9ap_q_mode0EL9ap_o_mode0EL_15413|       pointer|
|p_ZZ11network_topP13params_structP8ap_fixedILi22ELi17EL9ap_q_mode0EL9ap_o_mode0EL_15413_ap_vld  |  out|    1|      ap_vld|  p_ZZ11network_topP13params_structP8ap_fixedILi22ELi17EL9ap_q_mode0EL9ap_o_mode0EL_15413|       pointer|
|p_ZZ11network_topP13params_structP8ap_fixedILi22ELi17EL9ap_q_mode0EL9ap_o_mode0EL_15414         |  out|   22|      ap_vld|  p_ZZ11network_topP13params_structP8ap_fixedILi22ELi17EL9ap_q_mode0EL9ap_o_mode0EL_15414|       pointer|
|p_ZZ11network_topP13params_structP8ap_fixedILi22ELi17EL9ap_q_mode0EL9ap_o_mode0EL_15414_ap_vld  |  out|    1|      ap_vld|  p_ZZ11network_topP13params_structP8ap_fixedILi22ELi17EL9ap_q_mode0EL9ap_o_mode0EL_15414|       pointer|
|p_ZZ11network_topP13params_structP8ap_fixedILi22ELi17EL9ap_q_mode0EL9ap_o_mode0EL_15415         |  out|   22|      ap_vld|  p_ZZ11network_topP13params_structP8ap_fixedILi22ELi17EL9ap_q_mode0EL9ap_o_mode0EL_15415|       pointer|
|p_ZZ11network_topP13params_structP8ap_fixedILi22ELi17EL9ap_q_mode0EL9ap_o_mode0EL_15415_ap_vld  |  out|    1|      ap_vld|  p_ZZ11network_topP13params_structP8ap_fixedILi22ELi17EL9ap_q_mode0EL9ap_o_mode0EL_15415|       pointer|
|p_ZZ11network_topP13params_structP8ap_fixedILi22ELi17EL9ap_q_mode0EL9ap_o_mode0EL_15416         |  out|   22|      ap_vld|  p_ZZ11network_topP13params_structP8ap_fixedILi22ELi17EL9ap_q_mode0EL9ap_o_mode0EL_15416|       pointer|
|p_ZZ11network_topP13params_structP8ap_fixedILi22ELi17EL9ap_q_mode0EL9ap_o_mode0EL_15416_ap_vld  |  out|    1|      ap_vld|  p_ZZ11network_topP13params_structP8ap_fixedILi22ELi17EL9ap_q_mode0EL9ap_o_mode0EL_15416|       pointer|
|p_ZZ11network_topP13params_structP8ap_fixedILi22ELi17EL9ap_q_mode0EL9ap_o_mode0EL_15417         |  out|   22|      ap_vld|  p_ZZ11network_topP13params_structP8ap_fixedILi22ELi17EL9ap_q_mode0EL9ap_o_mode0EL_15417|       pointer|
|p_ZZ11network_topP13params_structP8ap_fixedILi22ELi17EL9ap_q_mode0EL9ap_o_mode0EL_15417_ap_vld  |  out|    1|      ap_vld|  p_ZZ11network_topP13params_structP8ap_fixedILi22ELi17EL9ap_q_mode0EL9ap_o_mode0EL_15417|       pointer|
|p_ZZ11network_topP13params_structP8ap_fixedILi22ELi17EL9ap_q_mode0EL9ap_o_mode0EL_15419         |  out|   22|      ap_vld|  p_ZZ11network_topP13params_structP8ap_fixedILi22ELi17EL9ap_q_mode0EL9ap_o_mode0EL_15419|       pointer|
|p_ZZ11network_topP13params_structP8ap_fixedILi22ELi17EL9ap_q_mode0EL9ap_o_mode0EL_15419_ap_vld  |  out|    1|      ap_vld|  p_ZZ11network_topP13params_structP8ap_fixedILi22ELi17EL9ap_q_mode0EL9ap_o_mode0EL_15419|       pointer|
|p_ZZ11network_topP13params_structP8ap_fixedILi22ELi17EL9ap_q_mode0EL9ap_o_mode0EL_15420         |  out|   22|      ap_vld|  p_ZZ11network_topP13params_structP8ap_fixedILi22ELi17EL9ap_q_mode0EL9ap_o_mode0EL_15420|       pointer|
|p_ZZ11network_topP13params_structP8ap_fixedILi22ELi17EL9ap_q_mode0EL9ap_o_mode0EL_15420_ap_vld  |  out|    1|      ap_vld|  p_ZZ11network_topP13params_structP8ap_fixedILi22ELi17EL9ap_q_mode0EL9ap_o_mode0EL_15420|       pointer|
|p_ZZ11network_topP13params_structP8ap_fixedILi22ELi17EL9ap_q_mode0EL9ap_o_mode0EL_15421         |  out|   22|      ap_vld|  p_ZZ11network_topP13params_structP8ap_fixedILi22ELi17EL9ap_q_mode0EL9ap_o_mode0EL_15421|       pointer|
|p_ZZ11network_topP13params_structP8ap_fixedILi22ELi17EL9ap_q_mode0EL9ap_o_mode0EL_15421_ap_vld  |  out|    1|      ap_vld|  p_ZZ11network_topP13params_structP8ap_fixedILi22ELi17EL9ap_q_mode0EL9ap_o_mode0EL_15421|       pointer|
|p_ZZ11network_topP13params_structP8ap_fixedILi22ELi17EL9ap_q_mode0EL9ap_o_mode0EL_15422         |  out|   22|      ap_vld|  p_ZZ11network_topP13params_structP8ap_fixedILi22ELi17EL9ap_q_mode0EL9ap_o_mode0EL_15422|       pointer|
|p_ZZ11network_topP13params_structP8ap_fixedILi22ELi17EL9ap_q_mode0EL9ap_o_mode0EL_15422_ap_vld  |  out|    1|      ap_vld|  p_ZZ11network_topP13params_structP8ap_fixedILi22ELi17EL9ap_q_mode0EL9ap_o_mode0EL_15422|       pointer|
|p_ZZ11network_topP13params_structP8ap_fixedILi22ELi17EL9ap_q_mode0EL9ap_o_mode0EL_15423         |  out|   22|      ap_vld|  p_ZZ11network_topP13params_structP8ap_fixedILi22ELi17EL9ap_q_mode0EL9ap_o_mode0EL_15423|       pointer|
|p_ZZ11network_topP13params_structP8ap_fixedILi22ELi17EL9ap_q_mode0EL9ap_o_mode0EL_15423_ap_vld  |  out|    1|      ap_vld|  p_ZZ11network_topP13params_structP8ap_fixedILi22ELi17EL9ap_q_mode0EL9ap_o_mode0EL_15423|       pointer|
|p_ZZ11network_topP13params_structP8ap_fixedILi22ELi17EL9ap_q_mode0EL9ap_o_mode0EL_15425         |  out|   22|      ap_vld|  p_ZZ11network_topP13params_structP8ap_fixedILi22ELi17EL9ap_q_mode0EL9ap_o_mode0EL_15425|       pointer|
|p_ZZ11network_topP13params_structP8ap_fixedILi22ELi17EL9ap_q_mode0EL9ap_o_mode0EL_15425_ap_vld  |  out|    1|      ap_vld|  p_ZZ11network_topP13params_structP8ap_fixedILi22ELi17EL9ap_q_mode0EL9ap_o_mode0EL_15425|       pointer|
|p_ZZ11network_topP13params_structP8ap_fixedILi22ELi17EL9ap_q_mode0EL9ap_o_mode0EL_15426         |  out|   22|      ap_vld|  p_ZZ11network_topP13params_structP8ap_fixedILi22ELi17EL9ap_q_mode0EL9ap_o_mode0EL_15426|       pointer|
|p_ZZ11network_topP13params_structP8ap_fixedILi22ELi17EL9ap_q_mode0EL9ap_o_mode0EL_15426_ap_vld  |  out|    1|      ap_vld|  p_ZZ11network_topP13params_structP8ap_fixedILi22ELi17EL9ap_q_mode0EL9ap_o_mode0EL_15426|       pointer|
|p_ZZ11network_topP13params_structP8ap_fixedILi22ELi17EL9ap_q_mode0EL9ap_o_mode0EL_15427         |  out|   22|      ap_vld|  p_ZZ11network_topP13params_structP8ap_fixedILi22ELi17EL9ap_q_mode0EL9ap_o_mode0EL_15427|       pointer|
|p_ZZ11network_topP13params_structP8ap_fixedILi22ELi17EL9ap_q_mode0EL9ap_o_mode0EL_15427_ap_vld  |  out|    1|      ap_vld|  p_ZZ11network_topP13params_structP8ap_fixedILi22ELi17EL9ap_q_mode0EL9ap_o_mode0EL_15427|       pointer|
|p_ZZ11network_topP13params_structP8ap_fixedILi22ELi17EL9ap_q_mode0EL9ap_o_mode0EL_15428         |  out|   22|      ap_vld|  p_ZZ11network_topP13params_structP8ap_fixedILi22ELi17EL9ap_q_mode0EL9ap_o_mode0EL_15428|       pointer|
|p_ZZ11network_topP13params_structP8ap_fixedILi22ELi17EL9ap_q_mode0EL9ap_o_mode0EL_15428_ap_vld  |  out|    1|      ap_vld|  p_ZZ11network_topP13params_structP8ap_fixedILi22ELi17EL9ap_q_mode0EL9ap_o_mode0EL_15428|       pointer|
|p_ZZ11network_topP13params_structP8ap_fixedILi22ELi17EL9ap_q_mode0EL9ap_o_mode0EL_15430         |  out|   22|      ap_vld|  p_ZZ11network_topP13params_structP8ap_fixedILi22ELi17EL9ap_q_mode0EL9ap_o_mode0EL_15430|       pointer|
|p_ZZ11network_topP13params_structP8ap_fixedILi22ELi17EL9ap_q_mode0EL9ap_o_mode0EL_15430_ap_vld  |  out|    1|      ap_vld|  p_ZZ11network_topP13params_structP8ap_fixedILi22ELi17EL9ap_q_mode0EL9ap_o_mode0EL_15430|       pointer|
|p_ZZ11network_topP13params_structP8ap_fixedILi22ELi17EL9ap_q_mode0EL9ap_o_mode0EL_15431         |  out|   22|      ap_vld|  p_ZZ11network_topP13params_structP8ap_fixedILi22ELi17EL9ap_q_mode0EL9ap_o_mode0EL_15431|       pointer|
|p_ZZ11network_topP13params_structP8ap_fixedILi22ELi17EL9ap_q_mode0EL9ap_o_mode0EL_15431_ap_vld  |  out|    1|      ap_vld|  p_ZZ11network_topP13params_structP8ap_fixedILi22ELi17EL9ap_q_mode0EL9ap_o_mode0EL_15431|       pointer|
|p_ZZ11network_topP13params_structP8ap_fixedILi22ELi17EL9ap_q_mode0EL9ap_o_mode0EL_15432         |  out|   22|      ap_vld|  p_ZZ11network_topP13params_structP8ap_fixedILi22ELi17EL9ap_q_mode0EL9ap_o_mode0EL_15432|       pointer|
|p_ZZ11network_topP13params_structP8ap_fixedILi22ELi17EL9ap_q_mode0EL9ap_o_mode0EL_15432_ap_vld  |  out|    1|      ap_vld|  p_ZZ11network_topP13params_structP8ap_fixedILi22ELi17EL9ap_q_mode0EL9ap_o_mode0EL_15432|       pointer|
|p_ZZ11network_topP13params_structP8ap_fixedILi22ELi17EL9ap_q_mode0EL9ap_o_mode0EL_15433         |  out|   22|      ap_vld|  p_ZZ11network_topP13params_structP8ap_fixedILi22ELi17EL9ap_q_mode0EL9ap_o_mode0EL_15433|       pointer|
|p_ZZ11network_topP13params_structP8ap_fixedILi22ELi17EL9ap_q_mode0EL9ap_o_mode0EL_15433_ap_vld  |  out|    1|      ap_vld|  p_ZZ11network_topP13params_structP8ap_fixedILi22ELi17EL9ap_q_mode0EL9ap_o_mode0EL_15433|       pointer|
|p_ZZ11network_topP13params_structP8ap_fixedILi22ELi17EL9ap_q_mode0EL9ap_o_mode0EL_15434         |  out|   22|      ap_vld|  p_ZZ11network_topP13params_structP8ap_fixedILi22ELi17EL9ap_q_mode0EL9ap_o_mode0EL_15434|       pointer|
|p_ZZ11network_topP13params_structP8ap_fixedILi22ELi17EL9ap_q_mode0EL9ap_o_mode0EL_15434_ap_vld  |  out|    1|      ap_vld|  p_ZZ11network_topP13params_structP8ap_fixedILi22ELi17EL9ap_q_mode0EL9ap_o_mode0EL_15434|       pointer|
|p_ZZ11network_topP13params_structP8ap_fixedILi22ELi17EL9ap_q_mode0EL9ap_o_mode0EL_15435         |  out|   22|      ap_vld|  p_ZZ11network_topP13params_structP8ap_fixedILi22ELi17EL9ap_q_mode0EL9ap_o_mode0EL_15435|       pointer|
|p_ZZ11network_topP13params_structP8ap_fixedILi22ELi17EL9ap_q_mode0EL9ap_o_mode0EL_15435_ap_vld  |  out|    1|      ap_vld|  p_ZZ11network_topP13params_structP8ap_fixedILi22ELi17EL9ap_q_mode0EL9ap_o_mode0EL_15435|       pointer|
|p_ZZ11network_topP13params_structP8ap_fixedILi22ELi17EL9ap_q_mode0EL9ap_o_mode0EL_15437         |  out|   22|      ap_vld|  p_ZZ11network_topP13params_structP8ap_fixedILi22ELi17EL9ap_q_mode0EL9ap_o_mode0EL_15437|       pointer|
|p_ZZ11network_topP13params_structP8ap_fixedILi22ELi17EL9ap_q_mode0EL9ap_o_mode0EL_15437_ap_vld  |  out|    1|      ap_vld|  p_ZZ11network_topP13params_structP8ap_fixedILi22ELi17EL9ap_q_mode0EL9ap_o_mode0EL_15437|       pointer|
|p_ZZ11network_topP13params_structP8ap_fixedILi22ELi17EL9ap_q_mode0EL9ap_o_mode0EL_15438         |  out|   22|      ap_vld|  p_ZZ11network_topP13params_structP8ap_fixedILi22ELi17EL9ap_q_mode0EL9ap_o_mode0EL_15438|       pointer|
|p_ZZ11network_topP13params_structP8ap_fixedILi22ELi17EL9ap_q_mode0EL9ap_o_mode0EL_15438_ap_vld  |  out|    1|      ap_vld|  p_ZZ11network_topP13params_structP8ap_fixedILi22ELi17EL9ap_q_mode0EL9ap_o_mode0EL_15438|       pointer|
|p_ZZ11network_topP13params_structP8ap_fixedILi22ELi17EL9ap_q_mode0EL9ap_o_mode0EL_15439         |  out|   22|      ap_vld|  p_ZZ11network_topP13params_structP8ap_fixedILi22ELi17EL9ap_q_mode0EL9ap_o_mode0EL_15439|       pointer|
|p_ZZ11network_topP13params_structP8ap_fixedILi22ELi17EL9ap_q_mode0EL9ap_o_mode0EL_15439_ap_vld  |  out|    1|      ap_vld|  p_ZZ11network_topP13params_structP8ap_fixedILi22ELi17EL9ap_q_mode0EL9ap_o_mode0EL_15439|       pointer|
|p_ZZ11network_topP13params_structP8ap_fixedILi22ELi17EL9ap_q_mode0EL9ap_o_mode0EL_15441         |  out|   22|      ap_vld|  p_ZZ11network_topP13params_structP8ap_fixedILi22ELi17EL9ap_q_mode0EL9ap_o_mode0EL_15441|       pointer|
|p_ZZ11network_topP13params_structP8ap_fixedILi22ELi17EL9ap_q_mode0EL9ap_o_mode0EL_15441_ap_vld  |  out|    1|      ap_vld|  p_ZZ11network_topP13params_structP8ap_fixedILi22ELi17EL9ap_q_mode0EL9ap_o_mode0EL_15441|       pointer|
|p_ZZ11network_topP13params_structP8ap_fixedILi22ELi17EL9ap_q_mode0EL9ap_o_mode0EL_15442         |  out|   22|      ap_vld|  p_ZZ11network_topP13params_structP8ap_fixedILi22ELi17EL9ap_q_mode0EL9ap_o_mode0EL_15442|       pointer|
|p_ZZ11network_topP13params_structP8ap_fixedILi22ELi17EL9ap_q_mode0EL9ap_o_mode0EL_15442_ap_vld  |  out|    1|      ap_vld|  p_ZZ11network_topP13params_structP8ap_fixedILi22ELi17EL9ap_q_mode0EL9ap_o_mode0EL_15442|       pointer|
|p_ZZ11network_topP13params_structP8ap_fixedILi22ELi17EL9ap_q_mode0EL9ap_o_mode0EL_15443         |  out|   22|      ap_vld|  p_ZZ11network_topP13params_structP8ap_fixedILi22ELi17EL9ap_q_mode0EL9ap_o_mode0EL_15443|       pointer|
|p_ZZ11network_topP13params_structP8ap_fixedILi22ELi17EL9ap_q_mode0EL9ap_o_mode0EL_15443_ap_vld  |  out|    1|      ap_vld|  p_ZZ11network_topP13params_structP8ap_fixedILi22ELi17EL9ap_q_mode0EL9ap_o_mode0EL_15443|       pointer|
|p_ZZ11network_topP13params_structP8ap_fixedILi22ELi17EL9ap_q_mode0EL9ap_o_mode0EL_15444         |  out|   22|      ap_vld|  p_ZZ11network_topP13params_structP8ap_fixedILi22ELi17EL9ap_q_mode0EL9ap_o_mode0EL_15444|       pointer|
|p_ZZ11network_topP13params_structP8ap_fixedILi22ELi17EL9ap_q_mode0EL9ap_o_mode0EL_15444_ap_vld  |  out|    1|      ap_vld|  p_ZZ11network_topP13params_structP8ap_fixedILi22ELi17EL9ap_q_mode0EL9ap_o_mode0EL_15444|       pointer|
|p_ZZ11network_topP13params_structP8ap_fixedILi22ELi17EL9ap_q_mode0EL9ap_o_mode0EL_15445         |  out|   22|      ap_vld|  p_ZZ11network_topP13params_structP8ap_fixedILi22ELi17EL9ap_q_mode0EL9ap_o_mode0EL_15445|       pointer|
|p_ZZ11network_topP13params_structP8ap_fixedILi22ELi17EL9ap_q_mode0EL9ap_o_mode0EL_15445_ap_vld  |  out|    1|      ap_vld|  p_ZZ11network_topP13params_structP8ap_fixedILi22ELi17EL9ap_q_mode0EL9ap_o_mode0EL_15445|       pointer|
|p_ZZ11network_topP13params_structP8ap_fixedILi22ELi17EL9ap_q_mode0EL9ap_o_mode0EL_15446         |  out|   22|      ap_vld|  p_ZZ11network_topP13params_structP8ap_fixedILi22ELi17EL9ap_q_mode0EL9ap_o_mode0EL_15446|       pointer|
|p_ZZ11network_topP13params_structP8ap_fixedILi22ELi17EL9ap_q_mode0EL9ap_o_mode0EL_15446_ap_vld  |  out|    1|      ap_vld|  p_ZZ11network_topP13params_structP8ap_fixedILi22ELi17EL9ap_q_mode0EL9ap_o_mode0EL_15446|       pointer|
|p_ZZ11network_topP13params_structP8ap_fixedILi22ELi17EL9ap_q_mode0EL9ap_o_mode0EL_15447         |  out|   22|      ap_vld|  p_ZZ11network_topP13params_structP8ap_fixedILi22ELi17EL9ap_q_mode0EL9ap_o_mode0EL_15447|       pointer|
|p_ZZ11network_topP13params_structP8ap_fixedILi22ELi17EL9ap_q_mode0EL9ap_o_mode0EL_15447_ap_vld  |  out|    1|      ap_vld|  p_ZZ11network_topP13params_structP8ap_fixedILi22ELi17EL9ap_q_mode0EL9ap_o_mode0EL_15447|       pointer|
|p_ZZ11network_topP13params_structP8ap_fixedILi22ELi17EL9ap_q_mode0EL9ap_o_mode0EL_15449         |  out|   22|      ap_vld|  p_ZZ11network_topP13params_structP8ap_fixedILi22ELi17EL9ap_q_mode0EL9ap_o_mode0EL_15449|       pointer|
|p_ZZ11network_topP13params_structP8ap_fixedILi22ELi17EL9ap_q_mode0EL9ap_o_mode0EL_15449_ap_vld  |  out|    1|      ap_vld|  p_ZZ11network_topP13params_structP8ap_fixedILi22ELi17EL9ap_q_mode0EL9ap_o_mode0EL_15449|       pointer|
|p_ZZ11network_topP13params_structP8ap_fixedILi22ELi17EL9ap_q_mode0EL9ap_o_mode0EL_15450         |  out|   22|      ap_vld|  p_ZZ11network_topP13params_structP8ap_fixedILi22ELi17EL9ap_q_mode0EL9ap_o_mode0EL_15450|       pointer|
|p_ZZ11network_topP13params_structP8ap_fixedILi22ELi17EL9ap_q_mode0EL9ap_o_mode0EL_15450_ap_vld  |  out|    1|      ap_vld|  p_ZZ11network_topP13params_structP8ap_fixedILi22ELi17EL9ap_q_mode0EL9ap_o_mode0EL_15450|       pointer|
|p_ZZ11network_topP13params_structP8ap_fixedILi22ELi17EL9ap_q_mode0EL9ap_o_mode0EL_15452         |  out|   22|      ap_vld|  p_ZZ11network_topP13params_structP8ap_fixedILi22ELi17EL9ap_q_mode0EL9ap_o_mode0EL_15452|       pointer|
|p_ZZ11network_topP13params_structP8ap_fixedILi22ELi17EL9ap_q_mode0EL9ap_o_mode0EL_15452_ap_vld  |  out|    1|      ap_vld|  p_ZZ11network_topP13params_structP8ap_fixedILi22ELi17EL9ap_q_mode0EL9ap_o_mode0EL_15452|       pointer|
|p_ZZ11network_topP13params_structP8ap_fixedILi22ELi17EL9ap_q_mode0EL9ap_o_mode0EL_15453         |  out|   22|      ap_vld|  p_ZZ11network_topP13params_structP8ap_fixedILi22ELi17EL9ap_q_mode0EL9ap_o_mode0EL_15453|       pointer|
|p_ZZ11network_topP13params_structP8ap_fixedILi22ELi17EL9ap_q_mode0EL9ap_o_mode0EL_15453_ap_vld  |  out|    1|      ap_vld|  p_ZZ11network_topP13params_structP8ap_fixedILi22ELi17EL9ap_q_mode0EL9ap_o_mode0EL_15453|       pointer|
|p_ZZ11network_topP13params_structP8ap_fixedILi22ELi17EL9ap_q_mode0EL9ap_o_mode0EL_15454         |  out|   22|      ap_vld|  p_ZZ11network_topP13params_structP8ap_fixedILi22ELi17EL9ap_q_mode0EL9ap_o_mode0EL_15454|       pointer|
|p_ZZ11network_topP13params_structP8ap_fixedILi22ELi17EL9ap_q_mode0EL9ap_o_mode0EL_15454_ap_vld  |  out|    1|      ap_vld|  p_ZZ11network_topP13params_structP8ap_fixedILi22ELi17EL9ap_q_mode0EL9ap_o_mode0EL_15454|       pointer|
|p_ZZ11network_topP13params_structP8ap_fixedILi22ELi17EL9ap_q_mode0EL9ap_o_mode0EL_15455         |  out|   22|      ap_vld|  p_ZZ11network_topP13params_structP8ap_fixedILi22ELi17EL9ap_q_mode0EL9ap_o_mode0EL_15455|       pointer|
|p_ZZ11network_topP13params_structP8ap_fixedILi22ELi17EL9ap_q_mode0EL9ap_o_mode0EL_15455_ap_vld  |  out|    1|      ap_vld|  p_ZZ11network_topP13params_structP8ap_fixedILi22ELi17EL9ap_q_mode0EL9ap_o_mode0EL_15455|       pointer|
|p_ZZ11network_topP13params_structP8ap_fixedILi22ELi17EL9ap_q_mode0EL9ap_o_mode0EL_15456         |  out|   22|      ap_vld|  p_ZZ11network_topP13params_structP8ap_fixedILi22ELi17EL9ap_q_mode0EL9ap_o_mode0EL_15456|       pointer|
|p_ZZ11network_topP13params_structP8ap_fixedILi22ELi17EL9ap_q_mode0EL9ap_o_mode0EL_15456_ap_vld  |  out|    1|      ap_vld|  p_ZZ11network_topP13params_structP8ap_fixedILi22ELi17EL9ap_q_mode0EL9ap_o_mode0EL_15456|       pointer|
|p_ZZ11network_topP13params_structP8ap_fixedILi22ELi17EL9ap_q_mode0EL9ap_o_mode0EL_15457         |  out|   22|      ap_vld|  p_ZZ11network_topP13params_structP8ap_fixedILi22ELi17EL9ap_q_mode0EL9ap_o_mode0EL_15457|       pointer|
|p_ZZ11network_topP13params_structP8ap_fixedILi22ELi17EL9ap_q_mode0EL9ap_o_mode0EL_15457_ap_vld  |  out|    1|      ap_vld|  p_ZZ11network_topP13params_structP8ap_fixedILi22ELi17EL9ap_q_mode0EL9ap_o_mode0EL_15457|       pointer|
|p_ZZ11network_topP13params_structP8ap_fixedILi22ELi17EL9ap_q_mode0EL9ap_o_mode0EL_15458         |  out|   22|      ap_vld|  p_ZZ11network_topP13params_structP8ap_fixedILi22ELi17EL9ap_q_mode0EL9ap_o_mode0EL_15458|       pointer|
|p_ZZ11network_topP13params_structP8ap_fixedILi22ELi17EL9ap_q_mode0EL9ap_o_mode0EL_15458_ap_vld  |  out|    1|      ap_vld|  p_ZZ11network_topP13params_structP8ap_fixedILi22ELi17EL9ap_q_mode0EL9ap_o_mode0EL_15458|       pointer|
|p_ZZ11network_topP13params_structP8ap_fixedILi22ELi17EL9ap_q_mode0EL9ap_o_mode0EL_15459         |  out|   22|      ap_vld|  p_ZZ11network_topP13params_structP8ap_fixedILi22ELi17EL9ap_q_mode0EL9ap_o_mode0EL_15459|       pointer|
|p_ZZ11network_topP13params_structP8ap_fixedILi22ELi17EL9ap_q_mode0EL9ap_o_mode0EL_15459_ap_vld  |  out|    1|      ap_vld|  p_ZZ11network_topP13params_structP8ap_fixedILi22ELi17EL9ap_q_mode0EL9ap_o_mode0EL_15459|       pointer|
+------------------------------------------------------------------------------------------------+-----+-----+------------+-----------------------------------------------------------------------------------------+--------------+

