

================================================================
== Vitis HLS Report for 'network_top_Pipeline_load_weight2_matrix_inner_loop19'
================================================================
* Date:           Sat Oct 28 11:45:53 2023

* Version:        2023.1 (Build 3854077 on May  4 2023)
* Project:        hardware_accelerator
* Solution:       solution1 (Vivado IP Flow Target)
* Product family: zynquplus
* Target device:  xczu7ev-ffvc1156-2-e


================================================================
== Performance Estimates
================================================================
+ Timing: 
    * Summary: 
    +--------+----------+-----------+------------+
    |  Clock |  Target  | Estimated | Uncertainty|
    +--------+----------+-----------+------------+
    |ap_clk  |  20.00 ns|  14.600 ns|     5.40 ns|
    +--------+----------+-----------+------------+

+ Latency: 
    * Summary: 
    +---------+---------+----------+----------+-----+-----+---------+
    |  Latency (cycles) |  Latency (absolute) |  Interval | Pipeline|
    |   min   |   max   |    min   |    max   | min | max |   Type  |
    +---------+---------+----------+----------+-----+-----+---------+
    |       42|       42|  0.840 us|  0.840 us|   42|   42|       no|
    +---------+---------+----------+----------+-----+-----+---------+

    + Detail: 
        * Instance: 
        N/A

        * Loop: 
        +----------------------------------+---------+---------+----------+-----------+-----------+------+----------+
        |                                  |  Latency (cycles) | Iteration|  Initiation Interval  | Trip |          |
        |             Loop Name            |   min   |   max   |  Latency |  achieved |   target  | Count| Pipelined|
        +----------------------------------+---------+---------+----------+-----------+-----------+------+----------+
        |- load_weight2_matrix_inner_loop  |       40|       40|        10|          1|          1|    32|       yes|
        +----------------------------------+---------+---------+----------+-----------+-----------+------+----------+



================================================================
== Utilization Estimates
================================================================
* Summary: 
+-----------------+---------+------+--------+--------+-----+
|       Name      | BRAM_18K|  DSP |   FF   |   LUT  | URAM|
+-----------------+---------+------+--------+--------+-----+
|DSP              |        -|     -|       -|       -|    -|
|Expression       |        -|     -|       0|     111|    -|
|FIFO             |        -|     -|       -|       -|    -|
|Instance         |        -|     -|       -|       -|    -|
|Memory           |        -|     -|       -|       -|    -|
|Multiplexer      |        -|     -|       -|      54|    -|
|Register         |        -|     -|     158|      32|    -|
+-----------------+---------+------+--------+--------+-----+
|Total            |        0|     0|     158|     197|    0|
+-----------------+---------+------+--------+--------+-----+
|Available        |      624|  1728|  460800|  230400|   96|
+-----------------+---------+------+--------+--------+-----+
|Utilization (%)  |        0|     0|      ~0|      ~0|    0|
+-----------------+---------+------+--------+--------+-----+

+ Detail: 
    * Instance: 
    N/A

    * DSP: 
    N/A

    * Memory: 
    N/A

    * FIFO: 
    N/A

    * Expression: 
    +---------------------------+----------+----+---+----+------------+------------+
    |       Variable Name       | Operation| DSP| FF| LUT| Bitwidth P0| Bitwidth P1|
    +---------------------------+----------+----+---+----+------------+------------+
    |add_ln249_fu_232_p2        |         +|   0|  0|  13|           6|           1|
    |add_ln251_5_fu_284_p2      |         +|   0|  0|  71|          64|          64|
    |icmp_ln249_fu_226_p2       |      icmp|   0|  0|  14|           6|           7|
    |ap_block_pp0_stage0_11001  |        or|   0|  0|   2|           1|           1|
    |or_ln251_fu_266_p2         |        or|   0|  0|   9|           9|           6|
    |ap_enable_pp0              |       xor|   0|  0|   2|           1|           2|
    +---------------------------+----------+----+---+----+------------+------------+
    |Total                      |          |   0|  0| 111|          87|          81|
    +---------------------------+----------+----+---+----+------------+------------+

    * Multiplexer: 
    +-------------------------+----+-----------+-----+-----------+
    |           Name          | LUT| Input Size| Bits| Total Bits|
    +-------------------------+----+-----------+-----+-----------+
    |ap_done_int              |   9|          2|    1|          2|
    |ap_enable_reg_pp0_iter1  |   9|          2|    1|          2|
    |ap_sig_allocacmp_c       |   9|          2|    6|         12|
    |c_20_fu_196              |   9|          2|    6|         12|
    |gmem_blk_n_AR            |   9|          2|    1|          2|
    |gmem_blk_n_R             |   9|          2|    1|          2|
    +-------------------------+----+-----------+-----+-----------+
    |Total                    |  54|         12|   16|         32|
    +-------------------------+----+-----------+-----+-----------+

    * Register: 
    +----------------------------------+----+----+-----+-----------+
    |               Name               | FF | LUT| Bits| Const Bits|
    +----------------------------------+----+----+-----+-----------+
    |ap_CS_fsm                         |   1|   0|    1|          0|
    |ap_done_reg                       |   1|   0|    1|          0|
    |ap_enable_reg_pp0_iter1           |   1|   0|    1|          0|
    |ap_enable_reg_pp0_iter2           |   1|   0|    1|          0|
    |ap_enable_reg_pp0_iter3           |   1|   0|    1|          0|
    |ap_enable_reg_pp0_iter4           |   1|   0|    1|          0|
    |ap_enable_reg_pp0_iter5           |   1|   0|    1|          0|
    |ap_enable_reg_pp0_iter6           |   1|   0|    1|          0|
    |ap_enable_reg_pp0_iter7           |   1|   0|    1|          0|
    |ap_enable_reg_pp0_iter8           |   1|   0|    1|          0|
    |ap_enable_reg_pp0_iter9           |   1|   0|    1|          0|
    |ap_loop_exit_ready_pp0_iter1_reg  |   1|   0|    1|          0|
    |ap_loop_exit_ready_pp0_iter2_reg  |   1|   0|    1|          0|
    |ap_loop_exit_ready_pp0_iter3_reg  |   1|   0|    1|          0|
    |ap_loop_exit_ready_pp0_iter4_reg  |   1|   0|    1|          0|
    |ap_loop_exit_ready_pp0_iter5_reg  |   1|   0|    1|          0|
    |ap_loop_exit_ready_pp0_iter6_reg  |   1|   0|    1|          0|
    |ap_loop_exit_ready_pp0_iter7_reg  |   1|   0|    1|          0|
    |ap_loop_exit_ready_pp0_iter8_reg  |   1|   0|    1|          0|
    |c_20_fu_196                       |   6|   0|    6|          0|
    |gmem_addr_reg_526                 |  64|   0|   64|          0|
    |trunc_ln249_reg_522               |   5|   0|    5|          0|
    |trunc_ln249_reg_522               |  64|  32|    5|          0|
    +----------------------------------+----+----+-----+-----------+
    |Total                             | 158|  32|   99|          0|
    +----------------------------------+----+----+-----+-----------+



================================================================
== Interface
================================================================
* Summary: 
+-----------------------------------------------------------------------------------------------+-----+-----+------------+----------------------------------------------------------------------------------------+--------------+
|                                           RTL Ports                                           | Dir | Bits|  Protocol  |                                      Source Object                                     |    C Type    |
+-----------------------------------------------------------------------------------------------+-----+-----+------------+----------------------------------------------------------------------------------------+--------------+
|ap_clk                                                                                         |   in|    1|  ap_ctrl_hs|                                   network_top_Pipeline_load_weight2_matrix_inner_loop19|  return value|
|ap_rst                                                                                         |   in|    1|  ap_ctrl_hs|                                   network_top_Pipeline_load_weight2_matrix_inner_loop19|  return value|
|ap_start                                                                                       |   in|    1|  ap_ctrl_hs|                                   network_top_Pipeline_load_weight2_matrix_inner_loop19|  return value|
|ap_done                                                                                        |  out|    1|  ap_ctrl_hs|                                   network_top_Pipeline_load_weight2_matrix_inner_loop19|  return value|
|ap_idle                                                                                        |  out|    1|  ap_ctrl_hs|                                   network_top_Pipeline_load_weight2_matrix_inner_loop19|  return value|
|ap_ready                                                                                       |  out|    1|  ap_ctrl_hs|                                   network_top_Pipeline_load_weight2_matrix_inner_loop19|  return value|
|m_axi_gmem_AWVALID                                                                             |  out|    1|       m_axi|                                                                                    gmem|       pointer|
|m_axi_gmem_AWREADY                                                                             |   in|    1|       m_axi|                                                                                    gmem|       pointer|
|m_axi_gmem_AWADDR                                                                              |  out|   64|       m_axi|                                                                                    gmem|       pointer|
|m_axi_gmem_AWID                                                                                |  out|    1|       m_axi|                                                                                    gmem|       pointer|
|m_axi_gmem_AWLEN                                                                               |  out|   32|       m_axi|                                                                                    gmem|       pointer|
|m_axi_gmem_AWSIZE                                                                              |  out|    3|       m_axi|                                                                                    gmem|       pointer|
|m_axi_gmem_AWBURST                                                                             |  out|    2|       m_axi|                                                                                    gmem|       pointer|
|m_axi_gmem_AWLOCK                                                                              |  out|    2|       m_axi|                                                                                    gmem|       pointer|
|m_axi_gmem_AWCACHE                                                                             |  out|    4|       m_axi|                                                                                    gmem|       pointer|
|m_axi_gmem_AWPROT                                                                              |  out|    3|       m_axi|                                                                                    gmem|       pointer|
|m_axi_gmem_AWQOS                                                                               |  out|    4|       m_axi|                                                                                    gmem|       pointer|
|m_axi_gmem_AWREGION                                                                            |  out|    4|       m_axi|                                                                                    gmem|       pointer|
|m_axi_gmem_AWUSER                                                                              |  out|    1|       m_axi|                                                                                    gmem|       pointer|
|m_axi_gmem_WVALID                                                                              |  out|    1|       m_axi|                                                                                    gmem|       pointer|
|m_axi_gmem_WREADY                                                                              |   in|    1|       m_axi|                                                                                    gmem|       pointer|
|m_axi_gmem_WDATA                                                                               |  out|   16|       m_axi|                                                                                    gmem|       pointer|
|m_axi_gmem_WSTRB                                                                               |  out|    2|       m_axi|                                                                                    gmem|       pointer|
|m_axi_gmem_WLAST                                                                               |  out|    1|       m_axi|                                                                                    gmem|       pointer|
|m_axi_gmem_WID                                                                                 |  out|    1|       m_axi|                                                                                    gmem|       pointer|
|m_axi_gmem_WUSER                                                                               |  out|    1|       m_axi|                                                                                    gmem|       pointer|
|m_axi_gmem_ARVALID                                                                             |  out|    1|       m_axi|                                                                                    gmem|       pointer|
|m_axi_gmem_ARREADY                                                                             |   in|    1|       m_axi|                                                                                    gmem|       pointer|
|m_axi_gmem_ARADDR                                                                              |  out|   64|       m_axi|                                                                                    gmem|       pointer|
|m_axi_gmem_ARID                                                                                |  out|    1|       m_axi|                                                                                    gmem|       pointer|
|m_axi_gmem_ARLEN                                                                               |  out|   32|       m_axi|                                                                                    gmem|       pointer|
|m_axi_gmem_ARSIZE                                                                              |  out|    3|       m_axi|                                                                                    gmem|       pointer|
|m_axi_gmem_ARBURST                                                                             |  out|    2|       m_axi|                                                                                    gmem|       pointer|
|m_axi_gmem_ARLOCK                                                                              |  out|    2|       m_axi|                                                                                    gmem|       pointer|
|m_axi_gmem_ARCACHE                                                                             |  out|    4|       m_axi|                                                                                    gmem|       pointer|
|m_axi_gmem_ARPROT                                                                              |  out|    3|       m_axi|                                                                                    gmem|       pointer|
|m_axi_gmem_ARQOS                                                                               |  out|    4|       m_axi|                                                                                    gmem|       pointer|
|m_axi_gmem_ARREGION                                                                            |  out|    4|       m_axi|                                                                                    gmem|       pointer|
|m_axi_gmem_ARUSER                                                                              |  out|    1|       m_axi|                                                                                    gmem|       pointer|
|m_axi_gmem_RVALID                                                                              |   in|    1|       m_axi|                                                                                    gmem|       pointer|
|m_axi_gmem_RREADY                                                                              |  out|    1|       m_axi|                                                                                    gmem|       pointer|
|m_axi_gmem_RDATA                                                                               |   in|   16|       m_axi|                                                                                    gmem|       pointer|
|m_axi_gmem_RLAST                                                                               |   in|    1|       m_axi|                                                                                    gmem|       pointer|
|m_axi_gmem_RID                                                                                 |   in|    1|       m_axi|                                                                                    gmem|       pointer|
|m_axi_gmem_RFIFONUM                                                                            |   in|   10|       m_axi|                                                                                    gmem|       pointer|
|m_axi_gmem_RUSER                                                                               |   in|    1|       m_axi|                                                                                    gmem|       pointer|
|m_axi_gmem_RRESP                                                                               |   in|    2|       m_axi|                                                                                    gmem|       pointer|
|m_axi_gmem_BVALID                                                                              |   in|    1|       m_axi|                                                                                    gmem|       pointer|
|m_axi_gmem_BREADY                                                                              |  out|    1|       m_axi|                                                                                    gmem|       pointer|
|m_axi_gmem_BRESP                                                                               |   in|    2|       m_axi|                                                                                    gmem|       pointer|
|m_axi_gmem_BID                                                                                 |   in|    1|       m_axi|                                                                                    gmem|       pointer|
|m_axi_gmem_BUSER                                                                               |   in|    1|       m_axi|                                                                                    gmem|       pointer|
|add_ln251                                                                                      |   in|   64|     ap_none|                                                                               add_ln251|        scalar|
|p_ZZ11network_topP13params_structP8ap_fixedILi12ELi2EL9ap_q_mode0EL9ap_o_mode3ELi_1929         |  out|   12|      ap_vld|  p_ZZ11network_topP13params_structP8ap_fixedILi12ELi2EL9ap_q_mode0EL9ap_o_mode3ELi_1929|       pointer|
|p_ZZ11network_topP13params_structP8ap_fixedILi12ELi2EL9ap_q_mode0EL9ap_o_mode3ELi_1929_ap_vld  |  out|    1|      ap_vld|  p_ZZ11network_topP13params_structP8ap_fixedILi12ELi2EL9ap_q_mode0EL9ap_o_mode3ELi_1929|       pointer|
|p_ZZ11network_topP13params_structP8ap_fixedILi12ELi2EL9ap_q_mode0EL9ap_o_mode3ELi_1930         |  out|   12|      ap_vld|  p_ZZ11network_topP13params_structP8ap_fixedILi12ELi2EL9ap_q_mode0EL9ap_o_mode3ELi_1930|       pointer|
|p_ZZ11network_topP13params_structP8ap_fixedILi12ELi2EL9ap_q_mode0EL9ap_o_mode3ELi_1930_ap_vld  |  out|    1|      ap_vld|  p_ZZ11network_topP13params_structP8ap_fixedILi12ELi2EL9ap_q_mode0EL9ap_o_mode3ELi_1930|       pointer|
|p_ZZ11network_topP13params_structP8ap_fixedILi12ELi2EL9ap_q_mode0EL9ap_o_mode3ELi_1941         |  out|   12|      ap_vld|  p_ZZ11network_topP13params_structP8ap_fixedILi12ELi2EL9ap_q_mode0EL9ap_o_mode3ELi_1941|       pointer|
|p_ZZ11network_topP13params_structP8ap_fixedILi12ELi2EL9ap_q_mode0EL9ap_o_mode3ELi_1941_ap_vld  |  out|    1|      ap_vld|  p_ZZ11network_topP13params_structP8ap_fixedILi12ELi2EL9ap_q_mode0EL9ap_o_mode3ELi_1941|       pointer|
|p_ZZ11network_topP13params_structP8ap_fixedILi12ELi2EL9ap_q_mode0EL9ap_o_mode3ELi_1952         |  out|   12|      ap_vld|  p_ZZ11network_topP13params_structP8ap_fixedILi12ELi2EL9ap_q_mode0EL9ap_o_mode3ELi_1952|       pointer|
|p_ZZ11network_topP13params_structP8ap_fixedILi12ELi2EL9ap_q_mode0EL9ap_o_mode3ELi_1952_ap_vld  |  out|    1|      ap_vld|  p_ZZ11network_topP13params_structP8ap_fixedILi12ELi2EL9ap_q_mode0EL9ap_o_mode3ELi_1952|       pointer|
|p_ZZ11network_topP13params_structP8ap_fixedILi12ELi2EL9ap_q_mode0EL9ap_o_mode3ELi_1955         |  out|   12|      ap_vld|  p_ZZ11network_topP13params_structP8ap_fixedILi12ELi2EL9ap_q_mode0EL9ap_o_mode3ELi_1955|       pointer|
|p_ZZ11network_topP13params_structP8ap_fixedILi12ELi2EL9ap_q_mode0EL9ap_o_mode3ELi_1955_ap_vld  |  out|    1|      ap_vld|  p_ZZ11network_topP13params_structP8ap_fixedILi12ELi2EL9ap_q_mode0EL9ap_o_mode3ELi_1955|       pointer|
|p_ZZ11network_topP13params_structP8ap_fixedILi12ELi2EL9ap_q_mode0EL9ap_o_mode3ELi_1956         |  out|   12|      ap_vld|  p_ZZ11network_topP13params_structP8ap_fixedILi12ELi2EL9ap_q_mode0EL9ap_o_mode3ELi_1956|       pointer|
|p_ZZ11network_topP13params_structP8ap_fixedILi12ELi2EL9ap_q_mode0EL9ap_o_mode3ELi_1956_ap_vld  |  out|    1|      ap_vld|  p_ZZ11network_topP13params_structP8ap_fixedILi12ELi2EL9ap_q_mode0EL9ap_o_mode3ELi_1956|       pointer|
|p_ZZ11network_topP13params_structP8ap_fixedILi12ELi2EL9ap_q_mode0EL9ap_o_mode3ELi_1957         |  out|   12|      ap_vld|  p_ZZ11network_topP13params_structP8ap_fixedILi12ELi2EL9ap_q_mode0EL9ap_o_mode3ELi_1957|       pointer|
|p_ZZ11network_topP13params_structP8ap_fixedILi12ELi2EL9ap_q_mode0EL9ap_o_mode3ELi_1957_ap_vld  |  out|    1|      ap_vld|  p_ZZ11network_topP13params_structP8ap_fixedILi12ELi2EL9ap_q_mode0EL9ap_o_mode3ELi_1957|       pointer|
|p_ZZ11network_topP13params_structP8ap_fixedILi12ELi2EL9ap_q_mode0EL9ap_o_mode3ELi_1958         |  out|   12|      ap_vld|  p_ZZ11network_topP13params_structP8ap_fixedILi12ELi2EL9ap_q_mode0EL9ap_o_mode3ELi_1958|       pointer|
|p_ZZ11network_topP13params_structP8ap_fixedILi12ELi2EL9ap_q_mode0EL9ap_o_mode3ELi_1958_ap_vld  |  out|    1|      ap_vld|  p_ZZ11network_topP13params_structP8ap_fixedILi12ELi2EL9ap_q_mode0EL9ap_o_mode3ELi_1958|       pointer|
|p_ZZ11network_topP13params_structP8ap_fixedILi12ELi2EL9ap_q_mode0EL9ap_o_mode3ELi_1959         |  out|   12|      ap_vld|  p_ZZ11network_topP13params_structP8ap_fixedILi12ELi2EL9ap_q_mode0EL9ap_o_mode3ELi_1959|       pointer|
|p_ZZ11network_topP13params_structP8ap_fixedILi12ELi2EL9ap_q_mode0EL9ap_o_mode3ELi_1959_ap_vld  |  out|    1|      ap_vld|  p_ZZ11network_topP13params_structP8ap_fixedILi12ELi2EL9ap_q_mode0EL9ap_o_mode3ELi_1959|       pointer|
|p_ZZ11network_topP13params_structP8ap_fixedILi12ELi2EL9ap_q_mode0EL9ap_o_mode3ELi_1960         |  out|   12|      ap_vld|  p_ZZ11network_topP13params_structP8ap_fixedILi12ELi2EL9ap_q_mode0EL9ap_o_mode3ELi_1960|       pointer|
|p_ZZ11network_topP13params_structP8ap_fixedILi12ELi2EL9ap_q_mode0EL9ap_o_mode3ELi_1960_ap_vld  |  out|    1|      ap_vld|  p_ZZ11network_topP13params_structP8ap_fixedILi12ELi2EL9ap_q_mode0EL9ap_o_mode3ELi_1960|       pointer|
|p_ZZ11network_topP13params_structP8ap_fixedILi12ELi2EL9ap_q_mode0EL9ap_o_mode3ELi_1931         |  out|   12|      ap_vld|  p_ZZ11network_topP13params_structP8ap_fixedILi12ELi2EL9ap_q_mode0EL9ap_o_mode3ELi_1931|       pointer|
|p_ZZ11network_topP13params_structP8ap_fixedILi12ELi2EL9ap_q_mode0EL9ap_o_mode3ELi_1931_ap_vld  |  out|    1|      ap_vld|  p_ZZ11network_topP13params_structP8ap_fixedILi12ELi2EL9ap_q_mode0EL9ap_o_mode3ELi_1931|       pointer|
|p_ZZ11network_topP13params_structP8ap_fixedILi12ELi2EL9ap_q_mode0EL9ap_o_mode3ELi_1932         |  out|   12|      ap_vld|  p_ZZ11network_topP13params_structP8ap_fixedILi12ELi2EL9ap_q_mode0EL9ap_o_mode3ELi_1932|       pointer|
|p_ZZ11network_topP13params_structP8ap_fixedILi12ELi2EL9ap_q_mode0EL9ap_o_mode3ELi_1932_ap_vld  |  out|    1|      ap_vld|  p_ZZ11network_topP13params_structP8ap_fixedILi12ELi2EL9ap_q_mode0EL9ap_o_mode3ELi_1932|       pointer|
|p_ZZ11network_topP13params_structP8ap_fixedILi12ELi2EL9ap_q_mode0EL9ap_o_mode3ELi_1933         |  out|   12|      ap_vld|  p_ZZ11network_topP13params_structP8ap_fixedILi12ELi2EL9ap_q_mode0EL9ap_o_mode3ELi_1933|       pointer|
|p_ZZ11network_topP13params_structP8ap_fixedILi12ELi2EL9ap_q_mode0EL9ap_o_mode3ELi_1933_ap_vld  |  out|    1|      ap_vld|  p_ZZ11network_topP13params_structP8ap_fixedILi12ELi2EL9ap_q_mode0EL9ap_o_mode3ELi_1933|       pointer|
|p_ZZ11network_topP13params_structP8ap_fixedILi12ELi2EL9ap_q_mode0EL9ap_o_mode3ELi_1934         |  out|   12|      ap_vld|  p_ZZ11network_topP13params_structP8ap_fixedILi12ELi2EL9ap_q_mode0EL9ap_o_mode3ELi_1934|       pointer|
|p_ZZ11network_topP13params_structP8ap_fixedILi12ELi2EL9ap_q_mode0EL9ap_o_mode3ELi_1934_ap_vld  |  out|    1|      ap_vld|  p_ZZ11network_topP13params_structP8ap_fixedILi12ELi2EL9ap_q_mode0EL9ap_o_mode3ELi_1934|       pointer|
|p_ZZ11network_topP13params_structP8ap_fixedILi12ELi2EL9ap_q_mode0EL9ap_o_mode3ELi_1935         |  out|   12|      ap_vld|  p_ZZ11network_topP13params_structP8ap_fixedILi12ELi2EL9ap_q_mode0EL9ap_o_mode3ELi_1935|       pointer|
|p_ZZ11network_topP13params_structP8ap_fixedILi12ELi2EL9ap_q_mode0EL9ap_o_mode3ELi_1935_ap_vld  |  out|    1|      ap_vld|  p_ZZ11network_topP13params_structP8ap_fixedILi12ELi2EL9ap_q_mode0EL9ap_o_mode3ELi_1935|       pointer|
|p_ZZ11network_topP13params_structP8ap_fixedILi12ELi2EL9ap_q_mode0EL9ap_o_mode3ELi_1936         |  out|   12|      ap_vld|  p_ZZ11network_topP13params_structP8ap_fixedILi12ELi2EL9ap_q_mode0EL9ap_o_mode3ELi_1936|       pointer|
|p_ZZ11network_topP13params_structP8ap_fixedILi12ELi2EL9ap_q_mode0EL9ap_o_mode3ELi_1936_ap_vld  |  out|    1|      ap_vld|  p_ZZ11network_topP13params_structP8ap_fixedILi12ELi2EL9ap_q_mode0EL9ap_o_mode3ELi_1936|       pointer|
|p_ZZ11network_topP13params_structP8ap_fixedILi12ELi2EL9ap_q_mode0EL9ap_o_mode3ELi_1937         |  out|   12|      ap_vld|  p_ZZ11network_topP13params_structP8ap_fixedILi12ELi2EL9ap_q_mode0EL9ap_o_mode3ELi_1937|       pointer|
|p_ZZ11network_topP13params_structP8ap_fixedILi12ELi2EL9ap_q_mode0EL9ap_o_mode3ELi_1937_ap_vld  |  out|    1|      ap_vld|  p_ZZ11network_topP13params_structP8ap_fixedILi12ELi2EL9ap_q_mode0EL9ap_o_mode3ELi_1937|       pointer|
|p_ZZ11network_topP13params_structP8ap_fixedILi12ELi2EL9ap_q_mode0EL9ap_o_mode3ELi_1938         |  out|   12|      ap_vld|  p_ZZ11network_topP13params_structP8ap_fixedILi12ELi2EL9ap_q_mode0EL9ap_o_mode3ELi_1938|       pointer|
|p_ZZ11network_topP13params_structP8ap_fixedILi12ELi2EL9ap_q_mode0EL9ap_o_mode3ELi_1938_ap_vld  |  out|    1|      ap_vld|  p_ZZ11network_topP13params_structP8ap_fixedILi12ELi2EL9ap_q_mode0EL9ap_o_mode3ELi_1938|       pointer|
|p_ZZ11network_topP13params_structP8ap_fixedILi12ELi2EL9ap_q_mode0EL9ap_o_mode3ELi_1939         |  out|   12|      ap_vld|  p_ZZ11network_topP13params_structP8ap_fixedILi12ELi2EL9ap_q_mode0EL9ap_o_mode3ELi_1939|       pointer|
|p_ZZ11network_topP13params_structP8ap_fixedILi12ELi2EL9ap_q_mode0EL9ap_o_mode3ELi_1939_ap_vld  |  out|    1|      ap_vld|  p_ZZ11network_topP13params_structP8ap_fixedILi12ELi2EL9ap_q_mode0EL9ap_o_mode3ELi_1939|       pointer|
|p_ZZ11network_topP13params_structP8ap_fixedILi12ELi2EL9ap_q_mode0EL9ap_o_mode3ELi_1940         |  out|   12|      ap_vld|  p_ZZ11network_topP13params_structP8ap_fixedILi12ELi2EL9ap_q_mode0EL9ap_o_mode3ELi_1940|       pointer|
|p_ZZ11network_topP13params_structP8ap_fixedILi12ELi2EL9ap_q_mode0EL9ap_o_mode3ELi_1940_ap_vld  |  out|    1|      ap_vld|  p_ZZ11network_topP13params_structP8ap_fixedILi12ELi2EL9ap_q_mode0EL9ap_o_mode3ELi_1940|       pointer|
|p_ZZ11network_topP13params_structP8ap_fixedILi12ELi2EL9ap_q_mode0EL9ap_o_mode3ELi_1942         |  out|   12|      ap_vld|  p_ZZ11network_topP13params_structP8ap_fixedILi12ELi2EL9ap_q_mode0EL9ap_o_mode3ELi_1942|       pointer|
|p_ZZ11network_topP13params_structP8ap_fixedILi12ELi2EL9ap_q_mode0EL9ap_o_mode3ELi_1942_ap_vld  |  out|    1|      ap_vld|  p_ZZ11network_topP13params_structP8ap_fixedILi12ELi2EL9ap_q_mode0EL9ap_o_mode3ELi_1942|       pointer|
|p_ZZ11network_topP13params_structP8ap_fixedILi12ELi2EL9ap_q_mode0EL9ap_o_mode3ELi_1943         |  out|   12|      ap_vld|  p_ZZ11network_topP13params_structP8ap_fixedILi12ELi2EL9ap_q_mode0EL9ap_o_mode3ELi_1943|       pointer|
|p_ZZ11network_topP13params_structP8ap_fixedILi12ELi2EL9ap_q_mode0EL9ap_o_mode3ELi_1943_ap_vld  |  out|    1|      ap_vld|  p_ZZ11network_topP13params_structP8ap_fixedILi12ELi2EL9ap_q_mode0EL9ap_o_mode3ELi_1943|       pointer|
|p_ZZ11network_topP13params_structP8ap_fixedILi12ELi2EL9ap_q_mode0EL9ap_o_mode3ELi_1944         |  out|   12|      ap_vld|  p_ZZ11network_topP13params_structP8ap_fixedILi12ELi2EL9ap_q_mode0EL9ap_o_mode3ELi_1944|       pointer|
|p_ZZ11network_topP13params_structP8ap_fixedILi12ELi2EL9ap_q_mode0EL9ap_o_mode3ELi_1944_ap_vld  |  out|    1|      ap_vld|  p_ZZ11network_topP13params_structP8ap_fixedILi12ELi2EL9ap_q_mode0EL9ap_o_mode3ELi_1944|       pointer|
|p_ZZ11network_topP13params_structP8ap_fixedILi12ELi2EL9ap_q_mode0EL9ap_o_mode3ELi_1945         |  out|   12|      ap_vld|  p_ZZ11network_topP13params_structP8ap_fixedILi12ELi2EL9ap_q_mode0EL9ap_o_mode3ELi_1945|       pointer|
|p_ZZ11network_topP13params_structP8ap_fixedILi12ELi2EL9ap_q_mode0EL9ap_o_mode3ELi_1945_ap_vld  |  out|    1|      ap_vld|  p_ZZ11network_topP13params_structP8ap_fixedILi12ELi2EL9ap_q_mode0EL9ap_o_mode3ELi_1945|       pointer|
|p_ZZ11network_topP13params_structP8ap_fixedILi12ELi2EL9ap_q_mode0EL9ap_o_mode3ELi_1946         |  out|   12|      ap_vld|  p_ZZ11network_topP13params_structP8ap_fixedILi12ELi2EL9ap_q_mode0EL9ap_o_mode3ELi_1946|       pointer|
|p_ZZ11network_topP13params_structP8ap_fixedILi12ELi2EL9ap_q_mode0EL9ap_o_mode3ELi_1946_ap_vld  |  out|    1|      ap_vld|  p_ZZ11network_topP13params_structP8ap_fixedILi12ELi2EL9ap_q_mode0EL9ap_o_mode3ELi_1946|       pointer|
|p_ZZ11network_topP13params_structP8ap_fixedILi12ELi2EL9ap_q_mode0EL9ap_o_mode3ELi_1947         |  out|   12|      ap_vld|  p_ZZ11network_topP13params_structP8ap_fixedILi12ELi2EL9ap_q_mode0EL9ap_o_mode3ELi_1947|       pointer|
|p_ZZ11network_topP13params_structP8ap_fixedILi12ELi2EL9ap_q_mode0EL9ap_o_mode3ELi_1947_ap_vld  |  out|    1|      ap_vld|  p_ZZ11network_topP13params_structP8ap_fixedILi12ELi2EL9ap_q_mode0EL9ap_o_mode3ELi_1947|       pointer|
|p_ZZ11network_topP13params_structP8ap_fixedILi12ELi2EL9ap_q_mode0EL9ap_o_mode3ELi_1948         |  out|   12|      ap_vld|  p_ZZ11network_topP13params_structP8ap_fixedILi12ELi2EL9ap_q_mode0EL9ap_o_mode3ELi_1948|       pointer|
|p_ZZ11network_topP13params_structP8ap_fixedILi12ELi2EL9ap_q_mode0EL9ap_o_mode3ELi_1948_ap_vld  |  out|    1|      ap_vld|  p_ZZ11network_topP13params_structP8ap_fixedILi12ELi2EL9ap_q_mode0EL9ap_o_mode3ELi_1948|       pointer|
|p_ZZ11network_topP13params_structP8ap_fixedILi12ELi2EL9ap_q_mode0EL9ap_o_mode3ELi_1949         |  out|   12|      ap_vld|  p_ZZ11network_topP13params_structP8ap_fixedILi12ELi2EL9ap_q_mode0EL9ap_o_mode3ELi_1949|       pointer|
|p_ZZ11network_topP13params_structP8ap_fixedILi12ELi2EL9ap_q_mode0EL9ap_o_mode3ELi_1949_ap_vld  |  out|    1|      ap_vld|  p_ZZ11network_topP13params_structP8ap_fixedILi12ELi2EL9ap_q_mode0EL9ap_o_mode3ELi_1949|       pointer|
|p_ZZ11network_topP13params_structP8ap_fixedILi12ELi2EL9ap_q_mode0EL9ap_o_mode3ELi_1950         |  out|   12|      ap_vld|  p_ZZ11network_topP13params_structP8ap_fixedILi12ELi2EL9ap_q_mode0EL9ap_o_mode3ELi_1950|       pointer|
|p_ZZ11network_topP13params_structP8ap_fixedILi12ELi2EL9ap_q_mode0EL9ap_o_mode3ELi_1950_ap_vld  |  out|    1|      ap_vld|  p_ZZ11network_topP13params_structP8ap_fixedILi12ELi2EL9ap_q_mode0EL9ap_o_mode3ELi_1950|       pointer|
|p_ZZ11network_topP13params_structP8ap_fixedILi12ELi2EL9ap_q_mode0EL9ap_o_mode3ELi_1951         |  out|   12|      ap_vld|  p_ZZ11network_topP13params_structP8ap_fixedILi12ELi2EL9ap_q_mode0EL9ap_o_mode3ELi_1951|       pointer|
|p_ZZ11network_topP13params_structP8ap_fixedILi12ELi2EL9ap_q_mode0EL9ap_o_mode3ELi_1951_ap_vld  |  out|    1|      ap_vld|  p_ZZ11network_topP13params_structP8ap_fixedILi12ELi2EL9ap_q_mode0EL9ap_o_mode3ELi_1951|       pointer|
|p_ZZ11network_topP13params_structP8ap_fixedILi12ELi2EL9ap_q_mode0EL9ap_o_mode3ELi_1953         |  out|   12|      ap_vld|  p_ZZ11network_topP13params_structP8ap_fixedILi12ELi2EL9ap_q_mode0EL9ap_o_mode3ELi_1953|       pointer|
|p_ZZ11network_topP13params_structP8ap_fixedILi12ELi2EL9ap_q_mode0EL9ap_o_mode3ELi_1953_ap_vld  |  out|    1|      ap_vld|  p_ZZ11network_topP13params_structP8ap_fixedILi12ELi2EL9ap_q_mode0EL9ap_o_mode3ELi_1953|       pointer|
|p_ZZ11network_topP13params_structP8ap_fixedILi12ELi2EL9ap_q_mode0EL9ap_o_mode3ELi_1954         |  out|   12|      ap_vld|  p_ZZ11network_topP13params_structP8ap_fixedILi12ELi2EL9ap_q_mode0EL9ap_o_mode3ELi_1954|       pointer|
|p_ZZ11network_topP13params_structP8ap_fixedILi12ELi2EL9ap_q_mode0EL9ap_o_mode3ELi_1954_ap_vld  |  out|    1|      ap_vld|  p_ZZ11network_topP13params_structP8ap_fixedILi12ELi2EL9ap_q_mode0EL9ap_o_mode3ELi_1954|       pointer|
+-----------------------------------------------------------------------------------------------+-----+-----+------------+----------------------------------------------------------------------------------------+--------------+

