

================================================================
== Vitis HLS Report for 'network_top_Pipeline_load_weight3_matrix_inner_loop101'
================================================================
* Date:           Wed Oct 18 18:29:20 2023

* Version:        2023.1 (Build 3854077 on May  4 2023)
* Project:        matrix_test2
* Solution:       solution1 (Vivado IP Flow Target)
* Product family: zynquplus
* Target device:  xczu7ev-ffvc1156-2-e


================================================================
== Performance Estimates
================================================================
+ Timing: 
    * Summary: 
    +--------+---------+----------+------------+
    |  Clock |  Target | Estimated| Uncertainty|
    +--------+---------+----------+------------+
    |ap_clk  |  0.35 us|  0.256 us|    94.50 ns|
    +--------+---------+----------+------------+

+ Latency: 
    * Summary: 
    +---------+---------+-----------+-----------+-----+-----+---------+
    |  Latency (cycles) |   Latency (absolute)  |  Interval | Pipeline|
    |   min   |   max   |    min    |    max    | min | max |   Type  |
    +---------+---------+-----------+-----------+-----+-----+---------+
    |       90|       90|  31.500 us|  31.500 us|   90|   90|       no|
    +---------+---------+-----------+-----------+-----+-----+---------+

    + Detail: 
        * Instance: 
        N/A

        * Loop: 
        +----------------------------------+---------+---------+----------+-----------+-----------+------+----------+
        |                                  |  Latency (cycles) | Iteration|  Initiation Interval  | Trip |          |
        |             Loop Name            |   min   |   max   |  Latency |  achieved |   target  | Count| Pipelined|
        +----------------------------------+---------+---------+----------+-----------+-----------+------+----------+
        |- load_weight3_matrix_inner_loop  |       88|       88|        10|          1|          1|    80|       yes|
        +----------------------------------+---------+---------+----------+-----------+-----------+------+----------+



================================================================
== Utilization Estimates
================================================================
* Summary: 
+-----------------+---------+------+--------+--------+-----+
|       Name      | BRAM_18K|  DSP |   FF   |   LUT  | URAM|
+-----------------+---------+------+--------+--------+-----+
|DSP              |        -|     -|       -|       -|    -|
|Expression       |        -|     -|       0|     187|    -|
|FIFO             |        -|     -|       -|       -|    -|
|Instance         |        -|     0|       0|       5|    -|
|Memory           |        -|     -|       -|       -|    -|
|Multiplexer      |        -|     -|       -|      99|    -|
|Register         |        -|     -|     183|      32|    -|
+-----------------+---------+------+--------+--------+-----+
|Total            |        0|     0|     183|     323|    0|
+-----------------+---------+------+--------+--------+-----+
|Available        |      624|  1728|  460800|  230400|   96|
+-----------------+---------+------+--------+--------+-----+
|Utilization (%)  |        0|     0|      ~0|      ~0|    0|
+-----------------+---------+------+--------+--------+-----+

+ Detail: 
    * Instance: 
    +---------------------------+---------------------+---------+----+---+----+-----+
    |          Instance         |        Module       | BRAM_18K| DSP| FF| LUT| URAM|
    +---------------------------+---------------------+---------+----+---+----+-----+
    |mul_3ns_11ns_12_1_1_U8551  |mul_3ns_11ns_12_1_1  |        0|   0|  0|   5|    0|
    +---------------------------+---------------------+---------+----+---+----+-----+
    |Total                      |                     |        0|   0|  0|   5|    0|
    +---------------------------+---------------------+---------+----+---+----+-----+

    * DSP: 
    N/A

    * Memory: 
    N/A

    * FIFO: 
    N/A

    * Expression: 
    +---------------------------+----------+----+---+----+------------+------------+
    |       Variable Name       | Operation| DSP| FF| LUT| Bitwidth P0| Bitwidth P1|
    +---------------------------+----------+----+---+----+------------+------------+
    |add_ln223_23_fu_448_p2     |         +|   0|  0|  14|           7|           1|
    |add_ln223_fu_565_p2        |         +|   0|  0|  14|           7|           1|
    |add_ln225_46_fu_518_p2     |         +|   0|  0|  20|          13|           9|
    |add_ln225_47_fu_536_p2     |         +|   0|  0|  71|          64|          64|
    |next_mul750_fu_460_p2      |         +|   0|  0|  22|          15|           8|
    |icmp_ln223_23_fu_442_p2    |      icmp|   0|  0|  14|           7|           7|
    |icmp_ln223_fu_571_p2       |      icmp|   0|  0|  14|           7|           5|
    |ap_block_pp0_stage0_11001  |        or|   0|  0|   2|           1|           1|
    |or_ln225_fu_490_p2         |        or|   0|  0|   7|           7|           7|
    |select_ln223_fu_577_p3     |    select|   0|  0|   7|           1|           7|
    |ap_enable_pp0              |       xor|   0|  0|   2|           1|           2|
    +---------------------------+----------+----+---+----+------------+------------+
    |Total                      |          |   0|  0| 187|         130|         112|
    +---------------------------+----------+----+---+----+------------+------------+

    * Multiplexer: 
    +-------------------------------------+----+-----------+-----+-----------+
    |                 Name                | LUT| Input Size| Bits| Total Bits|
    +-------------------------------------+----+-----------+-----+-----------+
    |ap_done_int                          |   9|          2|    1|          2|
    |ap_enable_reg_pp0_iter1              |   9|          2|    1|          2|
    |ap_sig_allocacmp_c_38                |   9|          2|    7|         14|
    |ap_sig_allocacmp_phi_mul749_load     |   9|          2|   15|         30|
    |ap_sig_allocacmp_phi_urem751_load    |   9|          2|    7|         14|
    |ap_sig_allocacmp_phi_urem751_load_1  |   9|          2|    7|         14|
    |c_fu_402                             |   9|          2|    7|         14|
    |gmem_blk_n_AR                        |   9|          2|    1|          2|
    |gmem_blk_n_R                         |   9|          2|    1|          2|
    |phi_mul749_fu_398                    |   9|          2|   15|         30|
    |phi_urem751_fu_394                   |   9|          2|    7|         14|
    +-------------------------------------+----+-----------+-----+-----------+
    |Total                                |  99|         22|   69|        138|
    +-------------------------------------+----+-----------+-----+-----------+

    * Register: 
    +----------------------------------+----+----+-----+-----------+
    |               Name               | FF | LUT| Bits| Const Bits|
    +----------------------------------+----+----+-----+-----------+
    |ap_CS_fsm                         |   1|   0|    1|          0|
    |ap_done_reg                       |   1|   0|    1|          0|
    |ap_enable_reg_pp0_iter1           |   1|   0|    1|          0|
    |ap_enable_reg_pp0_iter2           |   1|   0|    1|          0|
    |ap_enable_reg_pp0_iter3           |   1|   0|    1|          0|
    |ap_enable_reg_pp0_iter4           |   1|   0|    1|          0|
    |ap_enable_reg_pp0_iter5           |   1|   0|    1|          0|
    |ap_enable_reg_pp0_iter6           |   1|   0|    1|          0|
    |ap_enable_reg_pp0_iter7           |   1|   0|    1|          0|
    |ap_enable_reg_pp0_iter8           |   1|   0|    1|          0|
    |ap_enable_reg_pp0_iter9           |   1|   0|    1|          0|
    |ap_loop_exit_ready_pp0_iter1_reg  |   1|   0|    1|          0|
    |ap_loop_exit_ready_pp0_iter2_reg  |   1|   0|    1|          0|
    |ap_loop_exit_ready_pp0_iter3_reg  |   1|   0|    1|          0|
    |ap_loop_exit_ready_pp0_iter4_reg  |   1|   0|    1|          0|
    |ap_loop_exit_ready_pp0_iter5_reg  |   1|   0|    1|          0|
    |ap_loop_exit_ready_pp0_iter6_reg  |   1|   0|    1|          0|
    |ap_loop_exit_ready_pp0_iter7_reg  |   1|   0|    1|          0|
    |ap_loop_exit_ready_pp0_iter8_reg  |   1|   0|    1|          0|
    |c_38_reg_1106                     |   7|   0|    7|          0|
    |c_fu_402                          |   7|   0|    7|          0|
    |gmem_addr_reg_1114                |  64|   0|   64|          0|
    |phi_mul749_fu_398                 |  15|   0|   15|          0|
    |phi_urem751_fu_394                |   7|   0|    7|          0|
    |c_38_reg_1106                     |  64|  32|    7|          0|
    +----------------------------------+----+----+-----+-----------+
    |Total                             | 183|  32|  126|          0|
    +----------------------------------+----+----+-----+-----------+



================================================================
== Interface
================================================================
* Summary: 
+------------------------------------------------------------------------------------------------+-----+-----+------------+-----------------------------------------------------------------------------------------+--------------+
|                                            RTL Ports                                           | Dir | Bits|  Protocol  |                                      Source Object                                      |    C Type    |
+------------------------------------------------------------------------------------------------+-----+-----+------------+-----------------------------------------------------------------------------------------+--------------+
|ap_clk                                                                                          |   in|    1|  ap_ctrl_hs|                                   network_top_Pipeline_load_weight3_matrix_inner_loop101|  return value|
|ap_rst                                                                                          |   in|    1|  ap_ctrl_hs|                                   network_top_Pipeline_load_weight3_matrix_inner_loop101|  return value|
|ap_start                                                                                        |   in|    1|  ap_ctrl_hs|                                   network_top_Pipeline_load_weight3_matrix_inner_loop101|  return value|
|ap_done                                                                                         |  out|    1|  ap_ctrl_hs|                                   network_top_Pipeline_load_weight3_matrix_inner_loop101|  return value|
|ap_idle                                                                                         |  out|    1|  ap_ctrl_hs|                                   network_top_Pipeline_load_weight3_matrix_inner_loop101|  return value|
|ap_ready                                                                                        |  out|    1|  ap_ctrl_hs|                                   network_top_Pipeline_load_weight3_matrix_inner_loop101|  return value|
|m_axi_gmem_AWVALID                                                                              |  out|    1|       m_axi|                                                                                     gmem|       pointer|
|m_axi_gmem_AWREADY                                                                              |   in|    1|       m_axi|                                                                                     gmem|       pointer|
|m_axi_gmem_AWADDR                                                                               |  out|   64|       m_axi|                                                                                     gmem|       pointer|
|m_axi_gmem_AWID                                                                                 |  out|    1|       m_axi|                                                                                     gmem|       pointer|
|m_axi_gmem_AWLEN                                                                                |  out|   32|       m_axi|                                                                                     gmem|       pointer|
|m_axi_gmem_AWSIZE                                                                               |  out|    3|       m_axi|                                                                                     gmem|       pointer|
|m_axi_gmem_AWBURST                                                                              |  out|    2|       m_axi|                                                                                     gmem|       pointer|
|m_axi_gmem_AWLOCK                                                                               |  out|    2|       m_axi|                                                                                     gmem|       pointer|
|m_axi_gmem_AWCACHE                                                                              |  out|    4|       m_axi|                                                                                     gmem|       pointer|
|m_axi_gmem_AWPROT                                                                               |  out|    3|       m_axi|                                                                                     gmem|       pointer|
|m_axi_gmem_AWQOS                                                                                |  out|    4|       m_axi|                                                                                     gmem|       pointer|
|m_axi_gmem_AWREGION                                                                             |  out|    4|       m_axi|                                                                                     gmem|       pointer|
|m_axi_gmem_AWUSER                                                                               |  out|    1|       m_axi|                                                                                     gmem|       pointer|
|m_axi_gmem_WVALID                                                                               |  out|    1|       m_axi|                                                                                     gmem|       pointer|
|m_axi_gmem_WREADY                                                                               |   in|    1|       m_axi|                                                                                     gmem|       pointer|
|m_axi_gmem_WDATA                                                                                |  out|   32|       m_axi|                                                                                     gmem|       pointer|
|m_axi_gmem_WSTRB                                                                                |  out|    4|       m_axi|                                                                                     gmem|       pointer|
|m_axi_gmem_WLAST                                                                                |  out|    1|       m_axi|                                                                                     gmem|       pointer|
|m_axi_gmem_WID                                                                                  |  out|    1|       m_axi|                                                                                     gmem|       pointer|
|m_axi_gmem_WUSER                                                                                |  out|    1|       m_axi|                                                                                     gmem|       pointer|
|m_axi_gmem_ARVALID                                                                              |  out|    1|       m_axi|                                                                                     gmem|       pointer|
|m_axi_gmem_ARREADY                                                                              |   in|    1|       m_axi|                                                                                     gmem|       pointer|
|m_axi_gmem_ARADDR                                                                               |  out|   64|       m_axi|                                                                                     gmem|       pointer|
|m_axi_gmem_ARID                                                                                 |  out|    1|       m_axi|                                                                                     gmem|       pointer|
|m_axi_gmem_ARLEN                                                                                |  out|   32|       m_axi|                                                                                     gmem|       pointer|
|m_axi_gmem_ARSIZE                                                                               |  out|    3|       m_axi|                                                                                     gmem|       pointer|
|m_axi_gmem_ARBURST                                                                              |  out|    2|       m_axi|                                                                                     gmem|       pointer|
|m_axi_gmem_ARLOCK                                                                               |  out|    2|       m_axi|                                                                                     gmem|       pointer|
|m_axi_gmem_ARCACHE                                                                              |  out|    4|       m_axi|                                                                                     gmem|       pointer|
|m_axi_gmem_ARPROT                                                                               |  out|    3|       m_axi|                                                                                     gmem|       pointer|
|m_axi_gmem_ARQOS                                                                                |  out|    4|       m_axi|                                                                                     gmem|       pointer|
|m_axi_gmem_ARREGION                                                                             |  out|    4|       m_axi|                                                                                     gmem|       pointer|
|m_axi_gmem_ARUSER                                                                               |  out|    1|       m_axi|                                                                                     gmem|       pointer|
|m_axi_gmem_RVALID                                                                               |   in|    1|       m_axi|                                                                                     gmem|       pointer|
|m_axi_gmem_RREADY                                                                               |  out|    1|       m_axi|                                                                                     gmem|       pointer|
|m_axi_gmem_RDATA                                                                                |   in|   32|       m_axi|                                                                                     gmem|       pointer|
|m_axi_gmem_RLAST                                                                                |   in|    1|       m_axi|                                                                                     gmem|       pointer|
|m_axi_gmem_RID                                                                                  |   in|    1|       m_axi|                                                                                     gmem|       pointer|
|m_axi_gmem_RFIFONUM                                                                             |   in|    9|       m_axi|                                                                                     gmem|       pointer|
|m_axi_gmem_RUSER                                                                                |   in|    1|       m_axi|                                                                                     gmem|       pointer|
|m_axi_gmem_RRESP                                                                                |   in|    2|       m_axi|                                                                                     gmem|       pointer|
|m_axi_gmem_BVALID                                                                               |   in|    1|       m_axi|                                                                                     gmem|       pointer|
|m_axi_gmem_BREADY                                                                               |  out|    1|       m_axi|                                                                                     gmem|       pointer|
|m_axi_gmem_BRESP                                                                                |   in|    2|       m_axi|                                                                                     gmem|       pointer|
|m_axi_gmem_BID                                                                                  |   in|    1|       m_axi|                                                                                     gmem|       pointer|
|m_axi_gmem_BUSER                                                                                |   in|    1|       m_axi|                                                                                     gmem|       pointer|
|add_ln225                                                                                       |   in|   64|     ap_none|                                                                                add_ln225|        scalar|
|p_ZZ11network_topP13params_structP8ap_fixedILi22ELi17EL9ap_q_mode0EL9ap_o_mode0EL_17740         |  out|   22|      ap_vld|  p_ZZ11network_topP13params_structP8ap_fixedILi22ELi17EL9ap_q_mode0EL9ap_o_mode0EL_17740|       pointer|
|p_ZZ11network_topP13params_structP8ap_fixedILi22ELi17EL9ap_q_mode0EL9ap_o_mode0EL_17740_ap_vld  |  out|    1|      ap_vld|  p_ZZ11network_topP13params_structP8ap_fixedILi22ELi17EL9ap_q_mode0EL9ap_o_mode0EL_17740|       pointer|
|p_ZZ11network_topP13params_structP8ap_fixedILi22ELi17EL9ap_q_mode0EL9ap_o_mode0EL_17741         |  out|   22|      ap_vld|  p_ZZ11network_topP13params_structP8ap_fixedILi22ELi17EL9ap_q_mode0EL9ap_o_mode0EL_17741|       pointer|
|p_ZZ11network_topP13params_structP8ap_fixedILi22ELi17EL9ap_q_mode0EL9ap_o_mode0EL_17741_ap_vld  |  out|    1|      ap_vld|  p_ZZ11network_topP13params_structP8ap_fixedILi22ELi17EL9ap_q_mode0EL9ap_o_mode0EL_17741|       pointer|
|p_ZZ11network_topP13params_structP8ap_fixedILi22ELi17EL9ap_q_mode0EL9ap_o_mode0EL_17742         |  out|   22|      ap_vld|  p_ZZ11network_topP13params_structP8ap_fixedILi22ELi17EL9ap_q_mode0EL9ap_o_mode0EL_17742|       pointer|
|p_ZZ11network_topP13params_structP8ap_fixedILi22ELi17EL9ap_q_mode0EL9ap_o_mode0EL_17742_ap_vld  |  out|    1|      ap_vld|  p_ZZ11network_topP13params_structP8ap_fixedILi22ELi17EL9ap_q_mode0EL9ap_o_mode0EL_17742|       pointer|
|p_ZZ11network_topP13params_structP8ap_fixedILi22ELi17EL9ap_q_mode0EL9ap_o_mode0EL_17743         |  out|   22|      ap_vld|  p_ZZ11network_topP13params_structP8ap_fixedILi22ELi17EL9ap_q_mode0EL9ap_o_mode0EL_17743|       pointer|
|p_ZZ11network_topP13params_structP8ap_fixedILi22ELi17EL9ap_q_mode0EL9ap_o_mode0EL_17743_ap_vld  |  out|    1|      ap_vld|  p_ZZ11network_topP13params_structP8ap_fixedILi22ELi17EL9ap_q_mode0EL9ap_o_mode0EL_17743|       pointer|
|p_ZZ11network_topP13params_structP8ap_fixedILi22ELi17EL9ap_q_mode0EL9ap_o_mode0EL_17744         |  out|   22|      ap_vld|  p_ZZ11network_topP13params_structP8ap_fixedILi22ELi17EL9ap_q_mode0EL9ap_o_mode0EL_17744|       pointer|
|p_ZZ11network_topP13params_structP8ap_fixedILi22ELi17EL9ap_q_mode0EL9ap_o_mode0EL_17744_ap_vld  |  out|    1|      ap_vld|  p_ZZ11network_topP13params_structP8ap_fixedILi22ELi17EL9ap_q_mode0EL9ap_o_mode0EL_17744|       pointer|
|p_ZZ11network_topP13params_structP8ap_fixedILi22ELi17EL9ap_q_mode0EL9ap_o_mode0EL_17745         |  out|   22|      ap_vld|  p_ZZ11network_topP13params_structP8ap_fixedILi22ELi17EL9ap_q_mode0EL9ap_o_mode0EL_17745|       pointer|
|p_ZZ11network_topP13params_structP8ap_fixedILi22ELi17EL9ap_q_mode0EL9ap_o_mode0EL_17745_ap_vld  |  out|    1|      ap_vld|  p_ZZ11network_topP13params_structP8ap_fixedILi22ELi17EL9ap_q_mode0EL9ap_o_mode0EL_17745|       pointer|
|p_ZZ11network_topP13params_structP8ap_fixedILi22ELi17EL9ap_q_mode0EL9ap_o_mode0EL_17746         |  out|   22|      ap_vld|  p_ZZ11network_topP13params_structP8ap_fixedILi22ELi17EL9ap_q_mode0EL9ap_o_mode0EL_17746|       pointer|
|p_ZZ11network_topP13params_structP8ap_fixedILi22ELi17EL9ap_q_mode0EL9ap_o_mode0EL_17746_ap_vld  |  out|    1|      ap_vld|  p_ZZ11network_topP13params_structP8ap_fixedILi22ELi17EL9ap_q_mode0EL9ap_o_mode0EL_17746|       pointer|
|p_ZZ11network_topP13params_structP8ap_fixedILi22ELi17EL9ap_q_mode0EL9ap_o_mode0EL_17747         |  out|   22|      ap_vld|  p_ZZ11network_topP13params_structP8ap_fixedILi22ELi17EL9ap_q_mode0EL9ap_o_mode0EL_17747|       pointer|
|p_ZZ11network_topP13params_structP8ap_fixedILi22ELi17EL9ap_q_mode0EL9ap_o_mode0EL_17747_ap_vld  |  out|    1|      ap_vld|  p_ZZ11network_topP13params_structP8ap_fixedILi22ELi17EL9ap_q_mode0EL9ap_o_mode0EL_17747|       pointer|
|p_ZZ11network_topP13params_structP8ap_fixedILi22ELi17EL9ap_q_mode0EL9ap_o_mode0EL_17748         |  out|   22|      ap_vld|  p_ZZ11network_topP13params_structP8ap_fixedILi22ELi17EL9ap_q_mode0EL9ap_o_mode0EL_17748|       pointer|
|p_ZZ11network_topP13params_structP8ap_fixedILi22ELi17EL9ap_q_mode0EL9ap_o_mode0EL_17748_ap_vld  |  out|    1|      ap_vld|  p_ZZ11network_topP13params_structP8ap_fixedILi22ELi17EL9ap_q_mode0EL9ap_o_mode0EL_17748|       pointer|
|p_ZZ11network_topP13params_structP8ap_fixedILi22ELi17EL9ap_q_mode0EL9ap_o_mode0EL_17749         |  out|   22|      ap_vld|  p_ZZ11network_topP13params_structP8ap_fixedILi22ELi17EL9ap_q_mode0EL9ap_o_mode0EL_17749|       pointer|
|p_ZZ11network_topP13params_structP8ap_fixedILi22ELi17EL9ap_q_mode0EL9ap_o_mode0EL_17749_ap_vld  |  out|    1|      ap_vld|  p_ZZ11network_topP13params_structP8ap_fixedILi22ELi17EL9ap_q_mode0EL9ap_o_mode0EL_17749|       pointer|
|network_top_params_struct_ap_fixed_ap_fixed_ap_int_ap_int_32_weights3_295                       |  out|   22|      ap_vld|                network_top_params_struct_ap_fixed_ap_fixed_ap_int_ap_int_32_weights3_295|       pointer|
|network_top_params_struct_ap_fixed_ap_fixed_ap_int_ap_int_32_weights3_295_ap_vld                |  out|    1|      ap_vld|                network_top_params_struct_ap_fixed_ap_fixed_ap_int_ap_int_32_weights3_295|       pointer|
|network_top_params_struct_ap_fixed_ap_fixed_ap_int_ap_int_32_weights3_294                       |  out|   22|      ap_vld|                network_top_params_struct_ap_fixed_ap_fixed_ap_int_ap_int_32_weights3_294|       pointer|
|network_top_params_struct_ap_fixed_ap_fixed_ap_int_ap_int_32_weights3_294_ap_vld                |  out|    1|      ap_vld|                network_top_params_struct_ap_fixed_ap_fixed_ap_int_ap_int_32_weights3_294|       pointer|
|network_top_params_struct_ap_fixed_ap_fixed_ap_int_ap_int_32_weights3_293                       |  out|   22|      ap_vld|                network_top_params_struct_ap_fixed_ap_fixed_ap_int_ap_int_32_weights3_293|       pointer|
|network_top_params_struct_ap_fixed_ap_fixed_ap_int_ap_int_32_weights3_293_ap_vld                |  out|    1|      ap_vld|                network_top_params_struct_ap_fixed_ap_fixed_ap_int_ap_int_32_weights3_293|       pointer|
|network_top_params_struct_ap_fixed_ap_fixed_ap_int_ap_int_32_weights3_292                       |  out|   22|      ap_vld|                network_top_params_struct_ap_fixed_ap_fixed_ap_int_ap_int_32_weights3_292|       pointer|
|network_top_params_struct_ap_fixed_ap_fixed_ap_int_ap_int_32_weights3_292_ap_vld                |  out|    1|      ap_vld|                network_top_params_struct_ap_fixed_ap_fixed_ap_int_ap_int_32_weights3_292|       pointer|
|network_top_params_struct_ap_fixed_ap_fixed_ap_int_ap_int_32_weights3_291                       |  out|   22|      ap_vld|                network_top_params_struct_ap_fixed_ap_fixed_ap_int_ap_int_32_weights3_291|       pointer|
|network_top_params_struct_ap_fixed_ap_fixed_ap_int_ap_int_32_weights3_291_ap_vld                |  out|    1|      ap_vld|                network_top_params_struct_ap_fixed_ap_fixed_ap_int_ap_int_32_weights3_291|       pointer|
|network_top_params_struct_ap_fixed_ap_fixed_ap_int_ap_int_32_weights3_290                       |  out|   22|      ap_vld|                network_top_params_struct_ap_fixed_ap_fixed_ap_int_ap_int_32_weights3_290|       pointer|
|network_top_params_struct_ap_fixed_ap_fixed_ap_int_ap_int_32_weights3_290_ap_vld                |  out|    1|      ap_vld|                network_top_params_struct_ap_fixed_ap_fixed_ap_int_ap_int_32_weights3_290|       pointer|
|network_top_params_struct_ap_fixed_ap_fixed_ap_int_ap_int_32_weights3_289                       |  out|   22|      ap_vld|                network_top_params_struct_ap_fixed_ap_fixed_ap_int_ap_int_32_weights3_289|       pointer|
|network_top_params_struct_ap_fixed_ap_fixed_ap_int_ap_int_32_weights3_289_ap_vld                |  out|    1|      ap_vld|                network_top_params_struct_ap_fixed_ap_fixed_ap_int_ap_int_32_weights3_289|       pointer|
|network_top_params_struct_ap_fixed_ap_fixed_ap_int_ap_int_32_weights3_288                       |  out|   22|      ap_vld|                network_top_params_struct_ap_fixed_ap_fixed_ap_int_ap_int_32_weights3_288|       pointer|
|network_top_params_struct_ap_fixed_ap_fixed_ap_int_ap_int_32_weights3_288_ap_vld                |  out|    1|      ap_vld|                network_top_params_struct_ap_fixed_ap_fixed_ap_int_ap_int_32_weights3_288|       pointer|
|network_top_params_struct_ap_fixed_ap_fixed_ap_int_ap_int_32_weights3_287                       |  out|   22|      ap_vld|                network_top_params_struct_ap_fixed_ap_fixed_ap_int_ap_int_32_weights3_287|       pointer|
|network_top_params_struct_ap_fixed_ap_fixed_ap_int_ap_int_32_weights3_287_ap_vld                |  out|    1|      ap_vld|                network_top_params_struct_ap_fixed_ap_fixed_ap_int_ap_int_32_weights3_287|       pointer|
|network_top_params_struct_ap_fixed_ap_fixed_ap_int_ap_int_32_weights3_286                       |  out|   22|      ap_vld|                network_top_params_struct_ap_fixed_ap_fixed_ap_int_ap_int_32_weights3_286|       pointer|
|network_top_params_struct_ap_fixed_ap_fixed_ap_int_ap_int_32_weights3_286_ap_vld                |  out|    1|      ap_vld|                network_top_params_struct_ap_fixed_ap_fixed_ap_int_ap_int_32_weights3_286|       pointer|
|network_top_params_struct_ap_fixed_ap_fixed_ap_int_ap_int_32_weights3_284                       |  out|   22|      ap_vld|                network_top_params_struct_ap_fixed_ap_fixed_ap_int_ap_int_32_weights3_284|       pointer|
|network_top_params_struct_ap_fixed_ap_fixed_ap_int_ap_int_32_weights3_284_ap_vld                |  out|    1|      ap_vld|                network_top_params_struct_ap_fixed_ap_fixed_ap_int_ap_int_32_weights3_284|       pointer|
|network_top_params_struct_ap_fixed_ap_fixed_ap_int_ap_int_32_weights3_283                       |  out|   22|      ap_vld|                network_top_params_struct_ap_fixed_ap_fixed_ap_int_ap_int_32_weights3_283|       pointer|
|network_top_params_struct_ap_fixed_ap_fixed_ap_int_ap_int_32_weights3_283_ap_vld                |  out|    1|      ap_vld|                network_top_params_struct_ap_fixed_ap_fixed_ap_int_ap_int_32_weights3_283|       pointer|
|network_top_params_struct_ap_fixed_ap_fixed_ap_int_ap_int_32_weights3_282                       |  out|   22|      ap_vld|                network_top_params_struct_ap_fixed_ap_fixed_ap_int_ap_int_32_weights3_282|       pointer|
|network_top_params_struct_ap_fixed_ap_fixed_ap_int_ap_int_32_weights3_282_ap_vld                |  out|    1|      ap_vld|                network_top_params_struct_ap_fixed_ap_fixed_ap_int_ap_int_32_weights3_282|       pointer|
|network_top_params_struct_ap_fixed_ap_fixed_ap_int_ap_int_32_weights3_281                       |  out|   22|      ap_vld|                network_top_params_struct_ap_fixed_ap_fixed_ap_int_ap_int_32_weights3_281|       pointer|
|network_top_params_struct_ap_fixed_ap_fixed_ap_int_ap_int_32_weights3_281_ap_vld                |  out|    1|      ap_vld|                network_top_params_struct_ap_fixed_ap_fixed_ap_int_ap_int_32_weights3_281|       pointer|
|network_top_params_struct_ap_fixed_ap_fixed_ap_int_ap_int_32_weights3_280                       |  out|   22|      ap_vld|                network_top_params_struct_ap_fixed_ap_fixed_ap_int_ap_int_32_weights3_280|       pointer|
|network_top_params_struct_ap_fixed_ap_fixed_ap_int_ap_int_32_weights3_280_ap_vld                |  out|    1|      ap_vld|                network_top_params_struct_ap_fixed_ap_fixed_ap_int_ap_int_32_weights3_280|       pointer|
|network_top_params_struct_ap_fixed_ap_fixed_ap_int_ap_int_32_weights3_279                       |  out|   22|      ap_vld|                network_top_params_struct_ap_fixed_ap_fixed_ap_int_ap_int_32_weights3_279|       pointer|
|network_top_params_struct_ap_fixed_ap_fixed_ap_int_ap_int_32_weights3_279_ap_vld                |  out|    1|      ap_vld|                network_top_params_struct_ap_fixed_ap_fixed_ap_int_ap_int_32_weights3_279|       pointer|
|network_top_params_struct_ap_fixed_ap_fixed_ap_int_ap_int_32_weights3_278                       |  out|   22|      ap_vld|                network_top_params_struct_ap_fixed_ap_fixed_ap_int_ap_int_32_weights3_278|       pointer|
|network_top_params_struct_ap_fixed_ap_fixed_ap_int_ap_int_32_weights3_278_ap_vld                |  out|    1|      ap_vld|                network_top_params_struct_ap_fixed_ap_fixed_ap_int_ap_int_32_weights3_278|       pointer|
|network_top_params_struct_ap_fixed_ap_fixed_ap_int_ap_int_32_weights3_277                       |  out|   22|      ap_vld|                network_top_params_struct_ap_fixed_ap_fixed_ap_int_ap_int_32_weights3_277|       pointer|
|network_top_params_struct_ap_fixed_ap_fixed_ap_int_ap_int_32_weights3_277_ap_vld                |  out|    1|      ap_vld|                network_top_params_struct_ap_fixed_ap_fixed_ap_int_ap_int_32_weights3_277|       pointer|
|network_top_params_struct_ap_fixed_ap_fixed_ap_int_ap_int_32_weights3_276                       |  out|   22|      ap_vld|                network_top_params_struct_ap_fixed_ap_fixed_ap_int_ap_int_32_weights3_276|       pointer|
|network_top_params_struct_ap_fixed_ap_fixed_ap_int_ap_int_32_weights3_276_ap_vld                |  out|    1|      ap_vld|                network_top_params_struct_ap_fixed_ap_fixed_ap_int_ap_int_32_weights3_276|       pointer|
|network_top_params_struct_ap_fixed_ap_fixed_ap_int_ap_int_32_weights3_275                       |  out|   22|      ap_vld|                network_top_params_struct_ap_fixed_ap_fixed_ap_int_ap_int_32_weights3_275|       pointer|
|network_top_params_struct_ap_fixed_ap_fixed_ap_int_ap_int_32_weights3_275_ap_vld                |  out|    1|      ap_vld|                network_top_params_struct_ap_fixed_ap_fixed_ap_int_ap_int_32_weights3_275|       pointer|
|network_top_params_struct_ap_fixed_ap_fixed_ap_int_ap_int_32_weights3_273                       |  out|   22|      ap_vld|                network_top_params_struct_ap_fixed_ap_fixed_ap_int_ap_int_32_weights3_273|       pointer|
|network_top_params_struct_ap_fixed_ap_fixed_ap_int_ap_int_32_weights3_273_ap_vld                |  out|    1|      ap_vld|                network_top_params_struct_ap_fixed_ap_fixed_ap_int_ap_int_32_weights3_273|       pointer|
|network_top_params_struct_ap_fixed_ap_fixed_ap_int_ap_int_32_weights3_272                       |  out|   22|      ap_vld|                network_top_params_struct_ap_fixed_ap_fixed_ap_int_ap_int_32_weights3_272|       pointer|
|network_top_params_struct_ap_fixed_ap_fixed_ap_int_ap_int_32_weights3_272_ap_vld                |  out|    1|      ap_vld|                network_top_params_struct_ap_fixed_ap_fixed_ap_int_ap_int_32_weights3_272|       pointer|
|network_top_params_struct_ap_fixed_ap_fixed_ap_int_ap_int_32_weights3_271                       |  out|   22|      ap_vld|                network_top_params_struct_ap_fixed_ap_fixed_ap_int_ap_int_32_weights3_271|       pointer|
|network_top_params_struct_ap_fixed_ap_fixed_ap_int_ap_int_32_weights3_271_ap_vld                |  out|    1|      ap_vld|                network_top_params_struct_ap_fixed_ap_fixed_ap_int_ap_int_32_weights3_271|       pointer|
|network_top_params_struct_ap_fixed_ap_fixed_ap_int_ap_int_32_weights3_270                       |  out|   22|      ap_vld|                network_top_params_struct_ap_fixed_ap_fixed_ap_int_ap_int_32_weights3_270|       pointer|
|network_top_params_struct_ap_fixed_ap_fixed_ap_int_ap_int_32_weights3_270_ap_vld                |  out|    1|      ap_vld|                network_top_params_struct_ap_fixed_ap_fixed_ap_int_ap_int_32_weights3_270|       pointer|
|network_top_params_struct_ap_fixed_ap_fixed_ap_int_ap_int_32_weights3_269                       |  out|   22|      ap_vld|                network_top_params_struct_ap_fixed_ap_fixed_ap_int_ap_int_32_weights3_269|       pointer|
|network_top_params_struct_ap_fixed_ap_fixed_ap_int_ap_int_32_weights3_269_ap_vld                |  out|    1|      ap_vld|                network_top_params_struct_ap_fixed_ap_fixed_ap_int_ap_int_32_weights3_269|       pointer|
|network_top_params_struct_ap_fixed_ap_fixed_ap_int_ap_int_32_weights3_268                       |  out|   22|      ap_vld|                network_top_params_struct_ap_fixed_ap_fixed_ap_int_ap_int_32_weights3_268|       pointer|
|network_top_params_struct_ap_fixed_ap_fixed_ap_int_ap_int_32_weights3_268_ap_vld                |  out|    1|      ap_vld|                network_top_params_struct_ap_fixed_ap_fixed_ap_int_ap_int_32_weights3_268|       pointer|
|network_top_params_struct_ap_fixed_ap_fixed_ap_int_ap_int_32_weights3_267                       |  out|   22|      ap_vld|                network_top_params_struct_ap_fixed_ap_fixed_ap_int_ap_int_32_weights3_267|       pointer|
|network_top_params_struct_ap_fixed_ap_fixed_ap_int_ap_int_32_weights3_267_ap_vld                |  out|    1|      ap_vld|                network_top_params_struct_ap_fixed_ap_fixed_ap_int_ap_int_32_weights3_267|       pointer|
|network_top_params_struct_ap_fixed_ap_fixed_ap_int_ap_int_32_weights3_266                       |  out|   22|      ap_vld|                network_top_params_struct_ap_fixed_ap_fixed_ap_int_ap_int_32_weights3_266|       pointer|
|network_top_params_struct_ap_fixed_ap_fixed_ap_int_ap_int_32_weights3_266_ap_vld                |  out|    1|      ap_vld|                network_top_params_struct_ap_fixed_ap_fixed_ap_int_ap_int_32_weights3_266|       pointer|
|network_top_params_struct_ap_fixed_ap_fixed_ap_int_ap_int_32_weights3_265                       |  out|   22|      ap_vld|                network_top_params_struct_ap_fixed_ap_fixed_ap_int_ap_int_32_weights3_265|       pointer|
|network_top_params_struct_ap_fixed_ap_fixed_ap_int_ap_int_32_weights3_265_ap_vld                |  out|    1|      ap_vld|                network_top_params_struct_ap_fixed_ap_fixed_ap_int_ap_int_32_weights3_265|       pointer|
|network_top_params_struct_ap_fixed_ap_fixed_ap_int_ap_int_32_weights3_264                       |  out|   22|      ap_vld|                network_top_params_struct_ap_fixed_ap_fixed_ap_int_ap_int_32_weights3_264|       pointer|
|network_top_params_struct_ap_fixed_ap_fixed_ap_int_ap_int_32_weights3_264_ap_vld                |  out|    1|      ap_vld|                network_top_params_struct_ap_fixed_ap_fixed_ap_int_ap_int_32_weights3_264|       pointer|
|network_top_params_struct_ap_fixed_ap_fixed_ap_int_ap_int_32_weights3_262                       |  out|   22|      ap_vld|                network_top_params_struct_ap_fixed_ap_fixed_ap_int_ap_int_32_weights3_262|       pointer|
|network_top_params_struct_ap_fixed_ap_fixed_ap_int_ap_int_32_weights3_262_ap_vld                |  out|    1|      ap_vld|                network_top_params_struct_ap_fixed_ap_fixed_ap_int_ap_int_32_weights3_262|       pointer|
|network_top_params_struct_ap_fixed_ap_fixed_ap_int_ap_int_32_weights3_261                       |  out|   22|      ap_vld|                network_top_params_struct_ap_fixed_ap_fixed_ap_int_ap_int_32_weights3_261|       pointer|
|network_top_params_struct_ap_fixed_ap_fixed_ap_int_ap_int_32_weights3_261_ap_vld                |  out|    1|      ap_vld|                network_top_params_struct_ap_fixed_ap_fixed_ap_int_ap_int_32_weights3_261|       pointer|
|network_top_params_struct_ap_fixed_ap_fixed_ap_int_ap_int_32_weights3_260                       |  out|   22|      ap_vld|                network_top_params_struct_ap_fixed_ap_fixed_ap_int_ap_int_32_weights3_260|       pointer|
|network_top_params_struct_ap_fixed_ap_fixed_ap_int_ap_int_32_weights3_260_ap_vld                |  out|    1|      ap_vld|                network_top_params_struct_ap_fixed_ap_fixed_ap_int_ap_int_32_weights3_260|       pointer|
|network_top_params_struct_ap_fixed_ap_fixed_ap_int_ap_int_32_weights3_259                       |  out|   22|      ap_vld|                network_top_params_struct_ap_fixed_ap_fixed_ap_int_ap_int_32_weights3_259|       pointer|
|network_top_params_struct_ap_fixed_ap_fixed_ap_int_ap_int_32_weights3_259_ap_vld                |  out|    1|      ap_vld|                network_top_params_struct_ap_fixed_ap_fixed_ap_int_ap_int_32_weights3_259|       pointer|
|network_top_params_struct_ap_fixed_ap_fixed_ap_int_ap_int_32_weights3_258                       |  out|   22|      ap_vld|                network_top_params_struct_ap_fixed_ap_fixed_ap_int_ap_int_32_weights3_258|       pointer|
|network_top_params_struct_ap_fixed_ap_fixed_ap_int_ap_int_32_weights3_258_ap_vld                |  out|    1|      ap_vld|                network_top_params_struct_ap_fixed_ap_fixed_ap_int_ap_int_32_weights3_258|       pointer|
|network_top_params_struct_ap_fixed_ap_fixed_ap_int_ap_int_32_weights3_257                       |  out|   22|      ap_vld|                network_top_params_struct_ap_fixed_ap_fixed_ap_int_ap_int_32_weights3_257|       pointer|
|network_top_params_struct_ap_fixed_ap_fixed_ap_int_ap_int_32_weights3_257_ap_vld                |  out|    1|      ap_vld|                network_top_params_struct_ap_fixed_ap_fixed_ap_int_ap_int_32_weights3_257|       pointer|
|network_top_params_struct_ap_fixed_ap_fixed_ap_int_ap_int_32_weights3_256                       |  out|   22|      ap_vld|                network_top_params_struct_ap_fixed_ap_fixed_ap_int_ap_int_32_weights3_256|       pointer|
|network_top_params_struct_ap_fixed_ap_fixed_ap_int_ap_int_32_weights3_256_ap_vld                |  out|    1|      ap_vld|                network_top_params_struct_ap_fixed_ap_fixed_ap_int_ap_int_32_weights3_256|       pointer|
|network_top_params_struct_ap_fixed_ap_fixed_ap_int_ap_int_32_weights3_255                       |  out|   22|      ap_vld|                network_top_params_struct_ap_fixed_ap_fixed_ap_int_ap_int_32_weights3_255|       pointer|
|network_top_params_struct_ap_fixed_ap_fixed_ap_int_ap_int_32_weights3_255_ap_vld                |  out|    1|      ap_vld|                network_top_params_struct_ap_fixed_ap_fixed_ap_int_ap_int_32_weights3_255|       pointer|
|network_top_params_struct_ap_fixed_ap_fixed_ap_int_ap_int_32_weights3_254                       |  out|   22|      ap_vld|                network_top_params_struct_ap_fixed_ap_fixed_ap_int_ap_int_32_weights3_254|       pointer|
|network_top_params_struct_ap_fixed_ap_fixed_ap_int_ap_int_32_weights3_254_ap_vld                |  out|    1|      ap_vld|                network_top_params_struct_ap_fixed_ap_fixed_ap_int_ap_int_32_weights3_254|       pointer|
|network_top_params_struct_ap_fixed_ap_fixed_ap_int_ap_int_32_weights3_253                       |  out|   22|      ap_vld|                network_top_params_struct_ap_fixed_ap_fixed_ap_int_ap_int_32_weights3_253|       pointer|
|network_top_params_struct_ap_fixed_ap_fixed_ap_int_ap_int_32_weights3_253_ap_vld                |  out|    1|      ap_vld|                network_top_params_struct_ap_fixed_ap_fixed_ap_int_ap_int_32_weights3_253|       pointer|
|network_top_params_struct_ap_fixed_ap_fixed_ap_int_ap_int_32_weights3_251                       |  out|   22|      ap_vld|                network_top_params_struct_ap_fixed_ap_fixed_ap_int_ap_int_32_weights3_251|       pointer|
|network_top_params_struct_ap_fixed_ap_fixed_ap_int_ap_int_32_weights3_251_ap_vld                |  out|    1|      ap_vld|                network_top_params_struct_ap_fixed_ap_fixed_ap_int_ap_int_32_weights3_251|       pointer|
|network_top_params_struct_ap_fixed_ap_fixed_ap_int_ap_int_32_weights3_250                       |  out|   22|      ap_vld|                network_top_params_struct_ap_fixed_ap_fixed_ap_int_ap_int_32_weights3_250|       pointer|
|network_top_params_struct_ap_fixed_ap_fixed_ap_int_ap_int_32_weights3_250_ap_vld                |  out|    1|      ap_vld|                network_top_params_struct_ap_fixed_ap_fixed_ap_int_ap_int_32_weights3_250|       pointer|
|network_top_params_struct_ap_fixed_ap_fixed_ap_int_ap_int_32_weights3_249                       |  out|   22|      ap_vld|                network_top_params_struct_ap_fixed_ap_fixed_ap_int_ap_int_32_weights3_249|       pointer|
|network_top_params_struct_ap_fixed_ap_fixed_ap_int_ap_int_32_weights3_249_ap_vld                |  out|    1|      ap_vld|                network_top_params_struct_ap_fixed_ap_fixed_ap_int_ap_int_32_weights3_249|       pointer|
|network_top_params_struct_ap_fixed_ap_fixed_ap_int_ap_int_32_weights3_248                       |  out|   22|      ap_vld|                network_top_params_struct_ap_fixed_ap_fixed_ap_int_ap_int_32_weights3_248|       pointer|
|network_top_params_struct_ap_fixed_ap_fixed_ap_int_ap_int_32_weights3_248_ap_vld                |  out|    1|      ap_vld|                network_top_params_struct_ap_fixed_ap_fixed_ap_int_ap_int_32_weights3_248|       pointer|
|network_top_params_struct_ap_fixed_ap_fixed_ap_int_ap_int_32_weights3_247                       |  out|   22|      ap_vld|                network_top_params_struct_ap_fixed_ap_fixed_ap_int_ap_int_32_weights3_247|       pointer|
|network_top_params_struct_ap_fixed_ap_fixed_ap_int_ap_int_32_weights3_247_ap_vld                |  out|    1|      ap_vld|                network_top_params_struct_ap_fixed_ap_fixed_ap_int_ap_int_32_weights3_247|       pointer|
|network_top_params_struct_ap_fixed_ap_fixed_ap_int_ap_int_32_weights3_246                       |  out|   22|      ap_vld|                network_top_params_struct_ap_fixed_ap_fixed_ap_int_ap_int_32_weights3_246|       pointer|
|network_top_params_struct_ap_fixed_ap_fixed_ap_int_ap_int_32_weights3_246_ap_vld                |  out|    1|      ap_vld|                network_top_params_struct_ap_fixed_ap_fixed_ap_int_ap_int_32_weights3_246|       pointer|
|network_top_params_struct_ap_fixed_ap_fixed_ap_int_ap_int_32_weights3_245                       |  out|   22|      ap_vld|                network_top_params_struct_ap_fixed_ap_fixed_ap_int_ap_int_32_weights3_245|       pointer|
|network_top_params_struct_ap_fixed_ap_fixed_ap_int_ap_int_32_weights3_245_ap_vld                |  out|    1|      ap_vld|                network_top_params_struct_ap_fixed_ap_fixed_ap_int_ap_int_32_weights3_245|       pointer|
|network_top_params_struct_ap_fixed_ap_fixed_ap_int_ap_int_32_weights3_244                       |  out|   22|      ap_vld|                network_top_params_struct_ap_fixed_ap_fixed_ap_int_ap_int_32_weights3_244|       pointer|
|network_top_params_struct_ap_fixed_ap_fixed_ap_int_ap_int_32_weights3_244_ap_vld                |  out|    1|      ap_vld|                network_top_params_struct_ap_fixed_ap_fixed_ap_int_ap_int_32_weights3_244|       pointer|
|network_top_params_struct_ap_fixed_ap_fixed_ap_int_ap_int_32_weights3_243                       |  out|   22|      ap_vld|                network_top_params_struct_ap_fixed_ap_fixed_ap_int_ap_int_32_weights3_243|       pointer|
|network_top_params_struct_ap_fixed_ap_fixed_ap_int_ap_int_32_weights3_243_ap_vld                |  out|    1|      ap_vld|                network_top_params_struct_ap_fixed_ap_fixed_ap_int_ap_int_32_weights3_243|       pointer|
|network_top_params_struct_ap_fixed_ap_fixed_ap_int_ap_int_32_weights3_242                       |  out|   22|      ap_vld|                network_top_params_struct_ap_fixed_ap_fixed_ap_int_ap_int_32_weights3_242|       pointer|
|network_top_params_struct_ap_fixed_ap_fixed_ap_int_ap_int_32_weights3_242_ap_vld                |  out|    1|      ap_vld|                network_top_params_struct_ap_fixed_ap_fixed_ap_int_ap_int_32_weights3_242|       pointer|
|network_top_params_struct_ap_fixed_ap_fixed_ap_int_ap_int_32_weights3                           |  out|   22|      ap_vld|                    network_top_params_struct_ap_fixed_ap_fixed_ap_int_ap_int_32_weights3|       pointer|
|network_top_params_struct_ap_fixed_ap_fixed_ap_int_ap_int_32_weights3_ap_vld                    |  out|    1|      ap_vld|                    network_top_params_struct_ap_fixed_ap_fixed_ap_int_ap_int_32_weights3|       pointer|
|network_top_params_struct_ap_fixed_ap_fixed_ap_int_ap_int_32_weights3_1                         |  out|   22|      ap_vld|                  network_top_params_struct_ap_fixed_ap_fixed_ap_int_ap_int_32_weights3_1|       pointer|
|network_top_params_struct_ap_fixed_ap_fixed_ap_int_ap_int_32_weights3_1_ap_vld                  |  out|    1|      ap_vld|                  network_top_params_struct_ap_fixed_ap_fixed_ap_int_ap_int_32_weights3_1|       pointer|
|network_top_params_struct_ap_fixed_ap_fixed_ap_int_ap_int_32_weights3_2                         |  out|   22|      ap_vld|                  network_top_params_struct_ap_fixed_ap_fixed_ap_int_ap_int_32_weights3_2|       pointer|
|network_top_params_struct_ap_fixed_ap_fixed_ap_int_ap_int_32_weights3_2_ap_vld                  |  out|    1|      ap_vld|                  network_top_params_struct_ap_fixed_ap_fixed_ap_int_ap_int_32_weights3_2|       pointer|
|network_top_params_struct_ap_fixed_ap_fixed_ap_int_ap_int_32_weights3_3                         |  out|   22|      ap_vld|                  network_top_params_struct_ap_fixed_ap_fixed_ap_int_ap_int_32_weights3_3|       pointer|
|network_top_params_struct_ap_fixed_ap_fixed_ap_int_ap_int_32_weights3_3_ap_vld                  |  out|    1|      ap_vld|                  network_top_params_struct_ap_fixed_ap_fixed_ap_int_ap_int_32_weights3_3|       pointer|
|network_top_params_struct_ap_fixed_ap_fixed_ap_int_ap_int_32_weights3_4                         |  out|   22|      ap_vld|                  network_top_params_struct_ap_fixed_ap_fixed_ap_int_ap_int_32_weights3_4|       pointer|
|network_top_params_struct_ap_fixed_ap_fixed_ap_int_ap_int_32_weights3_4_ap_vld                  |  out|    1|      ap_vld|                  network_top_params_struct_ap_fixed_ap_fixed_ap_int_ap_int_32_weights3_4|       pointer|
|network_top_params_struct_ap_fixed_ap_fixed_ap_int_ap_int_32_weights3_5                         |  out|   22|      ap_vld|                  network_top_params_struct_ap_fixed_ap_fixed_ap_int_ap_int_32_weights3_5|       pointer|
|network_top_params_struct_ap_fixed_ap_fixed_ap_int_ap_int_32_weights3_5_ap_vld                  |  out|    1|      ap_vld|                  network_top_params_struct_ap_fixed_ap_fixed_ap_int_ap_int_32_weights3_5|       pointer|
|network_top_params_struct_ap_fixed_ap_fixed_ap_int_ap_int_32_weights3_6                         |  out|   22|      ap_vld|                  network_top_params_struct_ap_fixed_ap_fixed_ap_int_ap_int_32_weights3_6|       pointer|
|network_top_params_struct_ap_fixed_ap_fixed_ap_int_ap_int_32_weights3_6_ap_vld                  |  out|    1|      ap_vld|                  network_top_params_struct_ap_fixed_ap_fixed_ap_int_ap_int_32_weights3_6|       pointer|
|network_top_params_struct_ap_fixed_ap_fixed_ap_int_ap_int_32_weights3_7                         |  out|   22|      ap_vld|                  network_top_params_struct_ap_fixed_ap_fixed_ap_int_ap_int_32_weights3_7|       pointer|
|network_top_params_struct_ap_fixed_ap_fixed_ap_int_ap_int_32_weights3_7_ap_vld                  |  out|    1|      ap_vld|                  network_top_params_struct_ap_fixed_ap_fixed_ap_int_ap_int_32_weights3_7|       pointer|
|network_top_params_struct_ap_fixed_ap_fixed_ap_int_ap_int_32_weights3_8                         |  out|   22|      ap_vld|                  network_top_params_struct_ap_fixed_ap_fixed_ap_int_ap_int_32_weights3_8|       pointer|
|network_top_params_struct_ap_fixed_ap_fixed_ap_int_ap_int_32_weights3_8_ap_vld                  |  out|    1|      ap_vld|                  network_top_params_struct_ap_fixed_ap_fixed_ap_int_ap_int_32_weights3_8|       pointer|
|network_top_params_struct_ap_fixed_ap_fixed_ap_int_ap_int_32_weights3_9                         |  out|   22|      ap_vld|                  network_top_params_struct_ap_fixed_ap_fixed_ap_int_ap_int_32_weights3_9|       pointer|
|network_top_params_struct_ap_fixed_ap_fixed_ap_int_ap_int_32_weights3_9_ap_vld                  |  out|    1|      ap_vld|                  network_top_params_struct_ap_fixed_ap_fixed_ap_int_ap_int_32_weights3_9|       pointer|
|network_top_params_struct_ap_fixed_ap_fixed_ap_int_ap_int_32_weights3_11                        |  out|   22|      ap_vld|                 network_top_params_struct_ap_fixed_ap_fixed_ap_int_ap_int_32_weights3_11|       pointer|
|network_top_params_struct_ap_fixed_ap_fixed_ap_int_ap_int_32_weights3_11_ap_vld                 |  out|    1|      ap_vld|                 network_top_params_struct_ap_fixed_ap_fixed_ap_int_ap_int_32_weights3_11|       pointer|
|network_top_params_struct_ap_fixed_ap_fixed_ap_int_ap_int_32_weights3_12                        |  out|   22|      ap_vld|                 network_top_params_struct_ap_fixed_ap_fixed_ap_int_ap_int_32_weights3_12|       pointer|
|network_top_params_struct_ap_fixed_ap_fixed_ap_int_ap_int_32_weights3_12_ap_vld                 |  out|    1|      ap_vld|                 network_top_params_struct_ap_fixed_ap_fixed_ap_int_ap_int_32_weights3_12|       pointer|
|network_top_params_struct_ap_fixed_ap_fixed_ap_int_ap_int_32_weights3_13                        |  out|   22|      ap_vld|                 network_top_params_struct_ap_fixed_ap_fixed_ap_int_ap_int_32_weights3_13|       pointer|
|network_top_params_struct_ap_fixed_ap_fixed_ap_int_ap_int_32_weights3_13_ap_vld                 |  out|    1|      ap_vld|                 network_top_params_struct_ap_fixed_ap_fixed_ap_int_ap_int_32_weights3_13|       pointer|
|network_top_params_struct_ap_fixed_ap_fixed_ap_int_ap_int_32_weights3_14                        |  out|   22|      ap_vld|                 network_top_params_struct_ap_fixed_ap_fixed_ap_int_ap_int_32_weights3_14|       pointer|
|network_top_params_struct_ap_fixed_ap_fixed_ap_int_ap_int_32_weights3_14_ap_vld                 |  out|    1|      ap_vld|                 network_top_params_struct_ap_fixed_ap_fixed_ap_int_ap_int_32_weights3_14|       pointer|
|network_top_params_struct_ap_fixed_ap_fixed_ap_int_ap_int_32_weights3_15                        |  out|   22|      ap_vld|                 network_top_params_struct_ap_fixed_ap_fixed_ap_int_ap_int_32_weights3_15|       pointer|
|network_top_params_struct_ap_fixed_ap_fixed_ap_int_ap_int_32_weights3_15_ap_vld                 |  out|    1|      ap_vld|                 network_top_params_struct_ap_fixed_ap_fixed_ap_int_ap_int_32_weights3_15|       pointer|
|network_top_params_struct_ap_fixed_ap_fixed_ap_int_ap_int_32_weights3_16                        |  out|   22|      ap_vld|                 network_top_params_struct_ap_fixed_ap_fixed_ap_int_ap_int_32_weights3_16|       pointer|
|network_top_params_struct_ap_fixed_ap_fixed_ap_int_ap_int_32_weights3_16_ap_vld                 |  out|    1|      ap_vld|                 network_top_params_struct_ap_fixed_ap_fixed_ap_int_ap_int_32_weights3_16|       pointer|
|network_top_params_struct_ap_fixed_ap_fixed_ap_int_ap_int_32_weights3_17                        |  out|   22|      ap_vld|                 network_top_params_struct_ap_fixed_ap_fixed_ap_int_ap_int_32_weights3_17|       pointer|
|network_top_params_struct_ap_fixed_ap_fixed_ap_int_ap_int_32_weights3_17_ap_vld                 |  out|    1|      ap_vld|                 network_top_params_struct_ap_fixed_ap_fixed_ap_int_ap_int_32_weights3_17|       pointer|
|network_top_params_struct_ap_fixed_ap_fixed_ap_int_ap_int_32_weights3_18                        |  out|   22|      ap_vld|                 network_top_params_struct_ap_fixed_ap_fixed_ap_int_ap_int_32_weights3_18|       pointer|
|network_top_params_struct_ap_fixed_ap_fixed_ap_int_ap_int_32_weights3_18_ap_vld                 |  out|    1|      ap_vld|                 network_top_params_struct_ap_fixed_ap_fixed_ap_int_ap_int_32_weights3_18|       pointer|
|network_top_params_struct_ap_fixed_ap_fixed_ap_int_ap_int_32_weights3_19                        |  out|   22|      ap_vld|                 network_top_params_struct_ap_fixed_ap_fixed_ap_int_ap_int_32_weights3_19|       pointer|
|network_top_params_struct_ap_fixed_ap_fixed_ap_int_ap_int_32_weights3_19_ap_vld                 |  out|    1|      ap_vld|                 network_top_params_struct_ap_fixed_ap_fixed_ap_int_ap_int_32_weights3_19|       pointer|
|network_top_params_struct_ap_fixed_ap_fixed_ap_int_ap_int_32_weights3_20                        |  out|   22|      ap_vld|                 network_top_params_struct_ap_fixed_ap_fixed_ap_int_ap_int_32_weights3_20|       pointer|
|network_top_params_struct_ap_fixed_ap_fixed_ap_int_ap_int_32_weights3_20_ap_vld                 |  out|    1|      ap_vld|                 network_top_params_struct_ap_fixed_ap_fixed_ap_int_ap_int_32_weights3_20|       pointer|
+------------------------------------------------------------------------------------------------+-----+-----+------------+-----------------------------------------------------------------------------------------+--------------+

