

================================================================
== Vitis HLS Report for 'network_top_Pipeline_load_weight3_matrix_inner_loop91'
================================================================
* Date:           Wed Oct 18 18:29:12 2023

* Version:        2023.1 (Build 3854077 on May  4 2023)
* Project:        matrix_test2
* Solution:       solution1 (Vivado IP Flow Target)
* Product family: zynquplus
* Target device:  xczu7ev-ffvc1156-2-e


================================================================
== Performance Estimates
================================================================
+ Timing: 
    * Summary: 
    +--------+---------+----------+------------+
    |  Clock |  Target | Estimated| Uncertainty|
    +--------+---------+----------+------------+
    |ap_clk  |  0.35 us|  0.256 us|    94.50 ns|
    +--------+---------+----------+------------+

+ Latency: 
    * Summary: 
    +---------+---------+-----------+-----------+-----+-----+---------+
    |  Latency (cycles) |   Latency (absolute)  |  Interval | Pipeline|
    |   min   |   max   |    min    |    max    | min | max |   Type  |
    +---------+---------+-----------+-----------+-----+-----+---------+
    |       90|       90|  31.500 us|  31.500 us|   90|   90|       no|
    +---------+---------+-----------+-----------+-----+-----+---------+

    + Detail: 
        * Instance: 
        N/A

        * Loop: 
        +----------------------------------+---------+---------+----------+-----------+-----------+------+----------+
        |                                  |  Latency (cycles) | Iteration|  Initiation Interval  | Trip |          |
        |             Loop Name            |   min   |   max   |  Latency |  achieved |   target  | Count| Pipelined|
        +----------------------------------+---------+---------+----------+-----------+-----------+------+----------+
        |- load_weight3_matrix_inner_loop  |       88|       88|        10|          1|          1|    80|       yes|
        +----------------------------------+---------+---------+----------+-----------+-----------+------+----------+



================================================================
== Utilization Estimates
================================================================
* Summary: 
+-----------------+---------+------+--------+--------+-----+
|       Name      | BRAM_18K|  DSP |   FF   |   LUT  | URAM|
+-----------------+---------+------+--------+--------+-----+
|DSP              |        -|     -|       -|       -|    -|
|Expression       |        -|     -|       0|     187|    -|
|FIFO             |        -|     -|       -|       -|    -|
|Instance         |        -|     0|       0|       5|    -|
|Memory           |        -|     -|       -|       -|    -|
|Multiplexer      |        -|     -|       -|      99|    -|
|Register         |        -|     -|     183|      32|    -|
+-----------------+---------+------+--------+--------+-----+
|Total            |        0|     0|     183|     323|    0|
+-----------------+---------+------+--------+--------+-----+
|Available        |      624|  1728|  460800|  230400|   96|
+-----------------+---------+------+--------+--------+-----+
|Utilization (%)  |        0|     0|      ~0|      ~0|    0|
+-----------------+---------+------+--------+--------+-----+

+ Detail: 
    * Instance: 
    +---------------------------+---------------------+---------+----+---+----+-----+
    |          Instance         |        Module       | BRAM_18K| DSP| FF| LUT| URAM|
    +---------------------------+---------------------+---------+----+---+----+-----+
    |mul_3ns_11ns_12_1_1_U7721  |mul_3ns_11ns_12_1_1  |        0|   0|  0|   5|    0|
    +---------------------------+---------------------+---------+----+---+----+-----+
    |Total                      |                     |        0|   0|  0|   5|    0|
    +---------------------------+---------------------+---------+----+---+----+-----+

    * DSP: 
    N/A

    * Memory: 
    N/A

    * FIFO: 
    N/A

    * Expression: 
    +---------------------------+----------+----+---+----+------------+------------+
    |       Variable Name       | Operation| DSP| FF| LUT| Bitwidth P0| Bitwidth P1|
    +---------------------------+----------+----+---+----+------------+------------+
    |add_ln223_9_fu_565_p2      |         +|   0|  0|  14|           7|           1|
    |add_ln223_fu_448_p2        |         +|   0|  0|  14|           7|           1|
    |add_ln225_17_fu_518_p2     |         +|   0|  0|  20|          13|           9|
    |add_ln225_18_fu_536_p2     |         +|   0|  0|  71|          64|          64|
    |next_mul700_fu_460_p2      |         +|   0|  0|  22|          15|           8|
    |icmp_ln223_9_fu_571_p2     |      icmp|   0|  0|  14|           7|           5|
    |icmp_ln223_fu_442_p2       |      icmp|   0|  0|  14|           7|           7|
    |ap_block_pp0_stage0_11001  |        or|   0|  0|   2|           1|           1|
    |or_ln225_fu_490_p2         |        or|   0|  0|   7|           7|           7|
    |select_ln223_fu_577_p3     |    select|   0|  0|   7|           1|           7|
    |ap_enable_pp0              |       xor|   0|  0|   2|           1|           2|
    +---------------------------+----------+----+---+----+------------+------------+
    |Total                      |          |   0|  0| 187|         130|         112|
    +---------------------------+----------+----+---+----+------------+------------+

    * Multiplexer: 
    +-------------------------------------+----+-----------+-----+-----------+
    |                 Name                | LUT| Input Size| Bits| Total Bits|
    +-------------------------------------+----+-----------+-----+-----------+
    |ap_done_int                          |   9|          2|    1|          2|
    |ap_enable_reg_pp0_iter1              |   9|          2|    1|          2|
    |ap_sig_allocacmp_c_9                 |   9|          2|    7|         14|
    |ap_sig_allocacmp_phi_mul699_load     |   9|          2|   15|         30|
    |ap_sig_allocacmp_phi_urem701_load    |   9|          2|    7|         14|
    |ap_sig_allocacmp_phi_urem701_load_1  |   9|          2|    7|         14|
    |c_fu_402                             |   9|          2|    7|         14|
    |gmem_blk_n_AR                        |   9|          2|    1|          2|
    |gmem_blk_n_R                         |   9|          2|    1|          2|
    |phi_mul699_fu_398                    |   9|          2|   15|         30|
    |phi_urem701_fu_394                   |   9|          2|    7|         14|
    +-------------------------------------+----+-----------+-----+-----------+
    |Total                                |  99|         22|   69|        138|
    +-------------------------------------+----+-----------+-----+-----------+

    * Register: 
    +----------------------------------+----+----+-----+-----------+
    |               Name               | FF | LUT| Bits| Const Bits|
    +----------------------------------+----+----+-----+-----------+
    |ap_CS_fsm                         |   1|   0|    1|          0|
    |ap_done_reg                       |   1|   0|    1|          0|
    |ap_enable_reg_pp0_iter1           |   1|   0|    1|          0|
    |ap_enable_reg_pp0_iter2           |   1|   0|    1|          0|
    |ap_enable_reg_pp0_iter3           |   1|   0|    1|          0|
    |ap_enable_reg_pp0_iter4           |   1|   0|    1|          0|
    |ap_enable_reg_pp0_iter5           |   1|   0|    1|          0|
    |ap_enable_reg_pp0_iter6           |   1|   0|    1|          0|
    |ap_enable_reg_pp0_iter7           |   1|   0|    1|          0|
    |ap_enable_reg_pp0_iter8           |   1|   0|    1|          0|
    |ap_enable_reg_pp0_iter9           |   1|   0|    1|          0|
    |ap_loop_exit_ready_pp0_iter1_reg  |   1|   0|    1|          0|
    |ap_loop_exit_ready_pp0_iter2_reg  |   1|   0|    1|          0|
    |ap_loop_exit_ready_pp0_iter3_reg  |   1|   0|    1|          0|
    |ap_loop_exit_ready_pp0_iter4_reg  |   1|   0|    1|          0|
    |ap_loop_exit_ready_pp0_iter5_reg  |   1|   0|    1|          0|
    |ap_loop_exit_ready_pp0_iter6_reg  |   1|   0|    1|          0|
    |ap_loop_exit_ready_pp0_iter7_reg  |   1|   0|    1|          0|
    |ap_loop_exit_ready_pp0_iter8_reg  |   1|   0|    1|          0|
    |c_9_reg_1106                      |   7|   0|    7|          0|
    |c_fu_402                          |   7|   0|    7|          0|
    |gmem_addr_reg_1114                |  64|   0|   64|          0|
    |phi_mul699_fu_398                 |  15|   0|   15|          0|
    |phi_urem701_fu_394                |   7|   0|    7|          0|
    |c_9_reg_1106                      |  64|  32|    7|          0|
    +----------------------------------+----+----+-----+-----------+
    |Total                             | 183|  32|  126|          0|
    +----------------------------------+----+----+-----+-----------+



================================================================
== Interface
================================================================
* Summary: 
+------------------------------------------------------------------------------------------------+-----+-----+------------+-----------------------------------------------------------------------------------------+--------------+
|                                            RTL Ports                                           | Dir | Bits|  Protocol  |                                      Source Object                                      |    C Type    |
+------------------------------------------------------------------------------------------------+-----+-----+------------+-----------------------------------------------------------------------------------------+--------------+
|ap_clk                                                                                          |   in|    1|  ap_ctrl_hs|                                    network_top_Pipeline_load_weight3_matrix_inner_loop91|  return value|
|ap_rst                                                                                          |   in|    1|  ap_ctrl_hs|                                    network_top_Pipeline_load_weight3_matrix_inner_loop91|  return value|
|ap_start                                                                                        |   in|    1|  ap_ctrl_hs|                                    network_top_Pipeline_load_weight3_matrix_inner_loop91|  return value|
|ap_done                                                                                         |  out|    1|  ap_ctrl_hs|                                    network_top_Pipeline_load_weight3_matrix_inner_loop91|  return value|
|ap_idle                                                                                         |  out|    1|  ap_ctrl_hs|                                    network_top_Pipeline_load_weight3_matrix_inner_loop91|  return value|
|ap_ready                                                                                        |  out|    1|  ap_ctrl_hs|                                    network_top_Pipeline_load_weight3_matrix_inner_loop91|  return value|
|m_axi_gmem_AWVALID                                                                              |  out|    1|       m_axi|                                                                                     gmem|       pointer|
|m_axi_gmem_AWREADY                                                                              |   in|    1|       m_axi|                                                                                     gmem|       pointer|
|m_axi_gmem_AWADDR                                                                               |  out|   64|       m_axi|                                                                                     gmem|       pointer|
|m_axi_gmem_AWID                                                                                 |  out|    1|       m_axi|                                                                                     gmem|       pointer|
|m_axi_gmem_AWLEN                                                                                |  out|   32|       m_axi|                                                                                     gmem|       pointer|
|m_axi_gmem_AWSIZE                                                                               |  out|    3|       m_axi|                                                                                     gmem|       pointer|
|m_axi_gmem_AWBURST                                                                              |  out|    2|       m_axi|                                                                                     gmem|       pointer|
|m_axi_gmem_AWLOCK                                                                               |  out|    2|       m_axi|                                                                                     gmem|       pointer|
|m_axi_gmem_AWCACHE                                                                              |  out|    4|       m_axi|                                                                                     gmem|       pointer|
|m_axi_gmem_AWPROT                                                                               |  out|    3|       m_axi|                                                                                     gmem|       pointer|
|m_axi_gmem_AWQOS                                                                                |  out|    4|       m_axi|                                                                                     gmem|       pointer|
|m_axi_gmem_AWREGION                                                                             |  out|    4|       m_axi|                                                                                     gmem|       pointer|
|m_axi_gmem_AWUSER                                                                               |  out|    1|       m_axi|                                                                                     gmem|       pointer|
|m_axi_gmem_WVALID                                                                               |  out|    1|       m_axi|                                                                                     gmem|       pointer|
|m_axi_gmem_WREADY                                                                               |   in|    1|       m_axi|                                                                                     gmem|       pointer|
|m_axi_gmem_WDATA                                                                                |  out|   32|       m_axi|                                                                                     gmem|       pointer|
|m_axi_gmem_WSTRB                                                                                |  out|    4|       m_axi|                                                                                     gmem|       pointer|
|m_axi_gmem_WLAST                                                                                |  out|    1|       m_axi|                                                                                     gmem|       pointer|
|m_axi_gmem_WID                                                                                  |  out|    1|       m_axi|                                                                                     gmem|       pointer|
|m_axi_gmem_WUSER                                                                                |  out|    1|       m_axi|                                                                                     gmem|       pointer|
|m_axi_gmem_ARVALID                                                                              |  out|    1|       m_axi|                                                                                     gmem|       pointer|
|m_axi_gmem_ARREADY                                                                              |   in|    1|       m_axi|                                                                                     gmem|       pointer|
|m_axi_gmem_ARADDR                                                                               |  out|   64|       m_axi|                                                                                     gmem|       pointer|
|m_axi_gmem_ARID                                                                                 |  out|    1|       m_axi|                                                                                     gmem|       pointer|
|m_axi_gmem_ARLEN                                                                                |  out|   32|       m_axi|                                                                                     gmem|       pointer|
|m_axi_gmem_ARSIZE                                                                               |  out|    3|       m_axi|                                                                                     gmem|       pointer|
|m_axi_gmem_ARBURST                                                                              |  out|    2|       m_axi|                                                                                     gmem|       pointer|
|m_axi_gmem_ARLOCK                                                                               |  out|    2|       m_axi|                                                                                     gmem|       pointer|
|m_axi_gmem_ARCACHE                                                                              |  out|    4|       m_axi|                                                                                     gmem|       pointer|
|m_axi_gmem_ARPROT                                                                               |  out|    3|       m_axi|                                                                                     gmem|       pointer|
|m_axi_gmem_ARQOS                                                                                |  out|    4|       m_axi|                                                                                     gmem|       pointer|
|m_axi_gmem_ARREGION                                                                             |  out|    4|       m_axi|                                                                                     gmem|       pointer|
|m_axi_gmem_ARUSER                                                                               |  out|    1|       m_axi|                                                                                     gmem|       pointer|
|m_axi_gmem_RVALID                                                                               |   in|    1|       m_axi|                                                                                     gmem|       pointer|
|m_axi_gmem_RREADY                                                                               |  out|    1|       m_axi|                                                                                     gmem|       pointer|
|m_axi_gmem_RDATA                                                                                |   in|   32|       m_axi|                                                                                     gmem|       pointer|
|m_axi_gmem_RLAST                                                                                |   in|    1|       m_axi|                                                                                     gmem|       pointer|
|m_axi_gmem_RID                                                                                  |   in|    1|       m_axi|                                                                                     gmem|       pointer|
|m_axi_gmem_RFIFONUM                                                                             |   in|    9|       m_axi|                                                                                     gmem|       pointer|
|m_axi_gmem_RUSER                                                                                |   in|    1|       m_axi|                                                                                     gmem|       pointer|
|m_axi_gmem_RRESP                                                                                |   in|    2|       m_axi|                                                                                     gmem|       pointer|
|m_axi_gmem_BVALID                                                                               |   in|    1|       m_axi|                                                                                     gmem|       pointer|
|m_axi_gmem_BREADY                                                                               |  out|    1|       m_axi|                                                                                     gmem|       pointer|
|m_axi_gmem_BRESP                                                                                |   in|    2|       m_axi|                                                                                     gmem|       pointer|
|m_axi_gmem_BID                                                                                  |   in|    1|       m_axi|                                                                                     gmem|       pointer|
|m_axi_gmem_BUSER                                                                                |   in|    1|       m_axi|                                                                                     gmem|       pointer|
|add_ln225                                                                                       |   in|   64|     ap_none|                                                                                add_ln225|        scalar|
|p_ZZ11network_topP13params_structP8ap_fixedILi22ELi17EL9ap_q_mode0EL9ap_o_mode0EL_16860         |  out|   22|      ap_vld|  p_ZZ11network_topP13params_structP8ap_fixedILi22ELi17EL9ap_q_mode0EL9ap_o_mode0EL_16860|       pointer|
|p_ZZ11network_topP13params_structP8ap_fixedILi22ELi17EL9ap_q_mode0EL9ap_o_mode0EL_16860_ap_vld  |  out|    1|      ap_vld|  p_ZZ11network_topP13params_structP8ap_fixedILi22ELi17EL9ap_q_mode0EL9ap_o_mode0EL_16860|       pointer|
|p_ZZ11network_topP13params_structP8ap_fixedILi22ELi17EL9ap_q_mode0EL9ap_o_mode0EL_16861         |  out|   22|      ap_vld|  p_ZZ11network_topP13params_structP8ap_fixedILi22ELi17EL9ap_q_mode0EL9ap_o_mode0EL_16861|       pointer|
|p_ZZ11network_topP13params_structP8ap_fixedILi22ELi17EL9ap_q_mode0EL9ap_o_mode0EL_16861_ap_vld  |  out|    1|      ap_vld|  p_ZZ11network_topP13params_structP8ap_fixedILi22ELi17EL9ap_q_mode0EL9ap_o_mode0EL_16861|       pointer|
|p_ZZ11network_topP13params_structP8ap_fixedILi22ELi17EL9ap_q_mode0EL9ap_o_mode0EL_16862         |  out|   22|      ap_vld|  p_ZZ11network_topP13params_structP8ap_fixedILi22ELi17EL9ap_q_mode0EL9ap_o_mode0EL_16862|       pointer|
|p_ZZ11network_topP13params_structP8ap_fixedILi22ELi17EL9ap_q_mode0EL9ap_o_mode0EL_16862_ap_vld  |  out|    1|      ap_vld|  p_ZZ11network_topP13params_structP8ap_fixedILi22ELi17EL9ap_q_mode0EL9ap_o_mode0EL_16862|       pointer|
|p_ZZ11network_topP13params_structP8ap_fixedILi22ELi17EL9ap_q_mode0EL9ap_o_mode0EL_16863         |  out|   22|      ap_vld|  p_ZZ11network_topP13params_structP8ap_fixedILi22ELi17EL9ap_q_mode0EL9ap_o_mode0EL_16863|       pointer|
|p_ZZ11network_topP13params_structP8ap_fixedILi22ELi17EL9ap_q_mode0EL9ap_o_mode0EL_16863_ap_vld  |  out|    1|      ap_vld|  p_ZZ11network_topP13params_structP8ap_fixedILi22ELi17EL9ap_q_mode0EL9ap_o_mode0EL_16863|       pointer|
|p_ZZ11network_topP13params_structP8ap_fixedILi22ELi17EL9ap_q_mode0EL9ap_o_mode0EL_16864         |  out|   22|      ap_vld|  p_ZZ11network_topP13params_structP8ap_fixedILi22ELi17EL9ap_q_mode0EL9ap_o_mode0EL_16864|       pointer|
|p_ZZ11network_topP13params_structP8ap_fixedILi22ELi17EL9ap_q_mode0EL9ap_o_mode0EL_16864_ap_vld  |  out|    1|      ap_vld|  p_ZZ11network_topP13params_structP8ap_fixedILi22ELi17EL9ap_q_mode0EL9ap_o_mode0EL_16864|       pointer|
|p_ZZ11network_topP13params_structP8ap_fixedILi22ELi17EL9ap_q_mode0EL9ap_o_mode0EL_16865         |  out|   22|      ap_vld|  p_ZZ11network_topP13params_structP8ap_fixedILi22ELi17EL9ap_q_mode0EL9ap_o_mode0EL_16865|       pointer|
|p_ZZ11network_topP13params_structP8ap_fixedILi22ELi17EL9ap_q_mode0EL9ap_o_mode0EL_16865_ap_vld  |  out|    1|      ap_vld|  p_ZZ11network_topP13params_structP8ap_fixedILi22ELi17EL9ap_q_mode0EL9ap_o_mode0EL_16865|       pointer|
|p_ZZ11network_topP13params_structP8ap_fixedILi22ELi17EL9ap_q_mode0EL9ap_o_mode0EL_16866         |  out|   22|      ap_vld|  p_ZZ11network_topP13params_structP8ap_fixedILi22ELi17EL9ap_q_mode0EL9ap_o_mode0EL_16866|       pointer|
|p_ZZ11network_topP13params_structP8ap_fixedILi22ELi17EL9ap_q_mode0EL9ap_o_mode0EL_16866_ap_vld  |  out|    1|      ap_vld|  p_ZZ11network_topP13params_structP8ap_fixedILi22ELi17EL9ap_q_mode0EL9ap_o_mode0EL_16866|       pointer|
|p_ZZ11network_topP13params_structP8ap_fixedILi22ELi17EL9ap_q_mode0EL9ap_o_mode0EL_16867         |  out|   22|      ap_vld|  p_ZZ11network_topP13params_structP8ap_fixedILi22ELi17EL9ap_q_mode0EL9ap_o_mode0EL_16867|       pointer|
|p_ZZ11network_topP13params_structP8ap_fixedILi22ELi17EL9ap_q_mode0EL9ap_o_mode0EL_16867_ap_vld  |  out|    1|      ap_vld|  p_ZZ11network_topP13params_structP8ap_fixedILi22ELi17EL9ap_q_mode0EL9ap_o_mode0EL_16867|       pointer|
|p_ZZ11network_topP13params_structP8ap_fixedILi22ELi17EL9ap_q_mode0EL9ap_o_mode0EL_16868         |  out|   22|      ap_vld|  p_ZZ11network_topP13params_structP8ap_fixedILi22ELi17EL9ap_q_mode0EL9ap_o_mode0EL_16868|       pointer|
|p_ZZ11network_topP13params_structP8ap_fixedILi22ELi17EL9ap_q_mode0EL9ap_o_mode0EL_16868_ap_vld  |  out|    1|      ap_vld|  p_ZZ11network_topP13params_structP8ap_fixedILi22ELi17EL9ap_q_mode0EL9ap_o_mode0EL_16868|       pointer|
|p_ZZ11network_topP13params_structP8ap_fixedILi22ELi17EL9ap_q_mode0EL9ap_o_mode0EL_16869         |  out|   22|      ap_vld|  p_ZZ11network_topP13params_structP8ap_fixedILi22ELi17EL9ap_q_mode0EL9ap_o_mode0EL_16869|       pointer|
|p_ZZ11network_topP13params_structP8ap_fixedILi22ELi17EL9ap_q_mode0EL9ap_o_mode0EL_16869_ap_vld  |  out|    1|      ap_vld|  p_ZZ11network_topP13params_structP8ap_fixedILi22ELi17EL9ap_q_mode0EL9ap_o_mode0EL_16869|       pointer|
|network_top_params_struct_ap_fixed_ap_fixed_ap_int_ap_int_32_weights3_94                        |  out|   22|      ap_vld|                 network_top_params_struct_ap_fixed_ap_fixed_ap_int_ap_int_32_weights3_94|       pointer|
|network_top_params_struct_ap_fixed_ap_fixed_ap_int_ap_int_32_weights3_94_ap_vld                 |  out|    1|      ap_vld|                 network_top_params_struct_ap_fixed_ap_fixed_ap_int_ap_int_32_weights3_94|       pointer|
|network_top_params_struct_ap_fixed_ap_fixed_ap_int_ap_int_32_weights3_95                        |  out|   22|      ap_vld|                 network_top_params_struct_ap_fixed_ap_fixed_ap_int_ap_int_32_weights3_95|       pointer|
|network_top_params_struct_ap_fixed_ap_fixed_ap_int_ap_int_32_weights3_95_ap_vld                 |  out|    1|      ap_vld|                 network_top_params_struct_ap_fixed_ap_fixed_ap_int_ap_int_32_weights3_95|       pointer|
|network_top_params_struct_ap_fixed_ap_fixed_ap_int_ap_int_32_weights3_96                        |  out|   22|      ap_vld|                 network_top_params_struct_ap_fixed_ap_fixed_ap_int_ap_int_32_weights3_96|       pointer|
|network_top_params_struct_ap_fixed_ap_fixed_ap_int_ap_int_32_weights3_96_ap_vld                 |  out|    1|      ap_vld|                 network_top_params_struct_ap_fixed_ap_fixed_ap_int_ap_int_32_weights3_96|       pointer|
|network_top_params_struct_ap_fixed_ap_fixed_ap_int_ap_int_32_weights3_97                        |  out|   22|      ap_vld|                 network_top_params_struct_ap_fixed_ap_fixed_ap_int_ap_int_32_weights3_97|       pointer|
|network_top_params_struct_ap_fixed_ap_fixed_ap_int_ap_int_32_weights3_97_ap_vld                 |  out|    1|      ap_vld|                 network_top_params_struct_ap_fixed_ap_fixed_ap_int_ap_int_32_weights3_97|       pointer|
|network_top_params_struct_ap_fixed_ap_fixed_ap_int_ap_int_32_weights3_98                        |  out|   22|      ap_vld|                 network_top_params_struct_ap_fixed_ap_fixed_ap_int_ap_int_32_weights3_98|       pointer|
|network_top_params_struct_ap_fixed_ap_fixed_ap_int_ap_int_32_weights3_98_ap_vld                 |  out|    1|      ap_vld|                 network_top_params_struct_ap_fixed_ap_fixed_ap_int_ap_int_32_weights3_98|       pointer|
|network_top_params_struct_ap_fixed_ap_fixed_ap_int_ap_int_32_weights3_99                        |  out|   22|      ap_vld|                 network_top_params_struct_ap_fixed_ap_fixed_ap_int_ap_int_32_weights3_99|       pointer|
|network_top_params_struct_ap_fixed_ap_fixed_ap_int_ap_int_32_weights3_99_ap_vld                 |  out|    1|      ap_vld|                 network_top_params_struct_ap_fixed_ap_fixed_ap_int_ap_int_32_weights3_99|       pointer|
|network_top_params_struct_ap_fixed_ap_fixed_ap_int_ap_int_32_weights3_378                       |  out|   22|      ap_vld|                network_top_params_struct_ap_fixed_ap_fixed_ap_int_ap_int_32_weights3_378|       pointer|
|network_top_params_struct_ap_fixed_ap_fixed_ap_int_ap_int_32_weights3_378_ap_vld                |  out|    1|      ap_vld|                network_top_params_struct_ap_fixed_ap_fixed_ap_int_ap_int_32_weights3_378|       pointer|
|network_top_params_struct_ap_fixed_ap_fixed_ap_int_ap_int_32_weights3_377                       |  out|   22|      ap_vld|                network_top_params_struct_ap_fixed_ap_fixed_ap_int_ap_int_32_weights3_377|       pointer|
|network_top_params_struct_ap_fixed_ap_fixed_ap_int_ap_int_32_weights3_377_ap_vld                |  out|    1|      ap_vld|                network_top_params_struct_ap_fixed_ap_fixed_ap_int_ap_int_32_weights3_377|       pointer|
|network_top_params_struct_ap_fixed_ap_fixed_ap_int_ap_int_32_weights3_376                       |  out|   22|      ap_vld|                network_top_params_struct_ap_fixed_ap_fixed_ap_int_ap_int_32_weights3_376|       pointer|
|network_top_params_struct_ap_fixed_ap_fixed_ap_int_ap_int_32_weights3_376_ap_vld                |  out|    1|      ap_vld|                network_top_params_struct_ap_fixed_ap_fixed_ap_int_ap_int_32_weights3_376|       pointer|
|network_top_params_struct_ap_fixed_ap_fixed_ap_int_ap_int_32_weights3_375                       |  out|   22|      ap_vld|                network_top_params_struct_ap_fixed_ap_fixed_ap_int_ap_int_32_weights3_375|       pointer|
|network_top_params_struct_ap_fixed_ap_fixed_ap_int_ap_int_32_weights3_375_ap_vld                |  out|    1|      ap_vld|                network_top_params_struct_ap_fixed_ap_fixed_ap_int_ap_int_32_weights3_375|       pointer|
|network_top_params_struct_ap_fixed_ap_fixed_ap_int_ap_int_32_weights3_373                       |  out|   22|      ap_vld|                network_top_params_struct_ap_fixed_ap_fixed_ap_int_ap_int_32_weights3_373|       pointer|
|network_top_params_struct_ap_fixed_ap_fixed_ap_int_ap_int_32_weights3_373_ap_vld                |  out|    1|      ap_vld|                network_top_params_struct_ap_fixed_ap_fixed_ap_int_ap_int_32_weights3_373|       pointer|
|network_top_params_struct_ap_fixed_ap_fixed_ap_int_ap_int_32_weights3_372                       |  out|   22|      ap_vld|                network_top_params_struct_ap_fixed_ap_fixed_ap_int_ap_int_32_weights3_372|       pointer|
|network_top_params_struct_ap_fixed_ap_fixed_ap_int_ap_int_32_weights3_372_ap_vld                |  out|    1|      ap_vld|                network_top_params_struct_ap_fixed_ap_fixed_ap_int_ap_int_32_weights3_372|       pointer|
|network_top_params_struct_ap_fixed_ap_fixed_ap_int_ap_int_32_weights3_371                       |  out|   22|      ap_vld|                network_top_params_struct_ap_fixed_ap_fixed_ap_int_ap_int_32_weights3_371|       pointer|
|network_top_params_struct_ap_fixed_ap_fixed_ap_int_ap_int_32_weights3_371_ap_vld                |  out|    1|      ap_vld|                network_top_params_struct_ap_fixed_ap_fixed_ap_int_ap_int_32_weights3_371|       pointer|
|network_top_params_struct_ap_fixed_ap_fixed_ap_int_ap_int_32_weights3_370                       |  out|   22|      ap_vld|                network_top_params_struct_ap_fixed_ap_fixed_ap_int_ap_int_32_weights3_370|       pointer|
|network_top_params_struct_ap_fixed_ap_fixed_ap_int_ap_int_32_weights3_370_ap_vld                |  out|    1|      ap_vld|                network_top_params_struct_ap_fixed_ap_fixed_ap_int_ap_int_32_weights3_370|       pointer|
|network_top_params_struct_ap_fixed_ap_fixed_ap_int_ap_int_32_weights3_369                       |  out|   22|      ap_vld|                network_top_params_struct_ap_fixed_ap_fixed_ap_int_ap_int_32_weights3_369|       pointer|
|network_top_params_struct_ap_fixed_ap_fixed_ap_int_ap_int_32_weights3_369_ap_vld                |  out|    1|      ap_vld|                network_top_params_struct_ap_fixed_ap_fixed_ap_int_ap_int_32_weights3_369|       pointer|
|network_top_params_struct_ap_fixed_ap_fixed_ap_int_ap_int_32_weights3_368                       |  out|   22|      ap_vld|                network_top_params_struct_ap_fixed_ap_fixed_ap_int_ap_int_32_weights3_368|       pointer|
|network_top_params_struct_ap_fixed_ap_fixed_ap_int_ap_int_32_weights3_368_ap_vld                |  out|    1|      ap_vld|                network_top_params_struct_ap_fixed_ap_fixed_ap_int_ap_int_32_weights3_368|       pointer|
|network_top_params_struct_ap_fixed_ap_fixed_ap_int_ap_int_32_weights3_367                       |  out|   22|      ap_vld|                network_top_params_struct_ap_fixed_ap_fixed_ap_int_ap_int_32_weights3_367|       pointer|
|network_top_params_struct_ap_fixed_ap_fixed_ap_int_ap_int_32_weights3_367_ap_vld                |  out|    1|      ap_vld|                network_top_params_struct_ap_fixed_ap_fixed_ap_int_ap_int_32_weights3_367|       pointer|
|network_top_params_struct_ap_fixed_ap_fixed_ap_int_ap_int_32_weights3_366                       |  out|   22|      ap_vld|                network_top_params_struct_ap_fixed_ap_fixed_ap_int_ap_int_32_weights3_366|       pointer|
|network_top_params_struct_ap_fixed_ap_fixed_ap_int_ap_int_32_weights3_366_ap_vld                |  out|    1|      ap_vld|                network_top_params_struct_ap_fixed_ap_fixed_ap_int_ap_int_32_weights3_366|       pointer|
|network_top_params_struct_ap_fixed_ap_fixed_ap_int_ap_int_32_weights3_365                       |  out|   22|      ap_vld|                network_top_params_struct_ap_fixed_ap_fixed_ap_int_ap_int_32_weights3_365|       pointer|
|network_top_params_struct_ap_fixed_ap_fixed_ap_int_ap_int_32_weights3_365_ap_vld                |  out|    1|      ap_vld|                network_top_params_struct_ap_fixed_ap_fixed_ap_int_ap_int_32_weights3_365|       pointer|
|network_top_params_struct_ap_fixed_ap_fixed_ap_int_ap_int_32_weights3_364                       |  out|   22|      ap_vld|                network_top_params_struct_ap_fixed_ap_fixed_ap_int_ap_int_32_weights3_364|       pointer|
|network_top_params_struct_ap_fixed_ap_fixed_ap_int_ap_int_32_weights3_364_ap_vld                |  out|    1|      ap_vld|                network_top_params_struct_ap_fixed_ap_fixed_ap_int_ap_int_32_weights3_364|       pointer|
|network_top_params_struct_ap_fixed_ap_fixed_ap_int_ap_int_32_weights3_362                       |  out|   22|      ap_vld|                network_top_params_struct_ap_fixed_ap_fixed_ap_int_ap_int_32_weights3_362|       pointer|
|network_top_params_struct_ap_fixed_ap_fixed_ap_int_ap_int_32_weights3_362_ap_vld                |  out|    1|      ap_vld|                network_top_params_struct_ap_fixed_ap_fixed_ap_int_ap_int_32_weights3_362|       pointer|
|network_top_params_struct_ap_fixed_ap_fixed_ap_int_ap_int_32_weights3_361                       |  out|   22|      ap_vld|                network_top_params_struct_ap_fixed_ap_fixed_ap_int_ap_int_32_weights3_361|       pointer|
|network_top_params_struct_ap_fixed_ap_fixed_ap_int_ap_int_32_weights3_361_ap_vld                |  out|    1|      ap_vld|                network_top_params_struct_ap_fixed_ap_fixed_ap_int_ap_int_32_weights3_361|       pointer|
|network_top_params_struct_ap_fixed_ap_fixed_ap_int_ap_int_32_weights3_360                       |  out|   22|      ap_vld|                network_top_params_struct_ap_fixed_ap_fixed_ap_int_ap_int_32_weights3_360|       pointer|
|network_top_params_struct_ap_fixed_ap_fixed_ap_int_ap_int_32_weights3_360_ap_vld                |  out|    1|      ap_vld|                network_top_params_struct_ap_fixed_ap_fixed_ap_int_ap_int_32_weights3_360|       pointer|
|network_top_params_struct_ap_fixed_ap_fixed_ap_int_ap_int_32_weights3_359                       |  out|   22|      ap_vld|                network_top_params_struct_ap_fixed_ap_fixed_ap_int_ap_int_32_weights3_359|       pointer|
|network_top_params_struct_ap_fixed_ap_fixed_ap_int_ap_int_32_weights3_359_ap_vld                |  out|    1|      ap_vld|                network_top_params_struct_ap_fixed_ap_fixed_ap_int_ap_int_32_weights3_359|       pointer|
|network_top_params_struct_ap_fixed_ap_fixed_ap_int_ap_int_32_weights3_358                       |  out|   22|      ap_vld|                network_top_params_struct_ap_fixed_ap_fixed_ap_int_ap_int_32_weights3_358|       pointer|
|network_top_params_struct_ap_fixed_ap_fixed_ap_int_ap_int_32_weights3_358_ap_vld                |  out|    1|      ap_vld|                network_top_params_struct_ap_fixed_ap_fixed_ap_int_ap_int_32_weights3_358|       pointer|
|network_top_params_struct_ap_fixed_ap_fixed_ap_int_ap_int_32_weights3_357                       |  out|   22|      ap_vld|                network_top_params_struct_ap_fixed_ap_fixed_ap_int_ap_int_32_weights3_357|       pointer|
|network_top_params_struct_ap_fixed_ap_fixed_ap_int_ap_int_32_weights3_357_ap_vld                |  out|    1|      ap_vld|                network_top_params_struct_ap_fixed_ap_fixed_ap_int_ap_int_32_weights3_357|       pointer|
|network_top_params_struct_ap_fixed_ap_fixed_ap_int_ap_int_32_weights3_356                       |  out|   22|      ap_vld|                network_top_params_struct_ap_fixed_ap_fixed_ap_int_ap_int_32_weights3_356|       pointer|
|network_top_params_struct_ap_fixed_ap_fixed_ap_int_ap_int_32_weights3_356_ap_vld                |  out|    1|      ap_vld|                network_top_params_struct_ap_fixed_ap_fixed_ap_int_ap_int_32_weights3_356|       pointer|
|network_top_params_struct_ap_fixed_ap_fixed_ap_int_ap_int_32_weights3_355                       |  out|   22|      ap_vld|                network_top_params_struct_ap_fixed_ap_fixed_ap_int_ap_int_32_weights3_355|       pointer|
|network_top_params_struct_ap_fixed_ap_fixed_ap_int_ap_int_32_weights3_355_ap_vld                |  out|    1|      ap_vld|                network_top_params_struct_ap_fixed_ap_fixed_ap_int_ap_int_32_weights3_355|       pointer|
|network_top_params_struct_ap_fixed_ap_fixed_ap_int_ap_int_32_weights3_354                       |  out|   22|      ap_vld|                network_top_params_struct_ap_fixed_ap_fixed_ap_int_ap_int_32_weights3_354|       pointer|
|network_top_params_struct_ap_fixed_ap_fixed_ap_int_ap_int_32_weights3_354_ap_vld                |  out|    1|      ap_vld|                network_top_params_struct_ap_fixed_ap_fixed_ap_int_ap_int_32_weights3_354|       pointer|
|network_top_params_struct_ap_fixed_ap_fixed_ap_int_ap_int_32_weights3_353                       |  out|   22|      ap_vld|                network_top_params_struct_ap_fixed_ap_fixed_ap_int_ap_int_32_weights3_353|       pointer|
|network_top_params_struct_ap_fixed_ap_fixed_ap_int_ap_int_32_weights3_353_ap_vld                |  out|    1|      ap_vld|                network_top_params_struct_ap_fixed_ap_fixed_ap_int_ap_int_32_weights3_353|       pointer|
|network_top_params_struct_ap_fixed_ap_fixed_ap_int_ap_int_32_weights3_350                       |  out|   22|      ap_vld|                network_top_params_struct_ap_fixed_ap_fixed_ap_int_ap_int_32_weights3_350|       pointer|
|network_top_params_struct_ap_fixed_ap_fixed_ap_int_ap_int_32_weights3_350_ap_vld                |  out|    1|      ap_vld|                network_top_params_struct_ap_fixed_ap_fixed_ap_int_ap_int_32_weights3_350|       pointer|
|network_top_params_struct_ap_fixed_ap_fixed_ap_int_ap_int_32_weights3_349                       |  out|   22|      ap_vld|                network_top_params_struct_ap_fixed_ap_fixed_ap_int_ap_int_32_weights3_349|       pointer|
|network_top_params_struct_ap_fixed_ap_fixed_ap_int_ap_int_32_weights3_349_ap_vld                |  out|    1|      ap_vld|                network_top_params_struct_ap_fixed_ap_fixed_ap_int_ap_int_32_weights3_349|       pointer|
|network_top_params_struct_ap_fixed_ap_fixed_ap_int_ap_int_32_weights3_348                       |  out|   22|      ap_vld|                network_top_params_struct_ap_fixed_ap_fixed_ap_int_ap_int_32_weights3_348|       pointer|
|network_top_params_struct_ap_fixed_ap_fixed_ap_int_ap_int_32_weights3_348_ap_vld                |  out|    1|      ap_vld|                network_top_params_struct_ap_fixed_ap_fixed_ap_int_ap_int_32_weights3_348|       pointer|
|network_top_params_struct_ap_fixed_ap_fixed_ap_int_ap_int_32_weights3_347                       |  out|   22|      ap_vld|                network_top_params_struct_ap_fixed_ap_fixed_ap_int_ap_int_32_weights3_347|       pointer|
|network_top_params_struct_ap_fixed_ap_fixed_ap_int_ap_int_32_weights3_347_ap_vld                |  out|    1|      ap_vld|                network_top_params_struct_ap_fixed_ap_fixed_ap_int_ap_int_32_weights3_347|       pointer|
|network_top_params_struct_ap_fixed_ap_fixed_ap_int_ap_int_32_weights3_346                       |  out|   22|      ap_vld|                network_top_params_struct_ap_fixed_ap_fixed_ap_int_ap_int_32_weights3_346|       pointer|
|network_top_params_struct_ap_fixed_ap_fixed_ap_int_ap_int_32_weights3_346_ap_vld                |  out|    1|      ap_vld|                network_top_params_struct_ap_fixed_ap_fixed_ap_int_ap_int_32_weights3_346|       pointer|
|network_top_params_struct_ap_fixed_ap_fixed_ap_int_ap_int_32_weights3_345                       |  out|   22|      ap_vld|                network_top_params_struct_ap_fixed_ap_fixed_ap_int_ap_int_32_weights3_345|       pointer|
|network_top_params_struct_ap_fixed_ap_fixed_ap_int_ap_int_32_weights3_345_ap_vld                |  out|    1|      ap_vld|                network_top_params_struct_ap_fixed_ap_fixed_ap_int_ap_int_32_weights3_345|       pointer|
|network_top_params_struct_ap_fixed_ap_fixed_ap_int_ap_int_32_weights3_344                       |  out|   22|      ap_vld|                network_top_params_struct_ap_fixed_ap_fixed_ap_int_ap_int_32_weights3_344|       pointer|
|network_top_params_struct_ap_fixed_ap_fixed_ap_int_ap_int_32_weights3_344_ap_vld                |  out|    1|      ap_vld|                network_top_params_struct_ap_fixed_ap_fixed_ap_int_ap_int_32_weights3_344|       pointer|
|network_top_params_struct_ap_fixed_ap_fixed_ap_int_ap_int_32_weights3_343                       |  out|   22|      ap_vld|                network_top_params_struct_ap_fixed_ap_fixed_ap_int_ap_int_32_weights3_343|       pointer|
|network_top_params_struct_ap_fixed_ap_fixed_ap_int_ap_int_32_weights3_343_ap_vld                |  out|    1|      ap_vld|                network_top_params_struct_ap_fixed_ap_fixed_ap_int_ap_int_32_weights3_343|       pointer|
|network_top_params_struct_ap_fixed_ap_fixed_ap_int_ap_int_32_weights3_342                       |  out|   22|      ap_vld|                network_top_params_struct_ap_fixed_ap_fixed_ap_int_ap_int_32_weights3_342|       pointer|
|network_top_params_struct_ap_fixed_ap_fixed_ap_int_ap_int_32_weights3_342_ap_vld                |  out|    1|      ap_vld|                network_top_params_struct_ap_fixed_ap_fixed_ap_int_ap_int_32_weights3_342|       pointer|
|network_top_params_struct_ap_fixed_ap_fixed_ap_int_ap_int_32_weights3_341                       |  out|   22|      ap_vld|                network_top_params_struct_ap_fixed_ap_fixed_ap_int_ap_int_32_weights3_341|       pointer|
|network_top_params_struct_ap_fixed_ap_fixed_ap_int_ap_int_32_weights3_341_ap_vld                |  out|    1|      ap_vld|                network_top_params_struct_ap_fixed_ap_fixed_ap_int_ap_int_32_weights3_341|       pointer|
|network_top_params_struct_ap_fixed_ap_fixed_ap_int_ap_int_32_weights3_339                       |  out|   22|      ap_vld|                network_top_params_struct_ap_fixed_ap_fixed_ap_int_ap_int_32_weights3_339|       pointer|
|network_top_params_struct_ap_fixed_ap_fixed_ap_int_ap_int_32_weights3_339_ap_vld                |  out|    1|      ap_vld|                network_top_params_struct_ap_fixed_ap_fixed_ap_int_ap_int_32_weights3_339|       pointer|
|network_top_params_struct_ap_fixed_ap_fixed_ap_int_ap_int_32_weights3_338                       |  out|   22|      ap_vld|                network_top_params_struct_ap_fixed_ap_fixed_ap_int_ap_int_32_weights3_338|       pointer|
|network_top_params_struct_ap_fixed_ap_fixed_ap_int_ap_int_32_weights3_338_ap_vld                |  out|    1|      ap_vld|                network_top_params_struct_ap_fixed_ap_fixed_ap_int_ap_int_32_weights3_338|       pointer|
|network_top_params_struct_ap_fixed_ap_fixed_ap_int_ap_int_32_weights3_337                       |  out|   22|      ap_vld|                network_top_params_struct_ap_fixed_ap_fixed_ap_int_ap_int_32_weights3_337|       pointer|
|network_top_params_struct_ap_fixed_ap_fixed_ap_int_ap_int_32_weights3_337_ap_vld                |  out|    1|      ap_vld|                network_top_params_struct_ap_fixed_ap_fixed_ap_int_ap_int_32_weights3_337|       pointer|
|network_top_params_struct_ap_fixed_ap_fixed_ap_int_ap_int_32_weights3_336                       |  out|   22|      ap_vld|                network_top_params_struct_ap_fixed_ap_fixed_ap_int_ap_int_32_weights3_336|       pointer|
|network_top_params_struct_ap_fixed_ap_fixed_ap_int_ap_int_32_weights3_336_ap_vld                |  out|    1|      ap_vld|                network_top_params_struct_ap_fixed_ap_fixed_ap_int_ap_int_32_weights3_336|       pointer|
|network_top_params_struct_ap_fixed_ap_fixed_ap_int_ap_int_32_weights3_335                       |  out|   22|      ap_vld|                network_top_params_struct_ap_fixed_ap_fixed_ap_int_ap_int_32_weights3_335|       pointer|
|network_top_params_struct_ap_fixed_ap_fixed_ap_int_ap_int_32_weights3_335_ap_vld                |  out|    1|      ap_vld|                network_top_params_struct_ap_fixed_ap_fixed_ap_int_ap_int_32_weights3_335|       pointer|
|network_top_params_struct_ap_fixed_ap_fixed_ap_int_ap_int_32_weights3_334                       |  out|   22|      ap_vld|                network_top_params_struct_ap_fixed_ap_fixed_ap_int_ap_int_32_weights3_334|       pointer|
|network_top_params_struct_ap_fixed_ap_fixed_ap_int_ap_int_32_weights3_334_ap_vld                |  out|    1|      ap_vld|                network_top_params_struct_ap_fixed_ap_fixed_ap_int_ap_int_32_weights3_334|       pointer|
|network_top_params_struct_ap_fixed_ap_fixed_ap_int_ap_int_32_weights3_333                       |  out|   22|      ap_vld|                network_top_params_struct_ap_fixed_ap_fixed_ap_int_ap_int_32_weights3_333|       pointer|
|network_top_params_struct_ap_fixed_ap_fixed_ap_int_ap_int_32_weights3_333_ap_vld                |  out|    1|      ap_vld|                network_top_params_struct_ap_fixed_ap_fixed_ap_int_ap_int_32_weights3_333|       pointer|
|network_top_params_struct_ap_fixed_ap_fixed_ap_int_ap_int_32_weights3_332                       |  out|   22|      ap_vld|                network_top_params_struct_ap_fixed_ap_fixed_ap_int_ap_int_32_weights3_332|       pointer|
|network_top_params_struct_ap_fixed_ap_fixed_ap_int_ap_int_32_weights3_332_ap_vld                |  out|    1|      ap_vld|                network_top_params_struct_ap_fixed_ap_fixed_ap_int_ap_int_32_weights3_332|       pointer|
|network_top_params_struct_ap_fixed_ap_fixed_ap_int_ap_int_32_weights3_331                       |  out|   22|      ap_vld|                network_top_params_struct_ap_fixed_ap_fixed_ap_int_ap_int_32_weights3_331|       pointer|
|network_top_params_struct_ap_fixed_ap_fixed_ap_int_ap_int_32_weights3_331_ap_vld                |  out|    1|      ap_vld|                network_top_params_struct_ap_fixed_ap_fixed_ap_int_ap_int_32_weights3_331|       pointer|
|network_top_params_struct_ap_fixed_ap_fixed_ap_int_ap_int_32_weights3_330                       |  out|   22|      ap_vld|                network_top_params_struct_ap_fixed_ap_fixed_ap_int_ap_int_32_weights3_330|       pointer|
|network_top_params_struct_ap_fixed_ap_fixed_ap_int_ap_int_32_weights3_330_ap_vld                |  out|    1|      ap_vld|                network_top_params_struct_ap_fixed_ap_fixed_ap_int_ap_int_32_weights3_330|       pointer|
|network_top_params_struct_ap_fixed_ap_fixed_ap_int_ap_int_32_weights3_328                       |  out|   22|      ap_vld|                network_top_params_struct_ap_fixed_ap_fixed_ap_int_ap_int_32_weights3_328|       pointer|
|network_top_params_struct_ap_fixed_ap_fixed_ap_int_ap_int_32_weights3_328_ap_vld                |  out|    1|      ap_vld|                network_top_params_struct_ap_fixed_ap_fixed_ap_int_ap_int_32_weights3_328|       pointer|
|network_top_params_struct_ap_fixed_ap_fixed_ap_int_ap_int_32_weights3_327                       |  out|   22|      ap_vld|                network_top_params_struct_ap_fixed_ap_fixed_ap_int_ap_int_32_weights3_327|       pointer|
|network_top_params_struct_ap_fixed_ap_fixed_ap_int_ap_int_32_weights3_327_ap_vld                |  out|    1|      ap_vld|                network_top_params_struct_ap_fixed_ap_fixed_ap_int_ap_int_32_weights3_327|       pointer|
|network_top_params_struct_ap_fixed_ap_fixed_ap_int_ap_int_32_weights3_326                       |  out|   22|      ap_vld|                network_top_params_struct_ap_fixed_ap_fixed_ap_int_ap_int_32_weights3_326|       pointer|
|network_top_params_struct_ap_fixed_ap_fixed_ap_int_ap_int_32_weights3_326_ap_vld                |  out|    1|      ap_vld|                network_top_params_struct_ap_fixed_ap_fixed_ap_int_ap_int_32_weights3_326|       pointer|
|network_top_params_struct_ap_fixed_ap_fixed_ap_int_ap_int_32_weights3_325                       |  out|   22|      ap_vld|                network_top_params_struct_ap_fixed_ap_fixed_ap_int_ap_int_32_weights3_325|       pointer|
|network_top_params_struct_ap_fixed_ap_fixed_ap_int_ap_int_32_weights3_325_ap_vld                |  out|    1|      ap_vld|                network_top_params_struct_ap_fixed_ap_fixed_ap_int_ap_int_32_weights3_325|       pointer|
|network_top_params_struct_ap_fixed_ap_fixed_ap_int_ap_int_32_weights3_324                       |  out|   22|      ap_vld|                network_top_params_struct_ap_fixed_ap_fixed_ap_int_ap_int_32_weights3_324|       pointer|
|network_top_params_struct_ap_fixed_ap_fixed_ap_int_ap_int_32_weights3_324_ap_vld                |  out|    1|      ap_vld|                network_top_params_struct_ap_fixed_ap_fixed_ap_int_ap_int_32_weights3_324|       pointer|
|network_top_params_struct_ap_fixed_ap_fixed_ap_int_ap_int_32_weights3_323                       |  out|   22|      ap_vld|                network_top_params_struct_ap_fixed_ap_fixed_ap_int_ap_int_32_weights3_323|       pointer|
|network_top_params_struct_ap_fixed_ap_fixed_ap_int_ap_int_32_weights3_323_ap_vld                |  out|    1|      ap_vld|                network_top_params_struct_ap_fixed_ap_fixed_ap_int_ap_int_32_weights3_323|       pointer|
|network_top_params_struct_ap_fixed_ap_fixed_ap_int_ap_int_32_weights3_322                       |  out|   22|      ap_vld|                network_top_params_struct_ap_fixed_ap_fixed_ap_int_ap_int_32_weights3_322|       pointer|
|network_top_params_struct_ap_fixed_ap_fixed_ap_int_ap_int_32_weights3_322_ap_vld                |  out|    1|      ap_vld|                network_top_params_struct_ap_fixed_ap_fixed_ap_int_ap_int_32_weights3_322|       pointer|
|network_top_params_struct_ap_fixed_ap_fixed_ap_int_ap_int_32_weights3_321                       |  out|   22|      ap_vld|                network_top_params_struct_ap_fixed_ap_fixed_ap_int_ap_int_32_weights3_321|       pointer|
|network_top_params_struct_ap_fixed_ap_fixed_ap_int_ap_int_32_weights3_321_ap_vld                |  out|    1|      ap_vld|                network_top_params_struct_ap_fixed_ap_fixed_ap_int_ap_int_32_weights3_321|       pointer|
|network_top_params_struct_ap_fixed_ap_fixed_ap_int_ap_int_32_weights3_320                       |  out|   22|      ap_vld|                network_top_params_struct_ap_fixed_ap_fixed_ap_int_ap_int_32_weights3_320|       pointer|
|network_top_params_struct_ap_fixed_ap_fixed_ap_int_ap_int_32_weights3_320_ap_vld                |  out|    1|      ap_vld|                network_top_params_struct_ap_fixed_ap_fixed_ap_int_ap_int_32_weights3_320|       pointer|
|network_top_params_struct_ap_fixed_ap_fixed_ap_int_ap_int_32_weights3_319                       |  out|   22|      ap_vld|                network_top_params_struct_ap_fixed_ap_fixed_ap_int_ap_int_32_weights3_319|       pointer|
|network_top_params_struct_ap_fixed_ap_fixed_ap_int_ap_int_32_weights3_319_ap_vld                |  out|    1|      ap_vld|                network_top_params_struct_ap_fixed_ap_fixed_ap_int_ap_int_32_weights3_319|       pointer|
|network_top_params_struct_ap_fixed_ap_fixed_ap_int_ap_int_32_weights3_317                       |  out|   22|      ap_vld|                network_top_params_struct_ap_fixed_ap_fixed_ap_int_ap_int_32_weights3_317|       pointer|
|network_top_params_struct_ap_fixed_ap_fixed_ap_int_ap_int_32_weights3_317_ap_vld                |  out|    1|      ap_vld|                network_top_params_struct_ap_fixed_ap_fixed_ap_int_ap_int_32_weights3_317|       pointer|
|network_top_params_struct_ap_fixed_ap_fixed_ap_int_ap_int_32_weights3_316                       |  out|   22|      ap_vld|                network_top_params_struct_ap_fixed_ap_fixed_ap_int_ap_int_32_weights3_316|       pointer|
|network_top_params_struct_ap_fixed_ap_fixed_ap_int_ap_int_32_weights3_316_ap_vld                |  out|    1|      ap_vld|                network_top_params_struct_ap_fixed_ap_fixed_ap_int_ap_int_32_weights3_316|       pointer|
|network_top_params_struct_ap_fixed_ap_fixed_ap_int_ap_int_32_weights3_315                       |  out|   22|      ap_vld|                network_top_params_struct_ap_fixed_ap_fixed_ap_int_ap_int_32_weights3_315|       pointer|
|network_top_params_struct_ap_fixed_ap_fixed_ap_int_ap_int_32_weights3_315_ap_vld                |  out|    1|      ap_vld|                network_top_params_struct_ap_fixed_ap_fixed_ap_int_ap_int_32_weights3_315|       pointer|
|network_top_params_struct_ap_fixed_ap_fixed_ap_int_ap_int_32_weights3_314                       |  out|   22|      ap_vld|                network_top_params_struct_ap_fixed_ap_fixed_ap_int_ap_int_32_weights3_314|       pointer|
|network_top_params_struct_ap_fixed_ap_fixed_ap_int_ap_int_32_weights3_314_ap_vld                |  out|    1|      ap_vld|                network_top_params_struct_ap_fixed_ap_fixed_ap_int_ap_int_32_weights3_314|       pointer|
|network_top_params_struct_ap_fixed_ap_fixed_ap_int_ap_int_32_weights3_313                       |  out|   22|      ap_vld|                network_top_params_struct_ap_fixed_ap_fixed_ap_int_ap_int_32_weights3_313|       pointer|
|network_top_params_struct_ap_fixed_ap_fixed_ap_int_ap_int_32_weights3_313_ap_vld                |  out|    1|      ap_vld|                network_top_params_struct_ap_fixed_ap_fixed_ap_int_ap_int_32_weights3_313|       pointer|
|network_top_params_struct_ap_fixed_ap_fixed_ap_int_ap_int_32_weights3_312                       |  out|   22|      ap_vld|                network_top_params_struct_ap_fixed_ap_fixed_ap_int_ap_int_32_weights3_312|       pointer|
|network_top_params_struct_ap_fixed_ap_fixed_ap_int_ap_int_32_weights3_312_ap_vld                |  out|    1|      ap_vld|                network_top_params_struct_ap_fixed_ap_fixed_ap_int_ap_int_32_weights3_312|       pointer|
|network_top_params_struct_ap_fixed_ap_fixed_ap_int_ap_int_32_weights3_311                       |  out|   22|      ap_vld|                network_top_params_struct_ap_fixed_ap_fixed_ap_int_ap_int_32_weights3_311|       pointer|
|network_top_params_struct_ap_fixed_ap_fixed_ap_int_ap_int_32_weights3_311_ap_vld                |  out|    1|      ap_vld|                network_top_params_struct_ap_fixed_ap_fixed_ap_int_ap_int_32_weights3_311|       pointer|
|network_top_params_struct_ap_fixed_ap_fixed_ap_int_ap_int_32_weights3_310                       |  out|   22|      ap_vld|                network_top_params_struct_ap_fixed_ap_fixed_ap_int_ap_int_32_weights3_310|       pointer|
|network_top_params_struct_ap_fixed_ap_fixed_ap_int_ap_int_32_weights3_310_ap_vld                |  out|    1|      ap_vld|                network_top_params_struct_ap_fixed_ap_fixed_ap_int_ap_int_32_weights3_310|       pointer|
|network_top_params_struct_ap_fixed_ap_fixed_ap_int_ap_int_32_weights3_309                       |  out|   22|      ap_vld|                network_top_params_struct_ap_fixed_ap_fixed_ap_int_ap_int_32_weights3_309|       pointer|
|network_top_params_struct_ap_fixed_ap_fixed_ap_int_ap_int_32_weights3_309_ap_vld                |  out|    1|      ap_vld|                network_top_params_struct_ap_fixed_ap_fixed_ap_int_ap_int_32_weights3_309|       pointer|
|network_top_params_struct_ap_fixed_ap_fixed_ap_int_ap_int_32_weights3_308                       |  out|   22|      ap_vld|                network_top_params_struct_ap_fixed_ap_fixed_ap_int_ap_int_32_weights3_308|       pointer|
|network_top_params_struct_ap_fixed_ap_fixed_ap_int_ap_int_32_weights3_308_ap_vld                |  out|    1|      ap_vld|                network_top_params_struct_ap_fixed_ap_fixed_ap_int_ap_int_32_weights3_308|       pointer|
+------------------------------------------------------------------------------------------------+-----+-----+------------+-----------------------------------------------------------------------------------------+--------------+

