

================================================================
== Vitis HLS Report for 'network_top_Pipeline_load_weight1_matrix_inner_loop4'
================================================================
* Date:           Sat Oct 28 11:45:46 2023

* Version:        2023.1 (Build 3854077 on May  4 2023)
* Project:        hardware_accelerator
* Solution:       solution1 (Vivado IP Flow Target)
* Product family: zynquplus
* Target device:  xczu7ev-ffvc1156-2-e


================================================================
== Performance Estimates
================================================================
+ Timing: 
    * Summary: 
    +--------+----------+-----------+------------+
    |  Clock |  Target  | Estimated | Uncertainty|
    +--------+----------+-----------+------------+
    |ap_clk  |  20.00 ns|  14.600 ns|     5.40 ns|
    +--------+----------+-----------+------------+

+ Latency: 
    * Summary: 
    +---------+---------+----------+----------+-----+-----+---------+
    |  Latency (cycles) |  Latency (absolute) |  Interval | Pipeline|
    |   min   |   max   |    min   |    max   | min | max |   Type  |
    +---------+---------+----------+----------+-----+-----+---------+
    |       42|       42|  0.840 us|  0.840 us|   42|   42|       no|
    +---------+---------+----------+----------+-----+-----+---------+

    + Detail: 
        * Instance: 
        N/A

        * Loop: 
        +----------------------------------+---------+---------+----------+-----------+-----------+------+----------+
        |                                  |  Latency (cycles) | Iteration|  Initiation Interval  | Trip |          |
        |             Loop Name            |   min   |   max   |  Latency |  achieved |   target  | Count| Pipelined|
        +----------------------------------+---------+---------+----------+-----------+-----------+------+----------+
        |- load_weight1_matrix_inner_loop  |       40|       40|        10|          1|          1|    32|       yes|
        +----------------------------------+---------+---------+----------+-----------+-----------+------+----------+



================================================================
== Utilization Estimates
================================================================
* Summary: 
+-----------------+---------+------+--------+--------+-----+
|       Name      | BRAM_18K|  DSP |   FF   |   LUT  | URAM|
+-----------------+---------+------+--------+--------+-----+
|DSP              |        -|     -|       -|       -|    -|
|Expression       |        -|     -|       0|     111|    -|
|FIFO             |        -|     -|       -|       -|    -|
|Instance         |        -|     -|       -|       -|    -|
|Memory           |        -|     -|       -|       -|    -|
|Multiplexer      |        -|     -|       -|      54|    -|
|Register         |        -|     -|     158|      32|    -|
+-----------------+---------+------+--------+--------+-----+
|Total            |        0|     0|     158|     197|    0|
+-----------------+---------+------+--------+--------+-----+
|Available        |      624|  1728|  460800|  230400|   96|
+-----------------+---------+------+--------+--------+-----+
|Utilization (%)  |        0|     0|      ~0|      ~0|    0|
+-----------------+---------+------+--------+--------+-----+

+ Detail: 
    * Instance: 
    N/A

    * DSP: 
    N/A

    * Memory: 
    N/A

    * FIFO: 
    N/A

    * Expression: 
    +---------------------------+----------+----+---+----+------------+------------+
    |       Variable Name       | Operation| DSP| FF| LUT| Bitwidth P0| Bitwidth P1|
    +---------------------------+----------+----+---+----+------------+------------+
    |add_ln242_fu_232_p2        |         +|   0|  0|  13|           6|           1|
    |add_ln244_fu_284_p2        |         +|   0|  0|  71|          64|          64|
    |icmp_ln242_fu_226_p2       |      icmp|   0|  0|  14|           6|           7|
    |ap_block_pp0_stage0_11001  |        or|   0|  0|   2|           1|           1|
    |or_ln244_fu_266_p2         |        or|   0|  0|   9|           9|           6|
    |ap_enable_pp0              |       xor|   0|  0|   2|           1|           2|
    +---------------------------+----------+----+---+----+------------+------------+
    |Total                      |          |   0|  0| 111|          87|          81|
    +---------------------------+----------+----+---+----+------------+------------+

    * Multiplexer: 
    +-------------------------+----+-----------+-----+-----------+
    |           Name          | LUT| Input Size| Bits| Total Bits|
    +-------------------------+----+-----------+-----+-----------+
    |ap_done_int              |   9|          2|    1|          2|
    |ap_enable_reg_pp0_iter1  |   9|          2|    1|          2|
    |ap_sig_allocacmp_c       |   9|          2|    6|         12|
    |c_4_fu_196               |   9|          2|    6|         12|
    |gmem_blk_n_AR            |   9|          2|    1|          2|
    |gmem_blk_n_R             |   9|          2|    1|          2|
    +-------------------------+----+-----------+-----+-----------+
    |Total                    |  54|         12|   16|         32|
    +-------------------------+----+-----------+-----+-----------+

    * Register: 
    +----------------------------------+----+----+-----+-----------+
    |               Name               | FF | LUT| Bits| Const Bits|
    +----------------------------------+----+----+-----+-----------+
    |ap_CS_fsm                         |   1|   0|    1|          0|
    |ap_done_reg                       |   1|   0|    1|          0|
    |ap_enable_reg_pp0_iter1           |   1|   0|    1|          0|
    |ap_enable_reg_pp0_iter2           |   1|   0|    1|          0|
    |ap_enable_reg_pp0_iter3           |   1|   0|    1|          0|
    |ap_enable_reg_pp0_iter4           |   1|   0|    1|          0|
    |ap_enable_reg_pp0_iter5           |   1|   0|    1|          0|
    |ap_enable_reg_pp0_iter6           |   1|   0|    1|          0|
    |ap_enable_reg_pp0_iter7           |   1|   0|    1|          0|
    |ap_enable_reg_pp0_iter8           |   1|   0|    1|          0|
    |ap_enable_reg_pp0_iter9           |   1|   0|    1|          0|
    |ap_loop_exit_ready_pp0_iter1_reg  |   1|   0|    1|          0|
    |ap_loop_exit_ready_pp0_iter2_reg  |   1|   0|    1|          0|
    |ap_loop_exit_ready_pp0_iter3_reg  |   1|   0|    1|          0|
    |ap_loop_exit_ready_pp0_iter4_reg  |   1|   0|    1|          0|
    |ap_loop_exit_ready_pp0_iter5_reg  |   1|   0|    1|          0|
    |ap_loop_exit_ready_pp0_iter6_reg  |   1|   0|    1|          0|
    |ap_loop_exit_ready_pp0_iter7_reg  |   1|   0|    1|          0|
    |ap_loop_exit_ready_pp0_iter8_reg  |   1|   0|    1|          0|
    |c_4_fu_196                        |   6|   0|    6|          0|
    |gmem_addr_reg_526                 |  64|   0|   64|          0|
    |trunc_ln242_reg_522               |   5|   0|    5|          0|
    |trunc_ln242_reg_522               |  64|  32|    5|          0|
    +----------------------------------+----+----+-----+-----------+
    |Total                             | 158|  32|   99|          0|
    +----------------------------------+----+----+-----+-----------+



================================================================
== Interface
================================================================
* Summary: 
+-----------------------------------------------------------------------------------------------+-----+-----+------------+----------------------------------------------------------------------------------------+--------------+
|                                           RTL Ports                                           | Dir | Bits|  Protocol  |                                      Source Object                                     |    C Type    |
+-----------------------------------------------------------------------------------------------+-----+-----+------------+----------------------------------------------------------------------------------------+--------------+
|ap_clk                                                                                         |   in|    1|  ap_ctrl_hs|                                    network_top_Pipeline_load_weight1_matrix_inner_loop4|  return value|
|ap_rst                                                                                         |   in|    1|  ap_ctrl_hs|                                    network_top_Pipeline_load_weight1_matrix_inner_loop4|  return value|
|ap_start                                                                                       |   in|    1|  ap_ctrl_hs|                                    network_top_Pipeline_load_weight1_matrix_inner_loop4|  return value|
|ap_done                                                                                        |  out|    1|  ap_ctrl_hs|                                    network_top_Pipeline_load_weight1_matrix_inner_loop4|  return value|
|ap_idle                                                                                        |  out|    1|  ap_ctrl_hs|                                    network_top_Pipeline_load_weight1_matrix_inner_loop4|  return value|
|ap_ready                                                                                       |  out|    1|  ap_ctrl_hs|                                    network_top_Pipeline_load_weight1_matrix_inner_loop4|  return value|
|m_axi_gmem_AWVALID                                                                             |  out|    1|       m_axi|                                                                                    gmem|       pointer|
|m_axi_gmem_AWREADY                                                                             |   in|    1|       m_axi|                                                                                    gmem|       pointer|
|m_axi_gmem_AWADDR                                                                              |  out|   64|       m_axi|                                                                                    gmem|       pointer|
|m_axi_gmem_AWID                                                                                |  out|    1|       m_axi|                                                                                    gmem|       pointer|
|m_axi_gmem_AWLEN                                                                               |  out|   32|       m_axi|                                                                                    gmem|       pointer|
|m_axi_gmem_AWSIZE                                                                              |  out|    3|       m_axi|                                                                                    gmem|       pointer|
|m_axi_gmem_AWBURST                                                                             |  out|    2|       m_axi|                                                                                    gmem|       pointer|
|m_axi_gmem_AWLOCK                                                                              |  out|    2|       m_axi|                                                                                    gmem|       pointer|
|m_axi_gmem_AWCACHE                                                                             |  out|    4|       m_axi|                                                                                    gmem|       pointer|
|m_axi_gmem_AWPROT                                                                              |  out|    3|       m_axi|                                                                                    gmem|       pointer|
|m_axi_gmem_AWQOS                                                                               |  out|    4|       m_axi|                                                                                    gmem|       pointer|
|m_axi_gmem_AWREGION                                                                            |  out|    4|       m_axi|                                                                                    gmem|       pointer|
|m_axi_gmem_AWUSER                                                                              |  out|    1|       m_axi|                                                                                    gmem|       pointer|
|m_axi_gmem_WVALID                                                                              |  out|    1|       m_axi|                                                                                    gmem|       pointer|
|m_axi_gmem_WREADY                                                                              |   in|    1|       m_axi|                                                                                    gmem|       pointer|
|m_axi_gmem_WDATA                                                                               |  out|   16|       m_axi|                                                                                    gmem|       pointer|
|m_axi_gmem_WSTRB                                                                               |  out|    2|       m_axi|                                                                                    gmem|       pointer|
|m_axi_gmem_WLAST                                                                               |  out|    1|       m_axi|                                                                                    gmem|       pointer|
|m_axi_gmem_WID                                                                                 |  out|    1|       m_axi|                                                                                    gmem|       pointer|
|m_axi_gmem_WUSER                                                                               |  out|    1|       m_axi|                                                                                    gmem|       pointer|
|m_axi_gmem_ARVALID                                                                             |  out|    1|       m_axi|                                                                                    gmem|       pointer|
|m_axi_gmem_ARREADY                                                                             |   in|    1|       m_axi|                                                                                    gmem|       pointer|
|m_axi_gmem_ARADDR                                                                              |  out|   64|       m_axi|                                                                                    gmem|       pointer|
|m_axi_gmem_ARID                                                                                |  out|    1|       m_axi|                                                                                    gmem|       pointer|
|m_axi_gmem_ARLEN                                                                               |  out|   32|       m_axi|                                                                                    gmem|       pointer|
|m_axi_gmem_ARSIZE                                                                              |  out|    3|       m_axi|                                                                                    gmem|       pointer|
|m_axi_gmem_ARBURST                                                                             |  out|    2|       m_axi|                                                                                    gmem|       pointer|
|m_axi_gmem_ARLOCK                                                                              |  out|    2|       m_axi|                                                                                    gmem|       pointer|
|m_axi_gmem_ARCACHE                                                                             |  out|    4|       m_axi|                                                                                    gmem|       pointer|
|m_axi_gmem_ARPROT                                                                              |  out|    3|       m_axi|                                                                                    gmem|       pointer|
|m_axi_gmem_ARQOS                                                                               |  out|    4|       m_axi|                                                                                    gmem|       pointer|
|m_axi_gmem_ARREGION                                                                            |  out|    4|       m_axi|                                                                                    gmem|       pointer|
|m_axi_gmem_ARUSER                                                                              |  out|    1|       m_axi|                                                                                    gmem|       pointer|
|m_axi_gmem_RVALID                                                                              |   in|    1|       m_axi|                                                                                    gmem|       pointer|
|m_axi_gmem_RREADY                                                                              |  out|    1|       m_axi|                                                                                    gmem|       pointer|
|m_axi_gmem_RDATA                                                                               |   in|   16|       m_axi|                                                                                    gmem|       pointer|
|m_axi_gmem_RLAST                                                                               |   in|    1|       m_axi|                                                                                    gmem|       pointer|
|m_axi_gmem_RID                                                                                 |   in|    1|       m_axi|                                                                                    gmem|       pointer|
|m_axi_gmem_RFIFONUM                                                                            |   in|   10|       m_axi|                                                                                    gmem|       pointer|
|m_axi_gmem_RUSER                                                                               |   in|    1|       m_axi|                                                                                    gmem|       pointer|
|m_axi_gmem_RRESP                                                                               |   in|    2|       m_axi|                                                                                    gmem|       pointer|
|m_axi_gmem_BVALID                                                                              |   in|    1|       m_axi|                                                                                    gmem|       pointer|
|m_axi_gmem_BREADY                                                                              |  out|    1|       m_axi|                                                                                    gmem|       pointer|
|m_axi_gmem_BRESP                                                                               |   in|    2|       m_axi|                                                                                    gmem|       pointer|
|m_axi_gmem_BID                                                                                 |   in|    1|       m_axi|                                                                                    gmem|       pointer|
|m_axi_gmem_BUSER                                                                               |   in|    1|       m_axi|                                                                                    gmem|       pointer|
|myparams                                                                                       |   in|   64|     ap_none|                                                                                myparams|        scalar|
|p_ZZ11network_topP13params_structP8ap_fixedILi12ELi2EL9ap_q_mode0EL9ap_o_mode3ELi_2935         |  out|   12|      ap_vld|  p_ZZ11network_topP13params_structP8ap_fixedILi12ELi2EL9ap_q_mode0EL9ap_o_mode3ELi_2935|       pointer|
|p_ZZ11network_topP13params_structP8ap_fixedILi12ELi2EL9ap_q_mode0EL9ap_o_mode3ELi_2935_ap_vld  |  out|    1|      ap_vld|  p_ZZ11network_topP13params_structP8ap_fixedILi12ELi2EL9ap_q_mode0EL9ap_o_mode3ELi_2935|       pointer|
|p_ZZ11network_topP13params_structP8ap_fixedILi12ELi2EL9ap_q_mode0EL9ap_o_mode3ELi_2936         |  out|   12|      ap_vld|  p_ZZ11network_topP13params_structP8ap_fixedILi12ELi2EL9ap_q_mode0EL9ap_o_mode3ELi_2936|       pointer|
|p_ZZ11network_topP13params_structP8ap_fixedILi12ELi2EL9ap_q_mode0EL9ap_o_mode3ELi_2936_ap_vld  |  out|    1|      ap_vld|  p_ZZ11network_topP13params_structP8ap_fixedILi12ELi2EL9ap_q_mode0EL9ap_o_mode3ELi_2936|       pointer|
|p_ZZ11network_topP13params_structP8ap_fixedILi12ELi2EL9ap_q_mode0EL9ap_o_mode3ELi_2949         |  out|   12|      ap_vld|  p_ZZ11network_topP13params_structP8ap_fixedILi12ELi2EL9ap_q_mode0EL9ap_o_mode3ELi_2949|       pointer|
|p_ZZ11network_topP13params_structP8ap_fixedILi12ELi2EL9ap_q_mode0EL9ap_o_mode3ELi_2949_ap_vld  |  out|    1|      ap_vld|  p_ZZ11network_topP13params_structP8ap_fixedILi12ELi2EL9ap_q_mode0EL9ap_o_mode3ELi_2949|       pointer|
|p_ZZ11network_topP13params_structP8ap_fixedILi12ELi2EL9ap_q_mode0EL9ap_o_mode3ELi_2961         |  out|   12|      ap_vld|  p_ZZ11network_topP13params_structP8ap_fixedILi12ELi2EL9ap_q_mode0EL9ap_o_mode3ELi_2961|       pointer|
|p_ZZ11network_topP13params_structP8ap_fixedILi12ELi2EL9ap_q_mode0EL9ap_o_mode3ELi_2961_ap_vld  |  out|    1|      ap_vld|  p_ZZ11network_topP13params_structP8ap_fixedILi12ELi2EL9ap_q_mode0EL9ap_o_mode3ELi_2961|       pointer|
|p_ZZ11network_topP13params_structP8ap_fixedILi12ELi2EL9ap_q_mode0EL9ap_o_mode3ELi_2964         |  out|   12|      ap_vld|  p_ZZ11network_topP13params_structP8ap_fixedILi12ELi2EL9ap_q_mode0EL9ap_o_mode3ELi_2964|       pointer|
|p_ZZ11network_topP13params_structP8ap_fixedILi12ELi2EL9ap_q_mode0EL9ap_o_mode3ELi_2964_ap_vld  |  out|    1|      ap_vld|  p_ZZ11network_topP13params_structP8ap_fixedILi12ELi2EL9ap_q_mode0EL9ap_o_mode3ELi_2964|       pointer|
|p_ZZ11network_topP13params_structP8ap_fixedILi12ELi2EL9ap_q_mode0EL9ap_o_mode3ELi_2965         |  out|   12|      ap_vld|  p_ZZ11network_topP13params_structP8ap_fixedILi12ELi2EL9ap_q_mode0EL9ap_o_mode3ELi_2965|       pointer|
|p_ZZ11network_topP13params_structP8ap_fixedILi12ELi2EL9ap_q_mode0EL9ap_o_mode3ELi_2965_ap_vld  |  out|    1|      ap_vld|  p_ZZ11network_topP13params_structP8ap_fixedILi12ELi2EL9ap_q_mode0EL9ap_o_mode3ELi_2965|       pointer|
|p_ZZ11network_topP13params_structP8ap_fixedILi12ELi2EL9ap_q_mode0EL9ap_o_mode3ELi_2966         |  out|   12|      ap_vld|  p_ZZ11network_topP13params_structP8ap_fixedILi12ELi2EL9ap_q_mode0EL9ap_o_mode3ELi_2966|       pointer|
|p_ZZ11network_topP13params_structP8ap_fixedILi12ELi2EL9ap_q_mode0EL9ap_o_mode3ELi_2966_ap_vld  |  out|    1|      ap_vld|  p_ZZ11network_topP13params_structP8ap_fixedILi12ELi2EL9ap_q_mode0EL9ap_o_mode3ELi_2966|       pointer|
|p_ZZ11network_topP13params_structP8ap_fixedILi12ELi2EL9ap_q_mode0EL9ap_o_mode3ELi_2967         |  out|   12|      ap_vld|  p_ZZ11network_topP13params_structP8ap_fixedILi12ELi2EL9ap_q_mode0EL9ap_o_mode3ELi_2967|       pointer|
|p_ZZ11network_topP13params_structP8ap_fixedILi12ELi2EL9ap_q_mode0EL9ap_o_mode3ELi_2967_ap_vld  |  out|    1|      ap_vld|  p_ZZ11network_topP13params_structP8ap_fixedILi12ELi2EL9ap_q_mode0EL9ap_o_mode3ELi_2967|       pointer|
|p_ZZ11network_topP13params_structP8ap_fixedILi12ELi2EL9ap_q_mode0EL9ap_o_mode3ELi_2968         |  out|   12|      ap_vld|  p_ZZ11network_topP13params_structP8ap_fixedILi12ELi2EL9ap_q_mode0EL9ap_o_mode3ELi_2968|       pointer|
|p_ZZ11network_topP13params_structP8ap_fixedILi12ELi2EL9ap_q_mode0EL9ap_o_mode3ELi_2968_ap_vld  |  out|    1|      ap_vld|  p_ZZ11network_topP13params_structP8ap_fixedILi12ELi2EL9ap_q_mode0EL9ap_o_mode3ELi_2968|       pointer|
|p_ZZ11network_topP13params_structP8ap_fixedILi12ELi2EL9ap_q_mode0EL9ap_o_mode3ELi_2969         |  out|   12|      ap_vld|  p_ZZ11network_topP13params_structP8ap_fixedILi12ELi2EL9ap_q_mode0EL9ap_o_mode3ELi_2969|       pointer|
|p_ZZ11network_topP13params_structP8ap_fixedILi12ELi2EL9ap_q_mode0EL9ap_o_mode3ELi_2969_ap_vld  |  out|    1|      ap_vld|  p_ZZ11network_topP13params_structP8ap_fixedILi12ELi2EL9ap_q_mode0EL9ap_o_mode3ELi_2969|       pointer|
|p_ZZ11network_topP13params_structP8ap_fixedILi12ELi2EL9ap_q_mode0EL9ap_o_mode3ELi_2938         |  out|   12|      ap_vld|  p_ZZ11network_topP13params_structP8ap_fixedILi12ELi2EL9ap_q_mode0EL9ap_o_mode3ELi_2938|       pointer|
|p_ZZ11network_topP13params_structP8ap_fixedILi12ELi2EL9ap_q_mode0EL9ap_o_mode3ELi_2938_ap_vld  |  out|    1|      ap_vld|  p_ZZ11network_topP13params_structP8ap_fixedILi12ELi2EL9ap_q_mode0EL9ap_o_mode3ELi_2938|       pointer|
|p_ZZ11network_topP13params_structP8ap_fixedILi12ELi2EL9ap_q_mode0EL9ap_o_mode3ELi_2939         |  out|   12|      ap_vld|  p_ZZ11network_topP13params_structP8ap_fixedILi12ELi2EL9ap_q_mode0EL9ap_o_mode3ELi_2939|       pointer|
|p_ZZ11network_topP13params_structP8ap_fixedILi12ELi2EL9ap_q_mode0EL9ap_o_mode3ELi_2939_ap_vld  |  out|    1|      ap_vld|  p_ZZ11network_topP13params_structP8ap_fixedILi12ELi2EL9ap_q_mode0EL9ap_o_mode3ELi_2939|       pointer|
|p_ZZ11network_topP13params_structP8ap_fixedILi12ELi2EL9ap_q_mode0EL9ap_o_mode3ELi_2940         |  out|   12|      ap_vld|  p_ZZ11network_topP13params_structP8ap_fixedILi12ELi2EL9ap_q_mode0EL9ap_o_mode3ELi_2940|       pointer|
|p_ZZ11network_topP13params_structP8ap_fixedILi12ELi2EL9ap_q_mode0EL9ap_o_mode3ELi_2940_ap_vld  |  out|    1|      ap_vld|  p_ZZ11network_topP13params_structP8ap_fixedILi12ELi2EL9ap_q_mode0EL9ap_o_mode3ELi_2940|       pointer|
|p_ZZ11network_topP13params_structP8ap_fixedILi12ELi2EL9ap_q_mode0EL9ap_o_mode3ELi_2941         |  out|   12|      ap_vld|  p_ZZ11network_topP13params_structP8ap_fixedILi12ELi2EL9ap_q_mode0EL9ap_o_mode3ELi_2941|       pointer|
|p_ZZ11network_topP13params_structP8ap_fixedILi12ELi2EL9ap_q_mode0EL9ap_o_mode3ELi_2941_ap_vld  |  out|    1|      ap_vld|  p_ZZ11network_topP13params_structP8ap_fixedILi12ELi2EL9ap_q_mode0EL9ap_o_mode3ELi_2941|       pointer|
|p_ZZ11network_topP13params_structP8ap_fixedILi12ELi2EL9ap_q_mode0EL9ap_o_mode3ELi_2942         |  out|   12|      ap_vld|  p_ZZ11network_topP13params_structP8ap_fixedILi12ELi2EL9ap_q_mode0EL9ap_o_mode3ELi_2942|       pointer|
|p_ZZ11network_topP13params_structP8ap_fixedILi12ELi2EL9ap_q_mode0EL9ap_o_mode3ELi_2942_ap_vld  |  out|    1|      ap_vld|  p_ZZ11network_topP13params_structP8ap_fixedILi12ELi2EL9ap_q_mode0EL9ap_o_mode3ELi_2942|       pointer|
|p_ZZ11network_topP13params_structP8ap_fixedILi12ELi2EL9ap_q_mode0EL9ap_o_mode3ELi_2943         |  out|   12|      ap_vld|  p_ZZ11network_topP13params_structP8ap_fixedILi12ELi2EL9ap_q_mode0EL9ap_o_mode3ELi_2943|       pointer|
|p_ZZ11network_topP13params_structP8ap_fixedILi12ELi2EL9ap_q_mode0EL9ap_o_mode3ELi_2943_ap_vld  |  out|    1|      ap_vld|  p_ZZ11network_topP13params_structP8ap_fixedILi12ELi2EL9ap_q_mode0EL9ap_o_mode3ELi_2943|       pointer|
|p_ZZ11network_topP13params_structP8ap_fixedILi12ELi2EL9ap_q_mode0EL9ap_o_mode3ELi_2944         |  out|   12|      ap_vld|  p_ZZ11network_topP13params_structP8ap_fixedILi12ELi2EL9ap_q_mode0EL9ap_o_mode3ELi_2944|       pointer|
|p_ZZ11network_topP13params_structP8ap_fixedILi12ELi2EL9ap_q_mode0EL9ap_o_mode3ELi_2944_ap_vld  |  out|    1|      ap_vld|  p_ZZ11network_topP13params_structP8ap_fixedILi12ELi2EL9ap_q_mode0EL9ap_o_mode3ELi_2944|       pointer|
|p_ZZ11network_topP13params_structP8ap_fixedILi12ELi2EL9ap_q_mode0EL9ap_o_mode3ELi_2945         |  out|   12|      ap_vld|  p_ZZ11network_topP13params_structP8ap_fixedILi12ELi2EL9ap_q_mode0EL9ap_o_mode3ELi_2945|       pointer|
|p_ZZ11network_topP13params_structP8ap_fixedILi12ELi2EL9ap_q_mode0EL9ap_o_mode3ELi_2945_ap_vld  |  out|    1|      ap_vld|  p_ZZ11network_topP13params_structP8ap_fixedILi12ELi2EL9ap_q_mode0EL9ap_o_mode3ELi_2945|       pointer|
|p_ZZ11network_topP13params_structP8ap_fixedILi12ELi2EL9ap_q_mode0EL9ap_o_mode3ELi_2946         |  out|   12|      ap_vld|  p_ZZ11network_topP13params_structP8ap_fixedILi12ELi2EL9ap_q_mode0EL9ap_o_mode3ELi_2946|       pointer|
|p_ZZ11network_topP13params_structP8ap_fixedILi12ELi2EL9ap_q_mode0EL9ap_o_mode3ELi_2946_ap_vld  |  out|    1|      ap_vld|  p_ZZ11network_topP13params_structP8ap_fixedILi12ELi2EL9ap_q_mode0EL9ap_o_mode3ELi_2946|       pointer|
|p_ZZ11network_topP13params_structP8ap_fixedILi12ELi2EL9ap_q_mode0EL9ap_o_mode3ELi_2947         |  out|   12|      ap_vld|  p_ZZ11network_topP13params_structP8ap_fixedILi12ELi2EL9ap_q_mode0EL9ap_o_mode3ELi_2947|       pointer|
|p_ZZ11network_topP13params_structP8ap_fixedILi12ELi2EL9ap_q_mode0EL9ap_o_mode3ELi_2947_ap_vld  |  out|    1|      ap_vld|  p_ZZ11network_topP13params_structP8ap_fixedILi12ELi2EL9ap_q_mode0EL9ap_o_mode3ELi_2947|       pointer|
|p_ZZ11network_topP13params_structP8ap_fixedILi12ELi2EL9ap_q_mode0EL9ap_o_mode3ELi_2950         |  out|   12|      ap_vld|  p_ZZ11network_topP13params_structP8ap_fixedILi12ELi2EL9ap_q_mode0EL9ap_o_mode3ELi_2950|       pointer|
|p_ZZ11network_topP13params_structP8ap_fixedILi12ELi2EL9ap_q_mode0EL9ap_o_mode3ELi_2950_ap_vld  |  out|    1|      ap_vld|  p_ZZ11network_topP13params_structP8ap_fixedILi12ELi2EL9ap_q_mode0EL9ap_o_mode3ELi_2950|       pointer|
|p_ZZ11network_topP13params_structP8ap_fixedILi12ELi2EL9ap_q_mode0EL9ap_o_mode3ELi_2951         |  out|   12|      ap_vld|  p_ZZ11network_topP13params_structP8ap_fixedILi12ELi2EL9ap_q_mode0EL9ap_o_mode3ELi_2951|       pointer|
|p_ZZ11network_topP13params_structP8ap_fixedILi12ELi2EL9ap_q_mode0EL9ap_o_mode3ELi_2951_ap_vld  |  out|    1|      ap_vld|  p_ZZ11network_topP13params_structP8ap_fixedILi12ELi2EL9ap_q_mode0EL9ap_o_mode3ELi_2951|       pointer|
|p_ZZ11network_topP13params_structP8ap_fixedILi12ELi2EL9ap_q_mode0EL9ap_o_mode3ELi_2952         |  out|   12|      ap_vld|  p_ZZ11network_topP13params_structP8ap_fixedILi12ELi2EL9ap_q_mode0EL9ap_o_mode3ELi_2952|       pointer|
|p_ZZ11network_topP13params_structP8ap_fixedILi12ELi2EL9ap_q_mode0EL9ap_o_mode3ELi_2952_ap_vld  |  out|    1|      ap_vld|  p_ZZ11network_topP13params_structP8ap_fixedILi12ELi2EL9ap_q_mode0EL9ap_o_mode3ELi_2952|       pointer|
|p_ZZ11network_topP13params_structP8ap_fixedILi12ELi2EL9ap_q_mode0EL9ap_o_mode3ELi_2953         |  out|   12|      ap_vld|  p_ZZ11network_topP13params_structP8ap_fixedILi12ELi2EL9ap_q_mode0EL9ap_o_mode3ELi_2953|       pointer|
|p_ZZ11network_topP13params_structP8ap_fixedILi12ELi2EL9ap_q_mode0EL9ap_o_mode3ELi_2953_ap_vld  |  out|    1|      ap_vld|  p_ZZ11network_topP13params_structP8ap_fixedILi12ELi2EL9ap_q_mode0EL9ap_o_mode3ELi_2953|       pointer|
|p_ZZ11network_topP13params_structP8ap_fixedILi12ELi2EL9ap_q_mode0EL9ap_o_mode3ELi_2954         |  out|   12|      ap_vld|  p_ZZ11network_topP13params_structP8ap_fixedILi12ELi2EL9ap_q_mode0EL9ap_o_mode3ELi_2954|       pointer|
|p_ZZ11network_topP13params_structP8ap_fixedILi12ELi2EL9ap_q_mode0EL9ap_o_mode3ELi_2954_ap_vld  |  out|    1|      ap_vld|  p_ZZ11network_topP13params_structP8ap_fixedILi12ELi2EL9ap_q_mode0EL9ap_o_mode3ELi_2954|       pointer|
|p_ZZ11network_topP13params_structP8ap_fixedILi12ELi2EL9ap_q_mode0EL9ap_o_mode3ELi_2955         |  out|   12|      ap_vld|  p_ZZ11network_topP13params_structP8ap_fixedILi12ELi2EL9ap_q_mode0EL9ap_o_mode3ELi_2955|       pointer|
|p_ZZ11network_topP13params_structP8ap_fixedILi12ELi2EL9ap_q_mode0EL9ap_o_mode3ELi_2955_ap_vld  |  out|    1|      ap_vld|  p_ZZ11network_topP13params_structP8ap_fixedILi12ELi2EL9ap_q_mode0EL9ap_o_mode3ELi_2955|       pointer|
|p_ZZ11network_topP13params_structP8ap_fixedILi12ELi2EL9ap_q_mode0EL9ap_o_mode3ELi_2956         |  out|   12|      ap_vld|  p_ZZ11network_topP13params_structP8ap_fixedILi12ELi2EL9ap_q_mode0EL9ap_o_mode3ELi_2956|       pointer|
|p_ZZ11network_topP13params_structP8ap_fixedILi12ELi2EL9ap_q_mode0EL9ap_o_mode3ELi_2956_ap_vld  |  out|    1|      ap_vld|  p_ZZ11network_topP13params_structP8ap_fixedILi12ELi2EL9ap_q_mode0EL9ap_o_mode3ELi_2956|       pointer|
|p_ZZ11network_topP13params_structP8ap_fixedILi12ELi2EL9ap_q_mode0EL9ap_o_mode3ELi_2957         |  out|   12|      ap_vld|  p_ZZ11network_topP13params_structP8ap_fixedILi12ELi2EL9ap_q_mode0EL9ap_o_mode3ELi_2957|       pointer|
|p_ZZ11network_topP13params_structP8ap_fixedILi12ELi2EL9ap_q_mode0EL9ap_o_mode3ELi_2957_ap_vld  |  out|    1|      ap_vld|  p_ZZ11network_topP13params_structP8ap_fixedILi12ELi2EL9ap_q_mode0EL9ap_o_mode3ELi_2957|       pointer|
|p_ZZ11network_topP13params_structP8ap_fixedILi12ELi2EL9ap_q_mode0EL9ap_o_mode3ELi_2958         |  out|   12|      ap_vld|  p_ZZ11network_topP13params_structP8ap_fixedILi12ELi2EL9ap_q_mode0EL9ap_o_mode3ELi_2958|       pointer|
|p_ZZ11network_topP13params_structP8ap_fixedILi12ELi2EL9ap_q_mode0EL9ap_o_mode3ELi_2958_ap_vld  |  out|    1|      ap_vld|  p_ZZ11network_topP13params_structP8ap_fixedILi12ELi2EL9ap_q_mode0EL9ap_o_mode3ELi_2958|       pointer|
|p_ZZ11network_topP13params_structP8ap_fixedILi12ELi2EL9ap_q_mode0EL9ap_o_mode3ELi_2960         |  out|   12|      ap_vld|  p_ZZ11network_topP13params_structP8ap_fixedILi12ELi2EL9ap_q_mode0EL9ap_o_mode3ELi_2960|       pointer|
|p_ZZ11network_topP13params_structP8ap_fixedILi12ELi2EL9ap_q_mode0EL9ap_o_mode3ELi_2960_ap_vld  |  out|    1|      ap_vld|  p_ZZ11network_topP13params_structP8ap_fixedILi12ELi2EL9ap_q_mode0EL9ap_o_mode3ELi_2960|       pointer|
|p_ZZ11network_topP13params_structP8ap_fixedILi12ELi2EL9ap_q_mode0EL9ap_o_mode3ELi_2962         |  out|   12|      ap_vld|  p_ZZ11network_topP13params_structP8ap_fixedILi12ELi2EL9ap_q_mode0EL9ap_o_mode3ELi_2962|       pointer|
|p_ZZ11network_topP13params_structP8ap_fixedILi12ELi2EL9ap_q_mode0EL9ap_o_mode3ELi_2962_ap_vld  |  out|    1|      ap_vld|  p_ZZ11network_topP13params_structP8ap_fixedILi12ELi2EL9ap_q_mode0EL9ap_o_mode3ELi_2962|       pointer|
|p_ZZ11network_topP13params_structP8ap_fixedILi12ELi2EL9ap_q_mode0EL9ap_o_mode3ELi_2963         |  out|   12|      ap_vld|  p_ZZ11network_topP13params_structP8ap_fixedILi12ELi2EL9ap_q_mode0EL9ap_o_mode3ELi_2963|       pointer|
|p_ZZ11network_topP13params_structP8ap_fixedILi12ELi2EL9ap_q_mode0EL9ap_o_mode3ELi_2963_ap_vld  |  out|    1|      ap_vld|  p_ZZ11network_topP13params_structP8ap_fixedILi12ELi2EL9ap_q_mode0EL9ap_o_mode3ELi_2963|       pointer|
+-----------------------------------------------------------------------------------------------+-----+-----+------------+----------------------------------------------------------------------------------------+--------------+

