

================================================================
== Vitis HLS Report for 'network_top_Pipeline_load_weight3_matrix_inner_loop31'
================================================================
* Date:           Sat Oct 28 11:45:58 2023

* Version:        2023.1 (Build 3854077 on May  4 2023)
* Project:        hardware_accelerator
* Solution:       solution1 (Vivado IP Flow Target)
* Product family: zynquplus
* Target device:  xczu7ev-ffvc1156-2-e


================================================================
== Performance Estimates
================================================================
+ Timing: 
    * Summary: 
    +--------+----------+-----------+------------+
    |  Clock |  Target  | Estimated | Uncertainty|
    +--------+----------+-----------+------------+
    |ap_clk  |  20.00 ns|  14.600 ns|     5.40 ns|
    +--------+----------+-----------+------------+

+ Latency: 
    * Summary: 
    +---------+---------+----------+----------+-----+-----+---------+
    |  Latency (cycles) |  Latency (absolute) |  Interval | Pipeline|
    |   min   |   max   |    min   |    max   | min | max |   Type  |
    +---------+---------+----------+----------+-----+-----+---------+
    |       42|       42|  0.840 us|  0.840 us|   42|   42|       no|
    +---------+---------+----------+----------+-----+-----+---------+

    + Detail: 
        * Instance: 
        N/A

        * Loop: 
        +----------------------------------+---------+---------+----------+-----------+-----------+------+----------+
        |                                  |  Latency (cycles) | Iteration|  Initiation Interval  | Trip |          |
        |             Loop Name            |   min   |   max   |  Latency |  achieved |   target  | Count| Pipelined|
        +----------------------------------+---------+---------+----------+-----------+-----------+------+----------+
        |- load_weight3_matrix_inner_loop  |       40|       40|        10|          1|          1|    32|       yes|
        +----------------------------------+---------+---------+----------+-----------+-----------+------+----------+



================================================================
== Utilization Estimates
================================================================
* Summary: 
+-----------------+---------+------+--------+--------+-----+
|       Name      | BRAM_18K|  DSP |   FF   |   LUT  | URAM|
+-----------------+---------+------+--------+--------+-----+
|DSP              |        -|     -|       -|       -|    -|
|Expression       |        -|     -|       0|     111|    -|
|FIFO             |        -|     -|       -|       -|    -|
|Instance         |        -|     -|       -|       -|    -|
|Memory           |        -|     -|       -|       -|    -|
|Multiplexer      |        -|     -|       -|      54|    -|
|Register         |        -|     -|     158|      32|    -|
+-----------------+---------+------+--------+--------+-----+
|Total            |        0|     0|     158|     197|    0|
+-----------------+---------+------+--------+--------+-----+
|Available        |      624|  1728|  460800|  230400|   96|
+-----------------+---------+------+--------+--------+-----+
|Utilization (%)  |        0|     0|      ~0|      ~0|    0|
+-----------------+---------+------+--------+--------+-----+

+ Detail: 
    * Instance: 
    N/A

    * DSP: 
    N/A

    * Memory: 
    N/A

    * FIFO: 
    N/A

    * Expression: 
    +---------------------------+----------+----+---+----+------------+------------+
    |       Variable Name       | Operation| DSP| FF| LUT| Bitwidth P0| Bitwidth P1|
    +---------------------------+----------+----+---+----+------------+------------+
    |add_ln256_fu_232_p2        |         +|   0|  0|  13|           6|           1|
    |add_ln258_2_fu_284_p2      |         +|   0|  0|  71|          64|          64|
    |icmp_ln256_fu_226_p2       |      icmp|   0|  0|  14|           6|           7|
    |ap_block_pp0_stage0_11001  |        or|   0|  0|   2|           1|           1|
    |or_ln258_fu_266_p2         |        or|   0|  0|   9|           9|           4|
    |ap_enable_pp0              |       xor|   0|  0|   2|           1|           2|
    +---------------------------+----------+----+---+----+------------+------------+
    |Total                      |          |   0|  0| 111|          87|          79|
    +---------------------------+----------+----+---+----+------------+------------+

    * Multiplexer: 
    +-------------------------+----+-----------+-----+-----------+
    |           Name          | LUT| Input Size| Bits| Total Bits|
    +-------------------------+----+-----------+-----+-----------+
    |ap_done_int              |   9|          2|    1|          2|
    |ap_enable_reg_pp0_iter1  |   9|          2|    1|          2|
    |ap_sig_allocacmp_c_15    |   9|          2|    6|         12|
    |c_fu_196                 |   9|          2|    6|         12|
    |gmem_blk_n_AR            |   9|          2|    1|          2|
    |gmem_blk_n_R             |   9|          2|    1|          2|
    +-------------------------+----+-----------+-----+-----------+
    |Total                    |  54|         12|   16|         32|
    +-------------------------+----+-----------+-----+-----------+

    * Register: 
    +----------------------------------+----+----+-----+-----------+
    |               Name               | FF | LUT| Bits| Const Bits|
    +----------------------------------+----+----+-----+-----------+
    |ap_CS_fsm                         |   1|   0|    1|          0|
    |ap_done_reg                       |   1|   0|    1|          0|
    |ap_enable_reg_pp0_iter1           |   1|   0|    1|          0|
    |ap_enable_reg_pp0_iter2           |   1|   0|    1|          0|
    |ap_enable_reg_pp0_iter3           |   1|   0|    1|          0|
    |ap_enable_reg_pp0_iter4           |   1|   0|    1|          0|
    |ap_enable_reg_pp0_iter5           |   1|   0|    1|          0|
    |ap_enable_reg_pp0_iter6           |   1|   0|    1|          0|
    |ap_enable_reg_pp0_iter7           |   1|   0|    1|          0|
    |ap_enable_reg_pp0_iter8           |   1|   0|    1|          0|
    |ap_enable_reg_pp0_iter9           |   1|   0|    1|          0|
    |ap_loop_exit_ready_pp0_iter1_reg  |   1|   0|    1|          0|
    |ap_loop_exit_ready_pp0_iter2_reg  |   1|   0|    1|          0|
    |ap_loop_exit_ready_pp0_iter3_reg  |   1|   0|    1|          0|
    |ap_loop_exit_ready_pp0_iter4_reg  |   1|   0|    1|          0|
    |ap_loop_exit_ready_pp0_iter5_reg  |   1|   0|    1|          0|
    |ap_loop_exit_ready_pp0_iter6_reg  |   1|   0|    1|          0|
    |ap_loop_exit_ready_pp0_iter7_reg  |   1|   0|    1|          0|
    |ap_loop_exit_ready_pp0_iter8_reg  |   1|   0|    1|          0|
    |c_fu_196                          |   6|   0|    6|          0|
    |gmem_addr_reg_526                 |  64|   0|   64|          0|
    |trunc_ln256_reg_522               |   5|   0|    5|          0|
    |trunc_ln256_reg_522               |  64|  32|    5|          0|
    +----------------------------------+----+----+-----+-----------+
    |Total                             | 158|  32|   99|          0|
    +----------------------------------+----+----+-----+-----------+



================================================================
== Interface
================================================================
* Summary: 
+-----------------------------------------------------------------------------------------------+-----+-----+------------+----------------------------------------------------------------------------------------+--------------+
|                                           RTL Ports                                           | Dir | Bits|  Protocol  |                                      Source Object                                     |    C Type    |
+-----------------------------------------------------------------------------------------------+-----+-----+------------+----------------------------------------------------------------------------------------+--------------+
|ap_clk                                                                                         |   in|    1|  ap_ctrl_hs|                                   network_top_Pipeline_load_weight3_matrix_inner_loop31|  return value|
|ap_rst                                                                                         |   in|    1|  ap_ctrl_hs|                                   network_top_Pipeline_load_weight3_matrix_inner_loop31|  return value|
|ap_start                                                                                       |   in|    1|  ap_ctrl_hs|                                   network_top_Pipeline_load_weight3_matrix_inner_loop31|  return value|
|ap_done                                                                                        |  out|    1|  ap_ctrl_hs|                                   network_top_Pipeline_load_weight3_matrix_inner_loop31|  return value|
|ap_idle                                                                                        |  out|    1|  ap_ctrl_hs|                                   network_top_Pipeline_load_weight3_matrix_inner_loop31|  return value|
|ap_ready                                                                                       |  out|    1|  ap_ctrl_hs|                                   network_top_Pipeline_load_weight3_matrix_inner_loop31|  return value|
|m_axi_gmem_AWVALID                                                                             |  out|    1|       m_axi|                                                                                    gmem|       pointer|
|m_axi_gmem_AWREADY                                                                             |   in|    1|       m_axi|                                                                                    gmem|       pointer|
|m_axi_gmem_AWADDR                                                                              |  out|   64|       m_axi|                                                                                    gmem|       pointer|
|m_axi_gmem_AWID                                                                                |  out|    1|       m_axi|                                                                                    gmem|       pointer|
|m_axi_gmem_AWLEN                                                                               |  out|   32|       m_axi|                                                                                    gmem|       pointer|
|m_axi_gmem_AWSIZE                                                                              |  out|    3|       m_axi|                                                                                    gmem|       pointer|
|m_axi_gmem_AWBURST                                                                             |  out|    2|       m_axi|                                                                                    gmem|       pointer|
|m_axi_gmem_AWLOCK                                                                              |  out|    2|       m_axi|                                                                                    gmem|       pointer|
|m_axi_gmem_AWCACHE                                                                             |  out|    4|       m_axi|                                                                                    gmem|       pointer|
|m_axi_gmem_AWPROT                                                                              |  out|    3|       m_axi|                                                                                    gmem|       pointer|
|m_axi_gmem_AWQOS                                                                               |  out|    4|       m_axi|                                                                                    gmem|       pointer|
|m_axi_gmem_AWREGION                                                                            |  out|    4|       m_axi|                                                                                    gmem|       pointer|
|m_axi_gmem_AWUSER                                                                              |  out|    1|       m_axi|                                                                                    gmem|       pointer|
|m_axi_gmem_WVALID                                                                              |  out|    1|       m_axi|                                                                                    gmem|       pointer|
|m_axi_gmem_WREADY                                                                              |   in|    1|       m_axi|                                                                                    gmem|       pointer|
|m_axi_gmem_WDATA                                                                               |  out|   16|       m_axi|                                                                                    gmem|       pointer|
|m_axi_gmem_WSTRB                                                                               |  out|    2|       m_axi|                                                                                    gmem|       pointer|
|m_axi_gmem_WLAST                                                                               |  out|    1|       m_axi|                                                                                    gmem|       pointer|
|m_axi_gmem_WID                                                                                 |  out|    1|       m_axi|                                                                                    gmem|       pointer|
|m_axi_gmem_WUSER                                                                               |  out|    1|       m_axi|                                                                                    gmem|       pointer|
|m_axi_gmem_ARVALID                                                                             |  out|    1|       m_axi|                                                                                    gmem|       pointer|
|m_axi_gmem_ARREADY                                                                             |   in|    1|       m_axi|                                                                                    gmem|       pointer|
|m_axi_gmem_ARADDR                                                                              |  out|   64|       m_axi|                                                                                    gmem|       pointer|
|m_axi_gmem_ARID                                                                                |  out|    1|       m_axi|                                                                                    gmem|       pointer|
|m_axi_gmem_ARLEN                                                                               |  out|   32|       m_axi|                                                                                    gmem|       pointer|
|m_axi_gmem_ARSIZE                                                                              |  out|    3|       m_axi|                                                                                    gmem|       pointer|
|m_axi_gmem_ARBURST                                                                             |  out|    2|       m_axi|                                                                                    gmem|       pointer|
|m_axi_gmem_ARLOCK                                                                              |  out|    2|       m_axi|                                                                                    gmem|       pointer|
|m_axi_gmem_ARCACHE                                                                             |  out|    4|       m_axi|                                                                                    gmem|       pointer|
|m_axi_gmem_ARPROT                                                                              |  out|    3|       m_axi|                                                                                    gmem|       pointer|
|m_axi_gmem_ARQOS                                                                               |  out|    4|       m_axi|                                                                                    gmem|       pointer|
|m_axi_gmem_ARREGION                                                                            |  out|    4|       m_axi|                                                                                    gmem|       pointer|
|m_axi_gmem_ARUSER                                                                              |  out|    1|       m_axi|                                                                                    gmem|       pointer|
|m_axi_gmem_RVALID                                                                              |   in|    1|       m_axi|                                                                                    gmem|       pointer|
|m_axi_gmem_RREADY                                                                              |  out|    1|       m_axi|                                                                                    gmem|       pointer|
|m_axi_gmem_RDATA                                                                               |   in|   16|       m_axi|                                                                                    gmem|       pointer|
|m_axi_gmem_RLAST                                                                               |   in|    1|       m_axi|                                                                                    gmem|       pointer|
|m_axi_gmem_RID                                                                                 |   in|    1|       m_axi|                                                                                    gmem|       pointer|
|m_axi_gmem_RFIFONUM                                                                            |   in|   10|       m_axi|                                                                                    gmem|       pointer|
|m_axi_gmem_RUSER                                                                               |   in|    1|       m_axi|                                                                                    gmem|       pointer|
|m_axi_gmem_RRESP                                                                               |   in|    2|       m_axi|                                                                                    gmem|       pointer|
|m_axi_gmem_BVALID                                                                              |   in|    1|       m_axi|                                                                                    gmem|       pointer|
|m_axi_gmem_BREADY                                                                              |  out|    1|       m_axi|                                                                                    gmem|       pointer|
|m_axi_gmem_BRESP                                                                               |   in|    2|       m_axi|                                                                                    gmem|       pointer|
|m_axi_gmem_BID                                                                                 |   in|    1|       m_axi|                                                                                    gmem|       pointer|
|m_axi_gmem_BUSER                                                                               |   in|    1|       m_axi|                                                                                    gmem|       pointer|
|add_ln258                                                                                      |   in|   64|     ap_none|                                                                               add_ln258|        scalar|
|p_ZZ11network_topP13params_structP8ap_fixedILi12ELi2EL9ap_q_mode0EL9ap_o_mode3ELi_2313         |  out|   12|      ap_vld|  p_ZZ11network_topP13params_structP8ap_fixedILi12ELi2EL9ap_q_mode0EL9ap_o_mode3ELi_2313|       pointer|
|p_ZZ11network_topP13params_structP8ap_fixedILi12ELi2EL9ap_q_mode0EL9ap_o_mode3ELi_2313_ap_vld  |  out|    1|      ap_vld|  p_ZZ11network_topP13params_structP8ap_fixedILi12ELi2EL9ap_q_mode0EL9ap_o_mode3ELi_2313|       pointer|
|p_ZZ11network_topP13params_structP8ap_fixedILi12ELi2EL9ap_q_mode0EL9ap_o_mode3ELi_2314         |  out|   12|      ap_vld|  p_ZZ11network_topP13params_structP8ap_fixedILi12ELi2EL9ap_q_mode0EL9ap_o_mode3ELi_2314|       pointer|
|p_ZZ11network_topP13params_structP8ap_fixedILi12ELi2EL9ap_q_mode0EL9ap_o_mode3ELi_2314_ap_vld  |  out|    1|      ap_vld|  p_ZZ11network_topP13params_structP8ap_fixedILi12ELi2EL9ap_q_mode0EL9ap_o_mode3ELi_2314|       pointer|
|p_ZZ11network_topP13params_structP8ap_fixedILi12ELi2EL9ap_q_mode0EL9ap_o_mode3ELi_2325         |  out|   12|      ap_vld|  p_ZZ11network_topP13params_structP8ap_fixedILi12ELi2EL9ap_q_mode0EL9ap_o_mode3ELi_2325|       pointer|
|p_ZZ11network_topP13params_structP8ap_fixedILi12ELi2EL9ap_q_mode0EL9ap_o_mode3ELi_2325_ap_vld  |  out|    1|      ap_vld|  p_ZZ11network_topP13params_structP8ap_fixedILi12ELi2EL9ap_q_mode0EL9ap_o_mode3ELi_2325|       pointer|
|p_ZZ11network_topP13params_structP8ap_fixedILi12ELi2EL9ap_q_mode0EL9ap_o_mode3ELi_2336         |  out|   12|      ap_vld|  p_ZZ11network_topP13params_structP8ap_fixedILi12ELi2EL9ap_q_mode0EL9ap_o_mode3ELi_2336|       pointer|
|p_ZZ11network_topP13params_structP8ap_fixedILi12ELi2EL9ap_q_mode0EL9ap_o_mode3ELi_2336_ap_vld  |  out|    1|      ap_vld|  p_ZZ11network_topP13params_structP8ap_fixedILi12ELi2EL9ap_q_mode0EL9ap_o_mode3ELi_2336|       pointer|
|p_ZZ11network_topP13params_structP8ap_fixedILi12ELi2EL9ap_q_mode0EL9ap_o_mode3ELi_2339         |  out|   12|      ap_vld|  p_ZZ11network_topP13params_structP8ap_fixedILi12ELi2EL9ap_q_mode0EL9ap_o_mode3ELi_2339|       pointer|
|p_ZZ11network_topP13params_structP8ap_fixedILi12ELi2EL9ap_q_mode0EL9ap_o_mode3ELi_2339_ap_vld  |  out|    1|      ap_vld|  p_ZZ11network_topP13params_structP8ap_fixedILi12ELi2EL9ap_q_mode0EL9ap_o_mode3ELi_2339|       pointer|
|p_ZZ11network_topP13params_structP8ap_fixedILi12ELi2EL9ap_q_mode0EL9ap_o_mode3ELi_2340         |  out|   12|      ap_vld|  p_ZZ11network_topP13params_structP8ap_fixedILi12ELi2EL9ap_q_mode0EL9ap_o_mode3ELi_2340|       pointer|
|p_ZZ11network_topP13params_structP8ap_fixedILi12ELi2EL9ap_q_mode0EL9ap_o_mode3ELi_2340_ap_vld  |  out|    1|      ap_vld|  p_ZZ11network_topP13params_structP8ap_fixedILi12ELi2EL9ap_q_mode0EL9ap_o_mode3ELi_2340|       pointer|
|p_ZZ11network_topP13params_structP8ap_fixedILi12ELi2EL9ap_q_mode0EL9ap_o_mode3ELi_2341         |  out|   12|      ap_vld|  p_ZZ11network_topP13params_structP8ap_fixedILi12ELi2EL9ap_q_mode0EL9ap_o_mode3ELi_2341|       pointer|
|p_ZZ11network_topP13params_structP8ap_fixedILi12ELi2EL9ap_q_mode0EL9ap_o_mode3ELi_2341_ap_vld  |  out|    1|      ap_vld|  p_ZZ11network_topP13params_structP8ap_fixedILi12ELi2EL9ap_q_mode0EL9ap_o_mode3ELi_2341|       pointer|
|p_ZZ11network_topP13params_structP8ap_fixedILi12ELi2EL9ap_q_mode0EL9ap_o_mode3ELi_2342         |  out|   12|      ap_vld|  p_ZZ11network_topP13params_structP8ap_fixedILi12ELi2EL9ap_q_mode0EL9ap_o_mode3ELi_2342|       pointer|
|p_ZZ11network_topP13params_structP8ap_fixedILi12ELi2EL9ap_q_mode0EL9ap_o_mode3ELi_2342_ap_vld  |  out|    1|      ap_vld|  p_ZZ11network_topP13params_structP8ap_fixedILi12ELi2EL9ap_q_mode0EL9ap_o_mode3ELi_2342|       pointer|
|p_ZZ11network_topP13params_structP8ap_fixedILi12ELi2EL9ap_q_mode0EL9ap_o_mode3ELi_2343         |  out|   12|      ap_vld|  p_ZZ11network_topP13params_structP8ap_fixedILi12ELi2EL9ap_q_mode0EL9ap_o_mode3ELi_2343|       pointer|
|p_ZZ11network_topP13params_structP8ap_fixedILi12ELi2EL9ap_q_mode0EL9ap_o_mode3ELi_2343_ap_vld  |  out|    1|      ap_vld|  p_ZZ11network_topP13params_structP8ap_fixedILi12ELi2EL9ap_q_mode0EL9ap_o_mode3ELi_2343|       pointer|
|p_ZZ11network_topP13params_structP8ap_fixedILi12ELi2EL9ap_q_mode0EL9ap_o_mode3ELi_2344         |  out|   12|      ap_vld|  p_ZZ11network_topP13params_structP8ap_fixedILi12ELi2EL9ap_q_mode0EL9ap_o_mode3ELi_2344|       pointer|
|p_ZZ11network_topP13params_structP8ap_fixedILi12ELi2EL9ap_q_mode0EL9ap_o_mode3ELi_2344_ap_vld  |  out|    1|      ap_vld|  p_ZZ11network_topP13params_structP8ap_fixedILi12ELi2EL9ap_q_mode0EL9ap_o_mode3ELi_2344|       pointer|
|p_ZZ11network_topP13params_structP8ap_fixedILi12ELi2EL9ap_q_mode0EL9ap_o_mode3ELi_2315         |  out|   12|      ap_vld|  p_ZZ11network_topP13params_structP8ap_fixedILi12ELi2EL9ap_q_mode0EL9ap_o_mode3ELi_2315|       pointer|
|p_ZZ11network_topP13params_structP8ap_fixedILi12ELi2EL9ap_q_mode0EL9ap_o_mode3ELi_2315_ap_vld  |  out|    1|      ap_vld|  p_ZZ11network_topP13params_structP8ap_fixedILi12ELi2EL9ap_q_mode0EL9ap_o_mode3ELi_2315|       pointer|
|p_ZZ11network_topP13params_structP8ap_fixedILi12ELi2EL9ap_q_mode0EL9ap_o_mode3ELi_2316         |  out|   12|      ap_vld|  p_ZZ11network_topP13params_structP8ap_fixedILi12ELi2EL9ap_q_mode0EL9ap_o_mode3ELi_2316|       pointer|
|p_ZZ11network_topP13params_structP8ap_fixedILi12ELi2EL9ap_q_mode0EL9ap_o_mode3ELi_2316_ap_vld  |  out|    1|      ap_vld|  p_ZZ11network_topP13params_structP8ap_fixedILi12ELi2EL9ap_q_mode0EL9ap_o_mode3ELi_2316|       pointer|
|p_ZZ11network_topP13params_structP8ap_fixedILi12ELi2EL9ap_q_mode0EL9ap_o_mode3ELi_2317         |  out|   12|      ap_vld|  p_ZZ11network_topP13params_structP8ap_fixedILi12ELi2EL9ap_q_mode0EL9ap_o_mode3ELi_2317|       pointer|
|p_ZZ11network_topP13params_structP8ap_fixedILi12ELi2EL9ap_q_mode0EL9ap_o_mode3ELi_2317_ap_vld  |  out|    1|      ap_vld|  p_ZZ11network_topP13params_structP8ap_fixedILi12ELi2EL9ap_q_mode0EL9ap_o_mode3ELi_2317|       pointer|
|p_ZZ11network_topP13params_structP8ap_fixedILi12ELi2EL9ap_q_mode0EL9ap_o_mode3ELi_2318         |  out|   12|      ap_vld|  p_ZZ11network_topP13params_structP8ap_fixedILi12ELi2EL9ap_q_mode0EL9ap_o_mode3ELi_2318|       pointer|
|p_ZZ11network_topP13params_structP8ap_fixedILi12ELi2EL9ap_q_mode0EL9ap_o_mode3ELi_2318_ap_vld  |  out|    1|      ap_vld|  p_ZZ11network_topP13params_structP8ap_fixedILi12ELi2EL9ap_q_mode0EL9ap_o_mode3ELi_2318|       pointer|
|p_ZZ11network_topP13params_structP8ap_fixedILi12ELi2EL9ap_q_mode0EL9ap_o_mode3ELi_2319         |  out|   12|      ap_vld|  p_ZZ11network_topP13params_structP8ap_fixedILi12ELi2EL9ap_q_mode0EL9ap_o_mode3ELi_2319|       pointer|
|p_ZZ11network_topP13params_structP8ap_fixedILi12ELi2EL9ap_q_mode0EL9ap_o_mode3ELi_2319_ap_vld  |  out|    1|      ap_vld|  p_ZZ11network_topP13params_structP8ap_fixedILi12ELi2EL9ap_q_mode0EL9ap_o_mode3ELi_2319|       pointer|
|p_ZZ11network_topP13params_structP8ap_fixedILi12ELi2EL9ap_q_mode0EL9ap_o_mode3ELi_2320         |  out|   12|      ap_vld|  p_ZZ11network_topP13params_structP8ap_fixedILi12ELi2EL9ap_q_mode0EL9ap_o_mode3ELi_2320|       pointer|
|p_ZZ11network_topP13params_structP8ap_fixedILi12ELi2EL9ap_q_mode0EL9ap_o_mode3ELi_2320_ap_vld  |  out|    1|      ap_vld|  p_ZZ11network_topP13params_structP8ap_fixedILi12ELi2EL9ap_q_mode0EL9ap_o_mode3ELi_2320|       pointer|
|p_ZZ11network_topP13params_structP8ap_fixedILi12ELi2EL9ap_q_mode0EL9ap_o_mode3ELi_2321         |  out|   12|      ap_vld|  p_ZZ11network_topP13params_structP8ap_fixedILi12ELi2EL9ap_q_mode0EL9ap_o_mode3ELi_2321|       pointer|
|p_ZZ11network_topP13params_structP8ap_fixedILi12ELi2EL9ap_q_mode0EL9ap_o_mode3ELi_2321_ap_vld  |  out|    1|      ap_vld|  p_ZZ11network_topP13params_structP8ap_fixedILi12ELi2EL9ap_q_mode0EL9ap_o_mode3ELi_2321|       pointer|
|p_ZZ11network_topP13params_structP8ap_fixedILi12ELi2EL9ap_q_mode0EL9ap_o_mode3ELi_2322         |  out|   12|      ap_vld|  p_ZZ11network_topP13params_structP8ap_fixedILi12ELi2EL9ap_q_mode0EL9ap_o_mode3ELi_2322|       pointer|
|p_ZZ11network_topP13params_structP8ap_fixedILi12ELi2EL9ap_q_mode0EL9ap_o_mode3ELi_2322_ap_vld  |  out|    1|      ap_vld|  p_ZZ11network_topP13params_structP8ap_fixedILi12ELi2EL9ap_q_mode0EL9ap_o_mode3ELi_2322|       pointer|
|p_ZZ11network_topP13params_structP8ap_fixedILi12ELi2EL9ap_q_mode0EL9ap_o_mode3ELi_2323         |  out|   12|      ap_vld|  p_ZZ11network_topP13params_structP8ap_fixedILi12ELi2EL9ap_q_mode0EL9ap_o_mode3ELi_2323|       pointer|
|p_ZZ11network_topP13params_structP8ap_fixedILi12ELi2EL9ap_q_mode0EL9ap_o_mode3ELi_2323_ap_vld  |  out|    1|      ap_vld|  p_ZZ11network_topP13params_structP8ap_fixedILi12ELi2EL9ap_q_mode0EL9ap_o_mode3ELi_2323|       pointer|
|p_ZZ11network_topP13params_structP8ap_fixedILi12ELi2EL9ap_q_mode0EL9ap_o_mode3ELi_2324         |  out|   12|      ap_vld|  p_ZZ11network_topP13params_structP8ap_fixedILi12ELi2EL9ap_q_mode0EL9ap_o_mode3ELi_2324|       pointer|
|p_ZZ11network_topP13params_structP8ap_fixedILi12ELi2EL9ap_q_mode0EL9ap_o_mode3ELi_2324_ap_vld  |  out|    1|      ap_vld|  p_ZZ11network_topP13params_structP8ap_fixedILi12ELi2EL9ap_q_mode0EL9ap_o_mode3ELi_2324|       pointer|
|p_ZZ11network_topP13params_structP8ap_fixedILi12ELi2EL9ap_q_mode0EL9ap_o_mode3ELi_2326         |  out|   12|      ap_vld|  p_ZZ11network_topP13params_structP8ap_fixedILi12ELi2EL9ap_q_mode0EL9ap_o_mode3ELi_2326|       pointer|
|p_ZZ11network_topP13params_structP8ap_fixedILi12ELi2EL9ap_q_mode0EL9ap_o_mode3ELi_2326_ap_vld  |  out|    1|      ap_vld|  p_ZZ11network_topP13params_structP8ap_fixedILi12ELi2EL9ap_q_mode0EL9ap_o_mode3ELi_2326|       pointer|
|p_ZZ11network_topP13params_structP8ap_fixedILi12ELi2EL9ap_q_mode0EL9ap_o_mode3ELi_2327         |  out|   12|      ap_vld|  p_ZZ11network_topP13params_structP8ap_fixedILi12ELi2EL9ap_q_mode0EL9ap_o_mode3ELi_2327|       pointer|
|p_ZZ11network_topP13params_structP8ap_fixedILi12ELi2EL9ap_q_mode0EL9ap_o_mode3ELi_2327_ap_vld  |  out|    1|      ap_vld|  p_ZZ11network_topP13params_structP8ap_fixedILi12ELi2EL9ap_q_mode0EL9ap_o_mode3ELi_2327|       pointer|
|p_ZZ11network_topP13params_structP8ap_fixedILi12ELi2EL9ap_q_mode0EL9ap_o_mode3ELi_2328         |  out|   12|      ap_vld|  p_ZZ11network_topP13params_structP8ap_fixedILi12ELi2EL9ap_q_mode0EL9ap_o_mode3ELi_2328|       pointer|
|p_ZZ11network_topP13params_structP8ap_fixedILi12ELi2EL9ap_q_mode0EL9ap_o_mode3ELi_2328_ap_vld  |  out|    1|      ap_vld|  p_ZZ11network_topP13params_structP8ap_fixedILi12ELi2EL9ap_q_mode0EL9ap_o_mode3ELi_2328|       pointer|
|p_ZZ11network_topP13params_structP8ap_fixedILi12ELi2EL9ap_q_mode0EL9ap_o_mode3ELi_2329         |  out|   12|      ap_vld|  p_ZZ11network_topP13params_structP8ap_fixedILi12ELi2EL9ap_q_mode0EL9ap_o_mode3ELi_2329|       pointer|
|p_ZZ11network_topP13params_structP8ap_fixedILi12ELi2EL9ap_q_mode0EL9ap_o_mode3ELi_2329_ap_vld  |  out|    1|      ap_vld|  p_ZZ11network_topP13params_structP8ap_fixedILi12ELi2EL9ap_q_mode0EL9ap_o_mode3ELi_2329|       pointer|
|p_ZZ11network_topP13params_structP8ap_fixedILi12ELi2EL9ap_q_mode0EL9ap_o_mode3ELi_2330         |  out|   12|      ap_vld|  p_ZZ11network_topP13params_structP8ap_fixedILi12ELi2EL9ap_q_mode0EL9ap_o_mode3ELi_2330|       pointer|
|p_ZZ11network_topP13params_structP8ap_fixedILi12ELi2EL9ap_q_mode0EL9ap_o_mode3ELi_2330_ap_vld  |  out|    1|      ap_vld|  p_ZZ11network_topP13params_structP8ap_fixedILi12ELi2EL9ap_q_mode0EL9ap_o_mode3ELi_2330|       pointer|
|p_ZZ11network_topP13params_structP8ap_fixedILi12ELi2EL9ap_q_mode0EL9ap_o_mode3ELi_2331         |  out|   12|      ap_vld|  p_ZZ11network_topP13params_structP8ap_fixedILi12ELi2EL9ap_q_mode0EL9ap_o_mode3ELi_2331|       pointer|
|p_ZZ11network_topP13params_structP8ap_fixedILi12ELi2EL9ap_q_mode0EL9ap_o_mode3ELi_2331_ap_vld  |  out|    1|      ap_vld|  p_ZZ11network_topP13params_structP8ap_fixedILi12ELi2EL9ap_q_mode0EL9ap_o_mode3ELi_2331|       pointer|
|p_ZZ11network_topP13params_structP8ap_fixedILi12ELi2EL9ap_q_mode0EL9ap_o_mode3ELi_2332         |  out|   12|      ap_vld|  p_ZZ11network_topP13params_structP8ap_fixedILi12ELi2EL9ap_q_mode0EL9ap_o_mode3ELi_2332|       pointer|
|p_ZZ11network_topP13params_structP8ap_fixedILi12ELi2EL9ap_q_mode0EL9ap_o_mode3ELi_2332_ap_vld  |  out|    1|      ap_vld|  p_ZZ11network_topP13params_structP8ap_fixedILi12ELi2EL9ap_q_mode0EL9ap_o_mode3ELi_2332|       pointer|
|p_ZZ11network_topP13params_structP8ap_fixedILi12ELi2EL9ap_q_mode0EL9ap_o_mode3ELi_2333         |  out|   12|      ap_vld|  p_ZZ11network_topP13params_structP8ap_fixedILi12ELi2EL9ap_q_mode0EL9ap_o_mode3ELi_2333|       pointer|
|p_ZZ11network_topP13params_structP8ap_fixedILi12ELi2EL9ap_q_mode0EL9ap_o_mode3ELi_2333_ap_vld  |  out|    1|      ap_vld|  p_ZZ11network_topP13params_structP8ap_fixedILi12ELi2EL9ap_q_mode0EL9ap_o_mode3ELi_2333|       pointer|
|p_ZZ11network_topP13params_structP8ap_fixedILi12ELi2EL9ap_q_mode0EL9ap_o_mode3ELi_2334         |  out|   12|      ap_vld|  p_ZZ11network_topP13params_structP8ap_fixedILi12ELi2EL9ap_q_mode0EL9ap_o_mode3ELi_2334|       pointer|
|p_ZZ11network_topP13params_structP8ap_fixedILi12ELi2EL9ap_q_mode0EL9ap_o_mode3ELi_2334_ap_vld  |  out|    1|      ap_vld|  p_ZZ11network_topP13params_structP8ap_fixedILi12ELi2EL9ap_q_mode0EL9ap_o_mode3ELi_2334|       pointer|
|p_ZZ11network_topP13params_structP8ap_fixedILi12ELi2EL9ap_q_mode0EL9ap_o_mode3ELi_2335         |  out|   12|      ap_vld|  p_ZZ11network_topP13params_structP8ap_fixedILi12ELi2EL9ap_q_mode0EL9ap_o_mode3ELi_2335|       pointer|
|p_ZZ11network_topP13params_structP8ap_fixedILi12ELi2EL9ap_q_mode0EL9ap_o_mode3ELi_2335_ap_vld  |  out|    1|      ap_vld|  p_ZZ11network_topP13params_structP8ap_fixedILi12ELi2EL9ap_q_mode0EL9ap_o_mode3ELi_2335|       pointer|
|p_ZZ11network_topP13params_structP8ap_fixedILi12ELi2EL9ap_q_mode0EL9ap_o_mode3ELi_2337         |  out|   12|      ap_vld|  p_ZZ11network_topP13params_structP8ap_fixedILi12ELi2EL9ap_q_mode0EL9ap_o_mode3ELi_2337|       pointer|
|p_ZZ11network_topP13params_structP8ap_fixedILi12ELi2EL9ap_q_mode0EL9ap_o_mode3ELi_2337_ap_vld  |  out|    1|      ap_vld|  p_ZZ11network_topP13params_structP8ap_fixedILi12ELi2EL9ap_q_mode0EL9ap_o_mode3ELi_2337|       pointer|
|p_ZZ11network_topP13params_structP8ap_fixedILi12ELi2EL9ap_q_mode0EL9ap_o_mode3ELi_2338         |  out|   12|      ap_vld|  p_ZZ11network_topP13params_structP8ap_fixedILi12ELi2EL9ap_q_mode0EL9ap_o_mode3ELi_2338|       pointer|
|p_ZZ11network_topP13params_structP8ap_fixedILi12ELi2EL9ap_q_mode0EL9ap_o_mode3ELi_2338_ap_vld  |  out|    1|      ap_vld|  p_ZZ11network_topP13params_structP8ap_fixedILi12ELi2EL9ap_q_mode0EL9ap_o_mode3ELi_2338|       pointer|
+-----------------------------------------------------------------------------------------------+-----+-----+------------+----------------------------------------------------------------------------------------+--------------+

