

================================================================
== Vitis HLS Report for 'network_top_Pipeline_load_weight3_matrix_inner_loop104'
================================================================
* Date:           Wed Oct 18 18:29:22 2023

* Version:        2023.1 (Build 3854077 on May  4 2023)
* Project:        matrix_test2
* Solution:       solution1 (Vivado IP Flow Target)
* Product family: zynquplus
* Target device:  xczu7ev-ffvc1156-2-e


================================================================
== Performance Estimates
================================================================
+ Timing: 
    * Summary: 
    +--------+---------+----------+------------+
    |  Clock |  Target | Estimated| Uncertainty|
    +--------+---------+----------+------------+
    |ap_clk  |  0.35 us|  0.256 us|    94.50 ns|
    +--------+---------+----------+------------+

+ Latency: 
    * Summary: 
    +---------+---------+-----------+-----------+-----+-----+---------+
    |  Latency (cycles) |   Latency (absolute)  |  Interval | Pipeline|
    |   min   |   max   |    min    |    max    | min | max |   Type  |
    +---------+---------+-----------+-----------+-----+-----+---------+
    |       90|       90|  31.500 us|  31.500 us|   90|   90|       no|
    +---------+---------+-----------+-----------+-----+-----+---------+

    + Detail: 
        * Instance: 
        N/A

        * Loop: 
        +----------------------------------+---------+---------+----------+-----------+-----------+------+----------+
        |                                  |  Latency (cycles) | Iteration|  Initiation Interval  | Trip |          |
        |             Loop Name            |   min   |   max   |  Latency |  achieved |   target  | Count| Pipelined|
        +----------------------------------+---------+---------+----------+-----------+-----------+------+----------+
        |- load_weight3_matrix_inner_loop  |       88|       88|        10|          1|          1|    80|       yes|
        +----------------------------------+---------+---------+----------+-----------+-----------+------+----------+



================================================================
== Utilization Estimates
================================================================
* Summary: 
+-----------------+---------+------+--------+--------+-----+
|       Name      | BRAM_18K|  DSP |   FF   |   LUT  | URAM|
+-----------------+---------+------+--------+--------+-----+
|DSP              |        -|     -|       -|       -|    -|
|Expression       |        -|     -|       0|     187|    -|
|FIFO             |        -|     -|       -|       -|    -|
|Instance         |        -|     0|       0|       5|    -|
|Memory           |        -|     -|       -|       -|    -|
|Multiplexer      |        -|     -|       -|      99|    -|
|Register         |        -|     -|     183|      32|    -|
+-----------------+---------+------+--------+--------+-----+
|Total            |        0|     0|     183|     323|    0|
+-----------------+---------+------+--------+--------+-----+
|Available        |      624|  1728|  460800|  230400|   96|
+-----------------+---------+------+--------+--------+-----+
|Utilization (%)  |        0|     0|      ~0|      ~0|    0|
+-----------------+---------+------+--------+--------+-----+

+ Detail: 
    * Instance: 
    +---------------------------+---------------------+---------+----+---+----+-----+
    |          Instance         |        Module       | BRAM_18K| DSP| FF| LUT| URAM|
    +---------------------------+---------------------+---------+----+---+----+-----+
    |mul_3ns_11ns_12_1_1_U8800  |mul_3ns_11ns_12_1_1  |        0|   0|  0|   5|    0|
    +---------------------------+---------------------+---------+----+---+----+-----+
    |Total                      |                     |        0|   0|  0|   5|    0|
    +---------------------------+---------------------+---------+----+---+----+-----+

    * DSP: 
    N/A

    * Memory: 
    N/A

    * FIFO: 
    N/A

    * Expression: 
    +---------------------------+----------+----+---+----+------------+------------+
    |       Variable Name       | Operation| DSP| FF| LUT| Bitwidth P0| Bitwidth P1|
    +---------------------------+----------+----+---+----+------------+------------+
    |add_ln223_25_fu_565_p2     |         +|   0|  0|  14|           7|           1|
    |add_ln223_fu_448_p2        |         +|   0|  0|  14|           7|           1|
    |add_ln225_49_fu_518_p2     |         +|   0|  0|  20|          13|          10|
    |add_ln225_50_fu_536_p2     |         +|   0|  0|  71|          64|          64|
    |next_mul765_fu_460_p2      |         +|   0|  0|  22|          15|           8|
    |icmp_ln223_25_fu_571_p2    |      icmp|   0|  0|  14|           7|           5|
    |icmp_ln223_fu_442_p2       |      icmp|   0|  0|  14|           7|           7|
    |ap_block_pp0_stage0_11001  |        or|   0|  0|   2|           1|           1|
    |or_ln225_fu_490_p2         |        or|   0|  0|   7|           7|           7|
    |select_ln223_fu_577_p3     |    select|   0|  0|   7|           1|           7|
    |ap_enable_pp0              |       xor|   0|  0|   2|           1|           2|
    +---------------------------+----------+----+---+----+------------+------------+
    |Total                      |          |   0|  0| 187|         130|         113|
    +---------------------------+----------+----+---+----+------------+------------+

    * Multiplexer: 
    +-------------------------------------+----+-----------+-----+-----------+
    |                 Name                | LUT| Input Size| Bits| Total Bits|
    +-------------------------------------+----+-----------+-----+-----------+
    |ap_done_int                          |   9|          2|    1|          2|
    |ap_enable_reg_pp0_iter1              |   9|          2|    1|          2|
    |ap_sig_allocacmp_c_35                |   9|          2|    7|         14|
    |ap_sig_allocacmp_phi_mul764_load     |   9|          2|   15|         30|
    |ap_sig_allocacmp_phi_urem766_load    |   9|          2|    7|         14|
    |ap_sig_allocacmp_phi_urem766_load_1  |   9|          2|    7|         14|
    |c_fu_402                             |   9|          2|    7|         14|
    |gmem_blk_n_AR                        |   9|          2|    1|          2|
    |gmem_blk_n_R                         |   9|          2|    1|          2|
    |phi_mul764_fu_398                    |   9|          2|   15|         30|
    |phi_urem766_fu_394                   |   9|          2|    7|         14|
    +-------------------------------------+----+-----------+-----+-----------+
    |Total                                |  99|         22|   69|        138|
    +-------------------------------------+----+-----------+-----+-----------+

    * Register: 
    +----------------------------------+----+----+-----+-----------+
    |               Name               | FF | LUT| Bits| Const Bits|
    +----------------------------------+----+----+-----+-----------+
    |ap_CS_fsm                         |   1|   0|    1|          0|
    |ap_done_reg                       |   1|   0|    1|          0|
    |ap_enable_reg_pp0_iter1           |   1|   0|    1|          0|
    |ap_enable_reg_pp0_iter2           |   1|   0|    1|          0|
    |ap_enable_reg_pp0_iter3           |   1|   0|    1|          0|
    |ap_enable_reg_pp0_iter4           |   1|   0|    1|          0|
    |ap_enable_reg_pp0_iter5           |   1|   0|    1|          0|
    |ap_enable_reg_pp0_iter6           |   1|   0|    1|          0|
    |ap_enable_reg_pp0_iter7           |   1|   0|    1|          0|
    |ap_enable_reg_pp0_iter8           |   1|   0|    1|          0|
    |ap_enable_reg_pp0_iter9           |   1|   0|    1|          0|
    |ap_loop_exit_ready_pp0_iter1_reg  |   1|   0|    1|          0|
    |ap_loop_exit_ready_pp0_iter2_reg  |   1|   0|    1|          0|
    |ap_loop_exit_ready_pp0_iter3_reg  |   1|   0|    1|          0|
    |ap_loop_exit_ready_pp0_iter4_reg  |   1|   0|    1|          0|
    |ap_loop_exit_ready_pp0_iter5_reg  |   1|   0|    1|          0|
    |ap_loop_exit_ready_pp0_iter6_reg  |   1|   0|    1|          0|
    |ap_loop_exit_ready_pp0_iter7_reg  |   1|   0|    1|          0|
    |ap_loop_exit_ready_pp0_iter8_reg  |   1|   0|    1|          0|
    |c_35_reg_1106                     |   7|   0|    7|          0|
    |c_fu_402                          |   7|   0|    7|          0|
    |gmem_addr_reg_1114                |  64|   0|   64|          0|
    |phi_mul764_fu_398                 |  15|   0|   15|          0|
    |phi_urem766_fu_394                |   7|   0|    7|          0|
    |c_35_reg_1106                     |  64|  32|    7|          0|
    +----------------------------------+----+----+-----+-----------+
    |Total                             | 183|  32|  126|          0|
    +----------------------------------+----+----+-----+-----------+



================================================================
== Interface
================================================================
* Summary: 
+------------------------------------------------------------------------------------------------+-----+-----+------------+-----------------------------------------------------------------------------------------+--------------+
|                                            RTL Ports                                           | Dir | Bits|  Protocol  |                                      Source Object                                      |    C Type    |
+------------------------------------------------------------------------------------------------+-----+-----+------------+-----------------------------------------------------------------------------------------+--------------+
|ap_clk                                                                                          |   in|    1|  ap_ctrl_hs|                                   network_top_Pipeline_load_weight3_matrix_inner_loop104|  return value|
|ap_rst                                                                                          |   in|    1|  ap_ctrl_hs|                                   network_top_Pipeline_load_weight3_matrix_inner_loop104|  return value|
|ap_start                                                                                        |   in|    1|  ap_ctrl_hs|                                   network_top_Pipeline_load_weight3_matrix_inner_loop104|  return value|
|ap_done                                                                                         |  out|    1|  ap_ctrl_hs|                                   network_top_Pipeline_load_weight3_matrix_inner_loop104|  return value|
|ap_idle                                                                                         |  out|    1|  ap_ctrl_hs|                                   network_top_Pipeline_load_weight3_matrix_inner_loop104|  return value|
|ap_ready                                                                                        |  out|    1|  ap_ctrl_hs|                                   network_top_Pipeline_load_weight3_matrix_inner_loop104|  return value|
|m_axi_gmem_AWVALID                                                                              |  out|    1|       m_axi|                                                                                     gmem|       pointer|
|m_axi_gmem_AWREADY                                                                              |   in|    1|       m_axi|                                                                                     gmem|       pointer|
|m_axi_gmem_AWADDR                                                                               |  out|   64|       m_axi|                                                                                     gmem|       pointer|
|m_axi_gmem_AWID                                                                                 |  out|    1|       m_axi|                                                                                     gmem|       pointer|
|m_axi_gmem_AWLEN                                                                                |  out|   32|       m_axi|                                                                                     gmem|       pointer|
|m_axi_gmem_AWSIZE                                                                               |  out|    3|       m_axi|                                                                                     gmem|       pointer|
|m_axi_gmem_AWBURST                                                                              |  out|    2|       m_axi|                                                                                     gmem|       pointer|
|m_axi_gmem_AWLOCK                                                                               |  out|    2|       m_axi|                                                                                     gmem|       pointer|
|m_axi_gmem_AWCACHE                                                                              |  out|    4|       m_axi|                                                                                     gmem|       pointer|
|m_axi_gmem_AWPROT                                                                               |  out|    3|       m_axi|                                                                                     gmem|       pointer|
|m_axi_gmem_AWQOS                                                                                |  out|    4|       m_axi|                                                                                     gmem|       pointer|
|m_axi_gmem_AWREGION                                                                             |  out|    4|       m_axi|                                                                                     gmem|       pointer|
|m_axi_gmem_AWUSER                                                                               |  out|    1|       m_axi|                                                                                     gmem|       pointer|
|m_axi_gmem_WVALID                                                                               |  out|    1|       m_axi|                                                                                     gmem|       pointer|
|m_axi_gmem_WREADY                                                                               |   in|    1|       m_axi|                                                                                     gmem|       pointer|
|m_axi_gmem_WDATA                                                                                |  out|   32|       m_axi|                                                                                     gmem|       pointer|
|m_axi_gmem_WSTRB                                                                                |  out|    4|       m_axi|                                                                                     gmem|       pointer|
|m_axi_gmem_WLAST                                                                                |  out|    1|       m_axi|                                                                                     gmem|       pointer|
|m_axi_gmem_WID                                                                                  |  out|    1|       m_axi|                                                                                     gmem|       pointer|
|m_axi_gmem_WUSER                                                                                |  out|    1|       m_axi|                                                                                     gmem|       pointer|
|m_axi_gmem_ARVALID                                                                              |  out|    1|       m_axi|                                                                                     gmem|       pointer|
|m_axi_gmem_ARREADY                                                                              |   in|    1|       m_axi|                                                                                     gmem|       pointer|
|m_axi_gmem_ARADDR                                                                               |  out|   64|       m_axi|                                                                                     gmem|       pointer|
|m_axi_gmem_ARID                                                                                 |  out|    1|       m_axi|                                                                                     gmem|       pointer|
|m_axi_gmem_ARLEN                                                                                |  out|   32|       m_axi|                                                                                     gmem|       pointer|
|m_axi_gmem_ARSIZE                                                                               |  out|    3|       m_axi|                                                                                     gmem|       pointer|
|m_axi_gmem_ARBURST                                                                              |  out|    2|       m_axi|                                                                                     gmem|       pointer|
|m_axi_gmem_ARLOCK                                                                               |  out|    2|       m_axi|                                                                                     gmem|       pointer|
|m_axi_gmem_ARCACHE                                                                              |  out|    4|       m_axi|                                                                                     gmem|       pointer|
|m_axi_gmem_ARPROT                                                                               |  out|    3|       m_axi|                                                                                     gmem|       pointer|
|m_axi_gmem_ARQOS                                                                                |  out|    4|       m_axi|                                                                                     gmem|       pointer|
|m_axi_gmem_ARREGION                                                                             |  out|    4|       m_axi|                                                                                     gmem|       pointer|
|m_axi_gmem_ARUSER                                                                               |  out|    1|       m_axi|                                                                                     gmem|       pointer|
|m_axi_gmem_RVALID                                                                               |   in|    1|       m_axi|                                                                                     gmem|       pointer|
|m_axi_gmem_RREADY                                                                               |  out|    1|       m_axi|                                                                                     gmem|       pointer|
|m_axi_gmem_RDATA                                                                                |   in|   32|       m_axi|                                                                                     gmem|       pointer|
|m_axi_gmem_RLAST                                                                                |   in|    1|       m_axi|                                                                                     gmem|       pointer|
|m_axi_gmem_RID                                                                                  |   in|    1|       m_axi|                                                                                     gmem|       pointer|
|m_axi_gmem_RFIFONUM                                                                             |   in|    9|       m_axi|                                                                                     gmem|       pointer|
|m_axi_gmem_RUSER                                                                                |   in|    1|       m_axi|                                                                                     gmem|       pointer|
|m_axi_gmem_RRESP                                                                                |   in|    2|       m_axi|                                                                                     gmem|       pointer|
|m_axi_gmem_BVALID                                                                               |   in|    1|       m_axi|                                                                                     gmem|       pointer|
|m_axi_gmem_BREADY                                                                               |  out|    1|       m_axi|                                                                                     gmem|       pointer|
|m_axi_gmem_BRESP                                                                                |   in|    2|       m_axi|                                                                                     gmem|       pointer|
|m_axi_gmem_BID                                                                                  |   in|    1|       m_axi|                                                                                     gmem|       pointer|
|m_axi_gmem_BUSER                                                                                |   in|    1|       m_axi|                                                                                     gmem|       pointer|
|add_ln225                                                                                       |   in|   64|     ap_none|                                                                                add_ln225|        scalar|
|p_ZZ11network_topP13params_structP8ap_fixedILi22ELi17EL9ap_q_mode0EL9ap_o_mode0EL_17927         |  out|   22|      ap_vld|  p_ZZ11network_topP13params_structP8ap_fixedILi22ELi17EL9ap_q_mode0EL9ap_o_mode0EL_17927|       pointer|
|p_ZZ11network_topP13params_structP8ap_fixedILi22ELi17EL9ap_q_mode0EL9ap_o_mode0EL_17927_ap_vld  |  out|    1|      ap_vld|  p_ZZ11network_topP13params_structP8ap_fixedILi22ELi17EL9ap_q_mode0EL9ap_o_mode0EL_17927|       pointer|
|p_ZZ11network_topP13params_structP8ap_fixedILi22ELi17EL9ap_q_mode0EL9ap_o_mode0EL_17928         |  out|   22|      ap_vld|  p_ZZ11network_topP13params_structP8ap_fixedILi22ELi17EL9ap_q_mode0EL9ap_o_mode0EL_17928|       pointer|
|p_ZZ11network_topP13params_structP8ap_fixedILi22ELi17EL9ap_q_mode0EL9ap_o_mode0EL_17928_ap_vld  |  out|    1|      ap_vld|  p_ZZ11network_topP13params_structP8ap_fixedILi22ELi17EL9ap_q_mode0EL9ap_o_mode0EL_17928|       pointer|
|p_ZZ11network_topP13params_structP8ap_fixedILi22ELi17EL9ap_q_mode0EL9ap_o_mode0EL_17940         |  out|   22|      ap_vld|  p_ZZ11network_topP13params_structP8ap_fixedILi22ELi17EL9ap_q_mode0EL9ap_o_mode0EL_17940|       pointer|
|p_ZZ11network_topP13params_structP8ap_fixedILi22ELi17EL9ap_q_mode0EL9ap_o_mode0EL_17940_ap_vld  |  out|    1|      ap_vld|  p_ZZ11network_topP13params_structP8ap_fixedILi22ELi17EL9ap_q_mode0EL9ap_o_mode0EL_17940|       pointer|
|p_ZZ11network_topP13params_structP8ap_fixedILi22ELi17EL9ap_q_mode0EL9ap_o_mode0EL_17952         |  out|   22|      ap_vld|  p_ZZ11network_topP13params_structP8ap_fixedILi22ELi17EL9ap_q_mode0EL9ap_o_mode0EL_17952|       pointer|
|p_ZZ11network_topP13params_structP8ap_fixedILi22ELi17EL9ap_q_mode0EL9ap_o_mode0EL_17952_ap_vld  |  out|    1|      ap_vld|  p_ZZ11network_topP13params_structP8ap_fixedILi22ELi17EL9ap_q_mode0EL9ap_o_mode0EL_17952|       pointer|
|p_ZZ11network_topP13params_structP8ap_fixedILi22ELi17EL9ap_q_mode0EL9ap_o_mode0EL_17964         |  out|   22|      ap_vld|  p_ZZ11network_topP13params_structP8ap_fixedILi22ELi17EL9ap_q_mode0EL9ap_o_mode0EL_17964|       pointer|
|p_ZZ11network_topP13params_structP8ap_fixedILi22ELi17EL9ap_q_mode0EL9ap_o_mode0EL_17964_ap_vld  |  out|    1|      ap_vld|  p_ZZ11network_topP13params_structP8ap_fixedILi22ELi17EL9ap_q_mode0EL9ap_o_mode0EL_17964|       pointer|
|p_ZZ11network_topP13params_structP8ap_fixedILi22ELi17EL9ap_q_mode0EL9ap_o_mode0EL_17976         |  out|   22|      ap_vld|  p_ZZ11network_topP13params_structP8ap_fixedILi22ELi17EL9ap_q_mode0EL9ap_o_mode0EL_17976|       pointer|
|p_ZZ11network_topP13params_structP8ap_fixedILi22ELi17EL9ap_q_mode0EL9ap_o_mode0EL_17976_ap_vld  |  out|    1|      ap_vld|  p_ZZ11network_topP13params_structP8ap_fixedILi22ELi17EL9ap_q_mode0EL9ap_o_mode0EL_17976|       pointer|
|p_ZZ11network_topP13params_structP8ap_fixedILi22ELi17EL9ap_q_mode0EL9ap_o_mode0EL_17988         |  out|   22|      ap_vld|  p_ZZ11network_topP13params_structP8ap_fixedILi22ELi17EL9ap_q_mode0EL9ap_o_mode0EL_17988|       pointer|
|p_ZZ11network_topP13params_structP8ap_fixedILi22ELi17EL9ap_q_mode0EL9ap_o_mode0EL_17988_ap_vld  |  out|    1|      ap_vld|  p_ZZ11network_topP13params_structP8ap_fixedILi22ELi17EL9ap_q_mode0EL9ap_o_mode0EL_17988|       pointer|
|p_ZZ11network_topP13params_structP8ap_fixedILi22ELi17EL9ap_q_mode0EL9ap_o_mode0EL_18000         |  out|   22|      ap_vld|  p_ZZ11network_topP13params_structP8ap_fixedILi22ELi17EL9ap_q_mode0EL9ap_o_mode0EL_18000|       pointer|
|p_ZZ11network_topP13params_structP8ap_fixedILi22ELi17EL9ap_q_mode0EL9ap_o_mode0EL_18000_ap_vld  |  out|    1|      ap_vld|  p_ZZ11network_topP13params_structP8ap_fixedILi22ELi17EL9ap_q_mode0EL9ap_o_mode0EL_18000|       pointer|
|p_ZZ11network_topP13params_structP8ap_fixedILi22ELi17EL9ap_q_mode0EL9ap_o_mode0EL_18012         |  out|   22|      ap_vld|  p_ZZ11network_topP13params_structP8ap_fixedILi22ELi17EL9ap_q_mode0EL9ap_o_mode0EL_18012|       pointer|
|p_ZZ11network_topP13params_structP8ap_fixedILi22ELi17EL9ap_q_mode0EL9ap_o_mode0EL_18012_ap_vld  |  out|    1|      ap_vld|  p_ZZ11network_topP13params_structP8ap_fixedILi22ELi17EL9ap_q_mode0EL9ap_o_mode0EL_18012|       pointer|
|p_ZZ11network_topP13params_structP8ap_fixedILi22ELi17EL9ap_q_mode0EL9ap_o_mode0EL_18013         |  out|   22|      ap_vld|  p_ZZ11network_topP13params_structP8ap_fixedILi22ELi17EL9ap_q_mode0EL9ap_o_mode0EL_18013|       pointer|
|p_ZZ11network_topP13params_structP8ap_fixedILi22ELi17EL9ap_q_mode0EL9ap_o_mode0EL_18013_ap_vld  |  out|    1|      ap_vld|  p_ZZ11network_topP13params_structP8ap_fixedILi22ELi17EL9ap_q_mode0EL9ap_o_mode0EL_18013|       pointer|
|p_ZZ11network_topP13params_structP8ap_fixedILi22ELi17EL9ap_q_mode0EL9ap_o_mode0EL_17929         |  out|   22|      ap_vld|  p_ZZ11network_topP13params_structP8ap_fixedILi22ELi17EL9ap_q_mode0EL9ap_o_mode0EL_17929|       pointer|
|p_ZZ11network_topP13params_structP8ap_fixedILi22ELi17EL9ap_q_mode0EL9ap_o_mode0EL_17929_ap_vld  |  out|    1|      ap_vld|  p_ZZ11network_topP13params_structP8ap_fixedILi22ELi17EL9ap_q_mode0EL9ap_o_mode0EL_17929|       pointer|
|p_ZZ11network_topP13params_structP8ap_fixedILi22ELi17EL9ap_q_mode0EL9ap_o_mode0EL_17930         |  out|   22|      ap_vld|  p_ZZ11network_topP13params_structP8ap_fixedILi22ELi17EL9ap_q_mode0EL9ap_o_mode0EL_17930|       pointer|
|p_ZZ11network_topP13params_structP8ap_fixedILi22ELi17EL9ap_q_mode0EL9ap_o_mode0EL_17930_ap_vld  |  out|    1|      ap_vld|  p_ZZ11network_topP13params_structP8ap_fixedILi22ELi17EL9ap_q_mode0EL9ap_o_mode0EL_17930|       pointer|
|p_ZZ11network_topP13params_structP8ap_fixedILi22ELi17EL9ap_q_mode0EL9ap_o_mode0EL_17931         |  out|   22|      ap_vld|  p_ZZ11network_topP13params_structP8ap_fixedILi22ELi17EL9ap_q_mode0EL9ap_o_mode0EL_17931|       pointer|
|p_ZZ11network_topP13params_structP8ap_fixedILi22ELi17EL9ap_q_mode0EL9ap_o_mode0EL_17931_ap_vld  |  out|    1|      ap_vld|  p_ZZ11network_topP13params_structP8ap_fixedILi22ELi17EL9ap_q_mode0EL9ap_o_mode0EL_17931|       pointer|
|p_ZZ11network_topP13params_structP8ap_fixedILi22ELi17EL9ap_q_mode0EL9ap_o_mode0EL_17932         |  out|   22|      ap_vld|  p_ZZ11network_topP13params_structP8ap_fixedILi22ELi17EL9ap_q_mode0EL9ap_o_mode0EL_17932|       pointer|
|p_ZZ11network_topP13params_structP8ap_fixedILi22ELi17EL9ap_q_mode0EL9ap_o_mode0EL_17932_ap_vld  |  out|    1|      ap_vld|  p_ZZ11network_topP13params_structP8ap_fixedILi22ELi17EL9ap_q_mode0EL9ap_o_mode0EL_17932|       pointer|
|p_ZZ11network_topP13params_structP8ap_fixedILi22ELi17EL9ap_q_mode0EL9ap_o_mode0EL_17933         |  out|   22|      ap_vld|  p_ZZ11network_topP13params_structP8ap_fixedILi22ELi17EL9ap_q_mode0EL9ap_o_mode0EL_17933|       pointer|
|p_ZZ11network_topP13params_structP8ap_fixedILi22ELi17EL9ap_q_mode0EL9ap_o_mode0EL_17933_ap_vld  |  out|    1|      ap_vld|  p_ZZ11network_topP13params_structP8ap_fixedILi22ELi17EL9ap_q_mode0EL9ap_o_mode0EL_17933|       pointer|
|p_ZZ11network_topP13params_structP8ap_fixedILi22ELi17EL9ap_q_mode0EL9ap_o_mode0EL_17934         |  out|   22|      ap_vld|  p_ZZ11network_topP13params_structP8ap_fixedILi22ELi17EL9ap_q_mode0EL9ap_o_mode0EL_17934|       pointer|
|p_ZZ11network_topP13params_structP8ap_fixedILi22ELi17EL9ap_q_mode0EL9ap_o_mode0EL_17934_ap_vld  |  out|    1|      ap_vld|  p_ZZ11network_topP13params_structP8ap_fixedILi22ELi17EL9ap_q_mode0EL9ap_o_mode0EL_17934|       pointer|
|p_ZZ11network_topP13params_structP8ap_fixedILi22ELi17EL9ap_q_mode0EL9ap_o_mode0EL_17935         |  out|   22|      ap_vld|  p_ZZ11network_topP13params_structP8ap_fixedILi22ELi17EL9ap_q_mode0EL9ap_o_mode0EL_17935|       pointer|
|p_ZZ11network_topP13params_structP8ap_fixedILi22ELi17EL9ap_q_mode0EL9ap_o_mode0EL_17935_ap_vld  |  out|    1|      ap_vld|  p_ZZ11network_topP13params_structP8ap_fixedILi22ELi17EL9ap_q_mode0EL9ap_o_mode0EL_17935|       pointer|
|p_ZZ11network_topP13params_structP8ap_fixedILi22ELi17EL9ap_q_mode0EL9ap_o_mode0EL_17936         |  out|   22|      ap_vld|  p_ZZ11network_topP13params_structP8ap_fixedILi22ELi17EL9ap_q_mode0EL9ap_o_mode0EL_17936|       pointer|
|p_ZZ11network_topP13params_structP8ap_fixedILi22ELi17EL9ap_q_mode0EL9ap_o_mode0EL_17936_ap_vld  |  out|    1|      ap_vld|  p_ZZ11network_topP13params_structP8ap_fixedILi22ELi17EL9ap_q_mode0EL9ap_o_mode0EL_17936|       pointer|
|p_ZZ11network_topP13params_structP8ap_fixedILi22ELi17EL9ap_q_mode0EL9ap_o_mode0EL_17938         |  out|   22|      ap_vld|  p_ZZ11network_topP13params_structP8ap_fixedILi22ELi17EL9ap_q_mode0EL9ap_o_mode0EL_17938|       pointer|
|p_ZZ11network_topP13params_structP8ap_fixedILi22ELi17EL9ap_q_mode0EL9ap_o_mode0EL_17938_ap_vld  |  out|    1|      ap_vld|  p_ZZ11network_topP13params_structP8ap_fixedILi22ELi17EL9ap_q_mode0EL9ap_o_mode0EL_17938|       pointer|
|p_ZZ11network_topP13params_structP8ap_fixedILi22ELi17EL9ap_q_mode0EL9ap_o_mode0EL_17939         |  out|   22|      ap_vld|  p_ZZ11network_topP13params_structP8ap_fixedILi22ELi17EL9ap_q_mode0EL9ap_o_mode0EL_17939|       pointer|
|p_ZZ11network_topP13params_structP8ap_fixedILi22ELi17EL9ap_q_mode0EL9ap_o_mode0EL_17939_ap_vld  |  out|    1|      ap_vld|  p_ZZ11network_topP13params_structP8ap_fixedILi22ELi17EL9ap_q_mode0EL9ap_o_mode0EL_17939|       pointer|
|p_ZZ11network_topP13params_structP8ap_fixedILi22ELi17EL9ap_q_mode0EL9ap_o_mode0EL_17941         |  out|   22|      ap_vld|  p_ZZ11network_topP13params_structP8ap_fixedILi22ELi17EL9ap_q_mode0EL9ap_o_mode0EL_17941|       pointer|
|p_ZZ11network_topP13params_structP8ap_fixedILi22ELi17EL9ap_q_mode0EL9ap_o_mode0EL_17941_ap_vld  |  out|    1|      ap_vld|  p_ZZ11network_topP13params_structP8ap_fixedILi22ELi17EL9ap_q_mode0EL9ap_o_mode0EL_17941|       pointer|
|p_ZZ11network_topP13params_structP8ap_fixedILi22ELi17EL9ap_q_mode0EL9ap_o_mode0EL_17942         |  out|   22|      ap_vld|  p_ZZ11network_topP13params_structP8ap_fixedILi22ELi17EL9ap_q_mode0EL9ap_o_mode0EL_17942|       pointer|
|p_ZZ11network_topP13params_structP8ap_fixedILi22ELi17EL9ap_q_mode0EL9ap_o_mode0EL_17942_ap_vld  |  out|    1|      ap_vld|  p_ZZ11network_topP13params_structP8ap_fixedILi22ELi17EL9ap_q_mode0EL9ap_o_mode0EL_17942|       pointer|
|p_ZZ11network_topP13params_structP8ap_fixedILi22ELi17EL9ap_q_mode0EL9ap_o_mode0EL_17943         |  out|   22|      ap_vld|  p_ZZ11network_topP13params_structP8ap_fixedILi22ELi17EL9ap_q_mode0EL9ap_o_mode0EL_17943|       pointer|
|p_ZZ11network_topP13params_structP8ap_fixedILi22ELi17EL9ap_q_mode0EL9ap_o_mode0EL_17943_ap_vld  |  out|    1|      ap_vld|  p_ZZ11network_topP13params_structP8ap_fixedILi22ELi17EL9ap_q_mode0EL9ap_o_mode0EL_17943|       pointer|
|p_ZZ11network_topP13params_structP8ap_fixedILi22ELi17EL9ap_q_mode0EL9ap_o_mode0EL_17944         |  out|   22|      ap_vld|  p_ZZ11network_topP13params_structP8ap_fixedILi22ELi17EL9ap_q_mode0EL9ap_o_mode0EL_17944|       pointer|
|p_ZZ11network_topP13params_structP8ap_fixedILi22ELi17EL9ap_q_mode0EL9ap_o_mode0EL_17944_ap_vld  |  out|    1|      ap_vld|  p_ZZ11network_topP13params_structP8ap_fixedILi22ELi17EL9ap_q_mode0EL9ap_o_mode0EL_17944|       pointer|
|p_ZZ11network_topP13params_structP8ap_fixedILi22ELi17EL9ap_q_mode0EL9ap_o_mode0EL_17945         |  out|   22|      ap_vld|  p_ZZ11network_topP13params_structP8ap_fixedILi22ELi17EL9ap_q_mode0EL9ap_o_mode0EL_17945|       pointer|
|p_ZZ11network_topP13params_structP8ap_fixedILi22ELi17EL9ap_q_mode0EL9ap_o_mode0EL_17945_ap_vld  |  out|    1|      ap_vld|  p_ZZ11network_topP13params_structP8ap_fixedILi22ELi17EL9ap_q_mode0EL9ap_o_mode0EL_17945|       pointer|
|p_ZZ11network_topP13params_structP8ap_fixedILi22ELi17EL9ap_q_mode0EL9ap_o_mode0EL_17946         |  out|   22|      ap_vld|  p_ZZ11network_topP13params_structP8ap_fixedILi22ELi17EL9ap_q_mode0EL9ap_o_mode0EL_17946|       pointer|
|p_ZZ11network_topP13params_structP8ap_fixedILi22ELi17EL9ap_q_mode0EL9ap_o_mode0EL_17946_ap_vld  |  out|    1|      ap_vld|  p_ZZ11network_topP13params_structP8ap_fixedILi22ELi17EL9ap_q_mode0EL9ap_o_mode0EL_17946|       pointer|
|p_ZZ11network_topP13params_structP8ap_fixedILi22ELi17EL9ap_q_mode0EL9ap_o_mode0EL_17947         |  out|   22|      ap_vld|  p_ZZ11network_topP13params_structP8ap_fixedILi22ELi17EL9ap_q_mode0EL9ap_o_mode0EL_17947|       pointer|
|p_ZZ11network_topP13params_structP8ap_fixedILi22ELi17EL9ap_q_mode0EL9ap_o_mode0EL_17947_ap_vld  |  out|    1|      ap_vld|  p_ZZ11network_topP13params_structP8ap_fixedILi22ELi17EL9ap_q_mode0EL9ap_o_mode0EL_17947|       pointer|
|p_ZZ11network_topP13params_structP8ap_fixedILi22ELi17EL9ap_q_mode0EL9ap_o_mode0EL_17949         |  out|   22|      ap_vld|  p_ZZ11network_topP13params_structP8ap_fixedILi22ELi17EL9ap_q_mode0EL9ap_o_mode0EL_17949|       pointer|
|p_ZZ11network_topP13params_structP8ap_fixedILi22ELi17EL9ap_q_mode0EL9ap_o_mode0EL_17949_ap_vld  |  out|    1|      ap_vld|  p_ZZ11network_topP13params_structP8ap_fixedILi22ELi17EL9ap_q_mode0EL9ap_o_mode0EL_17949|       pointer|
|p_ZZ11network_topP13params_structP8ap_fixedILi22ELi17EL9ap_q_mode0EL9ap_o_mode0EL_17950         |  out|   22|      ap_vld|  p_ZZ11network_topP13params_structP8ap_fixedILi22ELi17EL9ap_q_mode0EL9ap_o_mode0EL_17950|       pointer|
|p_ZZ11network_topP13params_structP8ap_fixedILi22ELi17EL9ap_q_mode0EL9ap_o_mode0EL_17950_ap_vld  |  out|    1|      ap_vld|  p_ZZ11network_topP13params_structP8ap_fixedILi22ELi17EL9ap_q_mode0EL9ap_o_mode0EL_17950|       pointer|
|p_ZZ11network_topP13params_structP8ap_fixedILi22ELi17EL9ap_q_mode0EL9ap_o_mode0EL_17951         |  out|   22|      ap_vld|  p_ZZ11network_topP13params_structP8ap_fixedILi22ELi17EL9ap_q_mode0EL9ap_o_mode0EL_17951|       pointer|
|p_ZZ11network_topP13params_structP8ap_fixedILi22ELi17EL9ap_q_mode0EL9ap_o_mode0EL_17951_ap_vld  |  out|    1|      ap_vld|  p_ZZ11network_topP13params_structP8ap_fixedILi22ELi17EL9ap_q_mode0EL9ap_o_mode0EL_17951|       pointer|
|p_ZZ11network_topP13params_structP8ap_fixedILi22ELi17EL9ap_q_mode0EL9ap_o_mode0EL_17953         |  out|   22|      ap_vld|  p_ZZ11network_topP13params_structP8ap_fixedILi22ELi17EL9ap_q_mode0EL9ap_o_mode0EL_17953|       pointer|
|p_ZZ11network_topP13params_structP8ap_fixedILi22ELi17EL9ap_q_mode0EL9ap_o_mode0EL_17953_ap_vld  |  out|    1|      ap_vld|  p_ZZ11network_topP13params_structP8ap_fixedILi22ELi17EL9ap_q_mode0EL9ap_o_mode0EL_17953|       pointer|
|p_ZZ11network_topP13params_structP8ap_fixedILi22ELi17EL9ap_q_mode0EL9ap_o_mode0EL_17954         |  out|   22|      ap_vld|  p_ZZ11network_topP13params_structP8ap_fixedILi22ELi17EL9ap_q_mode0EL9ap_o_mode0EL_17954|       pointer|
|p_ZZ11network_topP13params_structP8ap_fixedILi22ELi17EL9ap_q_mode0EL9ap_o_mode0EL_17954_ap_vld  |  out|    1|      ap_vld|  p_ZZ11network_topP13params_structP8ap_fixedILi22ELi17EL9ap_q_mode0EL9ap_o_mode0EL_17954|       pointer|
|p_ZZ11network_topP13params_structP8ap_fixedILi22ELi17EL9ap_q_mode0EL9ap_o_mode0EL_17955         |  out|   22|      ap_vld|  p_ZZ11network_topP13params_structP8ap_fixedILi22ELi17EL9ap_q_mode0EL9ap_o_mode0EL_17955|       pointer|
|p_ZZ11network_topP13params_structP8ap_fixedILi22ELi17EL9ap_q_mode0EL9ap_o_mode0EL_17955_ap_vld  |  out|    1|      ap_vld|  p_ZZ11network_topP13params_structP8ap_fixedILi22ELi17EL9ap_q_mode0EL9ap_o_mode0EL_17955|       pointer|
|p_ZZ11network_topP13params_structP8ap_fixedILi22ELi17EL9ap_q_mode0EL9ap_o_mode0EL_17956         |  out|   22|      ap_vld|  p_ZZ11network_topP13params_structP8ap_fixedILi22ELi17EL9ap_q_mode0EL9ap_o_mode0EL_17956|       pointer|
|p_ZZ11network_topP13params_structP8ap_fixedILi22ELi17EL9ap_q_mode0EL9ap_o_mode0EL_17956_ap_vld  |  out|    1|      ap_vld|  p_ZZ11network_topP13params_structP8ap_fixedILi22ELi17EL9ap_q_mode0EL9ap_o_mode0EL_17956|       pointer|
|p_ZZ11network_topP13params_structP8ap_fixedILi22ELi17EL9ap_q_mode0EL9ap_o_mode0EL_17957         |  out|   22|      ap_vld|  p_ZZ11network_topP13params_structP8ap_fixedILi22ELi17EL9ap_q_mode0EL9ap_o_mode0EL_17957|       pointer|
|p_ZZ11network_topP13params_structP8ap_fixedILi22ELi17EL9ap_q_mode0EL9ap_o_mode0EL_17957_ap_vld  |  out|    1|      ap_vld|  p_ZZ11network_topP13params_structP8ap_fixedILi22ELi17EL9ap_q_mode0EL9ap_o_mode0EL_17957|       pointer|
|p_ZZ11network_topP13params_structP8ap_fixedILi22ELi17EL9ap_q_mode0EL9ap_o_mode0EL_17958         |  out|   22|      ap_vld|  p_ZZ11network_topP13params_structP8ap_fixedILi22ELi17EL9ap_q_mode0EL9ap_o_mode0EL_17958|       pointer|
|p_ZZ11network_topP13params_structP8ap_fixedILi22ELi17EL9ap_q_mode0EL9ap_o_mode0EL_17958_ap_vld  |  out|    1|      ap_vld|  p_ZZ11network_topP13params_structP8ap_fixedILi22ELi17EL9ap_q_mode0EL9ap_o_mode0EL_17958|       pointer|
|p_ZZ11network_topP13params_structP8ap_fixedILi22ELi17EL9ap_q_mode0EL9ap_o_mode0EL_17960         |  out|   22|      ap_vld|  p_ZZ11network_topP13params_structP8ap_fixedILi22ELi17EL9ap_q_mode0EL9ap_o_mode0EL_17960|       pointer|
|p_ZZ11network_topP13params_structP8ap_fixedILi22ELi17EL9ap_q_mode0EL9ap_o_mode0EL_17960_ap_vld  |  out|    1|      ap_vld|  p_ZZ11network_topP13params_structP8ap_fixedILi22ELi17EL9ap_q_mode0EL9ap_o_mode0EL_17960|       pointer|
|p_ZZ11network_topP13params_structP8ap_fixedILi22ELi17EL9ap_q_mode0EL9ap_o_mode0EL_17961         |  out|   22|      ap_vld|  p_ZZ11network_topP13params_structP8ap_fixedILi22ELi17EL9ap_q_mode0EL9ap_o_mode0EL_17961|       pointer|
|p_ZZ11network_topP13params_structP8ap_fixedILi22ELi17EL9ap_q_mode0EL9ap_o_mode0EL_17961_ap_vld  |  out|    1|      ap_vld|  p_ZZ11network_topP13params_structP8ap_fixedILi22ELi17EL9ap_q_mode0EL9ap_o_mode0EL_17961|       pointer|
|p_ZZ11network_topP13params_structP8ap_fixedILi22ELi17EL9ap_q_mode0EL9ap_o_mode0EL_17962         |  out|   22|      ap_vld|  p_ZZ11network_topP13params_structP8ap_fixedILi22ELi17EL9ap_q_mode0EL9ap_o_mode0EL_17962|       pointer|
|p_ZZ11network_topP13params_structP8ap_fixedILi22ELi17EL9ap_q_mode0EL9ap_o_mode0EL_17962_ap_vld  |  out|    1|      ap_vld|  p_ZZ11network_topP13params_structP8ap_fixedILi22ELi17EL9ap_q_mode0EL9ap_o_mode0EL_17962|       pointer|
|p_ZZ11network_topP13params_structP8ap_fixedILi22ELi17EL9ap_q_mode0EL9ap_o_mode0EL_17963         |  out|   22|      ap_vld|  p_ZZ11network_topP13params_structP8ap_fixedILi22ELi17EL9ap_q_mode0EL9ap_o_mode0EL_17963|       pointer|
|p_ZZ11network_topP13params_structP8ap_fixedILi22ELi17EL9ap_q_mode0EL9ap_o_mode0EL_17963_ap_vld  |  out|    1|      ap_vld|  p_ZZ11network_topP13params_structP8ap_fixedILi22ELi17EL9ap_q_mode0EL9ap_o_mode0EL_17963|       pointer|
|p_ZZ11network_topP13params_structP8ap_fixedILi22ELi17EL9ap_q_mode0EL9ap_o_mode0EL_17965         |  out|   22|      ap_vld|  p_ZZ11network_topP13params_structP8ap_fixedILi22ELi17EL9ap_q_mode0EL9ap_o_mode0EL_17965|       pointer|
|p_ZZ11network_topP13params_structP8ap_fixedILi22ELi17EL9ap_q_mode0EL9ap_o_mode0EL_17965_ap_vld  |  out|    1|      ap_vld|  p_ZZ11network_topP13params_structP8ap_fixedILi22ELi17EL9ap_q_mode0EL9ap_o_mode0EL_17965|       pointer|
|p_ZZ11network_topP13params_structP8ap_fixedILi22ELi17EL9ap_q_mode0EL9ap_o_mode0EL_17966         |  out|   22|      ap_vld|  p_ZZ11network_topP13params_structP8ap_fixedILi22ELi17EL9ap_q_mode0EL9ap_o_mode0EL_17966|       pointer|
|p_ZZ11network_topP13params_structP8ap_fixedILi22ELi17EL9ap_q_mode0EL9ap_o_mode0EL_17966_ap_vld  |  out|    1|      ap_vld|  p_ZZ11network_topP13params_structP8ap_fixedILi22ELi17EL9ap_q_mode0EL9ap_o_mode0EL_17966|       pointer|
|p_ZZ11network_topP13params_structP8ap_fixedILi22ELi17EL9ap_q_mode0EL9ap_o_mode0EL_17967         |  out|   22|      ap_vld|  p_ZZ11network_topP13params_structP8ap_fixedILi22ELi17EL9ap_q_mode0EL9ap_o_mode0EL_17967|       pointer|
|p_ZZ11network_topP13params_structP8ap_fixedILi22ELi17EL9ap_q_mode0EL9ap_o_mode0EL_17967_ap_vld  |  out|    1|      ap_vld|  p_ZZ11network_topP13params_structP8ap_fixedILi22ELi17EL9ap_q_mode0EL9ap_o_mode0EL_17967|       pointer|
|p_ZZ11network_topP13params_structP8ap_fixedILi22ELi17EL9ap_q_mode0EL9ap_o_mode0EL_17968         |  out|   22|      ap_vld|  p_ZZ11network_topP13params_structP8ap_fixedILi22ELi17EL9ap_q_mode0EL9ap_o_mode0EL_17968|       pointer|
|p_ZZ11network_topP13params_structP8ap_fixedILi22ELi17EL9ap_q_mode0EL9ap_o_mode0EL_17968_ap_vld  |  out|    1|      ap_vld|  p_ZZ11network_topP13params_structP8ap_fixedILi22ELi17EL9ap_q_mode0EL9ap_o_mode0EL_17968|       pointer|
|p_ZZ11network_topP13params_structP8ap_fixedILi22ELi17EL9ap_q_mode0EL9ap_o_mode0EL_17969         |  out|   22|      ap_vld|  p_ZZ11network_topP13params_structP8ap_fixedILi22ELi17EL9ap_q_mode0EL9ap_o_mode0EL_17969|       pointer|
|p_ZZ11network_topP13params_structP8ap_fixedILi22ELi17EL9ap_q_mode0EL9ap_o_mode0EL_17969_ap_vld  |  out|    1|      ap_vld|  p_ZZ11network_topP13params_structP8ap_fixedILi22ELi17EL9ap_q_mode0EL9ap_o_mode0EL_17969|       pointer|
|p_ZZ11network_topP13params_structP8ap_fixedILi22ELi17EL9ap_q_mode0EL9ap_o_mode0EL_17971         |  out|   22|      ap_vld|  p_ZZ11network_topP13params_structP8ap_fixedILi22ELi17EL9ap_q_mode0EL9ap_o_mode0EL_17971|       pointer|
|p_ZZ11network_topP13params_structP8ap_fixedILi22ELi17EL9ap_q_mode0EL9ap_o_mode0EL_17971_ap_vld  |  out|    1|      ap_vld|  p_ZZ11network_topP13params_structP8ap_fixedILi22ELi17EL9ap_q_mode0EL9ap_o_mode0EL_17971|       pointer|
|p_ZZ11network_topP13params_structP8ap_fixedILi22ELi17EL9ap_q_mode0EL9ap_o_mode0EL_17972         |  out|   22|      ap_vld|  p_ZZ11network_topP13params_structP8ap_fixedILi22ELi17EL9ap_q_mode0EL9ap_o_mode0EL_17972|       pointer|
|p_ZZ11network_topP13params_structP8ap_fixedILi22ELi17EL9ap_q_mode0EL9ap_o_mode0EL_17972_ap_vld  |  out|    1|      ap_vld|  p_ZZ11network_topP13params_structP8ap_fixedILi22ELi17EL9ap_q_mode0EL9ap_o_mode0EL_17972|       pointer|
|p_ZZ11network_topP13params_structP8ap_fixedILi22ELi17EL9ap_q_mode0EL9ap_o_mode0EL_17973         |  out|   22|      ap_vld|  p_ZZ11network_topP13params_structP8ap_fixedILi22ELi17EL9ap_q_mode0EL9ap_o_mode0EL_17973|       pointer|
|p_ZZ11network_topP13params_structP8ap_fixedILi22ELi17EL9ap_q_mode0EL9ap_o_mode0EL_17973_ap_vld  |  out|    1|      ap_vld|  p_ZZ11network_topP13params_structP8ap_fixedILi22ELi17EL9ap_q_mode0EL9ap_o_mode0EL_17973|       pointer|
|p_ZZ11network_topP13params_structP8ap_fixedILi22ELi17EL9ap_q_mode0EL9ap_o_mode0EL_17974         |  out|   22|      ap_vld|  p_ZZ11network_topP13params_structP8ap_fixedILi22ELi17EL9ap_q_mode0EL9ap_o_mode0EL_17974|       pointer|
|p_ZZ11network_topP13params_structP8ap_fixedILi22ELi17EL9ap_q_mode0EL9ap_o_mode0EL_17974_ap_vld  |  out|    1|      ap_vld|  p_ZZ11network_topP13params_structP8ap_fixedILi22ELi17EL9ap_q_mode0EL9ap_o_mode0EL_17974|       pointer|
|p_ZZ11network_topP13params_structP8ap_fixedILi22ELi17EL9ap_q_mode0EL9ap_o_mode0EL_17975         |  out|   22|      ap_vld|  p_ZZ11network_topP13params_structP8ap_fixedILi22ELi17EL9ap_q_mode0EL9ap_o_mode0EL_17975|       pointer|
|p_ZZ11network_topP13params_structP8ap_fixedILi22ELi17EL9ap_q_mode0EL9ap_o_mode0EL_17975_ap_vld  |  out|    1|      ap_vld|  p_ZZ11network_topP13params_structP8ap_fixedILi22ELi17EL9ap_q_mode0EL9ap_o_mode0EL_17975|       pointer|
|p_ZZ11network_topP13params_structP8ap_fixedILi22ELi17EL9ap_q_mode0EL9ap_o_mode0EL_17977         |  out|   22|      ap_vld|  p_ZZ11network_topP13params_structP8ap_fixedILi22ELi17EL9ap_q_mode0EL9ap_o_mode0EL_17977|       pointer|
|p_ZZ11network_topP13params_structP8ap_fixedILi22ELi17EL9ap_q_mode0EL9ap_o_mode0EL_17977_ap_vld  |  out|    1|      ap_vld|  p_ZZ11network_topP13params_structP8ap_fixedILi22ELi17EL9ap_q_mode0EL9ap_o_mode0EL_17977|       pointer|
|p_ZZ11network_topP13params_structP8ap_fixedILi22ELi17EL9ap_q_mode0EL9ap_o_mode0EL_17978         |  out|   22|      ap_vld|  p_ZZ11network_topP13params_structP8ap_fixedILi22ELi17EL9ap_q_mode0EL9ap_o_mode0EL_17978|       pointer|
|p_ZZ11network_topP13params_structP8ap_fixedILi22ELi17EL9ap_q_mode0EL9ap_o_mode0EL_17978_ap_vld  |  out|    1|      ap_vld|  p_ZZ11network_topP13params_structP8ap_fixedILi22ELi17EL9ap_q_mode0EL9ap_o_mode0EL_17978|       pointer|
|p_ZZ11network_topP13params_structP8ap_fixedILi22ELi17EL9ap_q_mode0EL9ap_o_mode0EL_17979         |  out|   22|      ap_vld|  p_ZZ11network_topP13params_structP8ap_fixedILi22ELi17EL9ap_q_mode0EL9ap_o_mode0EL_17979|       pointer|
|p_ZZ11network_topP13params_structP8ap_fixedILi22ELi17EL9ap_q_mode0EL9ap_o_mode0EL_17979_ap_vld  |  out|    1|      ap_vld|  p_ZZ11network_topP13params_structP8ap_fixedILi22ELi17EL9ap_q_mode0EL9ap_o_mode0EL_17979|       pointer|
|p_ZZ11network_topP13params_structP8ap_fixedILi22ELi17EL9ap_q_mode0EL9ap_o_mode0EL_17980         |  out|   22|      ap_vld|  p_ZZ11network_topP13params_structP8ap_fixedILi22ELi17EL9ap_q_mode0EL9ap_o_mode0EL_17980|       pointer|
|p_ZZ11network_topP13params_structP8ap_fixedILi22ELi17EL9ap_q_mode0EL9ap_o_mode0EL_17980_ap_vld  |  out|    1|      ap_vld|  p_ZZ11network_topP13params_structP8ap_fixedILi22ELi17EL9ap_q_mode0EL9ap_o_mode0EL_17980|       pointer|
|p_ZZ11network_topP13params_structP8ap_fixedILi22ELi17EL9ap_q_mode0EL9ap_o_mode0EL_17982         |  out|   22|      ap_vld|  p_ZZ11network_topP13params_structP8ap_fixedILi22ELi17EL9ap_q_mode0EL9ap_o_mode0EL_17982|       pointer|
|p_ZZ11network_topP13params_structP8ap_fixedILi22ELi17EL9ap_q_mode0EL9ap_o_mode0EL_17982_ap_vld  |  out|    1|      ap_vld|  p_ZZ11network_topP13params_structP8ap_fixedILi22ELi17EL9ap_q_mode0EL9ap_o_mode0EL_17982|       pointer|
|p_ZZ11network_topP13params_structP8ap_fixedILi22ELi17EL9ap_q_mode0EL9ap_o_mode0EL_17983         |  out|   22|      ap_vld|  p_ZZ11network_topP13params_structP8ap_fixedILi22ELi17EL9ap_q_mode0EL9ap_o_mode0EL_17983|       pointer|
|p_ZZ11network_topP13params_structP8ap_fixedILi22ELi17EL9ap_q_mode0EL9ap_o_mode0EL_17983_ap_vld  |  out|    1|      ap_vld|  p_ZZ11network_topP13params_structP8ap_fixedILi22ELi17EL9ap_q_mode0EL9ap_o_mode0EL_17983|       pointer|
|p_ZZ11network_topP13params_structP8ap_fixedILi22ELi17EL9ap_q_mode0EL9ap_o_mode0EL_17984         |  out|   22|      ap_vld|  p_ZZ11network_topP13params_structP8ap_fixedILi22ELi17EL9ap_q_mode0EL9ap_o_mode0EL_17984|       pointer|
|p_ZZ11network_topP13params_structP8ap_fixedILi22ELi17EL9ap_q_mode0EL9ap_o_mode0EL_17984_ap_vld  |  out|    1|      ap_vld|  p_ZZ11network_topP13params_structP8ap_fixedILi22ELi17EL9ap_q_mode0EL9ap_o_mode0EL_17984|       pointer|
|p_ZZ11network_topP13params_structP8ap_fixedILi22ELi17EL9ap_q_mode0EL9ap_o_mode0EL_17985         |  out|   22|      ap_vld|  p_ZZ11network_topP13params_structP8ap_fixedILi22ELi17EL9ap_q_mode0EL9ap_o_mode0EL_17985|       pointer|
|p_ZZ11network_topP13params_structP8ap_fixedILi22ELi17EL9ap_q_mode0EL9ap_o_mode0EL_17985_ap_vld  |  out|    1|      ap_vld|  p_ZZ11network_topP13params_structP8ap_fixedILi22ELi17EL9ap_q_mode0EL9ap_o_mode0EL_17985|       pointer|
|p_ZZ11network_topP13params_structP8ap_fixedILi22ELi17EL9ap_q_mode0EL9ap_o_mode0EL_17986         |  out|   22|      ap_vld|  p_ZZ11network_topP13params_structP8ap_fixedILi22ELi17EL9ap_q_mode0EL9ap_o_mode0EL_17986|       pointer|
|p_ZZ11network_topP13params_structP8ap_fixedILi22ELi17EL9ap_q_mode0EL9ap_o_mode0EL_17986_ap_vld  |  out|    1|      ap_vld|  p_ZZ11network_topP13params_structP8ap_fixedILi22ELi17EL9ap_q_mode0EL9ap_o_mode0EL_17986|       pointer|
|p_ZZ11network_topP13params_structP8ap_fixedILi22ELi17EL9ap_q_mode0EL9ap_o_mode0EL_17987         |  out|   22|      ap_vld|  p_ZZ11network_topP13params_structP8ap_fixedILi22ELi17EL9ap_q_mode0EL9ap_o_mode0EL_17987|       pointer|
|p_ZZ11network_topP13params_structP8ap_fixedILi22ELi17EL9ap_q_mode0EL9ap_o_mode0EL_17987_ap_vld  |  out|    1|      ap_vld|  p_ZZ11network_topP13params_structP8ap_fixedILi22ELi17EL9ap_q_mode0EL9ap_o_mode0EL_17987|       pointer|
|p_ZZ11network_topP13params_structP8ap_fixedILi22ELi17EL9ap_q_mode0EL9ap_o_mode0EL_17989         |  out|   22|      ap_vld|  p_ZZ11network_topP13params_structP8ap_fixedILi22ELi17EL9ap_q_mode0EL9ap_o_mode0EL_17989|       pointer|
|p_ZZ11network_topP13params_structP8ap_fixedILi22ELi17EL9ap_q_mode0EL9ap_o_mode0EL_17989_ap_vld  |  out|    1|      ap_vld|  p_ZZ11network_topP13params_structP8ap_fixedILi22ELi17EL9ap_q_mode0EL9ap_o_mode0EL_17989|       pointer|
|p_ZZ11network_topP13params_structP8ap_fixedILi22ELi17EL9ap_q_mode0EL9ap_o_mode0EL_17990         |  out|   22|      ap_vld|  p_ZZ11network_topP13params_structP8ap_fixedILi22ELi17EL9ap_q_mode0EL9ap_o_mode0EL_17990|       pointer|
|p_ZZ11network_topP13params_structP8ap_fixedILi22ELi17EL9ap_q_mode0EL9ap_o_mode0EL_17990_ap_vld  |  out|    1|      ap_vld|  p_ZZ11network_topP13params_structP8ap_fixedILi22ELi17EL9ap_q_mode0EL9ap_o_mode0EL_17990|       pointer|
|p_ZZ11network_topP13params_structP8ap_fixedILi22ELi17EL9ap_q_mode0EL9ap_o_mode0EL_17991         |  out|   22|      ap_vld|  p_ZZ11network_topP13params_structP8ap_fixedILi22ELi17EL9ap_q_mode0EL9ap_o_mode0EL_17991|       pointer|
|p_ZZ11network_topP13params_structP8ap_fixedILi22ELi17EL9ap_q_mode0EL9ap_o_mode0EL_17991_ap_vld  |  out|    1|      ap_vld|  p_ZZ11network_topP13params_structP8ap_fixedILi22ELi17EL9ap_q_mode0EL9ap_o_mode0EL_17991|       pointer|
|p_ZZ11network_topP13params_structP8ap_fixedILi22ELi17EL9ap_q_mode0EL9ap_o_mode0EL_17993         |  out|   22|      ap_vld|  p_ZZ11network_topP13params_structP8ap_fixedILi22ELi17EL9ap_q_mode0EL9ap_o_mode0EL_17993|       pointer|
|p_ZZ11network_topP13params_structP8ap_fixedILi22ELi17EL9ap_q_mode0EL9ap_o_mode0EL_17993_ap_vld  |  out|    1|      ap_vld|  p_ZZ11network_topP13params_structP8ap_fixedILi22ELi17EL9ap_q_mode0EL9ap_o_mode0EL_17993|       pointer|
|p_ZZ11network_topP13params_structP8ap_fixedILi22ELi17EL9ap_q_mode0EL9ap_o_mode0EL_17994         |  out|   22|      ap_vld|  p_ZZ11network_topP13params_structP8ap_fixedILi22ELi17EL9ap_q_mode0EL9ap_o_mode0EL_17994|       pointer|
|p_ZZ11network_topP13params_structP8ap_fixedILi22ELi17EL9ap_q_mode0EL9ap_o_mode0EL_17994_ap_vld  |  out|    1|      ap_vld|  p_ZZ11network_topP13params_structP8ap_fixedILi22ELi17EL9ap_q_mode0EL9ap_o_mode0EL_17994|       pointer|
|p_ZZ11network_topP13params_structP8ap_fixedILi22ELi17EL9ap_q_mode0EL9ap_o_mode0EL_17995         |  out|   22|      ap_vld|  p_ZZ11network_topP13params_structP8ap_fixedILi22ELi17EL9ap_q_mode0EL9ap_o_mode0EL_17995|       pointer|
|p_ZZ11network_topP13params_structP8ap_fixedILi22ELi17EL9ap_q_mode0EL9ap_o_mode0EL_17995_ap_vld  |  out|    1|      ap_vld|  p_ZZ11network_topP13params_structP8ap_fixedILi22ELi17EL9ap_q_mode0EL9ap_o_mode0EL_17995|       pointer|
|p_ZZ11network_topP13params_structP8ap_fixedILi22ELi17EL9ap_q_mode0EL9ap_o_mode0EL_17996         |  out|   22|      ap_vld|  p_ZZ11network_topP13params_structP8ap_fixedILi22ELi17EL9ap_q_mode0EL9ap_o_mode0EL_17996|       pointer|
|p_ZZ11network_topP13params_structP8ap_fixedILi22ELi17EL9ap_q_mode0EL9ap_o_mode0EL_17996_ap_vld  |  out|    1|      ap_vld|  p_ZZ11network_topP13params_structP8ap_fixedILi22ELi17EL9ap_q_mode0EL9ap_o_mode0EL_17996|       pointer|
|p_ZZ11network_topP13params_structP8ap_fixedILi22ELi17EL9ap_q_mode0EL9ap_o_mode0EL_17997         |  out|   22|      ap_vld|  p_ZZ11network_topP13params_structP8ap_fixedILi22ELi17EL9ap_q_mode0EL9ap_o_mode0EL_17997|       pointer|
|p_ZZ11network_topP13params_structP8ap_fixedILi22ELi17EL9ap_q_mode0EL9ap_o_mode0EL_17997_ap_vld  |  out|    1|      ap_vld|  p_ZZ11network_topP13params_structP8ap_fixedILi22ELi17EL9ap_q_mode0EL9ap_o_mode0EL_17997|       pointer|
|p_ZZ11network_topP13params_structP8ap_fixedILi22ELi17EL9ap_q_mode0EL9ap_o_mode0EL_17998         |  out|   22|      ap_vld|  p_ZZ11network_topP13params_structP8ap_fixedILi22ELi17EL9ap_q_mode0EL9ap_o_mode0EL_17998|       pointer|
|p_ZZ11network_topP13params_structP8ap_fixedILi22ELi17EL9ap_q_mode0EL9ap_o_mode0EL_17998_ap_vld  |  out|    1|      ap_vld|  p_ZZ11network_topP13params_structP8ap_fixedILi22ELi17EL9ap_q_mode0EL9ap_o_mode0EL_17998|       pointer|
|p_ZZ11network_topP13params_structP8ap_fixedILi22ELi17EL9ap_q_mode0EL9ap_o_mode0EL_17999         |  out|   22|      ap_vld|  p_ZZ11network_topP13params_structP8ap_fixedILi22ELi17EL9ap_q_mode0EL9ap_o_mode0EL_17999|       pointer|
|p_ZZ11network_topP13params_structP8ap_fixedILi22ELi17EL9ap_q_mode0EL9ap_o_mode0EL_17999_ap_vld  |  out|    1|      ap_vld|  p_ZZ11network_topP13params_structP8ap_fixedILi22ELi17EL9ap_q_mode0EL9ap_o_mode0EL_17999|       pointer|
|p_ZZ11network_topP13params_structP8ap_fixedILi22ELi17EL9ap_q_mode0EL9ap_o_mode0EL_18001         |  out|   22|      ap_vld|  p_ZZ11network_topP13params_structP8ap_fixedILi22ELi17EL9ap_q_mode0EL9ap_o_mode0EL_18001|       pointer|
|p_ZZ11network_topP13params_structP8ap_fixedILi22ELi17EL9ap_q_mode0EL9ap_o_mode0EL_18001_ap_vld  |  out|    1|      ap_vld|  p_ZZ11network_topP13params_structP8ap_fixedILi22ELi17EL9ap_q_mode0EL9ap_o_mode0EL_18001|       pointer|
|p_ZZ11network_topP13params_structP8ap_fixedILi22ELi17EL9ap_q_mode0EL9ap_o_mode0EL_18002         |  out|   22|      ap_vld|  p_ZZ11network_topP13params_structP8ap_fixedILi22ELi17EL9ap_q_mode0EL9ap_o_mode0EL_18002|       pointer|
|p_ZZ11network_topP13params_structP8ap_fixedILi22ELi17EL9ap_q_mode0EL9ap_o_mode0EL_18002_ap_vld  |  out|    1|      ap_vld|  p_ZZ11network_topP13params_structP8ap_fixedILi22ELi17EL9ap_q_mode0EL9ap_o_mode0EL_18002|       pointer|
|p_ZZ11network_topP13params_structP8ap_fixedILi22ELi17EL9ap_q_mode0EL9ap_o_mode0EL_18004         |  out|   22|      ap_vld|  p_ZZ11network_topP13params_structP8ap_fixedILi22ELi17EL9ap_q_mode0EL9ap_o_mode0EL_18004|       pointer|
|p_ZZ11network_topP13params_structP8ap_fixedILi22ELi17EL9ap_q_mode0EL9ap_o_mode0EL_18004_ap_vld  |  out|    1|      ap_vld|  p_ZZ11network_topP13params_structP8ap_fixedILi22ELi17EL9ap_q_mode0EL9ap_o_mode0EL_18004|       pointer|
|p_ZZ11network_topP13params_structP8ap_fixedILi22ELi17EL9ap_q_mode0EL9ap_o_mode0EL_18005         |  out|   22|      ap_vld|  p_ZZ11network_topP13params_structP8ap_fixedILi22ELi17EL9ap_q_mode0EL9ap_o_mode0EL_18005|       pointer|
|p_ZZ11network_topP13params_structP8ap_fixedILi22ELi17EL9ap_q_mode0EL9ap_o_mode0EL_18005_ap_vld  |  out|    1|      ap_vld|  p_ZZ11network_topP13params_structP8ap_fixedILi22ELi17EL9ap_q_mode0EL9ap_o_mode0EL_18005|       pointer|
|p_ZZ11network_topP13params_structP8ap_fixedILi22ELi17EL9ap_q_mode0EL9ap_o_mode0EL_18006         |  out|   22|      ap_vld|  p_ZZ11network_topP13params_structP8ap_fixedILi22ELi17EL9ap_q_mode0EL9ap_o_mode0EL_18006|       pointer|
|p_ZZ11network_topP13params_structP8ap_fixedILi22ELi17EL9ap_q_mode0EL9ap_o_mode0EL_18006_ap_vld  |  out|    1|      ap_vld|  p_ZZ11network_topP13params_structP8ap_fixedILi22ELi17EL9ap_q_mode0EL9ap_o_mode0EL_18006|       pointer|
|p_ZZ11network_topP13params_structP8ap_fixedILi22ELi17EL9ap_q_mode0EL9ap_o_mode0EL_18007         |  out|   22|      ap_vld|  p_ZZ11network_topP13params_structP8ap_fixedILi22ELi17EL9ap_q_mode0EL9ap_o_mode0EL_18007|       pointer|
|p_ZZ11network_topP13params_structP8ap_fixedILi22ELi17EL9ap_q_mode0EL9ap_o_mode0EL_18007_ap_vld  |  out|    1|      ap_vld|  p_ZZ11network_topP13params_structP8ap_fixedILi22ELi17EL9ap_q_mode0EL9ap_o_mode0EL_18007|       pointer|
|p_ZZ11network_topP13params_structP8ap_fixedILi22ELi17EL9ap_q_mode0EL9ap_o_mode0EL_18008         |  out|   22|      ap_vld|  p_ZZ11network_topP13params_structP8ap_fixedILi22ELi17EL9ap_q_mode0EL9ap_o_mode0EL_18008|       pointer|
|p_ZZ11network_topP13params_structP8ap_fixedILi22ELi17EL9ap_q_mode0EL9ap_o_mode0EL_18008_ap_vld  |  out|    1|      ap_vld|  p_ZZ11network_topP13params_structP8ap_fixedILi22ELi17EL9ap_q_mode0EL9ap_o_mode0EL_18008|       pointer|
|p_ZZ11network_topP13params_structP8ap_fixedILi22ELi17EL9ap_q_mode0EL9ap_o_mode0EL_18009         |  out|   22|      ap_vld|  p_ZZ11network_topP13params_structP8ap_fixedILi22ELi17EL9ap_q_mode0EL9ap_o_mode0EL_18009|       pointer|
|p_ZZ11network_topP13params_structP8ap_fixedILi22ELi17EL9ap_q_mode0EL9ap_o_mode0EL_18009_ap_vld  |  out|    1|      ap_vld|  p_ZZ11network_topP13params_structP8ap_fixedILi22ELi17EL9ap_q_mode0EL9ap_o_mode0EL_18009|       pointer|
|p_ZZ11network_topP13params_structP8ap_fixedILi22ELi17EL9ap_q_mode0EL9ap_o_mode0EL_18010         |  out|   22|      ap_vld|  p_ZZ11network_topP13params_structP8ap_fixedILi22ELi17EL9ap_q_mode0EL9ap_o_mode0EL_18010|       pointer|
|p_ZZ11network_topP13params_structP8ap_fixedILi22ELi17EL9ap_q_mode0EL9ap_o_mode0EL_18010_ap_vld  |  out|    1|      ap_vld|  p_ZZ11network_topP13params_structP8ap_fixedILi22ELi17EL9ap_q_mode0EL9ap_o_mode0EL_18010|       pointer|
|p_ZZ11network_topP13params_structP8ap_fixedILi22ELi17EL9ap_q_mode0EL9ap_o_mode0EL_18011         |  out|   22|      ap_vld|  p_ZZ11network_topP13params_structP8ap_fixedILi22ELi17EL9ap_q_mode0EL9ap_o_mode0EL_18011|       pointer|
|p_ZZ11network_topP13params_structP8ap_fixedILi22ELi17EL9ap_q_mode0EL9ap_o_mode0EL_18011_ap_vld  |  out|    1|      ap_vld|  p_ZZ11network_topP13params_structP8ap_fixedILi22ELi17EL9ap_q_mode0EL9ap_o_mode0EL_18011|       pointer|
+------------------------------------------------------------------------------------------------+-----+-----+------------+-----------------------------------------------------------------------------------------+--------------+

