

================================================================
== Vitis HLS Report for 'network_top_Pipeline_load_weight2_matrix_inner_loop74'
================================================================
* Date:           Wed Oct 18 18:28:59 2023

* Version:        2023.1 (Build 3854077 on May  4 2023)
* Project:        matrix_test2
* Solution:       solution1 (Vivado IP Flow Target)
* Product family: zynquplus
* Target device:  xczu7ev-ffvc1156-2-e


================================================================
== Performance Estimates
================================================================
+ Timing: 
    * Summary: 
    +--------+---------+----------+------------+
    |  Clock |  Target | Estimated| Uncertainty|
    +--------+---------+----------+------------+
    |ap_clk  |  0.35 us|  0.256 us|    94.50 ns|
    +--------+---------+----------+------------+

+ Latency: 
    * Summary: 
    +---------+---------+-----------+-----------+-----+-----+---------+
    |  Latency (cycles) |   Latency (absolute)  |  Interval | Pipeline|
    |   min   |   max   |    min    |    max    | min | max |   Type  |
    +---------+---------+-----------+-----------+-----+-----+---------+
    |       90|       90|  31.500 us|  31.500 us|   90|   90|       no|
    +---------+---------+-----------+-----------+-----+-----+---------+

    + Detail: 
        * Instance: 
        N/A

        * Loop: 
        +----------------------------------+---------+---------+----------+-----------+-----------+------+----------+
        |                                  |  Latency (cycles) | Iteration|  Initiation Interval  | Trip |          |
        |             Loop Name            |   min   |   max   |  Latency |  achieved |   target  | Count| Pipelined|
        +----------------------------------+---------+---------+----------+-----------+-----------+------+----------+
        |- load_weight2_matrix_inner_loop  |       88|       88|        10|          1|          1|    80|       yes|
        +----------------------------------+---------+---------+----------+-----------+-----------+------+----------+



================================================================
== Utilization Estimates
================================================================
* Summary: 
+-----------------+---------+------+--------+--------+-----+
|       Name      | BRAM_18K|  DSP |   FF   |   LUT  | URAM|
+-----------------+---------+------+--------+--------+-----+
|DSP              |        -|     -|       -|       -|    -|
|Expression       |        -|     -|       0|     187|    -|
|FIFO             |        -|     -|       -|       -|    -|
|Instance         |        -|     0|       0|       5|    -|
|Memory           |        -|     -|       -|       -|    -|
|Multiplexer      |        -|     -|       -|      99|    -|
|Register         |        -|     -|     183|      32|    -|
+-----------------+---------+------+--------+--------+-----+
|Total            |        0|     0|     183|     323|    0|
+-----------------+---------+------+--------+--------+-----+
|Available        |      624|  1728|  460800|  230400|   96|
+-----------------+---------+------+--------+--------+-----+
|Utilization (%)  |        0|     0|      ~0|      ~0|    0|
+-----------------+---------+------+--------+--------+-----+

+ Detail: 
    * Instance: 
    +---------------------------+---------------------+---------+----+---+----+-----+
    |          Instance         |        Module       | BRAM_18K| DSP| FF| LUT| URAM|
    +---------------------------+---------------------+---------+----+---+----+-----+
    |mul_3ns_11ns_12_1_1_U6227  |mul_3ns_11ns_12_1_1  |        0|   0|  0|   5|    0|
    +---------------------------+---------------------+---------+----+---+----+-----+
    |Total                      |                     |        0|   0|  0|   5|    0|
    +---------------------------+---------------------+---------+----+---+----+-----+

    * DSP: 
    N/A

    * Memory: 
    N/A

    * FIFO: 
    N/A

    * Expression: 
    +---------------------------+----------+----+---+----+------------+------------+
    |       Variable Name       | Operation| DSP| FF| LUT| Bitwidth P0| Bitwidth P1|
    +---------------------------+----------+----+---+----+------------+------------+
    |add_ln217_5_fu_565_p2      |         +|   0|  0|  14|           7|           1|
    |add_ln217_fu_448_p2        |         +|   0|  0|  14|           7|           1|
    |add_ln219_10_fu_536_p2     |         +|   0|  0|  71|          64|          64|
    |add_ln219_9_fu_518_p2      |         +|   0|  0|  20|          13|          10|
    |next_mul610_fu_460_p2      |         +|   0|  0|  22|          15|           8|
    |icmp_ln217_5_fu_571_p2     |      icmp|   0|  0|  14|           7|           5|
    |icmp_ln217_fu_442_p2       |      icmp|   0|  0|  14|           7|           7|
    |ap_block_pp0_stage0_11001  |        or|   0|  0|   2|           1|           1|
    |or_ln219_fu_490_p2         |        or|   0|  0|   7|           7|           7|
    |select_ln217_fu_577_p3     |    select|   0|  0|   7|           1|           7|
    |ap_enable_pp0              |       xor|   0|  0|   2|           1|           2|
    +---------------------------+----------+----+---+----+------------+------------+
    |Total                      |          |   0|  0| 187|         130|         113|
    +---------------------------+----------+----+---+----+------------+------------+

    * Multiplexer: 
    +-------------------------------------+----+-----------+-----+-----------+
    |                 Name                | LUT| Input Size| Bits| Total Bits|
    +-------------------------------------+----+-----------+-----+-----------+
    |ap_done_int                          |   9|          2|    1|          2|
    |ap_enable_reg_pp0_iter1              |   9|          2|    1|          2|
    |ap_sig_allocacmp_c_45                |   9|          2|    7|         14|
    |ap_sig_allocacmp_phi_mul609_load     |   9|          2|   15|         30|
    |ap_sig_allocacmp_phi_urem611_load    |   9|          2|    7|         14|
    |ap_sig_allocacmp_phi_urem611_load_1  |   9|          2|    7|         14|
    |c_fu_402                             |   9|          2|    7|         14|
    |gmem_blk_n_AR                        |   9|          2|    1|          2|
    |gmem_blk_n_R                         |   9|          2|    1|          2|
    |phi_mul609_fu_398                    |   9|          2|   15|         30|
    |phi_urem611_fu_394                   |   9|          2|    7|         14|
    +-------------------------------------+----+-----------+-----+-----------+
    |Total                                |  99|         22|   69|        138|
    +-------------------------------------+----+-----------+-----+-----------+

    * Register: 
    +----------------------------------+----+----+-----+-----------+
    |               Name               | FF | LUT| Bits| Const Bits|
    +----------------------------------+----+----+-----+-----------+
    |ap_CS_fsm                         |   1|   0|    1|          0|
    |ap_done_reg                       |   1|   0|    1|          0|
    |ap_enable_reg_pp0_iter1           |   1|   0|    1|          0|
    |ap_enable_reg_pp0_iter2           |   1|   0|    1|          0|
    |ap_enable_reg_pp0_iter3           |   1|   0|    1|          0|
    |ap_enable_reg_pp0_iter4           |   1|   0|    1|          0|
    |ap_enable_reg_pp0_iter5           |   1|   0|    1|          0|
    |ap_enable_reg_pp0_iter6           |   1|   0|    1|          0|
    |ap_enable_reg_pp0_iter7           |   1|   0|    1|          0|
    |ap_enable_reg_pp0_iter8           |   1|   0|    1|          0|
    |ap_enable_reg_pp0_iter9           |   1|   0|    1|          0|
    |ap_loop_exit_ready_pp0_iter1_reg  |   1|   0|    1|          0|
    |ap_loop_exit_ready_pp0_iter2_reg  |   1|   0|    1|          0|
    |ap_loop_exit_ready_pp0_iter3_reg  |   1|   0|    1|          0|
    |ap_loop_exit_ready_pp0_iter4_reg  |   1|   0|    1|          0|
    |ap_loop_exit_ready_pp0_iter5_reg  |   1|   0|    1|          0|
    |ap_loop_exit_ready_pp0_iter6_reg  |   1|   0|    1|          0|
    |ap_loop_exit_ready_pp0_iter7_reg  |   1|   0|    1|          0|
    |ap_loop_exit_ready_pp0_iter8_reg  |   1|   0|    1|          0|
    |c_45_reg_1106                     |   7|   0|    7|          0|
    |c_fu_402                          |   7|   0|    7|          0|
    |gmem_addr_reg_1114                |  64|   0|   64|          0|
    |phi_mul609_fu_398                 |  15|   0|   15|          0|
    |phi_urem611_fu_394                |   7|   0|    7|          0|
    |c_45_reg_1106                     |  64|  32|    7|          0|
    +----------------------------------+----+----+-----+-----------+
    |Total                             | 183|  32|  126|          0|
    +----------------------------------+----+----+-----+-----------+



================================================================
== Interface
================================================================
* Summary: 
+------------------------------------------------------------------------------------------------+-----+-----+------------+-----------------------------------------------------------------------------------------+--------------+
|                                            RTL Ports                                           | Dir | Bits|  Protocol  |                                      Source Object                                      |    C Type    |
+------------------------------------------------------------------------------------------------+-----+-----+------------+-----------------------------------------------------------------------------------------+--------------+
|ap_clk                                                                                          |   in|    1|  ap_ctrl_hs|                                    network_top_Pipeline_load_weight2_matrix_inner_loop74|  return value|
|ap_rst                                                                                          |   in|    1|  ap_ctrl_hs|                                    network_top_Pipeline_load_weight2_matrix_inner_loop74|  return value|
|ap_start                                                                                        |   in|    1|  ap_ctrl_hs|                                    network_top_Pipeline_load_weight2_matrix_inner_loop74|  return value|
|ap_done                                                                                         |  out|    1|  ap_ctrl_hs|                                    network_top_Pipeline_load_weight2_matrix_inner_loop74|  return value|
|ap_idle                                                                                         |  out|    1|  ap_ctrl_hs|                                    network_top_Pipeline_load_weight2_matrix_inner_loop74|  return value|
|ap_ready                                                                                        |  out|    1|  ap_ctrl_hs|                                    network_top_Pipeline_load_weight2_matrix_inner_loop74|  return value|
|m_axi_gmem_AWVALID                                                                              |  out|    1|       m_axi|                                                                                     gmem|       pointer|
|m_axi_gmem_AWREADY                                                                              |   in|    1|       m_axi|                                                                                     gmem|       pointer|
|m_axi_gmem_AWADDR                                                                               |  out|   64|       m_axi|                                                                                     gmem|       pointer|
|m_axi_gmem_AWID                                                                                 |  out|    1|       m_axi|                                                                                     gmem|       pointer|
|m_axi_gmem_AWLEN                                                                                |  out|   32|       m_axi|                                                                                     gmem|       pointer|
|m_axi_gmem_AWSIZE                                                                               |  out|    3|       m_axi|                                                                                     gmem|       pointer|
|m_axi_gmem_AWBURST                                                                              |  out|    2|       m_axi|                                                                                     gmem|       pointer|
|m_axi_gmem_AWLOCK                                                                               |  out|    2|       m_axi|                                                                                     gmem|       pointer|
|m_axi_gmem_AWCACHE                                                                              |  out|    4|       m_axi|                                                                                     gmem|       pointer|
|m_axi_gmem_AWPROT                                                                               |  out|    3|       m_axi|                                                                                     gmem|       pointer|
|m_axi_gmem_AWQOS                                                                                |  out|    4|       m_axi|                                                                                     gmem|       pointer|
|m_axi_gmem_AWREGION                                                                             |  out|    4|       m_axi|                                                                                     gmem|       pointer|
|m_axi_gmem_AWUSER                                                                               |  out|    1|       m_axi|                                                                                     gmem|       pointer|
|m_axi_gmem_WVALID                                                                               |  out|    1|       m_axi|                                                                                     gmem|       pointer|
|m_axi_gmem_WREADY                                                                               |   in|    1|       m_axi|                                                                                     gmem|       pointer|
|m_axi_gmem_WDATA                                                                                |  out|   32|       m_axi|                                                                                     gmem|       pointer|
|m_axi_gmem_WSTRB                                                                                |  out|    4|       m_axi|                                                                                     gmem|       pointer|
|m_axi_gmem_WLAST                                                                                |  out|    1|       m_axi|                                                                                     gmem|       pointer|
|m_axi_gmem_WID                                                                                  |  out|    1|       m_axi|                                                                                     gmem|       pointer|
|m_axi_gmem_WUSER                                                                                |  out|    1|       m_axi|                                                                                     gmem|       pointer|
|m_axi_gmem_ARVALID                                                                              |  out|    1|       m_axi|                                                                                     gmem|       pointer|
|m_axi_gmem_ARREADY                                                                              |   in|    1|       m_axi|                                                                                     gmem|       pointer|
|m_axi_gmem_ARADDR                                                                               |  out|   64|       m_axi|                                                                                     gmem|       pointer|
|m_axi_gmem_ARID                                                                                 |  out|    1|       m_axi|                                                                                     gmem|       pointer|
|m_axi_gmem_ARLEN                                                                                |  out|   32|       m_axi|                                                                                     gmem|       pointer|
|m_axi_gmem_ARSIZE                                                                               |  out|    3|       m_axi|                                                                                     gmem|       pointer|
|m_axi_gmem_ARBURST                                                                              |  out|    2|       m_axi|                                                                                     gmem|       pointer|
|m_axi_gmem_ARLOCK                                                                               |  out|    2|       m_axi|                                                                                     gmem|       pointer|
|m_axi_gmem_ARCACHE                                                                              |  out|    4|       m_axi|                                                                                     gmem|       pointer|
|m_axi_gmem_ARPROT                                                                               |  out|    3|       m_axi|                                                                                     gmem|       pointer|
|m_axi_gmem_ARQOS                                                                                |  out|    4|       m_axi|                                                                                     gmem|       pointer|
|m_axi_gmem_ARREGION                                                                             |  out|    4|       m_axi|                                                                                     gmem|       pointer|
|m_axi_gmem_ARUSER                                                                               |  out|    1|       m_axi|                                                                                     gmem|       pointer|
|m_axi_gmem_RVALID                                                                               |   in|    1|       m_axi|                                                                                     gmem|       pointer|
|m_axi_gmem_RREADY                                                                               |  out|    1|       m_axi|                                                                                     gmem|       pointer|
|m_axi_gmem_RDATA                                                                                |   in|   32|       m_axi|                                                                                     gmem|       pointer|
|m_axi_gmem_RLAST                                                                                |   in|    1|       m_axi|                                                                                     gmem|       pointer|
|m_axi_gmem_RID                                                                                  |   in|    1|       m_axi|                                                                                     gmem|       pointer|
|m_axi_gmem_RFIFONUM                                                                             |   in|    9|       m_axi|                                                                                     gmem|       pointer|
|m_axi_gmem_RUSER                                                                                |   in|    1|       m_axi|                                                                                     gmem|       pointer|
|m_axi_gmem_RRESP                                                                                |   in|    2|       m_axi|                                                                                     gmem|       pointer|
|m_axi_gmem_BVALID                                                                               |   in|    1|       m_axi|                                                                                     gmem|       pointer|
|m_axi_gmem_BREADY                                                                               |  out|    1|       m_axi|                                                                                     gmem|       pointer|
|m_axi_gmem_BRESP                                                                                |   in|    2|       m_axi|                                                                                     gmem|       pointer|
|m_axi_gmem_BID                                                                                  |   in|    1|       m_axi|                                                                                     gmem|       pointer|
|m_axi_gmem_BUSER                                                                                |   in|    1|       m_axi|                                                                                     gmem|       pointer|
|add_ln219                                                                                       |   in|   64|     ap_none|                                                                                add_ln219|        scalar|
|p_ZZ11network_topP13params_structP8ap_fixedILi22ELi17EL9ap_q_mode0EL9ap_o_mode0EL_15463         |  out|   22|      ap_vld|  p_ZZ11network_topP13params_structP8ap_fixedILi22ELi17EL9ap_q_mode0EL9ap_o_mode0EL_15463|       pointer|
|p_ZZ11network_topP13params_structP8ap_fixedILi22ELi17EL9ap_q_mode0EL9ap_o_mode0EL_15463_ap_vld  |  out|    1|      ap_vld|  p_ZZ11network_topP13params_structP8ap_fixedILi22ELi17EL9ap_q_mode0EL9ap_o_mode0EL_15463|       pointer|
|p_ZZ11network_topP13params_structP8ap_fixedILi22ELi17EL9ap_q_mode0EL9ap_o_mode0EL_15464         |  out|   22|      ap_vld|  p_ZZ11network_topP13params_structP8ap_fixedILi22ELi17EL9ap_q_mode0EL9ap_o_mode0EL_15464|       pointer|
|p_ZZ11network_topP13params_structP8ap_fixedILi22ELi17EL9ap_q_mode0EL9ap_o_mode0EL_15464_ap_vld  |  out|    1|      ap_vld|  p_ZZ11network_topP13params_structP8ap_fixedILi22ELi17EL9ap_q_mode0EL9ap_o_mode0EL_15464|       pointer|
|p_ZZ11network_topP13params_structP8ap_fixedILi22ELi17EL9ap_q_mode0EL9ap_o_mode0EL_15476         |  out|   22|      ap_vld|  p_ZZ11network_topP13params_structP8ap_fixedILi22ELi17EL9ap_q_mode0EL9ap_o_mode0EL_15476|       pointer|
|p_ZZ11network_topP13params_structP8ap_fixedILi22ELi17EL9ap_q_mode0EL9ap_o_mode0EL_15476_ap_vld  |  out|    1|      ap_vld|  p_ZZ11network_topP13params_structP8ap_fixedILi22ELi17EL9ap_q_mode0EL9ap_o_mode0EL_15476|       pointer|
|p_ZZ11network_topP13params_structP8ap_fixedILi22ELi17EL9ap_q_mode0EL9ap_o_mode0EL_15488         |  out|   22|      ap_vld|  p_ZZ11network_topP13params_structP8ap_fixedILi22ELi17EL9ap_q_mode0EL9ap_o_mode0EL_15488|       pointer|
|p_ZZ11network_topP13params_structP8ap_fixedILi22ELi17EL9ap_q_mode0EL9ap_o_mode0EL_15488_ap_vld  |  out|    1|      ap_vld|  p_ZZ11network_topP13params_structP8ap_fixedILi22ELi17EL9ap_q_mode0EL9ap_o_mode0EL_15488|       pointer|
|p_ZZ11network_topP13params_structP8ap_fixedILi22ELi17EL9ap_q_mode0EL9ap_o_mode0EL_15500         |  out|   22|      ap_vld|  p_ZZ11network_topP13params_structP8ap_fixedILi22ELi17EL9ap_q_mode0EL9ap_o_mode0EL_15500|       pointer|
|p_ZZ11network_topP13params_structP8ap_fixedILi22ELi17EL9ap_q_mode0EL9ap_o_mode0EL_15500_ap_vld  |  out|    1|      ap_vld|  p_ZZ11network_topP13params_structP8ap_fixedILi22ELi17EL9ap_q_mode0EL9ap_o_mode0EL_15500|       pointer|
|p_ZZ11network_topP13params_structP8ap_fixedILi22ELi17EL9ap_q_mode0EL9ap_o_mode0EL_15512         |  out|   22|      ap_vld|  p_ZZ11network_topP13params_structP8ap_fixedILi22ELi17EL9ap_q_mode0EL9ap_o_mode0EL_15512|       pointer|
|p_ZZ11network_topP13params_structP8ap_fixedILi22ELi17EL9ap_q_mode0EL9ap_o_mode0EL_15512_ap_vld  |  out|    1|      ap_vld|  p_ZZ11network_topP13params_structP8ap_fixedILi22ELi17EL9ap_q_mode0EL9ap_o_mode0EL_15512|       pointer|
|p_ZZ11network_topP13params_structP8ap_fixedILi22ELi17EL9ap_q_mode0EL9ap_o_mode0EL_15524         |  out|   22|      ap_vld|  p_ZZ11network_topP13params_structP8ap_fixedILi22ELi17EL9ap_q_mode0EL9ap_o_mode0EL_15524|       pointer|
|p_ZZ11network_topP13params_structP8ap_fixedILi22ELi17EL9ap_q_mode0EL9ap_o_mode0EL_15524_ap_vld  |  out|    1|      ap_vld|  p_ZZ11network_topP13params_structP8ap_fixedILi22ELi17EL9ap_q_mode0EL9ap_o_mode0EL_15524|       pointer|
|p_ZZ11network_topP13params_structP8ap_fixedILi22ELi17EL9ap_q_mode0EL9ap_o_mode0EL_15536         |  out|   22|      ap_vld|  p_ZZ11network_topP13params_structP8ap_fixedILi22ELi17EL9ap_q_mode0EL9ap_o_mode0EL_15536|       pointer|
|p_ZZ11network_topP13params_structP8ap_fixedILi22ELi17EL9ap_q_mode0EL9ap_o_mode0EL_15536_ap_vld  |  out|    1|      ap_vld|  p_ZZ11network_topP13params_structP8ap_fixedILi22ELi17EL9ap_q_mode0EL9ap_o_mode0EL_15536|       pointer|
|p_ZZ11network_topP13params_structP8ap_fixedILi22ELi17EL9ap_q_mode0EL9ap_o_mode0EL_15548         |  out|   22|      ap_vld|  p_ZZ11network_topP13params_structP8ap_fixedILi22ELi17EL9ap_q_mode0EL9ap_o_mode0EL_15548|       pointer|
|p_ZZ11network_topP13params_structP8ap_fixedILi22ELi17EL9ap_q_mode0EL9ap_o_mode0EL_15548_ap_vld  |  out|    1|      ap_vld|  p_ZZ11network_topP13params_structP8ap_fixedILi22ELi17EL9ap_q_mode0EL9ap_o_mode0EL_15548|       pointer|
|p_ZZ11network_topP13params_structP8ap_fixedILi22ELi17EL9ap_q_mode0EL9ap_o_mode0EL_15549         |  out|   22|      ap_vld|  p_ZZ11network_topP13params_structP8ap_fixedILi22ELi17EL9ap_q_mode0EL9ap_o_mode0EL_15549|       pointer|
|p_ZZ11network_topP13params_structP8ap_fixedILi22ELi17EL9ap_q_mode0EL9ap_o_mode0EL_15549_ap_vld  |  out|    1|      ap_vld|  p_ZZ11network_topP13params_structP8ap_fixedILi22ELi17EL9ap_q_mode0EL9ap_o_mode0EL_15549|       pointer|
|p_ZZ11network_topP13params_structP8ap_fixedILi22ELi17EL9ap_q_mode0EL9ap_o_mode0EL_15465         |  out|   22|      ap_vld|  p_ZZ11network_topP13params_structP8ap_fixedILi22ELi17EL9ap_q_mode0EL9ap_o_mode0EL_15465|       pointer|
|p_ZZ11network_topP13params_structP8ap_fixedILi22ELi17EL9ap_q_mode0EL9ap_o_mode0EL_15465_ap_vld  |  out|    1|      ap_vld|  p_ZZ11network_topP13params_structP8ap_fixedILi22ELi17EL9ap_q_mode0EL9ap_o_mode0EL_15465|       pointer|
|p_ZZ11network_topP13params_structP8ap_fixedILi22ELi17EL9ap_q_mode0EL9ap_o_mode0EL_15466         |  out|   22|      ap_vld|  p_ZZ11network_topP13params_structP8ap_fixedILi22ELi17EL9ap_q_mode0EL9ap_o_mode0EL_15466|       pointer|
|p_ZZ11network_topP13params_structP8ap_fixedILi22ELi17EL9ap_q_mode0EL9ap_o_mode0EL_15466_ap_vld  |  out|    1|      ap_vld|  p_ZZ11network_topP13params_structP8ap_fixedILi22ELi17EL9ap_q_mode0EL9ap_o_mode0EL_15466|       pointer|
|p_ZZ11network_topP13params_structP8ap_fixedILi22ELi17EL9ap_q_mode0EL9ap_o_mode0EL_15467         |  out|   22|      ap_vld|  p_ZZ11network_topP13params_structP8ap_fixedILi22ELi17EL9ap_q_mode0EL9ap_o_mode0EL_15467|       pointer|
|p_ZZ11network_topP13params_structP8ap_fixedILi22ELi17EL9ap_q_mode0EL9ap_o_mode0EL_15467_ap_vld  |  out|    1|      ap_vld|  p_ZZ11network_topP13params_structP8ap_fixedILi22ELi17EL9ap_q_mode0EL9ap_o_mode0EL_15467|       pointer|
|p_ZZ11network_topP13params_structP8ap_fixedILi22ELi17EL9ap_q_mode0EL9ap_o_mode0EL_15468         |  out|   22|      ap_vld|  p_ZZ11network_topP13params_structP8ap_fixedILi22ELi17EL9ap_q_mode0EL9ap_o_mode0EL_15468|       pointer|
|p_ZZ11network_topP13params_structP8ap_fixedILi22ELi17EL9ap_q_mode0EL9ap_o_mode0EL_15468_ap_vld  |  out|    1|      ap_vld|  p_ZZ11network_topP13params_structP8ap_fixedILi22ELi17EL9ap_q_mode0EL9ap_o_mode0EL_15468|       pointer|
|p_ZZ11network_topP13params_structP8ap_fixedILi22ELi17EL9ap_q_mode0EL9ap_o_mode0EL_15469         |  out|   22|      ap_vld|  p_ZZ11network_topP13params_structP8ap_fixedILi22ELi17EL9ap_q_mode0EL9ap_o_mode0EL_15469|       pointer|
|p_ZZ11network_topP13params_structP8ap_fixedILi22ELi17EL9ap_q_mode0EL9ap_o_mode0EL_15469_ap_vld  |  out|    1|      ap_vld|  p_ZZ11network_topP13params_structP8ap_fixedILi22ELi17EL9ap_q_mode0EL9ap_o_mode0EL_15469|       pointer|
|p_ZZ11network_topP13params_structP8ap_fixedILi22ELi17EL9ap_q_mode0EL9ap_o_mode0EL_15470         |  out|   22|      ap_vld|  p_ZZ11network_topP13params_structP8ap_fixedILi22ELi17EL9ap_q_mode0EL9ap_o_mode0EL_15470|       pointer|
|p_ZZ11network_topP13params_structP8ap_fixedILi22ELi17EL9ap_q_mode0EL9ap_o_mode0EL_15470_ap_vld  |  out|    1|      ap_vld|  p_ZZ11network_topP13params_structP8ap_fixedILi22ELi17EL9ap_q_mode0EL9ap_o_mode0EL_15470|       pointer|
|p_ZZ11network_topP13params_structP8ap_fixedILi22ELi17EL9ap_q_mode0EL9ap_o_mode0EL_15471         |  out|   22|      ap_vld|  p_ZZ11network_topP13params_structP8ap_fixedILi22ELi17EL9ap_q_mode0EL9ap_o_mode0EL_15471|       pointer|
|p_ZZ11network_topP13params_structP8ap_fixedILi22ELi17EL9ap_q_mode0EL9ap_o_mode0EL_15471_ap_vld  |  out|    1|      ap_vld|  p_ZZ11network_topP13params_structP8ap_fixedILi22ELi17EL9ap_q_mode0EL9ap_o_mode0EL_15471|       pointer|
|p_ZZ11network_topP13params_structP8ap_fixedILi22ELi17EL9ap_q_mode0EL9ap_o_mode0EL_15472         |  out|   22|      ap_vld|  p_ZZ11network_topP13params_structP8ap_fixedILi22ELi17EL9ap_q_mode0EL9ap_o_mode0EL_15472|       pointer|
|p_ZZ11network_topP13params_structP8ap_fixedILi22ELi17EL9ap_q_mode0EL9ap_o_mode0EL_15472_ap_vld  |  out|    1|      ap_vld|  p_ZZ11network_topP13params_structP8ap_fixedILi22ELi17EL9ap_q_mode0EL9ap_o_mode0EL_15472|       pointer|
|p_ZZ11network_topP13params_structP8ap_fixedILi22ELi17EL9ap_q_mode0EL9ap_o_mode0EL_15474         |  out|   22|      ap_vld|  p_ZZ11network_topP13params_structP8ap_fixedILi22ELi17EL9ap_q_mode0EL9ap_o_mode0EL_15474|       pointer|
|p_ZZ11network_topP13params_structP8ap_fixedILi22ELi17EL9ap_q_mode0EL9ap_o_mode0EL_15474_ap_vld  |  out|    1|      ap_vld|  p_ZZ11network_topP13params_structP8ap_fixedILi22ELi17EL9ap_q_mode0EL9ap_o_mode0EL_15474|       pointer|
|p_ZZ11network_topP13params_structP8ap_fixedILi22ELi17EL9ap_q_mode0EL9ap_o_mode0EL_15475         |  out|   22|      ap_vld|  p_ZZ11network_topP13params_structP8ap_fixedILi22ELi17EL9ap_q_mode0EL9ap_o_mode0EL_15475|       pointer|
|p_ZZ11network_topP13params_structP8ap_fixedILi22ELi17EL9ap_q_mode0EL9ap_o_mode0EL_15475_ap_vld  |  out|    1|      ap_vld|  p_ZZ11network_topP13params_structP8ap_fixedILi22ELi17EL9ap_q_mode0EL9ap_o_mode0EL_15475|       pointer|
|p_ZZ11network_topP13params_structP8ap_fixedILi22ELi17EL9ap_q_mode0EL9ap_o_mode0EL_15477         |  out|   22|      ap_vld|  p_ZZ11network_topP13params_structP8ap_fixedILi22ELi17EL9ap_q_mode0EL9ap_o_mode0EL_15477|       pointer|
|p_ZZ11network_topP13params_structP8ap_fixedILi22ELi17EL9ap_q_mode0EL9ap_o_mode0EL_15477_ap_vld  |  out|    1|      ap_vld|  p_ZZ11network_topP13params_structP8ap_fixedILi22ELi17EL9ap_q_mode0EL9ap_o_mode0EL_15477|       pointer|
|p_ZZ11network_topP13params_structP8ap_fixedILi22ELi17EL9ap_q_mode0EL9ap_o_mode0EL_15478         |  out|   22|      ap_vld|  p_ZZ11network_topP13params_structP8ap_fixedILi22ELi17EL9ap_q_mode0EL9ap_o_mode0EL_15478|       pointer|
|p_ZZ11network_topP13params_structP8ap_fixedILi22ELi17EL9ap_q_mode0EL9ap_o_mode0EL_15478_ap_vld  |  out|    1|      ap_vld|  p_ZZ11network_topP13params_structP8ap_fixedILi22ELi17EL9ap_q_mode0EL9ap_o_mode0EL_15478|       pointer|
|p_ZZ11network_topP13params_structP8ap_fixedILi22ELi17EL9ap_q_mode0EL9ap_o_mode0EL_15479         |  out|   22|      ap_vld|  p_ZZ11network_topP13params_structP8ap_fixedILi22ELi17EL9ap_q_mode0EL9ap_o_mode0EL_15479|       pointer|
|p_ZZ11network_topP13params_structP8ap_fixedILi22ELi17EL9ap_q_mode0EL9ap_o_mode0EL_15479_ap_vld  |  out|    1|      ap_vld|  p_ZZ11network_topP13params_structP8ap_fixedILi22ELi17EL9ap_q_mode0EL9ap_o_mode0EL_15479|       pointer|
|p_ZZ11network_topP13params_structP8ap_fixedILi22ELi17EL9ap_q_mode0EL9ap_o_mode0EL_15480         |  out|   22|      ap_vld|  p_ZZ11network_topP13params_structP8ap_fixedILi22ELi17EL9ap_q_mode0EL9ap_o_mode0EL_15480|       pointer|
|p_ZZ11network_topP13params_structP8ap_fixedILi22ELi17EL9ap_q_mode0EL9ap_o_mode0EL_15480_ap_vld  |  out|    1|      ap_vld|  p_ZZ11network_topP13params_structP8ap_fixedILi22ELi17EL9ap_q_mode0EL9ap_o_mode0EL_15480|       pointer|
|p_ZZ11network_topP13params_structP8ap_fixedILi22ELi17EL9ap_q_mode0EL9ap_o_mode0EL_15481         |  out|   22|      ap_vld|  p_ZZ11network_topP13params_structP8ap_fixedILi22ELi17EL9ap_q_mode0EL9ap_o_mode0EL_15481|       pointer|
|p_ZZ11network_topP13params_structP8ap_fixedILi22ELi17EL9ap_q_mode0EL9ap_o_mode0EL_15481_ap_vld  |  out|    1|      ap_vld|  p_ZZ11network_topP13params_structP8ap_fixedILi22ELi17EL9ap_q_mode0EL9ap_o_mode0EL_15481|       pointer|
|p_ZZ11network_topP13params_structP8ap_fixedILi22ELi17EL9ap_q_mode0EL9ap_o_mode0EL_15482         |  out|   22|      ap_vld|  p_ZZ11network_topP13params_structP8ap_fixedILi22ELi17EL9ap_q_mode0EL9ap_o_mode0EL_15482|       pointer|
|p_ZZ11network_topP13params_structP8ap_fixedILi22ELi17EL9ap_q_mode0EL9ap_o_mode0EL_15482_ap_vld  |  out|    1|      ap_vld|  p_ZZ11network_topP13params_structP8ap_fixedILi22ELi17EL9ap_q_mode0EL9ap_o_mode0EL_15482|       pointer|
|p_ZZ11network_topP13params_structP8ap_fixedILi22ELi17EL9ap_q_mode0EL9ap_o_mode0EL_15483         |  out|   22|      ap_vld|  p_ZZ11network_topP13params_structP8ap_fixedILi22ELi17EL9ap_q_mode0EL9ap_o_mode0EL_15483|       pointer|
|p_ZZ11network_topP13params_structP8ap_fixedILi22ELi17EL9ap_q_mode0EL9ap_o_mode0EL_15483_ap_vld  |  out|    1|      ap_vld|  p_ZZ11network_topP13params_structP8ap_fixedILi22ELi17EL9ap_q_mode0EL9ap_o_mode0EL_15483|       pointer|
|p_ZZ11network_topP13params_structP8ap_fixedILi22ELi17EL9ap_q_mode0EL9ap_o_mode0EL_15485         |  out|   22|      ap_vld|  p_ZZ11network_topP13params_structP8ap_fixedILi22ELi17EL9ap_q_mode0EL9ap_o_mode0EL_15485|       pointer|
|p_ZZ11network_topP13params_structP8ap_fixedILi22ELi17EL9ap_q_mode0EL9ap_o_mode0EL_15485_ap_vld  |  out|    1|      ap_vld|  p_ZZ11network_topP13params_structP8ap_fixedILi22ELi17EL9ap_q_mode0EL9ap_o_mode0EL_15485|       pointer|
|p_ZZ11network_topP13params_structP8ap_fixedILi22ELi17EL9ap_q_mode0EL9ap_o_mode0EL_15486         |  out|   22|      ap_vld|  p_ZZ11network_topP13params_structP8ap_fixedILi22ELi17EL9ap_q_mode0EL9ap_o_mode0EL_15486|       pointer|
|p_ZZ11network_topP13params_structP8ap_fixedILi22ELi17EL9ap_q_mode0EL9ap_o_mode0EL_15486_ap_vld  |  out|    1|      ap_vld|  p_ZZ11network_topP13params_structP8ap_fixedILi22ELi17EL9ap_q_mode0EL9ap_o_mode0EL_15486|       pointer|
|p_ZZ11network_topP13params_structP8ap_fixedILi22ELi17EL9ap_q_mode0EL9ap_o_mode0EL_15487         |  out|   22|      ap_vld|  p_ZZ11network_topP13params_structP8ap_fixedILi22ELi17EL9ap_q_mode0EL9ap_o_mode0EL_15487|       pointer|
|p_ZZ11network_topP13params_structP8ap_fixedILi22ELi17EL9ap_q_mode0EL9ap_o_mode0EL_15487_ap_vld  |  out|    1|      ap_vld|  p_ZZ11network_topP13params_structP8ap_fixedILi22ELi17EL9ap_q_mode0EL9ap_o_mode0EL_15487|       pointer|
|p_ZZ11network_topP13params_structP8ap_fixedILi22ELi17EL9ap_q_mode0EL9ap_o_mode0EL_15489         |  out|   22|      ap_vld|  p_ZZ11network_topP13params_structP8ap_fixedILi22ELi17EL9ap_q_mode0EL9ap_o_mode0EL_15489|       pointer|
|p_ZZ11network_topP13params_structP8ap_fixedILi22ELi17EL9ap_q_mode0EL9ap_o_mode0EL_15489_ap_vld  |  out|    1|      ap_vld|  p_ZZ11network_topP13params_structP8ap_fixedILi22ELi17EL9ap_q_mode0EL9ap_o_mode0EL_15489|       pointer|
|p_ZZ11network_topP13params_structP8ap_fixedILi22ELi17EL9ap_q_mode0EL9ap_o_mode0EL_15490         |  out|   22|      ap_vld|  p_ZZ11network_topP13params_structP8ap_fixedILi22ELi17EL9ap_q_mode0EL9ap_o_mode0EL_15490|       pointer|
|p_ZZ11network_topP13params_structP8ap_fixedILi22ELi17EL9ap_q_mode0EL9ap_o_mode0EL_15490_ap_vld  |  out|    1|      ap_vld|  p_ZZ11network_topP13params_structP8ap_fixedILi22ELi17EL9ap_q_mode0EL9ap_o_mode0EL_15490|       pointer|
|p_ZZ11network_topP13params_structP8ap_fixedILi22ELi17EL9ap_q_mode0EL9ap_o_mode0EL_15491         |  out|   22|      ap_vld|  p_ZZ11network_topP13params_structP8ap_fixedILi22ELi17EL9ap_q_mode0EL9ap_o_mode0EL_15491|       pointer|
|p_ZZ11network_topP13params_structP8ap_fixedILi22ELi17EL9ap_q_mode0EL9ap_o_mode0EL_15491_ap_vld  |  out|    1|      ap_vld|  p_ZZ11network_topP13params_structP8ap_fixedILi22ELi17EL9ap_q_mode0EL9ap_o_mode0EL_15491|       pointer|
|p_ZZ11network_topP13params_structP8ap_fixedILi22ELi17EL9ap_q_mode0EL9ap_o_mode0EL_15492         |  out|   22|      ap_vld|  p_ZZ11network_topP13params_structP8ap_fixedILi22ELi17EL9ap_q_mode0EL9ap_o_mode0EL_15492|       pointer|
|p_ZZ11network_topP13params_structP8ap_fixedILi22ELi17EL9ap_q_mode0EL9ap_o_mode0EL_15492_ap_vld  |  out|    1|      ap_vld|  p_ZZ11network_topP13params_structP8ap_fixedILi22ELi17EL9ap_q_mode0EL9ap_o_mode0EL_15492|       pointer|
|p_ZZ11network_topP13params_structP8ap_fixedILi22ELi17EL9ap_q_mode0EL9ap_o_mode0EL_15493         |  out|   22|      ap_vld|  p_ZZ11network_topP13params_structP8ap_fixedILi22ELi17EL9ap_q_mode0EL9ap_o_mode0EL_15493|       pointer|
|p_ZZ11network_topP13params_structP8ap_fixedILi22ELi17EL9ap_q_mode0EL9ap_o_mode0EL_15493_ap_vld  |  out|    1|      ap_vld|  p_ZZ11network_topP13params_structP8ap_fixedILi22ELi17EL9ap_q_mode0EL9ap_o_mode0EL_15493|       pointer|
|p_ZZ11network_topP13params_structP8ap_fixedILi22ELi17EL9ap_q_mode0EL9ap_o_mode0EL_15494         |  out|   22|      ap_vld|  p_ZZ11network_topP13params_structP8ap_fixedILi22ELi17EL9ap_q_mode0EL9ap_o_mode0EL_15494|       pointer|
|p_ZZ11network_topP13params_structP8ap_fixedILi22ELi17EL9ap_q_mode0EL9ap_o_mode0EL_15494_ap_vld  |  out|    1|      ap_vld|  p_ZZ11network_topP13params_structP8ap_fixedILi22ELi17EL9ap_q_mode0EL9ap_o_mode0EL_15494|       pointer|
|p_ZZ11network_topP13params_structP8ap_fixedILi22ELi17EL9ap_q_mode0EL9ap_o_mode0EL_15496         |  out|   22|      ap_vld|  p_ZZ11network_topP13params_structP8ap_fixedILi22ELi17EL9ap_q_mode0EL9ap_o_mode0EL_15496|       pointer|
|p_ZZ11network_topP13params_structP8ap_fixedILi22ELi17EL9ap_q_mode0EL9ap_o_mode0EL_15496_ap_vld  |  out|    1|      ap_vld|  p_ZZ11network_topP13params_structP8ap_fixedILi22ELi17EL9ap_q_mode0EL9ap_o_mode0EL_15496|       pointer|
|p_ZZ11network_topP13params_structP8ap_fixedILi22ELi17EL9ap_q_mode0EL9ap_o_mode0EL_15497         |  out|   22|      ap_vld|  p_ZZ11network_topP13params_structP8ap_fixedILi22ELi17EL9ap_q_mode0EL9ap_o_mode0EL_15497|       pointer|
|p_ZZ11network_topP13params_structP8ap_fixedILi22ELi17EL9ap_q_mode0EL9ap_o_mode0EL_15497_ap_vld  |  out|    1|      ap_vld|  p_ZZ11network_topP13params_structP8ap_fixedILi22ELi17EL9ap_q_mode0EL9ap_o_mode0EL_15497|       pointer|
|p_ZZ11network_topP13params_structP8ap_fixedILi22ELi17EL9ap_q_mode0EL9ap_o_mode0EL_15498         |  out|   22|      ap_vld|  p_ZZ11network_topP13params_structP8ap_fixedILi22ELi17EL9ap_q_mode0EL9ap_o_mode0EL_15498|       pointer|
|p_ZZ11network_topP13params_structP8ap_fixedILi22ELi17EL9ap_q_mode0EL9ap_o_mode0EL_15498_ap_vld  |  out|    1|      ap_vld|  p_ZZ11network_topP13params_structP8ap_fixedILi22ELi17EL9ap_q_mode0EL9ap_o_mode0EL_15498|       pointer|
|p_ZZ11network_topP13params_structP8ap_fixedILi22ELi17EL9ap_q_mode0EL9ap_o_mode0EL_15499         |  out|   22|      ap_vld|  p_ZZ11network_topP13params_structP8ap_fixedILi22ELi17EL9ap_q_mode0EL9ap_o_mode0EL_15499|       pointer|
|p_ZZ11network_topP13params_structP8ap_fixedILi22ELi17EL9ap_q_mode0EL9ap_o_mode0EL_15499_ap_vld  |  out|    1|      ap_vld|  p_ZZ11network_topP13params_structP8ap_fixedILi22ELi17EL9ap_q_mode0EL9ap_o_mode0EL_15499|       pointer|
|p_ZZ11network_topP13params_structP8ap_fixedILi22ELi17EL9ap_q_mode0EL9ap_o_mode0EL_15501         |  out|   22|      ap_vld|  p_ZZ11network_topP13params_structP8ap_fixedILi22ELi17EL9ap_q_mode0EL9ap_o_mode0EL_15501|       pointer|
|p_ZZ11network_topP13params_structP8ap_fixedILi22ELi17EL9ap_q_mode0EL9ap_o_mode0EL_15501_ap_vld  |  out|    1|      ap_vld|  p_ZZ11network_topP13params_structP8ap_fixedILi22ELi17EL9ap_q_mode0EL9ap_o_mode0EL_15501|       pointer|
|p_ZZ11network_topP13params_structP8ap_fixedILi22ELi17EL9ap_q_mode0EL9ap_o_mode0EL_15502         |  out|   22|      ap_vld|  p_ZZ11network_topP13params_structP8ap_fixedILi22ELi17EL9ap_q_mode0EL9ap_o_mode0EL_15502|       pointer|
|p_ZZ11network_topP13params_structP8ap_fixedILi22ELi17EL9ap_q_mode0EL9ap_o_mode0EL_15502_ap_vld  |  out|    1|      ap_vld|  p_ZZ11network_topP13params_structP8ap_fixedILi22ELi17EL9ap_q_mode0EL9ap_o_mode0EL_15502|       pointer|
|p_ZZ11network_topP13params_structP8ap_fixedILi22ELi17EL9ap_q_mode0EL9ap_o_mode0EL_15503         |  out|   22|      ap_vld|  p_ZZ11network_topP13params_structP8ap_fixedILi22ELi17EL9ap_q_mode0EL9ap_o_mode0EL_15503|       pointer|
|p_ZZ11network_topP13params_structP8ap_fixedILi22ELi17EL9ap_q_mode0EL9ap_o_mode0EL_15503_ap_vld  |  out|    1|      ap_vld|  p_ZZ11network_topP13params_structP8ap_fixedILi22ELi17EL9ap_q_mode0EL9ap_o_mode0EL_15503|       pointer|
|p_ZZ11network_topP13params_structP8ap_fixedILi22ELi17EL9ap_q_mode0EL9ap_o_mode0EL_15504         |  out|   22|      ap_vld|  p_ZZ11network_topP13params_structP8ap_fixedILi22ELi17EL9ap_q_mode0EL9ap_o_mode0EL_15504|       pointer|
|p_ZZ11network_topP13params_structP8ap_fixedILi22ELi17EL9ap_q_mode0EL9ap_o_mode0EL_15504_ap_vld  |  out|    1|      ap_vld|  p_ZZ11network_topP13params_structP8ap_fixedILi22ELi17EL9ap_q_mode0EL9ap_o_mode0EL_15504|       pointer|
|p_ZZ11network_topP13params_structP8ap_fixedILi22ELi17EL9ap_q_mode0EL9ap_o_mode0EL_15505         |  out|   22|      ap_vld|  p_ZZ11network_topP13params_structP8ap_fixedILi22ELi17EL9ap_q_mode0EL9ap_o_mode0EL_15505|       pointer|
|p_ZZ11network_topP13params_structP8ap_fixedILi22ELi17EL9ap_q_mode0EL9ap_o_mode0EL_15505_ap_vld  |  out|    1|      ap_vld|  p_ZZ11network_topP13params_structP8ap_fixedILi22ELi17EL9ap_q_mode0EL9ap_o_mode0EL_15505|       pointer|
|p_ZZ11network_topP13params_structP8ap_fixedILi22ELi17EL9ap_q_mode0EL9ap_o_mode0EL_15507         |  out|   22|      ap_vld|  p_ZZ11network_topP13params_structP8ap_fixedILi22ELi17EL9ap_q_mode0EL9ap_o_mode0EL_15507|       pointer|
|p_ZZ11network_topP13params_structP8ap_fixedILi22ELi17EL9ap_q_mode0EL9ap_o_mode0EL_15507_ap_vld  |  out|    1|      ap_vld|  p_ZZ11network_topP13params_structP8ap_fixedILi22ELi17EL9ap_q_mode0EL9ap_o_mode0EL_15507|       pointer|
|p_ZZ11network_topP13params_structP8ap_fixedILi22ELi17EL9ap_q_mode0EL9ap_o_mode0EL_15508         |  out|   22|      ap_vld|  p_ZZ11network_topP13params_structP8ap_fixedILi22ELi17EL9ap_q_mode0EL9ap_o_mode0EL_15508|       pointer|
|p_ZZ11network_topP13params_structP8ap_fixedILi22ELi17EL9ap_q_mode0EL9ap_o_mode0EL_15508_ap_vld  |  out|    1|      ap_vld|  p_ZZ11network_topP13params_structP8ap_fixedILi22ELi17EL9ap_q_mode0EL9ap_o_mode0EL_15508|       pointer|
|p_ZZ11network_topP13params_structP8ap_fixedILi22ELi17EL9ap_q_mode0EL9ap_o_mode0EL_15509         |  out|   22|      ap_vld|  p_ZZ11network_topP13params_structP8ap_fixedILi22ELi17EL9ap_q_mode0EL9ap_o_mode0EL_15509|       pointer|
|p_ZZ11network_topP13params_structP8ap_fixedILi22ELi17EL9ap_q_mode0EL9ap_o_mode0EL_15509_ap_vld  |  out|    1|      ap_vld|  p_ZZ11network_topP13params_structP8ap_fixedILi22ELi17EL9ap_q_mode0EL9ap_o_mode0EL_15509|       pointer|
|p_ZZ11network_topP13params_structP8ap_fixedILi22ELi17EL9ap_q_mode0EL9ap_o_mode0EL_15510         |  out|   22|      ap_vld|  p_ZZ11network_topP13params_structP8ap_fixedILi22ELi17EL9ap_q_mode0EL9ap_o_mode0EL_15510|       pointer|
|p_ZZ11network_topP13params_structP8ap_fixedILi22ELi17EL9ap_q_mode0EL9ap_o_mode0EL_15510_ap_vld  |  out|    1|      ap_vld|  p_ZZ11network_topP13params_structP8ap_fixedILi22ELi17EL9ap_q_mode0EL9ap_o_mode0EL_15510|       pointer|
|p_ZZ11network_topP13params_structP8ap_fixedILi22ELi17EL9ap_q_mode0EL9ap_o_mode0EL_15511         |  out|   22|      ap_vld|  p_ZZ11network_topP13params_structP8ap_fixedILi22ELi17EL9ap_q_mode0EL9ap_o_mode0EL_15511|       pointer|
|p_ZZ11network_topP13params_structP8ap_fixedILi22ELi17EL9ap_q_mode0EL9ap_o_mode0EL_15511_ap_vld  |  out|    1|      ap_vld|  p_ZZ11network_topP13params_structP8ap_fixedILi22ELi17EL9ap_q_mode0EL9ap_o_mode0EL_15511|       pointer|
|p_ZZ11network_topP13params_structP8ap_fixedILi22ELi17EL9ap_q_mode0EL9ap_o_mode0EL_15513         |  out|   22|      ap_vld|  p_ZZ11network_topP13params_structP8ap_fixedILi22ELi17EL9ap_q_mode0EL9ap_o_mode0EL_15513|       pointer|
|p_ZZ11network_topP13params_structP8ap_fixedILi22ELi17EL9ap_q_mode0EL9ap_o_mode0EL_15513_ap_vld  |  out|    1|      ap_vld|  p_ZZ11network_topP13params_structP8ap_fixedILi22ELi17EL9ap_q_mode0EL9ap_o_mode0EL_15513|       pointer|
|p_ZZ11network_topP13params_structP8ap_fixedILi22ELi17EL9ap_q_mode0EL9ap_o_mode0EL_15514         |  out|   22|      ap_vld|  p_ZZ11network_topP13params_structP8ap_fixedILi22ELi17EL9ap_q_mode0EL9ap_o_mode0EL_15514|       pointer|
|p_ZZ11network_topP13params_structP8ap_fixedILi22ELi17EL9ap_q_mode0EL9ap_o_mode0EL_15514_ap_vld  |  out|    1|      ap_vld|  p_ZZ11network_topP13params_structP8ap_fixedILi22ELi17EL9ap_q_mode0EL9ap_o_mode0EL_15514|       pointer|
|p_ZZ11network_topP13params_structP8ap_fixedILi22ELi17EL9ap_q_mode0EL9ap_o_mode0EL_15515         |  out|   22|      ap_vld|  p_ZZ11network_topP13params_structP8ap_fixedILi22ELi17EL9ap_q_mode0EL9ap_o_mode0EL_15515|       pointer|
|p_ZZ11network_topP13params_structP8ap_fixedILi22ELi17EL9ap_q_mode0EL9ap_o_mode0EL_15515_ap_vld  |  out|    1|      ap_vld|  p_ZZ11network_topP13params_structP8ap_fixedILi22ELi17EL9ap_q_mode0EL9ap_o_mode0EL_15515|       pointer|
|p_ZZ11network_topP13params_structP8ap_fixedILi22ELi17EL9ap_q_mode0EL9ap_o_mode0EL_15516         |  out|   22|      ap_vld|  p_ZZ11network_topP13params_structP8ap_fixedILi22ELi17EL9ap_q_mode0EL9ap_o_mode0EL_15516|       pointer|
|p_ZZ11network_topP13params_structP8ap_fixedILi22ELi17EL9ap_q_mode0EL9ap_o_mode0EL_15516_ap_vld  |  out|    1|      ap_vld|  p_ZZ11network_topP13params_structP8ap_fixedILi22ELi17EL9ap_q_mode0EL9ap_o_mode0EL_15516|       pointer|
|p_ZZ11network_topP13params_structP8ap_fixedILi22ELi17EL9ap_q_mode0EL9ap_o_mode0EL_15518         |  out|   22|      ap_vld|  p_ZZ11network_topP13params_structP8ap_fixedILi22ELi17EL9ap_q_mode0EL9ap_o_mode0EL_15518|       pointer|
|p_ZZ11network_topP13params_structP8ap_fixedILi22ELi17EL9ap_q_mode0EL9ap_o_mode0EL_15518_ap_vld  |  out|    1|      ap_vld|  p_ZZ11network_topP13params_structP8ap_fixedILi22ELi17EL9ap_q_mode0EL9ap_o_mode0EL_15518|       pointer|
|p_ZZ11network_topP13params_structP8ap_fixedILi22ELi17EL9ap_q_mode0EL9ap_o_mode0EL_15519         |  out|   22|      ap_vld|  p_ZZ11network_topP13params_structP8ap_fixedILi22ELi17EL9ap_q_mode0EL9ap_o_mode0EL_15519|       pointer|
|p_ZZ11network_topP13params_structP8ap_fixedILi22ELi17EL9ap_q_mode0EL9ap_o_mode0EL_15519_ap_vld  |  out|    1|      ap_vld|  p_ZZ11network_topP13params_structP8ap_fixedILi22ELi17EL9ap_q_mode0EL9ap_o_mode0EL_15519|       pointer|
|p_ZZ11network_topP13params_structP8ap_fixedILi22ELi17EL9ap_q_mode0EL9ap_o_mode0EL_15520         |  out|   22|      ap_vld|  p_ZZ11network_topP13params_structP8ap_fixedILi22ELi17EL9ap_q_mode0EL9ap_o_mode0EL_15520|       pointer|
|p_ZZ11network_topP13params_structP8ap_fixedILi22ELi17EL9ap_q_mode0EL9ap_o_mode0EL_15520_ap_vld  |  out|    1|      ap_vld|  p_ZZ11network_topP13params_structP8ap_fixedILi22ELi17EL9ap_q_mode0EL9ap_o_mode0EL_15520|       pointer|
|p_ZZ11network_topP13params_structP8ap_fixedILi22ELi17EL9ap_q_mode0EL9ap_o_mode0EL_15521         |  out|   22|      ap_vld|  p_ZZ11network_topP13params_structP8ap_fixedILi22ELi17EL9ap_q_mode0EL9ap_o_mode0EL_15521|       pointer|
|p_ZZ11network_topP13params_structP8ap_fixedILi22ELi17EL9ap_q_mode0EL9ap_o_mode0EL_15521_ap_vld  |  out|    1|      ap_vld|  p_ZZ11network_topP13params_structP8ap_fixedILi22ELi17EL9ap_q_mode0EL9ap_o_mode0EL_15521|       pointer|
|p_ZZ11network_topP13params_structP8ap_fixedILi22ELi17EL9ap_q_mode0EL9ap_o_mode0EL_15522         |  out|   22|      ap_vld|  p_ZZ11network_topP13params_structP8ap_fixedILi22ELi17EL9ap_q_mode0EL9ap_o_mode0EL_15522|       pointer|
|p_ZZ11network_topP13params_structP8ap_fixedILi22ELi17EL9ap_q_mode0EL9ap_o_mode0EL_15522_ap_vld  |  out|    1|      ap_vld|  p_ZZ11network_topP13params_structP8ap_fixedILi22ELi17EL9ap_q_mode0EL9ap_o_mode0EL_15522|       pointer|
|p_ZZ11network_topP13params_structP8ap_fixedILi22ELi17EL9ap_q_mode0EL9ap_o_mode0EL_15523         |  out|   22|      ap_vld|  p_ZZ11network_topP13params_structP8ap_fixedILi22ELi17EL9ap_q_mode0EL9ap_o_mode0EL_15523|       pointer|
|p_ZZ11network_topP13params_structP8ap_fixedILi22ELi17EL9ap_q_mode0EL9ap_o_mode0EL_15523_ap_vld  |  out|    1|      ap_vld|  p_ZZ11network_topP13params_structP8ap_fixedILi22ELi17EL9ap_q_mode0EL9ap_o_mode0EL_15523|       pointer|
|p_ZZ11network_topP13params_structP8ap_fixedILi22ELi17EL9ap_q_mode0EL9ap_o_mode0EL_15525         |  out|   22|      ap_vld|  p_ZZ11network_topP13params_structP8ap_fixedILi22ELi17EL9ap_q_mode0EL9ap_o_mode0EL_15525|       pointer|
|p_ZZ11network_topP13params_structP8ap_fixedILi22ELi17EL9ap_q_mode0EL9ap_o_mode0EL_15525_ap_vld  |  out|    1|      ap_vld|  p_ZZ11network_topP13params_structP8ap_fixedILi22ELi17EL9ap_q_mode0EL9ap_o_mode0EL_15525|       pointer|
|p_ZZ11network_topP13params_structP8ap_fixedILi22ELi17EL9ap_q_mode0EL9ap_o_mode0EL_15526         |  out|   22|      ap_vld|  p_ZZ11network_topP13params_structP8ap_fixedILi22ELi17EL9ap_q_mode0EL9ap_o_mode0EL_15526|       pointer|
|p_ZZ11network_topP13params_structP8ap_fixedILi22ELi17EL9ap_q_mode0EL9ap_o_mode0EL_15526_ap_vld  |  out|    1|      ap_vld|  p_ZZ11network_topP13params_structP8ap_fixedILi22ELi17EL9ap_q_mode0EL9ap_o_mode0EL_15526|       pointer|
|p_ZZ11network_topP13params_structP8ap_fixedILi22ELi17EL9ap_q_mode0EL9ap_o_mode0EL_15527         |  out|   22|      ap_vld|  p_ZZ11network_topP13params_structP8ap_fixedILi22ELi17EL9ap_q_mode0EL9ap_o_mode0EL_15527|       pointer|
|p_ZZ11network_topP13params_structP8ap_fixedILi22ELi17EL9ap_q_mode0EL9ap_o_mode0EL_15527_ap_vld  |  out|    1|      ap_vld|  p_ZZ11network_topP13params_structP8ap_fixedILi22ELi17EL9ap_q_mode0EL9ap_o_mode0EL_15527|       pointer|
|p_ZZ11network_topP13params_structP8ap_fixedILi22ELi17EL9ap_q_mode0EL9ap_o_mode0EL_15529         |  out|   22|      ap_vld|  p_ZZ11network_topP13params_structP8ap_fixedILi22ELi17EL9ap_q_mode0EL9ap_o_mode0EL_15529|       pointer|
|p_ZZ11network_topP13params_structP8ap_fixedILi22ELi17EL9ap_q_mode0EL9ap_o_mode0EL_15529_ap_vld  |  out|    1|      ap_vld|  p_ZZ11network_topP13params_structP8ap_fixedILi22ELi17EL9ap_q_mode0EL9ap_o_mode0EL_15529|       pointer|
|p_ZZ11network_topP13params_structP8ap_fixedILi22ELi17EL9ap_q_mode0EL9ap_o_mode0EL_15530         |  out|   22|      ap_vld|  p_ZZ11network_topP13params_structP8ap_fixedILi22ELi17EL9ap_q_mode0EL9ap_o_mode0EL_15530|       pointer|
|p_ZZ11network_topP13params_structP8ap_fixedILi22ELi17EL9ap_q_mode0EL9ap_o_mode0EL_15530_ap_vld  |  out|    1|      ap_vld|  p_ZZ11network_topP13params_structP8ap_fixedILi22ELi17EL9ap_q_mode0EL9ap_o_mode0EL_15530|       pointer|
|p_ZZ11network_topP13params_structP8ap_fixedILi22ELi17EL9ap_q_mode0EL9ap_o_mode0EL_15531         |  out|   22|      ap_vld|  p_ZZ11network_topP13params_structP8ap_fixedILi22ELi17EL9ap_q_mode0EL9ap_o_mode0EL_15531|       pointer|
|p_ZZ11network_topP13params_structP8ap_fixedILi22ELi17EL9ap_q_mode0EL9ap_o_mode0EL_15531_ap_vld  |  out|    1|      ap_vld|  p_ZZ11network_topP13params_structP8ap_fixedILi22ELi17EL9ap_q_mode0EL9ap_o_mode0EL_15531|       pointer|
|p_ZZ11network_topP13params_structP8ap_fixedILi22ELi17EL9ap_q_mode0EL9ap_o_mode0EL_15532         |  out|   22|      ap_vld|  p_ZZ11network_topP13params_structP8ap_fixedILi22ELi17EL9ap_q_mode0EL9ap_o_mode0EL_15532|       pointer|
|p_ZZ11network_topP13params_structP8ap_fixedILi22ELi17EL9ap_q_mode0EL9ap_o_mode0EL_15532_ap_vld  |  out|    1|      ap_vld|  p_ZZ11network_topP13params_structP8ap_fixedILi22ELi17EL9ap_q_mode0EL9ap_o_mode0EL_15532|       pointer|
|p_ZZ11network_topP13params_structP8ap_fixedILi22ELi17EL9ap_q_mode0EL9ap_o_mode0EL_15533         |  out|   22|      ap_vld|  p_ZZ11network_topP13params_structP8ap_fixedILi22ELi17EL9ap_q_mode0EL9ap_o_mode0EL_15533|       pointer|
|p_ZZ11network_topP13params_structP8ap_fixedILi22ELi17EL9ap_q_mode0EL9ap_o_mode0EL_15533_ap_vld  |  out|    1|      ap_vld|  p_ZZ11network_topP13params_structP8ap_fixedILi22ELi17EL9ap_q_mode0EL9ap_o_mode0EL_15533|       pointer|
|p_ZZ11network_topP13params_structP8ap_fixedILi22ELi17EL9ap_q_mode0EL9ap_o_mode0EL_15534         |  out|   22|      ap_vld|  p_ZZ11network_topP13params_structP8ap_fixedILi22ELi17EL9ap_q_mode0EL9ap_o_mode0EL_15534|       pointer|
|p_ZZ11network_topP13params_structP8ap_fixedILi22ELi17EL9ap_q_mode0EL9ap_o_mode0EL_15534_ap_vld  |  out|    1|      ap_vld|  p_ZZ11network_topP13params_structP8ap_fixedILi22ELi17EL9ap_q_mode0EL9ap_o_mode0EL_15534|       pointer|
|p_ZZ11network_topP13params_structP8ap_fixedILi22ELi17EL9ap_q_mode0EL9ap_o_mode0EL_15535         |  out|   22|      ap_vld|  p_ZZ11network_topP13params_structP8ap_fixedILi22ELi17EL9ap_q_mode0EL9ap_o_mode0EL_15535|       pointer|
|p_ZZ11network_topP13params_structP8ap_fixedILi22ELi17EL9ap_q_mode0EL9ap_o_mode0EL_15535_ap_vld  |  out|    1|      ap_vld|  p_ZZ11network_topP13params_structP8ap_fixedILi22ELi17EL9ap_q_mode0EL9ap_o_mode0EL_15535|       pointer|
|p_ZZ11network_topP13params_structP8ap_fixedILi22ELi17EL9ap_q_mode0EL9ap_o_mode0EL_15537         |  out|   22|      ap_vld|  p_ZZ11network_topP13params_structP8ap_fixedILi22ELi17EL9ap_q_mode0EL9ap_o_mode0EL_15537|       pointer|
|p_ZZ11network_topP13params_structP8ap_fixedILi22ELi17EL9ap_q_mode0EL9ap_o_mode0EL_15537_ap_vld  |  out|    1|      ap_vld|  p_ZZ11network_topP13params_structP8ap_fixedILi22ELi17EL9ap_q_mode0EL9ap_o_mode0EL_15537|       pointer|
|p_ZZ11network_topP13params_structP8ap_fixedILi22ELi17EL9ap_q_mode0EL9ap_o_mode0EL_15538         |  out|   22|      ap_vld|  p_ZZ11network_topP13params_structP8ap_fixedILi22ELi17EL9ap_q_mode0EL9ap_o_mode0EL_15538|       pointer|
|p_ZZ11network_topP13params_structP8ap_fixedILi22ELi17EL9ap_q_mode0EL9ap_o_mode0EL_15538_ap_vld  |  out|    1|      ap_vld|  p_ZZ11network_topP13params_structP8ap_fixedILi22ELi17EL9ap_q_mode0EL9ap_o_mode0EL_15538|       pointer|
|p_ZZ11network_topP13params_structP8ap_fixedILi22ELi17EL9ap_q_mode0EL9ap_o_mode0EL_15540         |  out|   22|      ap_vld|  p_ZZ11network_topP13params_structP8ap_fixedILi22ELi17EL9ap_q_mode0EL9ap_o_mode0EL_15540|       pointer|
|p_ZZ11network_topP13params_structP8ap_fixedILi22ELi17EL9ap_q_mode0EL9ap_o_mode0EL_15540_ap_vld  |  out|    1|      ap_vld|  p_ZZ11network_topP13params_structP8ap_fixedILi22ELi17EL9ap_q_mode0EL9ap_o_mode0EL_15540|       pointer|
|p_ZZ11network_topP13params_structP8ap_fixedILi22ELi17EL9ap_q_mode0EL9ap_o_mode0EL_15541         |  out|   22|      ap_vld|  p_ZZ11network_topP13params_structP8ap_fixedILi22ELi17EL9ap_q_mode0EL9ap_o_mode0EL_15541|       pointer|
|p_ZZ11network_topP13params_structP8ap_fixedILi22ELi17EL9ap_q_mode0EL9ap_o_mode0EL_15541_ap_vld  |  out|    1|      ap_vld|  p_ZZ11network_topP13params_structP8ap_fixedILi22ELi17EL9ap_q_mode0EL9ap_o_mode0EL_15541|       pointer|
|p_ZZ11network_topP13params_structP8ap_fixedILi22ELi17EL9ap_q_mode0EL9ap_o_mode0EL_15542         |  out|   22|      ap_vld|  p_ZZ11network_topP13params_structP8ap_fixedILi22ELi17EL9ap_q_mode0EL9ap_o_mode0EL_15542|       pointer|
|p_ZZ11network_topP13params_structP8ap_fixedILi22ELi17EL9ap_q_mode0EL9ap_o_mode0EL_15542_ap_vld  |  out|    1|      ap_vld|  p_ZZ11network_topP13params_structP8ap_fixedILi22ELi17EL9ap_q_mode0EL9ap_o_mode0EL_15542|       pointer|
|p_ZZ11network_topP13params_structP8ap_fixedILi22ELi17EL9ap_q_mode0EL9ap_o_mode0EL_15543         |  out|   22|      ap_vld|  p_ZZ11network_topP13params_structP8ap_fixedILi22ELi17EL9ap_q_mode0EL9ap_o_mode0EL_15543|       pointer|
|p_ZZ11network_topP13params_structP8ap_fixedILi22ELi17EL9ap_q_mode0EL9ap_o_mode0EL_15543_ap_vld  |  out|    1|      ap_vld|  p_ZZ11network_topP13params_structP8ap_fixedILi22ELi17EL9ap_q_mode0EL9ap_o_mode0EL_15543|       pointer|
|p_ZZ11network_topP13params_structP8ap_fixedILi22ELi17EL9ap_q_mode0EL9ap_o_mode0EL_15544         |  out|   22|      ap_vld|  p_ZZ11network_topP13params_structP8ap_fixedILi22ELi17EL9ap_q_mode0EL9ap_o_mode0EL_15544|       pointer|
|p_ZZ11network_topP13params_structP8ap_fixedILi22ELi17EL9ap_q_mode0EL9ap_o_mode0EL_15544_ap_vld  |  out|    1|      ap_vld|  p_ZZ11network_topP13params_structP8ap_fixedILi22ELi17EL9ap_q_mode0EL9ap_o_mode0EL_15544|       pointer|
|p_ZZ11network_topP13params_structP8ap_fixedILi22ELi17EL9ap_q_mode0EL9ap_o_mode0EL_15545         |  out|   22|      ap_vld|  p_ZZ11network_topP13params_structP8ap_fixedILi22ELi17EL9ap_q_mode0EL9ap_o_mode0EL_15545|       pointer|
|p_ZZ11network_topP13params_structP8ap_fixedILi22ELi17EL9ap_q_mode0EL9ap_o_mode0EL_15545_ap_vld  |  out|    1|      ap_vld|  p_ZZ11network_topP13params_structP8ap_fixedILi22ELi17EL9ap_q_mode0EL9ap_o_mode0EL_15545|       pointer|
|p_ZZ11network_topP13params_structP8ap_fixedILi22ELi17EL9ap_q_mode0EL9ap_o_mode0EL_15546         |  out|   22|      ap_vld|  p_ZZ11network_topP13params_structP8ap_fixedILi22ELi17EL9ap_q_mode0EL9ap_o_mode0EL_15546|       pointer|
|p_ZZ11network_topP13params_structP8ap_fixedILi22ELi17EL9ap_q_mode0EL9ap_o_mode0EL_15546_ap_vld  |  out|    1|      ap_vld|  p_ZZ11network_topP13params_structP8ap_fixedILi22ELi17EL9ap_q_mode0EL9ap_o_mode0EL_15546|       pointer|
|p_ZZ11network_topP13params_structP8ap_fixedILi22ELi17EL9ap_q_mode0EL9ap_o_mode0EL_15547         |  out|   22|      ap_vld|  p_ZZ11network_topP13params_structP8ap_fixedILi22ELi17EL9ap_q_mode0EL9ap_o_mode0EL_15547|       pointer|
|p_ZZ11network_topP13params_structP8ap_fixedILi22ELi17EL9ap_q_mode0EL9ap_o_mode0EL_15547_ap_vld  |  out|    1|      ap_vld|  p_ZZ11network_topP13params_structP8ap_fixedILi22ELi17EL9ap_q_mode0EL9ap_o_mode0EL_15547|       pointer|
+------------------------------------------------------------------------------------------------+-----+-----+------------+-----------------------------------------------------------------------------------------+--------------+

