

================================================================
== Vitis HLS Report for 'sigm'
================================================================
* Date:           Sat Oct 28 11:46:14 2023

* Version:        2023.1 (Build 3854077 on May  4 2023)
* Project:        hardware_accelerator
* Solution:       solution1 (Vivado IP Flow Target)
* Product family: zynquplus
* Target device:  xczu7ev-ffvc1156-2-e


================================================================
== Performance Estimates
================================================================
+ Timing: 
    * Summary: 
    +--------+----------+----------+------------+
    |  Clock |  Target  | Estimated| Uncertainty|
    +--------+----------+----------+------------+
    |ap_clk  |  20.00 ns|  2.007 ns|     5.40 ns|
    +--------+----------+----------+------------+

+ Latency: 
    * Summary: 
    +---------+---------+----------+----------+-----+-----+---------+
    |  Latency (cycles) |  Latency (absolute) |  Interval | Pipeline|
    |   min   |   max   |    min   |    max   | min | max |   Type  |
    +---------+---------+----------+----------+-----+-----+---------+
    |        0|        0|      0 ns|      0 ns|    0|    0|       no|
    +---------+---------+----------+----------+-----+-----+---------+

    + Detail: 
        * Instance: 
        N/A

        * Loop: 
        N/A



================================================================
== Utilization Estimates
================================================================
* Summary: 
+-----------------+---------+------+--------+--------+-----+
|       Name      | BRAM_18K|  DSP |   FF   |   LUT  | URAM|
+-----------------+---------+------+--------+--------+-----+
|DSP              |        -|     -|       -|       -|    -|
|Expression       |        -|     -|       0|     108|    -|
|FIFO             |        -|     -|       -|       -|    -|
|Instance         |        -|     -|       -|       -|    -|
|Memory           |        -|     -|       -|       -|    -|
|Multiplexer      |        -|     -|       -|       -|    -|
|Register         |        -|     -|       -|       -|    -|
+-----------------+---------+------+--------+--------+-----+
|Total            |        0|     0|       0|     108|    0|
+-----------------+---------+------+--------+--------+-----+
|Available        |      624|  1728|  460800|  230400|   96|
+-----------------+---------+------+--------+--------+-----+
|Utilization (%)  |        0|     0|       0|      ~0|    0|
+-----------------+---------+------+--------+--------+-----+

+ Detail: 
    * Instance: 
    N/A

    * DSP: 
    N/A

    * Memory: 
    N/A

    * FIFO: 
    N/A

    * Expression: 
    +------------------------+----------+----+---+----+------------+------------+
    |      Variable Name     | Operation| DSP| FF| LUT| Bitwidth P0| Bitwidth P1|
    +------------------------+----------+----+---+----+------------+------------+
    |add_ln9_fu_24_p2        |         +|   0|  0|  19|          12|          10|
    |icmp_ln14_fu_38_p2      |      icmp|   0|  0|  19|          12|          11|
    |icmp_ln19_fu_52_p2      |      icmp|   0|  0|  19|          12|          11|
    |icmp_ln8_fu_18_p2       |      icmp|   0|  0|  19|          12|          11|
    |ap_return               |    select|   0|  0|  11|           1|          12|
    |select_ln19_1_fu_44_p3  |    select|   0|  0|  10|           1|           1|
    |select_ln8_fu_30_p3     |    select|   0|  0|  11|           1|           1|
    +------------------------+----------+----+---+----+------------+------------+
    |Total                   |          |   0|  0| 108|          51|          57|
    +------------------------+----------+----+---+----+------------+------------+

    * Multiplexer: 
    N/A

    * Register: 
    N/A



================================================================
== Interface
================================================================
* Summary: 
+-----------+-----+-----+------------+--------------+--------------+
| RTL Ports | Dir | Bits|  Protocol  | Source Object|    C Type    |
+-----------+-----+-----+------------+--------------+--------------+
|ap_ready   |  out|    1|  ap_ctrl_hs|          sigm|  return value|
|ap_return  |  out|   12|  ap_ctrl_hs|          sigm|  return value|
|x_val      |   in|   12|     ap_none|         x_val|        scalar|
+-----------+-----+-----+------------+--------------+--------------+

