

================================================================
== Vitis HLS Report for 'network_top_Pipeline_load_weight3_matrix_inner_loop105'
================================================================
* Date:           Wed Oct 18 18:17:10 2023

* Version:        2023.1 (Build 3854077 on May  4 2023)
* Project:        matrix_test2
* Solution:       solution1 (Vivado IP Flow Target)
* Product family: zynquplus
* Target device:  xczu7ev-ffvc1156-2-e


================================================================
== Performance Estimates
================================================================
+ Timing: 
    * Summary: 
    +--------+---------+----------+------------+
    |  Clock |  Target | Estimated| Uncertainty|
    +--------+---------+----------+------------+
    |ap_clk  |  0.35 us|  0.256 us|    94.50 ns|
    +--------+---------+----------+------------+

+ Latency: 
    * Summary: 
    +---------+---------+-----------+-----------+-----+-----+---------+
    |  Latency (cycles) |   Latency (absolute)  |  Interval | Pipeline|
    |   min   |   max   |    min    |    max    | min | max |   Type  |
    +---------+---------+-----------+-----------+-----+-----+---------+
    |       90|       90|  31.500 us|  31.500 us|   90|   90|       no|
    +---------+---------+-----------+-----------+-----+-----+---------+

    + Detail: 
        * Instance: 
        N/A

        * Loop: 
        +----------------------------------+---------+---------+----------+-----------+-----------+------+----------+
        |                                  |  Latency (cycles) | Iteration|  Initiation Interval  | Trip |          |
        |             Loop Name            |   min   |   max   |  Latency |  achieved |   target  | Count| Pipelined|
        +----------------------------------+---------+---------+----------+-----------+-----------+------+----------+
        |- load_weight3_matrix_inner_loop  |       88|       88|        10|          1|          1|    80|       yes|
        +----------------------------------+---------+---------+----------+-----------+-----------+------+----------+

============================================================
+ Verbose Summary: Synthesis Manager
============================================================
InlineROM: 1
ExposeGlobal: 0
============================================================
+ Verbose Summary: CDFG Model
============================================================
IsTopModel: 0
ResetActiveHigh: 1
IsCombinational: 0
IsDatapathOnly: 0
HasWiredReturn: 1
HasMFsm: 2
HasVarLatency: 1
IsPipeline: 0
IsRtlPipelined: 0
IsInstanceOverlapped: 0
IsDontTouch: 0
HasImplIP: 0
IsGatedGlobalClock: 0

+ Individual pipeline summary: 
  * Pipeline-0: initiation interval (II) = 1, depth = 10


============================================================
+ Verbose Summary: Schedule
============================================================
* Number of FSM states : 10
* Pipeline : 1
  Pipeline-0 : II = 1, D = 10, States = { 1 2 3 4 5 6 7 8 9 10 }
* Dataflow Pipeline: 0

* FSM state transitions: 
1 --> 2 
2 --> 3 
3 --> 4 
4 --> 5 
5 --> 6 
6 --> 7 
7 --> 8 
8 --> 9 
9 --> 10 
10 --> 

* FSM state operations: 

State 1 <SV = 0> <Delay = 4.03>
ST_1 : Operation 13 [1/1] (0.00ns)   --->   "%phi_urem771 = alloca i32 1"   --->   Operation 13 'alloca' 'phi_urem771' <Predicate = true> <Delay = 0.00>
ST_1 : Operation 14 [1/1] (0.00ns)   --->   "%phi_mul769 = alloca i32 1"   --->   Operation 14 'alloca' 'phi_mul769' <Predicate = true> <Delay = 0.00>
ST_1 : Operation 15 [1/1] (0.00ns)   --->   "%c = alloca i32 1"   --->   Operation 15 'alloca' 'c' <Predicate = true> <Delay = 0.00>
ST_1 : Operation 16 [1/1] (0.00ns)   --->   "%specinterface_ln0 = specinterface void @_ssdm_op_SpecInterface, i32 %gmem, void @empty_12, i32 0, i32 0, void @empty_0, i32 0, i32 0, void @empty_1, void @empty_2, void @empty_0, i32 16, i32 16, i32 16, i32 16, void @empty_0, void @empty_0, i32 4294967295, i32 0"   --->   Operation 16 'specinterface' 'specinterface_ln0' <Predicate = true> <Delay = 0.00>
ST_1 : Operation 17 [1/1] (0.00ns)   --->   "%add_ln225_read = read i64 @_ssdm_op_Read.ap_auto.i64, i64 %add_ln225"   --->   Operation 17 'read' 'add_ln225_read' <Predicate = true> <Delay = 0.00>
ST_1 : Operation 18 [1/1] (0.42ns)   --->   "%store_ln0 = store i7 0, i7 %c"   --->   Operation 18 'store' 'store_ln0' <Predicate = true> <Delay = 0.42>
ST_1 : Operation 19 [1/1] (0.42ns)   --->   "%store_ln0 = store i15 0, i15 %phi_mul769"   --->   Operation 19 'store' 'store_ln0' <Predicate = true> <Delay = 0.42>
ST_1 : Operation 20 [1/1] (0.42ns)   --->   "%store_ln0 = store i7 0, i7 %phi_urem771"   --->   Operation 20 'store' 'store_ln0' <Predicate = true> <Delay = 0.42>
ST_1 : Operation 21 [1/1] (0.00ns)   --->   "%br_ln0 = br void %for.inc279.27"   --->   Operation 21 'br' 'br_ln0' <Predicate = true> <Delay = 0.00>
ST_1 : Operation 22 [1/1] (0.00ns)   --->   "%c_34 = load i7 %c" [matrix_test2/matrix_test.cc:223]   --->   Operation 22 'load' 'c_34' <Predicate = true> <Delay = 0.00>
ST_1 : Operation 23 [1/1] (0.00ns)   --->   "%specbitsmap_ln0 = specbitsmap void @_ssdm_op_SpecBitsMap, i32 %gmem"   --->   Operation 23 'specbitsmap' 'specbitsmap_ln0' <Predicate = true> <Delay = 0.00>
ST_1 : Operation 24 [1/1] (0.00ns)   --->   "%specpipeline_ln0 = specpipeline void @_ssdm_op_SpecPipeline, i32 4294967295, i32 0, i32 1, i32 0, void @p_str"   --->   Operation 24 'specpipeline' 'specpipeline_ln0' <Predicate = true> <Delay = 0.00>
ST_1 : Operation 25 [1/1] (0.77ns)   --->   "%icmp_ln223 = icmp_eq  i7 %c_34, i7 80" [matrix_test2/matrix_test.cc:223]   --->   Operation 25 'icmp' 'icmp_ln223' <Predicate = true> <Delay = 0.77> <CoreInst = "Cmp">   --->   Core 9 'Cmp' <Latency = 0> <II = 1> <Delay = 0.77> <FuncUnit> <Opcode : 'icmp'> <InPorts = 2> <OutPorts = 1>
ST_1 : Operation 26 [1/1] (0.77ns)   --->   "%add_ln223 = add i7 %c_34, i7 1" [matrix_test2/matrix_test.cc:223]   --->   Operation 26 'add' 'add_ln223' <Predicate = true> <Delay = 0.77> <CoreInst = "Adder">   --->   Core 1 'Adder' <Latency = 0> <II = 1> <Delay = 0.77> <FuncUnit> <Opcode : 'add' 'sub'> <InPorts = 2> <OutPorts = 1>
ST_1 : Operation 27 [1/1] (0.00ns)   --->   "%br_ln223 = br i1 %icmp_ln223, void %for.inc279.27.split, void %for.inc279.28.preheader.exitStub" [matrix_test2/matrix_test.cc:223]   --->   Operation 27 'br' 'br_ln223' <Predicate = true> <Delay = 0.00>
ST_1 : Operation 28 [1/1] (0.00ns)   --->   "%phi_urem771_load_1 = load i7 %phi_urem771" [matrix_test2/matrix_test.cc:225]   --->   Operation 28 'load' 'phi_urem771_load_1' <Predicate = (!icmp_ln223)> <Delay = 0.00>
ST_1 : Operation 29 [1/1] (0.00ns)   --->   "%phi_mul769_load = load i15 %phi_mul769"   --->   Operation 29 'load' 'phi_mul769_load' <Predicate = (!icmp_ln223)> <Delay = 0.00>
ST_1 : Operation 30 [1/1] (0.84ns)   --->   "%next_mul770 = add i15 %phi_mul769_load, i15 205"   --->   Operation 30 'add' 'next_mul770' <Predicate = (!icmp_ln223)> <Delay = 0.84> <CoreInst = "Adder">   --->   Core 1 'Adder' <Latency = 0> <II = 1> <Delay = 0.84> <FuncUnit> <Opcode : 'add' 'sub'> <InPorts = 2> <OutPorts = 1>
ST_1 : Operation 31 [1/1] (0.00ns)   --->   "%tmp = partselect i3 @_ssdm_op_PartSelect.i3.i15.i32.i32, i15 %phi_mul769_load, i32 12, i32 14"   --->   Operation 31 'partselect' 'tmp' <Predicate = (!icmp_ln223)> <Delay = 0.00>
ST_1 : Operation 32 [1/1] (0.00ns)   --->   "%div262_27_udiv_cast = zext i3 %tmp"   --->   Operation 32 'zext' 'div262_27_udiv_cast' <Predicate = (!icmp_ln223)> <Delay = 0.00>
ST_1 : Operation 33 [1/1] (2.14ns)   --->   "%mul_ln225 = mul i12 %div262_27_udiv_cast, i12 800" [matrix_test2/matrix_test.cc:225]   --->   Operation 33 'mul' 'mul_ln225' <Predicate = (!icmp_ln223)> <Delay = 2.14> <CoreInst = "Multiplier">   --->   Core 3 'Multiplier' <Latency = 0> <II = 1> <Delay = 2.14> <FuncUnit> <Opcode : 'mul'> <InPorts = 2> <OutPorts = 1>
ST_1 : Operation 34 [1/1] (0.00ns) (grouped into LUT with out node add_ln225_47)   --->   "%trunc_ln225 = trunc i12 %mul_ln225" [matrix_test2/matrix_test.cc:225]   --->   Operation 34 'trunc' 'trunc_ln225' <Predicate = (!icmp_ln223)> <Delay = 0.00>
ST_1 : Operation 35 [1/1] (0.00ns) (grouped into LUT with out node add_ln225_47)   --->   "%or_ln225 = or i7 %trunc_ln225, i7 %phi_urem771_load_1" [matrix_test2/matrix_test.cc:225]   --->   Operation 35 'or' 'or_ln225' <Predicate = (!icmp_ln223)> <Delay = 0.00> <CoreInst = "LogicGate">   --->   Core 74 'LogicGate' <Latency = 0> <II = 1> <Delay = 0.35> <FuncUnit> <Opcode : 'and' 'or' 'xor'> <InPorts = 2> <OutPorts = 1>
ST_1 : Operation 36 [1/1] (0.00ns) (grouped into LUT with out node add_ln225_47)   --->   "%tmp_s = partselect i5 @_ssdm_op_PartSelect.i5.i12.i32.i32, i12 %mul_ln225, i32 7, i32 11" [matrix_test2/matrix_test.cc:225]   --->   Operation 36 'partselect' 'tmp_s' <Predicate = (!icmp_ln223)> <Delay = 0.00>
ST_1 : Operation 37 [1/1] (0.00ns) (grouped into LUT with out node add_ln225_47)   --->   "%or_ln225_s = bitconcatenate i12 @_ssdm_op_BitConcatenate.i12.i5.i7, i5 %tmp_s, i7 %or_ln225" [matrix_test2/matrix_test.cc:225]   --->   Operation 37 'bitconcatenate' 'or_ln225_s' <Predicate = (!icmp_ln223)> <Delay = 0.00>
ST_1 : Operation 38 [1/1] (0.00ns) (grouped into LUT with out node add_ln225_47)   --->   "%zext_ln225 = zext i12 %or_ln225_s" [matrix_test2/matrix_test.cc:225]   --->   Operation 38 'zext' 'zext_ln225' <Predicate = (!icmp_ln223)> <Delay = 0.00>
ST_1 : Operation 39 [1/1] (0.80ns) (out node of the LUT)   --->   "%add_ln225_47 = add i13 %zext_ln225, i13 540" [matrix_test2/matrix_test.cc:225]   --->   Operation 39 'add' 'add_ln225_47' <Predicate = (!icmp_ln223)> <Delay = 0.80> <CoreInst = "Adder">   --->   Core 1 'Adder' <Latency = 0> <II = 1> <Delay = 0.80> <FuncUnit> <Opcode : 'add' 'sub'> <InPorts = 2> <OutPorts = 1>
ST_1 : Operation 40 [1/1] (0.00ns)   --->   "%shl_ln225_s = bitconcatenate i15 @_ssdm_op_BitConcatenate.i15.i13.i2, i13 %add_ln225_47, i2 0" [matrix_test2/matrix_test.cc:225]   --->   Operation 40 'bitconcatenate' 'shl_ln225_s' <Predicate = (!icmp_ln223)> <Delay = 0.00>
ST_1 : Operation 41 [1/1] (0.00ns)   --->   "%zext_ln225_27 = zext i15 %shl_ln225_s" [matrix_test2/matrix_test.cc:225]   --->   Operation 41 'zext' 'zext_ln225_27' <Predicate = (!icmp_ln223)> <Delay = 0.00>
ST_1 : Operation 42 [1/1] (1.08ns)   --->   "%add_ln225_48 = add i64 %add_ln225_read, i64 %zext_ln225_27" [matrix_test2/matrix_test.cc:225]   --->   Operation 42 'add' 'add_ln225_48' <Predicate = (!icmp_ln223)> <Delay = 1.08> <CoreInst = "Adder">   --->   Core 1 'Adder' <Latency = 0> <II = 1> <Delay = 1.08> <FuncUnit> <Opcode : 'add' 'sub'> <InPorts = 2> <OutPorts = 1>
ST_1 : Operation 43 [1/1] (0.00ns)   --->   "%trunc_ln225_s = partselect i62 @_ssdm_op_PartSelect.i62.i64.i32.i32, i64 %add_ln225_48, i32 2, i32 63" [matrix_test2/matrix_test.cc:225]   --->   Operation 43 'partselect' 'trunc_ln225_s' <Predicate = (!icmp_ln223)> <Delay = 0.00>
ST_1 : Operation 44 [1/1] (0.00ns)   --->   "%sext_ln225 = sext i62 %trunc_ln225_s" [matrix_test2/matrix_test.cc:225]   --->   Operation 44 'sext' 'sext_ln225' <Predicate = (!icmp_ln223)> <Delay = 0.00>
ST_1 : Operation 45 [1/1] (0.00ns)   --->   "%gmem_addr = getelementptr i32 %gmem, i64 %sext_ln225" [matrix_test2/matrix_test.cc:225]   --->   Operation 45 'getelementptr' 'gmem_addr' <Predicate = (!icmp_ln223)> <Delay = 0.00>
ST_1 : Operation 46 [1/1] (0.75ns)   --->   "%switch_ln225 = switch i7 %c_34, void %arrayidx2788.27.case.79, i7 0, void %arrayidx2788.27.case.0, i7 1, void %arrayidx2788.27.case.1, i7 2, void %arrayidx2788.27.case.2, i7 3, void %arrayidx2788.27.case.3, i7 4, void %arrayidx2788.27.case.4, i7 5, void %arrayidx2788.27.case.5, i7 6, void %arrayidx2788.27.case.6, i7 7, void %arrayidx2788.27.case.7, i7 8, void %arrayidx2788.27.case.8, i7 9, void %arrayidx2788.27.case.9, i7 10, void %arrayidx2788.27.case.10, i7 11, void %arrayidx2788.27.case.11, i7 12, void %arrayidx2788.27.case.12, i7 13, void %arrayidx2788.27.case.13, i7 14, void %arrayidx2788.27.case.14, i7 15, void %arrayidx2788.27.case.15, i7 16, void %arrayidx2788.27.case.16, i7 17, void %arrayidx2788.27.case.17, i7 18, void %arrayidx2788.27.case.18, i7 19, void %arrayidx2788.27.case.19, i7 20, void %arrayidx2788.27.case.20, i7 21, void %arrayidx2788.27.case.21, i7 22, void %arrayidx2788.27.case.22, i7 23, void %arrayidx2788.27.case.23, i7 24, void %arrayidx2788.27.case.24, i7 25, void %arrayidx2788.27.case.25, i7 26, void %arrayidx2788.27.case.26, i7 27, void %arrayidx2788.27.case.27, i7 28, void %arrayidx2788.27.case.28, i7 29, void %arrayidx2788.27.case.29, i7 30, void %arrayidx2788.27.case.30, i7 31, void %arrayidx2788.27.case.31, i7 32, void %arrayidx2788.27.case.32, i7 33, void %arrayidx2788.27.case.33, i7 34, void %arrayidx2788.27.case.34, i7 35, void %arrayidx2788.27.case.35, i7 36, void %arrayidx2788.27.case.36, i7 37, void %arrayidx2788.27.case.37, i7 38, void %arrayidx2788.27.case.38, i7 39, void %arrayidx2788.27.case.39, i7 40, void %arrayidx2788.27.case.40, i7 41, void %arrayidx2788.27.case.41, i7 42, void %arrayidx2788.27.case.42, i7 43, void %arrayidx2788.27.case.43, i7 44, void %arrayidx2788.27.case.44, i7 45, void %arrayidx2788.27.case.45, i7 46, void %arrayidx2788.27.case.46, i7 47, void %arrayidx2788.27.case.47, i7 48, void %arrayidx2788.27.case.48, i7 49, void %arrayidx2788.27.case.49, i7 50, void %arrayidx2788.27.case.50, i7 51, void %arrayidx2788.27.case.51, i7 52, void %arrayidx2788.27.case.52, i7 53, void %arrayidx2788.27.case.53, i7 54, void %arrayidx2788.27.case.54, i7 55, void %arrayidx2788.27.case.55, i7 56, void %arrayidx2788.27.case.56, i7 57, void %arrayidx2788.27.case.57, i7 58, void %arrayidx2788.27.case.58, i7 59, void %arrayidx2788.27.case.59, i7 60, void %arrayidx2788.27.case.60, i7 61, void %arrayidx2788.27.case.61, i7 62, void %arrayidx2788.27.case.62, i7 63, void %arrayidx2788.27.case.63, i7 64, void %arrayidx2788.27.case.64, i7 65, void %arrayidx2788.27.case.65, i7 66, void %arrayidx2788.27.case.66, i7 67, void %arrayidx2788.27.case.67, i7 68, void %arrayidx2788.27.case.68, i7 69, void %arrayidx2788.27.case.69, i7 70, void %arrayidx2788.27.case.70, i7 71, void %arrayidx2788.27.case.71, i7 72, void %arrayidx2788.27.case.72, i7 73, void %arrayidx2788.27.case.73, i7 74, void %arrayidx2788.27.case.74, i7 75, void %arrayidx2788.27.case.75, i7 76, void %arrayidx2788.27.case.76, i7 77, void %arrayidx2788.27.case.77, i7 78, void %arrayidx2788.27.case.78" [matrix_test2/matrix_test.cc:225]   --->   Operation 46 'switch' 'switch_ln225' <Predicate = (!icmp_ln223)> <Delay = 0.75>
ST_1 : Operation 47 [1/1] (0.00ns)   --->   "%phi_urem771_load = load i7 %phi_urem771" [matrix_test2/matrix_test.cc:223]   --->   Operation 47 'load' 'phi_urem771_load' <Predicate = (!icmp_ln223)> <Delay = 0.00>
ST_1 : Operation 48 [1/1] (0.77ns)   --->   "%add_ln223_24 = add i7 %phi_urem771_load, i7 1" [matrix_test2/matrix_test.cc:223]   --->   Operation 48 'add' 'add_ln223_24' <Predicate = (!icmp_ln223)> <Delay = 0.77> <CoreInst = "Adder">   --->   Core 1 'Adder' <Latency = 0> <II = 1> <Delay = 0.77> <FuncUnit> <Opcode : 'add' 'sub'> <InPorts = 2> <OutPorts = 1>
ST_1 : Operation 49 [1/1] (0.77ns)   --->   "%icmp_ln223_24 = icmp_ult  i7 %add_ln223_24, i7 20" [matrix_test2/matrix_test.cc:223]   --->   Operation 49 'icmp' 'icmp_ln223_24' <Predicate = (!icmp_ln223)> <Delay = 0.77> <CoreInst = "Cmp">   --->   Core 9 'Cmp' <Latency = 0> <II = 1> <Delay = 0.77> <FuncUnit> <Opcode : 'icmp'> <InPorts = 2> <OutPorts = 1>
ST_1 : Operation 50 [1/1] (0.36ns)   --->   "%select_ln223 = select i1 %icmp_ln223_24, i7 %add_ln223_24, i7 0" [matrix_test2/matrix_test.cc:223]   --->   Operation 50 'select' 'select_ln223' <Predicate = (!icmp_ln223)> <Delay = 0.36> <CoreInst = "Sel">   --->   Core 73 'Sel' <Latency = 0> <II = 1> <Delay = 0.36> <FuncUnit> <Opcode : 'select'> <InPorts = 3> <OutPorts = 1>
ST_1 : Operation 51 [1/1] (0.42ns)   --->   "%store_ln223 = store i7 %add_ln223, i7 %c" [matrix_test2/matrix_test.cc:223]   --->   Operation 51 'store' 'store_ln223' <Predicate = (!icmp_ln223)> <Delay = 0.42>
ST_1 : Operation 52 [1/1] (0.42ns)   --->   "%store_ln223 = store i15 %next_mul770, i15 %phi_mul769" [matrix_test2/matrix_test.cc:223]   --->   Operation 52 'store' 'store_ln223' <Predicate = (!icmp_ln223)> <Delay = 0.42>
ST_1 : Operation 53 [1/1] (0.42ns)   --->   "%store_ln223 = store i7 %select_ln223, i7 %phi_urem771" [matrix_test2/matrix_test.cc:223]   --->   Operation 53 'store' 'store_ln223' <Predicate = (!icmp_ln223)> <Delay = 0.42>
ST_1 : Operation 54 [1/1] (0.00ns)   --->   "%br_ln223 = br void %for.inc279.27" [matrix_test2/matrix_test.cc:223]   --->   Operation 54 'br' 'br_ln223' <Predicate = (!icmp_ln223)> <Delay = 0.00>

State 2 <SV = 1> <Delay = 255.>
ST_2 : Operation 55 [8/8] (255.ns)   --->   "%gmem_load_107_req = readreq i1 @_ssdm_op_ReadReq.m_axi.i32P1A, i32 %gmem_addr, i32 1" [matrix_test2/matrix_test.cc:225]   --->   Operation 55 'readreq' 'gmem_load_107_req' <Predicate = true> <Delay = 255.> <CoreInst = "m_axi">   --->   Core 121 'm_axi' <Latency = 0> <II = 1> <Delay = 1.00> <Adapter> <Opcode : 'read' 'write' 'readreq' 'writereq' 'writeresp'>

State 3 <SV = 2> <Delay = 255.>
ST_3 : Operation 56 [7/8] (255.ns)   --->   "%gmem_load_107_req = readreq i1 @_ssdm_op_ReadReq.m_axi.i32P1A, i32 %gmem_addr, i32 1" [matrix_test2/matrix_test.cc:225]   --->   Operation 56 'readreq' 'gmem_load_107_req' <Predicate = true> <Delay = 255.> <CoreInst = "m_axi">   --->   Core 121 'm_axi' <Latency = 0> <II = 1> <Delay = 1.00> <Adapter> <Opcode : 'read' 'write' 'readreq' 'writereq' 'writeresp'>

State 4 <SV = 3> <Delay = 255.>
ST_4 : Operation 57 [6/8] (255.ns)   --->   "%gmem_load_107_req = readreq i1 @_ssdm_op_ReadReq.m_axi.i32P1A, i32 %gmem_addr, i32 1" [matrix_test2/matrix_test.cc:225]   --->   Operation 57 'readreq' 'gmem_load_107_req' <Predicate = true> <Delay = 255.> <CoreInst = "m_axi">   --->   Core 121 'm_axi' <Latency = 0> <II = 1> <Delay = 1.00> <Adapter> <Opcode : 'read' 'write' 'readreq' 'writereq' 'writeresp'>

State 5 <SV = 4> <Delay = 255.>
ST_5 : Operation 58 [5/8] (255.ns)   --->   "%gmem_load_107_req = readreq i1 @_ssdm_op_ReadReq.m_axi.i32P1A, i32 %gmem_addr, i32 1" [matrix_test2/matrix_test.cc:225]   --->   Operation 58 'readreq' 'gmem_load_107_req' <Predicate = true> <Delay = 255.> <CoreInst = "m_axi">   --->   Core 121 'm_axi' <Latency = 0> <II = 1> <Delay = 1.00> <Adapter> <Opcode : 'read' 'write' 'readreq' 'writereq' 'writeresp'>

State 6 <SV = 5> <Delay = 255.>
ST_6 : Operation 59 [4/8] (255.ns)   --->   "%gmem_load_107_req = readreq i1 @_ssdm_op_ReadReq.m_axi.i32P1A, i32 %gmem_addr, i32 1" [matrix_test2/matrix_test.cc:225]   --->   Operation 59 'readreq' 'gmem_load_107_req' <Predicate = true> <Delay = 255.> <CoreInst = "m_axi">   --->   Core 121 'm_axi' <Latency = 0> <II = 1> <Delay = 1.00> <Adapter> <Opcode : 'read' 'write' 'readreq' 'writereq' 'writeresp'>

State 7 <SV = 6> <Delay = 255.>
ST_7 : Operation 60 [3/8] (255.ns)   --->   "%gmem_load_107_req = readreq i1 @_ssdm_op_ReadReq.m_axi.i32P1A, i32 %gmem_addr, i32 1" [matrix_test2/matrix_test.cc:225]   --->   Operation 60 'readreq' 'gmem_load_107_req' <Predicate = true> <Delay = 255.> <CoreInst = "m_axi">   --->   Core 121 'm_axi' <Latency = 0> <II = 1> <Delay = 1.00> <Adapter> <Opcode : 'read' 'write' 'readreq' 'writereq' 'writeresp'>

State 8 <SV = 7> <Delay = 255.>
ST_8 : Operation 61 [2/8] (255.ns)   --->   "%gmem_load_107_req = readreq i1 @_ssdm_op_ReadReq.m_axi.i32P1A, i32 %gmem_addr, i32 1" [matrix_test2/matrix_test.cc:225]   --->   Operation 61 'readreq' 'gmem_load_107_req' <Predicate = true> <Delay = 255.> <CoreInst = "m_axi">   --->   Core 121 'm_axi' <Latency = 0> <II = 1> <Delay = 1.00> <Adapter> <Opcode : 'read' 'write' 'readreq' 'writereq' 'writeresp'>

State 9 <SV = 8> <Delay = 255.>
ST_9 : Operation 62 [1/8] (255.ns)   --->   "%gmem_load_107_req = readreq i1 @_ssdm_op_ReadReq.m_axi.i32P1A, i32 %gmem_addr, i32 1" [matrix_test2/matrix_test.cc:225]   --->   Operation 62 'readreq' 'gmem_load_107_req' <Predicate = true> <Delay = 255.> <CoreInst = "m_axi">   --->   Core 121 'm_axi' <Latency = 0> <II = 1> <Delay = 1.00> <Adapter> <Opcode : 'read' 'write' 'readreq' 'writereq' 'writeresp'>
ST_9 : Operation 227 [1/1] (0.00ns)   --->   "%ret_ln0 = ret"   --->   Operation 227 'ret' 'ret_ln0' <Predicate = (icmp_ln223)> <Delay = 0.00>

State 10 <SV = 9> <Delay = 255.>
ST_10 : Operation 63 [1/1] (0.00ns)   --->   "%speclooptripcount_ln223 = speclooptripcount void @_ssdm_op_SpecLoopTripCount, i64 80, i64 80, i64 80" [matrix_test2/matrix_test.cc:223]   --->   Operation 63 'speclooptripcount' 'speclooptripcount_ln223' <Predicate = true> <Delay = 0.00>
ST_10 : Operation 64 [1/1] (0.00ns)   --->   "%specloopname_ln223 = specloopname void @_ssdm_op_SpecLoopName, void @empty_14" [matrix_test2/matrix_test.cc:223]   --->   Operation 64 'specloopname' 'specloopname_ln223' <Predicate = true> <Delay = 0.00>
ST_10 : Operation 65 [1/1] (255.ns)   --->   "%gmem_addr_read = read i32 @_ssdm_op_Read.m_axi.i32P1A, i32 %gmem_addr" [matrix_test2/matrix_test.cc:225]   --->   Operation 65 'read' 'gmem_addr_read' <Predicate = true> <Delay = 255.> <CoreInst = "m_axi">   --->   Core 121 'm_axi' <Latency = 0> <II = 1> <Delay = 1.00> <Adapter> <Opcode : 'read' 'write' 'readreq' 'writereq' 'writeresp'>
ST_10 : Operation 66 [1/1] (0.00ns)   --->   "%trunc_ln225_34 = trunc i32 %gmem_addr_read" [matrix_test2/matrix_test.cc:225]   --->   Operation 66 'trunc' 'trunc_ln225_34' <Predicate = true> <Delay = 0.00>
ST_10 : Operation 67 [1/1] (0.00ns)   --->   "%store_ln225 = store i22 %trunc_ln225_34, i22 %p_ZZ11network_topP13params_structP8ap_fixedILi22ELi17EL9ap_q_mode0EL9ap_o_mode0EL_18098" [matrix_test2/matrix_test.cc:225]   --->   Operation 67 'store' 'store_ln225' <Predicate = (c_34 == 78)> <Delay = 0.00>
ST_10 : Operation 68 [1/1] (0.00ns)   --->   "%br_ln225 = br void %arrayidx2788.27.exit" [matrix_test2/matrix_test.cc:225]   --->   Operation 68 'br' 'br_ln225' <Predicate = (c_34 == 78)> <Delay = 0.00>
ST_10 : Operation 69 [1/1] (0.00ns)   --->   "%store_ln225 = store i22 %trunc_ln225_34, i22 %p_ZZ11network_topP13params_structP8ap_fixedILi22ELi17EL9ap_q_mode0EL9ap_o_mode0EL_18097" [matrix_test2/matrix_test.cc:225]   --->   Operation 69 'store' 'store_ln225' <Predicate = (c_34 == 77)> <Delay = 0.00>
ST_10 : Operation 70 [1/1] (0.00ns)   --->   "%br_ln225 = br void %arrayidx2788.27.exit" [matrix_test2/matrix_test.cc:225]   --->   Operation 70 'br' 'br_ln225' <Predicate = (c_34 == 77)> <Delay = 0.00>
ST_10 : Operation 71 [1/1] (0.00ns)   --->   "%store_ln225 = store i22 %trunc_ln225_34, i22 %p_ZZ11network_topP13params_structP8ap_fixedILi22ELi17EL9ap_q_mode0EL9ap_o_mode0EL_18096" [matrix_test2/matrix_test.cc:225]   --->   Operation 71 'store' 'store_ln225' <Predicate = (c_34 == 76)> <Delay = 0.00>
ST_10 : Operation 72 [1/1] (0.00ns)   --->   "%br_ln225 = br void %arrayidx2788.27.exit" [matrix_test2/matrix_test.cc:225]   --->   Operation 72 'br' 'br_ln225' <Predicate = (c_34 == 76)> <Delay = 0.00>
ST_10 : Operation 73 [1/1] (0.00ns)   --->   "%store_ln225 = store i22 %trunc_ln225_34, i22 %p_ZZ11network_topP13params_structP8ap_fixedILi22ELi17EL9ap_q_mode0EL9ap_o_mode0EL_18095" [matrix_test2/matrix_test.cc:225]   --->   Operation 73 'store' 'store_ln225' <Predicate = (c_34 == 75)> <Delay = 0.00>
ST_10 : Operation 74 [1/1] (0.00ns)   --->   "%br_ln225 = br void %arrayidx2788.27.exit" [matrix_test2/matrix_test.cc:225]   --->   Operation 74 'br' 'br_ln225' <Predicate = (c_34 == 75)> <Delay = 0.00>
ST_10 : Operation 75 [1/1] (0.00ns)   --->   "%store_ln225 = store i22 %trunc_ln225_34, i22 %p_ZZ11network_topP13params_structP8ap_fixedILi22ELi17EL9ap_q_mode0EL9ap_o_mode0EL_18094" [matrix_test2/matrix_test.cc:225]   --->   Operation 75 'store' 'store_ln225' <Predicate = (c_34 == 74)> <Delay = 0.00>
ST_10 : Operation 76 [1/1] (0.00ns)   --->   "%br_ln225 = br void %arrayidx2788.27.exit" [matrix_test2/matrix_test.cc:225]   --->   Operation 76 'br' 'br_ln225' <Predicate = (c_34 == 74)> <Delay = 0.00>
ST_10 : Operation 77 [1/1] (0.00ns)   --->   "%store_ln225 = store i22 %trunc_ln225_34, i22 %p_ZZ11network_topP13params_structP8ap_fixedILi22ELi17EL9ap_q_mode0EL9ap_o_mode0EL_18093" [matrix_test2/matrix_test.cc:225]   --->   Operation 77 'store' 'store_ln225' <Predicate = (c_34 == 73)> <Delay = 0.00>
ST_10 : Operation 78 [1/1] (0.00ns)   --->   "%br_ln225 = br void %arrayidx2788.27.exit" [matrix_test2/matrix_test.cc:225]   --->   Operation 78 'br' 'br_ln225' <Predicate = (c_34 == 73)> <Delay = 0.00>
ST_10 : Operation 79 [1/1] (0.00ns)   --->   "%store_ln225 = store i22 %trunc_ln225_34, i22 %p_ZZ11network_topP13params_structP8ap_fixedILi22ELi17EL9ap_q_mode0EL9ap_o_mode0EL_18092" [matrix_test2/matrix_test.cc:225]   --->   Operation 79 'store' 'store_ln225' <Predicate = (c_34 == 72)> <Delay = 0.00>
ST_10 : Operation 80 [1/1] (0.00ns)   --->   "%br_ln225 = br void %arrayidx2788.27.exit" [matrix_test2/matrix_test.cc:225]   --->   Operation 80 'br' 'br_ln225' <Predicate = (c_34 == 72)> <Delay = 0.00>
ST_10 : Operation 81 [1/1] (0.00ns)   --->   "%store_ln225 = store i22 %trunc_ln225_34, i22 %p_ZZ11network_topP13params_structP8ap_fixedILi22ELi17EL9ap_q_mode0EL9ap_o_mode0EL_18090" [matrix_test2/matrix_test.cc:225]   --->   Operation 81 'store' 'store_ln225' <Predicate = (c_34 == 71)> <Delay = 0.00>
ST_10 : Operation 82 [1/1] (0.00ns)   --->   "%br_ln225 = br void %arrayidx2788.27.exit" [matrix_test2/matrix_test.cc:225]   --->   Operation 82 'br' 'br_ln225' <Predicate = (c_34 == 71)> <Delay = 0.00>
ST_10 : Operation 83 [1/1] (0.00ns)   --->   "%store_ln225 = store i22 %trunc_ln225_34, i22 %p_ZZ11network_topP13params_structP8ap_fixedILi22ELi17EL9ap_q_mode0EL9ap_o_mode0EL_18089" [matrix_test2/matrix_test.cc:225]   --->   Operation 83 'store' 'store_ln225' <Predicate = (c_34 == 70)> <Delay = 0.00>
ST_10 : Operation 84 [1/1] (0.00ns)   --->   "%br_ln225 = br void %arrayidx2788.27.exit" [matrix_test2/matrix_test.cc:225]   --->   Operation 84 'br' 'br_ln225' <Predicate = (c_34 == 70)> <Delay = 0.00>
ST_10 : Operation 85 [1/1] (0.00ns)   --->   "%store_ln225 = store i22 %trunc_ln225_34, i22 %p_ZZ11network_topP13params_structP8ap_fixedILi22ELi17EL9ap_q_mode0EL9ap_o_mode0EL_18087" [matrix_test2/matrix_test.cc:225]   --->   Operation 85 'store' 'store_ln225' <Predicate = (c_34 == 69)> <Delay = 0.00>
ST_10 : Operation 86 [1/1] (0.00ns)   --->   "%br_ln225 = br void %arrayidx2788.27.exit" [matrix_test2/matrix_test.cc:225]   --->   Operation 86 'br' 'br_ln225' <Predicate = (c_34 == 69)> <Delay = 0.00>
ST_10 : Operation 87 [1/1] (0.00ns)   --->   "%store_ln225 = store i22 %trunc_ln225_34, i22 %p_ZZ11network_topP13params_structP8ap_fixedILi22ELi17EL9ap_q_mode0EL9ap_o_mode0EL_18086" [matrix_test2/matrix_test.cc:225]   --->   Operation 87 'store' 'store_ln225' <Predicate = (c_34 == 68)> <Delay = 0.00>
ST_10 : Operation 88 [1/1] (0.00ns)   --->   "%br_ln225 = br void %arrayidx2788.27.exit" [matrix_test2/matrix_test.cc:225]   --->   Operation 88 'br' 'br_ln225' <Predicate = (c_34 == 68)> <Delay = 0.00>
ST_10 : Operation 89 [1/1] (0.00ns)   --->   "%store_ln225 = store i22 %trunc_ln225_34, i22 %p_ZZ11network_topP13params_structP8ap_fixedILi22ELi17EL9ap_q_mode0EL9ap_o_mode0EL_18085" [matrix_test2/matrix_test.cc:225]   --->   Operation 89 'store' 'store_ln225' <Predicate = (c_34 == 67)> <Delay = 0.00>
ST_10 : Operation 90 [1/1] (0.00ns)   --->   "%br_ln225 = br void %arrayidx2788.27.exit" [matrix_test2/matrix_test.cc:225]   --->   Operation 90 'br' 'br_ln225' <Predicate = (c_34 == 67)> <Delay = 0.00>
ST_10 : Operation 91 [1/1] (0.00ns)   --->   "%store_ln225 = store i22 %trunc_ln225_34, i22 %p_ZZ11network_topP13params_structP8ap_fixedILi22ELi17EL9ap_q_mode0EL9ap_o_mode0EL_18084" [matrix_test2/matrix_test.cc:225]   --->   Operation 91 'store' 'store_ln225' <Predicate = (c_34 == 66)> <Delay = 0.00>
ST_10 : Operation 92 [1/1] (0.00ns)   --->   "%br_ln225 = br void %arrayidx2788.27.exit" [matrix_test2/matrix_test.cc:225]   --->   Operation 92 'br' 'br_ln225' <Predicate = (c_34 == 66)> <Delay = 0.00>
ST_10 : Operation 93 [1/1] (0.00ns)   --->   "%store_ln225 = store i22 %trunc_ln225_34, i22 %p_ZZ11network_topP13params_structP8ap_fixedILi22ELi17EL9ap_q_mode0EL9ap_o_mode0EL_18083" [matrix_test2/matrix_test.cc:225]   --->   Operation 93 'store' 'store_ln225' <Predicate = (c_34 == 65)> <Delay = 0.00>
ST_10 : Operation 94 [1/1] (0.00ns)   --->   "%br_ln225 = br void %arrayidx2788.27.exit" [matrix_test2/matrix_test.cc:225]   --->   Operation 94 'br' 'br_ln225' <Predicate = (c_34 == 65)> <Delay = 0.00>
ST_10 : Operation 95 [1/1] (0.00ns)   --->   "%store_ln225 = store i22 %trunc_ln225_34, i22 %p_ZZ11network_topP13params_structP8ap_fixedILi22ELi17EL9ap_q_mode0EL9ap_o_mode0EL_18082" [matrix_test2/matrix_test.cc:225]   --->   Operation 95 'store' 'store_ln225' <Predicate = (c_34 == 64)> <Delay = 0.00>
ST_10 : Operation 96 [1/1] (0.00ns)   --->   "%br_ln225 = br void %arrayidx2788.27.exit" [matrix_test2/matrix_test.cc:225]   --->   Operation 96 'br' 'br_ln225' <Predicate = (c_34 == 64)> <Delay = 0.00>
ST_10 : Operation 97 [1/1] (0.00ns)   --->   "%store_ln225 = store i22 %trunc_ln225_34, i22 %p_ZZ11network_topP13params_structP8ap_fixedILi22ELi17EL9ap_q_mode0EL9ap_o_mode0EL_18081" [matrix_test2/matrix_test.cc:225]   --->   Operation 97 'store' 'store_ln225' <Predicate = (c_34 == 63)> <Delay = 0.00>
ST_10 : Operation 98 [1/1] (0.00ns)   --->   "%br_ln225 = br void %arrayidx2788.27.exit" [matrix_test2/matrix_test.cc:225]   --->   Operation 98 'br' 'br_ln225' <Predicate = (c_34 == 63)> <Delay = 0.00>
ST_10 : Operation 99 [1/1] (0.00ns)   --->   "%store_ln225 = store i22 %trunc_ln225_34, i22 %p_ZZ11network_topP13params_structP8ap_fixedILi22ELi17EL9ap_q_mode0EL9ap_o_mode0EL_18079" [matrix_test2/matrix_test.cc:225]   --->   Operation 99 'store' 'store_ln225' <Predicate = (c_34 == 62)> <Delay = 0.00>
ST_10 : Operation 100 [1/1] (0.00ns)   --->   "%br_ln225 = br void %arrayidx2788.27.exit" [matrix_test2/matrix_test.cc:225]   --->   Operation 100 'br' 'br_ln225' <Predicate = (c_34 == 62)> <Delay = 0.00>
ST_10 : Operation 101 [1/1] (0.00ns)   --->   "%store_ln225 = store i22 %trunc_ln225_34, i22 %p_ZZ11network_topP13params_structP8ap_fixedILi22ELi17EL9ap_q_mode0EL9ap_o_mode0EL_18078" [matrix_test2/matrix_test.cc:225]   --->   Operation 101 'store' 'store_ln225' <Predicate = (c_34 == 61)> <Delay = 0.00>
ST_10 : Operation 102 [1/1] (0.00ns)   --->   "%br_ln225 = br void %arrayidx2788.27.exit" [matrix_test2/matrix_test.cc:225]   --->   Operation 102 'br' 'br_ln225' <Predicate = (c_34 == 61)> <Delay = 0.00>
ST_10 : Operation 103 [1/1] (0.00ns)   --->   "%store_ln225 = store i22 %trunc_ln225_34, i22 %p_ZZ11network_topP13params_structP8ap_fixedILi22ELi17EL9ap_q_mode0EL9ap_o_mode0EL_18077" [matrix_test2/matrix_test.cc:225]   --->   Operation 103 'store' 'store_ln225' <Predicate = (c_34 == 60)> <Delay = 0.00>
ST_10 : Operation 104 [1/1] (0.00ns)   --->   "%br_ln225 = br void %arrayidx2788.27.exit" [matrix_test2/matrix_test.cc:225]   --->   Operation 104 'br' 'br_ln225' <Predicate = (c_34 == 60)> <Delay = 0.00>
ST_10 : Operation 105 [1/1] (0.00ns)   --->   "%store_ln225 = store i22 %trunc_ln225_34, i22 %p_ZZ11network_topP13params_structP8ap_fixedILi22ELi17EL9ap_q_mode0EL9ap_o_mode0EL_18075" [matrix_test2/matrix_test.cc:225]   --->   Operation 105 'store' 'store_ln225' <Predicate = (c_34 == 59)> <Delay = 0.00>
ST_10 : Operation 106 [1/1] (0.00ns)   --->   "%br_ln225 = br void %arrayidx2788.27.exit" [matrix_test2/matrix_test.cc:225]   --->   Operation 106 'br' 'br_ln225' <Predicate = (c_34 == 59)> <Delay = 0.00>
ST_10 : Operation 107 [1/1] (0.00ns)   --->   "%store_ln225 = store i22 %trunc_ln225_34, i22 %p_ZZ11network_topP13params_structP8ap_fixedILi22ELi17EL9ap_q_mode0EL9ap_o_mode0EL_18074" [matrix_test2/matrix_test.cc:225]   --->   Operation 107 'store' 'store_ln225' <Predicate = (c_34 == 58)> <Delay = 0.00>
ST_10 : Operation 108 [1/1] (0.00ns)   --->   "%br_ln225 = br void %arrayidx2788.27.exit" [matrix_test2/matrix_test.cc:225]   --->   Operation 108 'br' 'br_ln225' <Predicate = (c_34 == 58)> <Delay = 0.00>
ST_10 : Operation 109 [1/1] (0.00ns)   --->   "%store_ln225 = store i22 %trunc_ln225_34, i22 %p_ZZ11network_topP13params_structP8ap_fixedILi22ELi17EL9ap_q_mode0EL9ap_o_mode0EL_18073" [matrix_test2/matrix_test.cc:225]   --->   Operation 109 'store' 'store_ln225' <Predicate = (c_34 == 57)> <Delay = 0.00>
ST_10 : Operation 110 [1/1] (0.00ns)   --->   "%br_ln225 = br void %arrayidx2788.27.exit" [matrix_test2/matrix_test.cc:225]   --->   Operation 110 'br' 'br_ln225' <Predicate = (c_34 == 57)> <Delay = 0.00>
ST_10 : Operation 111 [1/1] (0.00ns)   --->   "%store_ln225 = store i22 %trunc_ln225_34, i22 %p_ZZ11network_topP13params_structP8ap_fixedILi22ELi17EL9ap_q_mode0EL9ap_o_mode0EL_18072" [matrix_test2/matrix_test.cc:225]   --->   Operation 111 'store' 'store_ln225' <Predicate = (c_34 == 56)> <Delay = 0.00>
ST_10 : Operation 112 [1/1] (0.00ns)   --->   "%br_ln225 = br void %arrayidx2788.27.exit" [matrix_test2/matrix_test.cc:225]   --->   Operation 112 'br' 'br_ln225' <Predicate = (c_34 == 56)> <Delay = 0.00>
ST_10 : Operation 113 [1/1] (0.00ns)   --->   "%store_ln225 = store i22 %trunc_ln225_34, i22 %p_ZZ11network_topP13params_structP8ap_fixedILi22ELi17EL9ap_q_mode0EL9ap_o_mode0EL_18071" [matrix_test2/matrix_test.cc:225]   --->   Operation 113 'store' 'store_ln225' <Predicate = (c_34 == 55)> <Delay = 0.00>
ST_10 : Operation 114 [1/1] (0.00ns)   --->   "%br_ln225 = br void %arrayidx2788.27.exit" [matrix_test2/matrix_test.cc:225]   --->   Operation 114 'br' 'br_ln225' <Predicate = (c_34 == 55)> <Delay = 0.00>
ST_10 : Operation 115 [1/1] (0.00ns)   --->   "%store_ln225 = store i22 %trunc_ln225_34, i22 %p_ZZ11network_topP13params_structP8ap_fixedILi22ELi17EL9ap_q_mode0EL9ap_o_mode0EL_18070" [matrix_test2/matrix_test.cc:225]   --->   Operation 115 'store' 'store_ln225' <Predicate = (c_34 == 54)> <Delay = 0.00>
ST_10 : Operation 116 [1/1] (0.00ns)   --->   "%br_ln225 = br void %arrayidx2788.27.exit" [matrix_test2/matrix_test.cc:225]   --->   Operation 116 'br' 'br_ln225' <Predicate = (c_34 == 54)> <Delay = 0.00>
ST_10 : Operation 117 [1/1] (0.00ns)   --->   "%store_ln225 = store i22 %trunc_ln225_34, i22 %p_ZZ11network_topP13params_structP8ap_fixedILi22ELi17EL9ap_q_mode0EL9ap_o_mode0EL_18068" [matrix_test2/matrix_test.cc:225]   --->   Operation 117 'store' 'store_ln225' <Predicate = (c_34 == 53)> <Delay = 0.00>
ST_10 : Operation 118 [1/1] (0.00ns)   --->   "%br_ln225 = br void %arrayidx2788.27.exit" [matrix_test2/matrix_test.cc:225]   --->   Operation 118 'br' 'br_ln225' <Predicate = (c_34 == 53)> <Delay = 0.00>
ST_10 : Operation 119 [1/1] (0.00ns)   --->   "%store_ln225 = store i22 %trunc_ln225_34, i22 %p_ZZ11network_topP13params_structP8ap_fixedILi22ELi17EL9ap_q_mode0EL9ap_o_mode0EL_18067" [matrix_test2/matrix_test.cc:225]   --->   Operation 119 'store' 'store_ln225' <Predicate = (c_34 == 52)> <Delay = 0.00>
ST_10 : Operation 120 [1/1] (0.00ns)   --->   "%br_ln225 = br void %arrayidx2788.27.exit" [matrix_test2/matrix_test.cc:225]   --->   Operation 120 'br' 'br_ln225' <Predicate = (c_34 == 52)> <Delay = 0.00>
ST_10 : Operation 121 [1/1] (0.00ns)   --->   "%store_ln225 = store i22 %trunc_ln225_34, i22 %p_ZZ11network_topP13params_structP8ap_fixedILi22ELi17EL9ap_q_mode0EL9ap_o_mode0EL_18066" [matrix_test2/matrix_test.cc:225]   --->   Operation 121 'store' 'store_ln225' <Predicate = (c_34 == 51)> <Delay = 0.00>
ST_10 : Operation 122 [1/1] (0.00ns)   --->   "%br_ln225 = br void %arrayidx2788.27.exit" [matrix_test2/matrix_test.cc:225]   --->   Operation 122 'br' 'br_ln225' <Predicate = (c_34 == 51)> <Delay = 0.00>
ST_10 : Operation 123 [1/1] (0.00ns)   --->   "%store_ln225 = store i22 %trunc_ln225_34, i22 %p_ZZ11network_topP13params_structP8ap_fixedILi22ELi17EL9ap_q_mode0EL9ap_o_mode0EL_18065" [matrix_test2/matrix_test.cc:225]   --->   Operation 123 'store' 'store_ln225' <Predicate = (c_34 == 50)> <Delay = 0.00>
ST_10 : Operation 124 [1/1] (0.00ns)   --->   "%br_ln225 = br void %arrayidx2788.27.exit" [matrix_test2/matrix_test.cc:225]   --->   Operation 124 'br' 'br_ln225' <Predicate = (c_34 == 50)> <Delay = 0.00>
ST_10 : Operation 125 [1/1] (0.00ns)   --->   "%store_ln225 = store i22 %trunc_ln225_34, i22 %p_ZZ11network_topP13params_structP8ap_fixedILi22ELi17EL9ap_q_mode0EL9ap_o_mode0EL_18063" [matrix_test2/matrix_test.cc:225]   --->   Operation 125 'store' 'store_ln225' <Predicate = (c_34 == 49)> <Delay = 0.00>
ST_10 : Operation 126 [1/1] (0.00ns)   --->   "%br_ln225 = br void %arrayidx2788.27.exit" [matrix_test2/matrix_test.cc:225]   --->   Operation 126 'br' 'br_ln225' <Predicate = (c_34 == 49)> <Delay = 0.00>
ST_10 : Operation 127 [1/1] (0.00ns)   --->   "%store_ln225 = store i22 %trunc_ln225_34, i22 %p_ZZ11network_topP13params_structP8ap_fixedILi22ELi17EL9ap_q_mode0EL9ap_o_mode0EL_18062" [matrix_test2/matrix_test.cc:225]   --->   Operation 127 'store' 'store_ln225' <Predicate = (c_34 == 48)> <Delay = 0.00>
ST_10 : Operation 128 [1/1] (0.00ns)   --->   "%br_ln225 = br void %arrayidx2788.27.exit" [matrix_test2/matrix_test.cc:225]   --->   Operation 128 'br' 'br_ln225' <Predicate = (c_34 == 48)> <Delay = 0.00>
ST_10 : Operation 129 [1/1] (0.00ns)   --->   "%store_ln225 = store i22 %trunc_ln225_34, i22 %p_ZZ11network_topP13params_structP8ap_fixedILi22ELi17EL9ap_q_mode0EL9ap_o_mode0EL_18061" [matrix_test2/matrix_test.cc:225]   --->   Operation 129 'store' 'store_ln225' <Predicate = (c_34 == 47)> <Delay = 0.00>
ST_10 : Operation 130 [1/1] (0.00ns)   --->   "%br_ln225 = br void %arrayidx2788.27.exit" [matrix_test2/matrix_test.cc:225]   --->   Operation 130 'br' 'br_ln225' <Predicate = (c_34 == 47)> <Delay = 0.00>
ST_10 : Operation 131 [1/1] (0.00ns)   --->   "%store_ln225 = store i22 %trunc_ln225_34, i22 %p_ZZ11network_topP13params_structP8ap_fixedILi22ELi17EL9ap_q_mode0EL9ap_o_mode0EL_18060" [matrix_test2/matrix_test.cc:225]   --->   Operation 131 'store' 'store_ln225' <Predicate = (c_34 == 46)> <Delay = 0.00>
ST_10 : Operation 132 [1/1] (0.00ns)   --->   "%br_ln225 = br void %arrayidx2788.27.exit" [matrix_test2/matrix_test.cc:225]   --->   Operation 132 'br' 'br_ln225' <Predicate = (c_34 == 46)> <Delay = 0.00>
ST_10 : Operation 133 [1/1] (0.00ns)   --->   "%store_ln225 = store i22 %trunc_ln225_34, i22 %p_ZZ11network_topP13params_structP8ap_fixedILi22ELi17EL9ap_q_mode0EL9ap_o_mode0EL_18059" [matrix_test2/matrix_test.cc:225]   --->   Operation 133 'store' 'store_ln225' <Predicate = (c_34 == 45)> <Delay = 0.00>
ST_10 : Operation 134 [1/1] (0.00ns)   --->   "%br_ln225 = br void %arrayidx2788.27.exit" [matrix_test2/matrix_test.cc:225]   --->   Operation 134 'br' 'br_ln225' <Predicate = (c_34 == 45)> <Delay = 0.00>
ST_10 : Operation 135 [1/1] (0.00ns)   --->   "%store_ln225 = store i22 %trunc_ln225_34, i22 %p_ZZ11network_topP13params_structP8ap_fixedILi22ELi17EL9ap_q_mode0EL9ap_o_mode0EL_18057" [matrix_test2/matrix_test.cc:225]   --->   Operation 135 'store' 'store_ln225' <Predicate = (c_34 == 44)> <Delay = 0.00>
ST_10 : Operation 136 [1/1] (0.00ns)   --->   "%br_ln225 = br void %arrayidx2788.27.exit" [matrix_test2/matrix_test.cc:225]   --->   Operation 136 'br' 'br_ln225' <Predicate = (c_34 == 44)> <Delay = 0.00>
ST_10 : Operation 137 [1/1] (0.00ns)   --->   "%store_ln225 = store i22 %trunc_ln225_34, i22 %p_ZZ11network_topP13params_structP8ap_fixedILi22ELi17EL9ap_q_mode0EL9ap_o_mode0EL_18056" [matrix_test2/matrix_test.cc:225]   --->   Operation 137 'store' 'store_ln225' <Predicate = (c_34 == 43)> <Delay = 0.00>
ST_10 : Operation 138 [1/1] (0.00ns)   --->   "%br_ln225 = br void %arrayidx2788.27.exit" [matrix_test2/matrix_test.cc:225]   --->   Operation 138 'br' 'br_ln225' <Predicate = (c_34 == 43)> <Delay = 0.00>
ST_10 : Operation 139 [1/1] (0.00ns)   --->   "%store_ln225 = store i22 %trunc_ln225_34, i22 %p_ZZ11network_topP13params_structP8ap_fixedILi22ELi17EL9ap_q_mode0EL9ap_o_mode0EL_18055" [matrix_test2/matrix_test.cc:225]   --->   Operation 139 'store' 'store_ln225' <Predicate = (c_34 == 42)> <Delay = 0.00>
ST_10 : Operation 140 [1/1] (0.00ns)   --->   "%br_ln225 = br void %arrayidx2788.27.exit" [matrix_test2/matrix_test.cc:225]   --->   Operation 140 'br' 'br_ln225' <Predicate = (c_34 == 42)> <Delay = 0.00>
ST_10 : Operation 141 [1/1] (0.00ns)   --->   "%store_ln225 = store i22 %trunc_ln225_34, i22 %p_ZZ11network_topP13params_structP8ap_fixedILi22ELi17EL9ap_q_mode0EL9ap_o_mode0EL_18054" [matrix_test2/matrix_test.cc:225]   --->   Operation 141 'store' 'store_ln225' <Predicate = (c_34 == 41)> <Delay = 0.00>
ST_10 : Operation 142 [1/1] (0.00ns)   --->   "%br_ln225 = br void %arrayidx2788.27.exit" [matrix_test2/matrix_test.cc:225]   --->   Operation 142 'br' 'br_ln225' <Predicate = (c_34 == 41)> <Delay = 0.00>
ST_10 : Operation 143 [1/1] (0.00ns)   --->   "%store_ln225 = store i22 %trunc_ln225_34, i22 %p_ZZ11network_topP13params_structP8ap_fixedILi22ELi17EL9ap_q_mode0EL9ap_o_mode0EL_18053" [matrix_test2/matrix_test.cc:225]   --->   Operation 143 'store' 'store_ln225' <Predicate = (c_34 == 40)> <Delay = 0.00>
ST_10 : Operation 144 [1/1] (0.00ns)   --->   "%br_ln225 = br void %arrayidx2788.27.exit" [matrix_test2/matrix_test.cc:225]   --->   Operation 144 'br' 'br_ln225' <Predicate = (c_34 == 40)> <Delay = 0.00>
ST_10 : Operation 145 [1/1] (0.00ns)   --->   "%store_ln225 = store i22 %trunc_ln225_34, i22 %p_ZZ11network_topP13params_structP8ap_fixedILi22ELi17EL9ap_q_mode0EL9ap_o_mode0EL_18051" [matrix_test2/matrix_test.cc:225]   --->   Operation 145 'store' 'store_ln225' <Predicate = (c_34 == 39)> <Delay = 0.00>
ST_10 : Operation 146 [1/1] (0.00ns)   --->   "%br_ln225 = br void %arrayidx2788.27.exit" [matrix_test2/matrix_test.cc:225]   --->   Operation 146 'br' 'br_ln225' <Predicate = (c_34 == 39)> <Delay = 0.00>
ST_10 : Operation 147 [1/1] (0.00ns)   --->   "%store_ln225 = store i22 %trunc_ln225_34, i22 %p_ZZ11network_topP13params_structP8ap_fixedILi22ELi17EL9ap_q_mode0EL9ap_o_mode0EL_18050" [matrix_test2/matrix_test.cc:225]   --->   Operation 147 'store' 'store_ln225' <Predicate = (c_34 == 38)> <Delay = 0.00>
ST_10 : Operation 148 [1/1] (0.00ns)   --->   "%br_ln225 = br void %arrayidx2788.27.exit" [matrix_test2/matrix_test.cc:225]   --->   Operation 148 'br' 'br_ln225' <Predicate = (c_34 == 38)> <Delay = 0.00>
ST_10 : Operation 149 [1/1] (0.00ns)   --->   "%store_ln225 = store i22 %trunc_ln225_34, i22 %p_ZZ11network_topP13params_structP8ap_fixedILi22ELi17EL9ap_q_mode0EL9ap_o_mode0EL_18049" [matrix_test2/matrix_test.cc:225]   --->   Operation 149 'store' 'store_ln225' <Predicate = (c_34 == 37)> <Delay = 0.00>
ST_10 : Operation 150 [1/1] (0.00ns)   --->   "%br_ln225 = br void %arrayidx2788.27.exit" [matrix_test2/matrix_test.cc:225]   --->   Operation 150 'br' 'br_ln225' <Predicate = (c_34 == 37)> <Delay = 0.00>
ST_10 : Operation 151 [1/1] (0.00ns)   --->   "%store_ln225 = store i22 %trunc_ln225_34, i22 %p_ZZ11network_topP13params_structP8ap_fixedILi22ELi17EL9ap_q_mode0EL9ap_o_mode0EL_18048" [matrix_test2/matrix_test.cc:225]   --->   Operation 151 'store' 'store_ln225' <Predicate = (c_34 == 36)> <Delay = 0.00>
ST_10 : Operation 152 [1/1] (0.00ns)   --->   "%br_ln225 = br void %arrayidx2788.27.exit" [matrix_test2/matrix_test.cc:225]   --->   Operation 152 'br' 'br_ln225' <Predicate = (c_34 == 36)> <Delay = 0.00>
ST_10 : Operation 153 [1/1] (0.00ns)   --->   "%store_ln225 = store i22 %trunc_ln225_34, i22 %p_ZZ11network_topP13params_structP8ap_fixedILi22ELi17EL9ap_q_mode0EL9ap_o_mode0EL_18046" [matrix_test2/matrix_test.cc:225]   --->   Operation 153 'store' 'store_ln225' <Predicate = (c_34 == 35)> <Delay = 0.00>
ST_10 : Operation 154 [1/1] (0.00ns)   --->   "%br_ln225 = br void %arrayidx2788.27.exit" [matrix_test2/matrix_test.cc:225]   --->   Operation 154 'br' 'br_ln225' <Predicate = (c_34 == 35)> <Delay = 0.00>
ST_10 : Operation 155 [1/1] (0.00ns)   --->   "%store_ln225 = store i22 %trunc_ln225_34, i22 %p_ZZ11network_topP13params_structP8ap_fixedILi22ELi17EL9ap_q_mode0EL9ap_o_mode0EL_18045" [matrix_test2/matrix_test.cc:225]   --->   Operation 155 'store' 'store_ln225' <Predicate = (c_34 == 34)> <Delay = 0.00>
ST_10 : Operation 156 [1/1] (0.00ns)   --->   "%br_ln225 = br void %arrayidx2788.27.exit" [matrix_test2/matrix_test.cc:225]   --->   Operation 156 'br' 'br_ln225' <Predicate = (c_34 == 34)> <Delay = 0.00>
ST_10 : Operation 157 [1/1] (0.00ns)   --->   "%store_ln225 = store i22 %trunc_ln225_34, i22 %p_ZZ11network_topP13params_structP8ap_fixedILi22ELi17EL9ap_q_mode0EL9ap_o_mode0EL_18044" [matrix_test2/matrix_test.cc:225]   --->   Operation 157 'store' 'store_ln225' <Predicate = (c_34 == 33)> <Delay = 0.00>
ST_10 : Operation 158 [1/1] (0.00ns)   --->   "%br_ln225 = br void %arrayidx2788.27.exit" [matrix_test2/matrix_test.cc:225]   --->   Operation 158 'br' 'br_ln225' <Predicate = (c_34 == 33)> <Delay = 0.00>
ST_10 : Operation 159 [1/1] (0.00ns)   --->   "%store_ln225 = store i22 %trunc_ln225_34, i22 %p_ZZ11network_topP13params_structP8ap_fixedILi22ELi17EL9ap_q_mode0EL9ap_o_mode0EL_18043" [matrix_test2/matrix_test.cc:225]   --->   Operation 159 'store' 'store_ln225' <Predicate = (c_34 == 32)> <Delay = 0.00>
ST_10 : Operation 160 [1/1] (0.00ns)   --->   "%br_ln225 = br void %arrayidx2788.27.exit" [matrix_test2/matrix_test.cc:225]   --->   Operation 160 'br' 'br_ln225' <Predicate = (c_34 == 32)> <Delay = 0.00>
ST_10 : Operation 161 [1/1] (0.00ns)   --->   "%store_ln225 = store i22 %trunc_ln225_34, i22 %p_ZZ11network_topP13params_structP8ap_fixedILi22ELi17EL9ap_q_mode0EL9ap_o_mode0EL_18042" [matrix_test2/matrix_test.cc:225]   --->   Operation 161 'store' 'store_ln225' <Predicate = (c_34 == 31)> <Delay = 0.00>
ST_10 : Operation 162 [1/1] (0.00ns)   --->   "%br_ln225 = br void %arrayidx2788.27.exit" [matrix_test2/matrix_test.cc:225]   --->   Operation 162 'br' 'br_ln225' <Predicate = (c_34 == 31)> <Delay = 0.00>
ST_10 : Operation 163 [1/1] (0.00ns)   --->   "%store_ln225 = store i22 %trunc_ln225_34, i22 %p_ZZ11network_topP13params_structP8ap_fixedILi22ELi17EL9ap_q_mode0EL9ap_o_mode0EL_18041" [matrix_test2/matrix_test.cc:225]   --->   Operation 163 'store' 'store_ln225' <Predicate = (c_34 == 30)> <Delay = 0.00>
ST_10 : Operation 164 [1/1] (0.00ns)   --->   "%br_ln225 = br void %arrayidx2788.27.exit" [matrix_test2/matrix_test.cc:225]   --->   Operation 164 'br' 'br_ln225' <Predicate = (c_34 == 30)> <Delay = 0.00>
ST_10 : Operation 165 [1/1] (0.00ns)   --->   "%store_ln225 = store i22 %trunc_ln225_34, i22 %p_ZZ11network_topP13params_structP8ap_fixedILi22ELi17EL9ap_q_mode0EL9ap_o_mode0EL_18039" [matrix_test2/matrix_test.cc:225]   --->   Operation 165 'store' 'store_ln225' <Predicate = (c_34 == 29)> <Delay = 0.00>
ST_10 : Operation 166 [1/1] (0.00ns)   --->   "%br_ln225 = br void %arrayidx2788.27.exit" [matrix_test2/matrix_test.cc:225]   --->   Operation 166 'br' 'br_ln225' <Predicate = (c_34 == 29)> <Delay = 0.00>
ST_10 : Operation 167 [1/1] (0.00ns)   --->   "%store_ln225 = store i22 %trunc_ln225_34, i22 %p_ZZ11network_topP13params_structP8ap_fixedILi22ELi17EL9ap_q_mode0EL9ap_o_mode0EL_18038" [matrix_test2/matrix_test.cc:225]   --->   Operation 167 'store' 'store_ln225' <Predicate = (c_34 == 28)> <Delay = 0.00>
ST_10 : Operation 168 [1/1] (0.00ns)   --->   "%br_ln225 = br void %arrayidx2788.27.exit" [matrix_test2/matrix_test.cc:225]   --->   Operation 168 'br' 'br_ln225' <Predicate = (c_34 == 28)> <Delay = 0.00>
ST_10 : Operation 169 [1/1] (0.00ns)   --->   "%store_ln225 = store i22 %trunc_ln225_34, i22 %p_ZZ11network_topP13params_structP8ap_fixedILi22ELi17EL9ap_q_mode0EL9ap_o_mode0EL_18037" [matrix_test2/matrix_test.cc:225]   --->   Operation 169 'store' 'store_ln225' <Predicate = (c_34 == 27)> <Delay = 0.00>
ST_10 : Operation 170 [1/1] (0.00ns)   --->   "%br_ln225 = br void %arrayidx2788.27.exit" [matrix_test2/matrix_test.cc:225]   --->   Operation 170 'br' 'br_ln225' <Predicate = (c_34 == 27)> <Delay = 0.00>
ST_10 : Operation 171 [1/1] (0.00ns)   --->   "%store_ln225 = store i22 %trunc_ln225_34, i22 %p_ZZ11network_topP13params_structP8ap_fixedILi22ELi17EL9ap_q_mode0EL9ap_o_mode0EL_18035" [matrix_test2/matrix_test.cc:225]   --->   Operation 171 'store' 'store_ln225' <Predicate = (c_34 == 26)> <Delay = 0.00>
ST_10 : Operation 172 [1/1] (0.00ns)   --->   "%br_ln225 = br void %arrayidx2788.27.exit" [matrix_test2/matrix_test.cc:225]   --->   Operation 172 'br' 'br_ln225' <Predicate = (c_34 == 26)> <Delay = 0.00>
ST_10 : Operation 173 [1/1] (0.00ns)   --->   "%store_ln225 = store i22 %trunc_ln225_34, i22 %p_ZZ11network_topP13params_structP8ap_fixedILi22ELi17EL9ap_q_mode0EL9ap_o_mode0EL_18034" [matrix_test2/matrix_test.cc:225]   --->   Operation 173 'store' 'store_ln225' <Predicate = (c_34 == 25)> <Delay = 0.00>
ST_10 : Operation 174 [1/1] (0.00ns)   --->   "%br_ln225 = br void %arrayidx2788.27.exit" [matrix_test2/matrix_test.cc:225]   --->   Operation 174 'br' 'br_ln225' <Predicate = (c_34 == 25)> <Delay = 0.00>
ST_10 : Operation 175 [1/1] (0.00ns)   --->   "%store_ln225 = store i22 %trunc_ln225_34, i22 %p_ZZ11network_topP13params_structP8ap_fixedILi22ELi17EL9ap_q_mode0EL9ap_o_mode0EL_18033" [matrix_test2/matrix_test.cc:225]   --->   Operation 175 'store' 'store_ln225' <Predicate = (c_34 == 24)> <Delay = 0.00>
ST_10 : Operation 176 [1/1] (0.00ns)   --->   "%br_ln225 = br void %arrayidx2788.27.exit" [matrix_test2/matrix_test.cc:225]   --->   Operation 176 'br' 'br_ln225' <Predicate = (c_34 == 24)> <Delay = 0.00>
ST_10 : Operation 177 [1/1] (0.00ns)   --->   "%store_ln225 = store i22 %trunc_ln225_34, i22 %p_ZZ11network_topP13params_structP8ap_fixedILi22ELi17EL9ap_q_mode0EL9ap_o_mode0EL_18032" [matrix_test2/matrix_test.cc:225]   --->   Operation 177 'store' 'store_ln225' <Predicate = (c_34 == 23)> <Delay = 0.00>
ST_10 : Operation 178 [1/1] (0.00ns)   --->   "%br_ln225 = br void %arrayidx2788.27.exit" [matrix_test2/matrix_test.cc:225]   --->   Operation 178 'br' 'br_ln225' <Predicate = (c_34 == 23)> <Delay = 0.00>
ST_10 : Operation 179 [1/1] (0.00ns)   --->   "%store_ln225 = store i22 %trunc_ln225_34, i22 %p_ZZ11network_topP13params_structP8ap_fixedILi22ELi17EL9ap_q_mode0EL9ap_o_mode0EL_18031" [matrix_test2/matrix_test.cc:225]   --->   Operation 179 'store' 'store_ln225' <Predicate = (c_34 == 22)> <Delay = 0.00>
ST_10 : Operation 180 [1/1] (0.00ns)   --->   "%br_ln225 = br void %arrayidx2788.27.exit" [matrix_test2/matrix_test.cc:225]   --->   Operation 180 'br' 'br_ln225' <Predicate = (c_34 == 22)> <Delay = 0.00>
ST_10 : Operation 181 [1/1] (0.00ns)   --->   "%store_ln225 = store i22 %trunc_ln225_34, i22 %p_ZZ11network_topP13params_structP8ap_fixedILi22ELi17EL9ap_q_mode0EL9ap_o_mode0EL_18030" [matrix_test2/matrix_test.cc:225]   --->   Operation 181 'store' 'store_ln225' <Predicate = (c_34 == 21)> <Delay = 0.00>
ST_10 : Operation 182 [1/1] (0.00ns)   --->   "%br_ln225 = br void %arrayidx2788.27.exit" [matrix_test2/matrix_test.cc:225]   --->   Operation 182 'br' 'br_ln225' <Predicate = (c_34 == 21)> <Delay = 0.00>
ST_10 : Operation 183 [1/1] (0.00ns)   --->   "%store_ln225 = store i22 %trunc_ln225_34, i22 %p_ZZ11network_topP13params_structP8ap_fixedILi22ELi17EL9ap_q_mode0EL9ap_o_mode0EL_18029" [matrix_test2/matrix_test.cc:225]   --->   Operation 183 'store' 'store_ln225' <Predicate = (c_34 == 20)> <Delay = 0.00>
ST_10 : Operation 184 [1/1] (0.00ns)   --->   "%br_ln225 = br void %arrayidx2788.27.exit" [matrix_test2/matrix_test.cc:225]   --->   Operation 184 'br' 'br_ln225' <Predicate = (c_34 == 20)> <Delay = 0.00>
ST_10 : Operation 185 [1/1] (0.00ns)   --->   "%store_ln225 = store i22 %trunc_ln225_34, i22 %p_ZZ11network_topP13params_structP8ap_fixedILi22ELi17EL9ap_q_mode0EL9ap_o_mode0EL_18027" [matrix_test2/matrix_test.cc:225]   --->   Operation 185 'store' 'store_ln225' <Predicate = (c_34 == 19)> <Delay = 0.00>
ST_10 : Operation 186 [1/1] (0.00ns)   --->   "%br_ln225 = br void %arrayidx2788.27.exit" [matrix_test2/matrix_test.cc:225]   --->   Operation 186 'br' 'br_ln225' <Predicate = (c_34 == 19)> <Delay = 0.00>
ST_10 : Operation 187 [1/1] (0.00ns)   --->   "%store_ln225 = store i22 %trunc_ln225_34, i22 %p_ZZ11network_topP13params_structP8ap_fixedILi22ELi17EL9ap_q_mode0EL9ap_o_mode0EL_18026" [matrix_test2/matrix_test.cc:225]   --->   Operation 187 'store' 'store_ln225' <Predicate = (c_34 == 18)> <Delay = 0.00>
ST_10 : Operation 188 [1/1] (0.00ns)   --->   "%br_ln225 = br void %arrayidx2788.27.exit" [matrix_test2/matrix_test.cc:225]   --->   Operation 188 'br' 'br_ln225' <Predicate = (c_34 == 18)> <Delay = 0.00>
ST_10 : Operation 189 [1/1] (0.00ns)   --->   "%store_ln225 = store i22 %trunc_ln225_34, i22 %p_ZZ11network_topP13params_structP8ap_fixedILi22ELi17EL9ap_q_mode0EL9ap_o_mode0EL_18024" [matrix_test2/matrix_test.cc:225]   --->   Operation 189 'store' 'store_ln225' <Predicate = (c_34 == 17)> <Delay = 0.00>
ST_10 : Operation 190 [1/1] (0.00ns)   --->   "%br_ln225 = br void %arrayidx2788.27.exit" [matrix_test2/matrix_test.cc:225]   --->   Operation 190 'br' 'br_ln225' <Predicate = (c_34 == 17)> <Delay = 0.00>
ST_10 : Operation 191 [1/1] (0.00ns)   --->   "%store_ln225 = store i22 %trunc_ln225_34, i22 %p_ZZ11network_topP13params_structP8ap_fixedILi22ELi17EL9ap_q_mode0EL9ap_o_mode0EL_18023" [matrix_test2/matrix_test.cc:225]   --->   Operation 191 'store' 'store_ln225' <Predicate = (c_34 == 16)> <Delay = 0.00>
ST_10 : Operation 192 [1/1] (0.00ns)   --->   "%br_ln225 = br void %arrayidx2788.27.exit" [matrix_test2/matrix_test.cc:225]   --->   Operation 192 'br' 'br_ln225' <Predicate = (c_34 == 16)> <Delay = 0.00>
ST_10 : Operation 193 [1/1] (0.00ns)   --->   "%store_ln225 = store i22 %trunc_ln225_34, i22 %p_ZZ11network_topP13params_structP8ap_fixedILi22ELi17EL9ap_q_mode0EL9ap_o_mode0EL_18022" [matrix_test2/matrix_test.cc:225]   --->   Operation 193 'store' 'store_ln225' <Predicate = (c_34 == 15)> <Delay = 0.00>
ST_10 : Operation 194 [1/1] (0.00ns)   --->   "%br_ln225 = br void %arrayidx2788.27.exit" [matrix_test2/matrix_test.cc:225]   --->   Operation 194 'br' 'br_ln225' <Predicate = (c_34 == 15)> <Delay = 0.00>
ST_10 : Operation 195 [1/1] (0.00ns)   --->   "%store_ln225 = store i22 %trunc_ln225_34, i22 %p_ZZ11network_topP13params_structP8ap_fixedILi22ELi17EL9ap_q_mode0EL9ap_o_mode0EL_18021" [matrix_test2/matrix_test.cc:225]   --->   Operation 195 'store' 'store_ln225' <Predicate = (c_34 == 14)> <Delay = 0.00>
ST_10 : Operation 196 [1/1] (0.00ns)   --->   "%br_ln225 = br void %arrayidx2788.27.exit" [matrix_test2/matrix_test.cc:225]   --->   Operation 196 'br' 'br_ln225' <Predicate = (c_34 == 14)> <Delay = 0.00>
ST_10 : Operation 197 [1/1] (0.00ns)   --->   "%store_ln225 = store i22 %trunc_ln225_34, i22 %p_ZZ11network_topP13params_structP8ap_fixedILi22ELi17EL9ap_q_mode0EL9ap_o_mode0EL_18020" [matrix_test2/matrix_test.cc:225]   --->   Operation 197 'store' 'store_ln225' <Predicate = (c_34 == 13)> <Delay = 0.00>
ST_10 : Operation 198 [1/1] (0.00ns)   --->   "%br_ln225 = br void %arrayidx2788.27.exit" [matrix_test2/matrix_test.cc:225]   --->   Operation 198 'br' 'br_ln225' <Predicate = (c_34 == 13)> <Delay = 0.00>
ST_10 : Operation 199 [1/1] (0.00ns)   --->   "%store_ln225 = store i22 %trunc_ln225_34, i22 %p_ZZ11network_topP13params_structP8ap_fixedILi22ELi17EL9ap_q_mode0EL9ap_o_mode0EL_18019" [matrix_test2/matrix_test.cc:225]   --->   Operation 199 'store' 'store_ln225' <Predicate = (c_34 == 12)> <Delay = 0.00>
ST_10 : Operation 200 [1/1] (0.00ns)   --->   "%br_ln225 = br void %arrayidx2788.27.exit" [matrix_test2/matrix_test.cc:225]   --->   Operation 200 'br' 'br_ln225' <Predicate = (c_34 == 12)> <Delay = 0.00>
ST_10 : Operation 201 [1/1] (0.00ns)   --->   "%store_ln225 = store i22 %trunc_ln225_34, i22 %p_ZZ11network_topP13params_structP8ap_fixedILi22ELi17EL9ap_q_mode0EL9ap_o_mode0EL_18018" [matrix_test2/matrix_test.cc:225]   --->   Operation 201 'store' 'store_ln225' <Predicate = (c_34 == 11)> <Delay = 0.00>
ST_10 : Operation 202 [1/1] (0.00ns)   --->   "%br_ln225 = br void %arrayidx2788.27.exit" [matrix_test2/matrix_test.cc:225]   --->   Operation 202 'br' 'br_ln225' <Predicate = (c_34 == 11)> <Delay = 0.00>
ST_10 : Operation 203 [1/1] (0.00ns)   --->   "%store_ln225 = store i22 %trunc_ln225_34, i22 %p_ZZ11network_topP13params_structP8ap_fixedILi22ELi17EL9ap_q_mode0EL9ap_o_mode0EL_18017" [matrix_test2/matrix_test.cc:225]   --->   Operation 203 'store' 'store_ln225' <Predicate = (c_34 == 10)> <Delay = 0.00>
ST_10 : Operation 204 [1/1] (0.00ns)   --->   "%br_ln225 = br void %arrayidx2788.27.exit" [matrix_test2/matrix_test.cc:225]   --->   Operation 204 'br' 'br_ln225' <Predicate = (c_34 == 10)> <Delay = 0.00>
ST_10 : Operation 205 [1/1] (0.00ns)   --->   "%store_ln225 = store i22 %trunc_ln225_34, i22 %p_ZZ11network_topP13params_structP8ap_fixedILi22ELi17EL9ap_q_mode0EL9ap_o_mode0EL_18101" [matrix_test2/matrix_test.cc:225]   --->   Operation 205 'store' 'store_ln225' <Predicate = (c_34 == 9)> <Delay = 0.00>
ST_10 : Operation 206 [1/1] (0.00ns)   --->   "%br_ln225 = br void %arrayidx2788.27.exit" [matrix_test2/matrix_test.cc:225]   --->   Operation 206 'br' 'br_ln225' <Predicate = (c_34 == 9)> <Delay = 0.00>
ST_10 : Operation 207 [1/1] (0.00ns)   --->   "%store_ln225 = store i22 %trunc_ln225_34, i22 %p_ZZ11network_topP13params_structP8ap_fixedILi22ELi17EL9ap_q_mode0EL9ap_o_mode0EL_18100" [matrix_test2/matrix_test.cc:225]   --->   Operation 207 'store' 'store_ln225' <Predicate = (c_34 == 8)> <Delay = 0.00>
ST_10 : Operation 208 [1/1] (0.00ns)   --->   "%br_ln225 = br void %arrayidx2788.27.exit" [matrix_test2/matrix_test.cc:225]   --->   Operation 208 'br' 'br_ln225' <Predicate = (c_34 == 8)> <Delay = 0.00>
ST_10 : Operation 209 [1/1] (0.00ns)   --->   "%store_ln225 = store i22 %trunc_ln225_34, i22 %p_ZZ11network_topP13params_structP8ap_fixedILi22ELi17EL9ap_q_mode0EL9ap_o_mode0EL_18088" [matrix_test2/matrix_test.cc:225]   --->   Operation 209 'store' 'store_ln225' <Predicate = (c_34 == 7)> <Delay = 0.00>
ST_10 : Operation 210 [1/1] (0.00ns)   --->   "%br_ln225 = br void %arrayidx2788.27.exit" [matrix_test2/matrix_test.cc:225]   --->   Operation 210 'br' 'br_ln225' <Predicate = (c_34 == 7)> <Delay = 0.00>
ST_10 : Operation 211 [1/1] (0.00ns)   --->   "%store_ln225 = store i22 %trunc_ln225_34, i22 %p_ZZ11network_topP13params_structP8ap_fixedILi22ELi17EL9ap_q_mode0EL9ap_o_mode0EL_18076" [matrix_test2/matrix_test.cc:225]   --->   Operation 211 'store' 'store_ln225' <Predicate = (c_34 == 6)> <Delay = 0.00>
ST_10 : Operation 212 [1/1] (0.00ns)   --->   "%br_ln225 = br void %arrayidx2788.27.exit" [matrix_test2/matrix_test.cc:225]   --->   Operation 212 'br' 'br_ln225' <Predicate = (c_34 == 6)> <Delay = 0.00>
ST_10 : Operation 213 [1/1] (0.00ns)   --->   "%store_ln225 = store i22 %trunc_ln225_34, i22 %p_ZZ11network_topP13params_structP8ap_fixedILi22ELi17EL9ap_q_mode0EL9ap_o_mode0EL_18064" [matrix_test2/matrix_test.cc:225]   --->   Operation 213 'store' 'store_ln225' <Predicate = (c_34 == 5)> <Delay = 0.00>
ST_10 : Operation 214 [1/1] (0.00ns)   --->   "%br_ln225 = br void %arrayidx2788.27.exit" [matrix_test2/matrix_test.cc:225]   --->   Operation 214 'br' 'br_ln225' <Predicate = (c_34 == 5)> <Delay = 0.00>
ST_10 : Operation 215 [1/1] (0.00ns)   --->   "%store_ln225 = store i22 %trunc_ln225_34, i22 %p_ZZ11network_topP13params_structP8ap_fixedILi22ELi17EL9ap_q_mode0EL9ap_o_mode0EL_18052" [matrix_test2/matrix_test.cc:225]   --->   Operation 215 'store' 'store_ln225' <Predicate = (c_34 == 4)> <Delay = 0.00>
ST_10 : Operation 216 [1/1] (0.00ns)   --->   "%br_ln225 = br void %arrayidx2788.27.exit" [matrix_test2/matrix_test.cc:225]   --->   Operation 216 'br' 'br_ln225' <Predicate = (c_34 == 4)> <Delay = 0.00>
ST_10 : Operation 217 [1/1] (0.00ns)   --->   "%store_ln225 = store i22 %trunc_ln225_34, i22 %p_ZZ11network_topP13params_structP8ap_fixedILi22ELi17EL9ap_q_mode0EL9ap_o_mode0EL_18040" [matrix_test2/matrix_test.cc:225]   --->   Operation 217 'store' 'store_ln225' <Predicate = (c_34 == 3)> <Delay = 0.00>
ST_10 : Operation 218 [1/1] (0.00ns)   --->   "%br_ln225 = br void %arrayidx2788.27.exit" [matrix_test2/matrix_test.cc:225]   --->   Operation 218 'br' 'br_ln225' <Predicate = (c_34 == 3)> <Delay = 0.00>
ST_10 : Operation 219 [1/1] (0.00ns)   --->   "%store_ln225 = store i22 %trunc_ln225_34, i22 %p_ZZ11network_topP13params_structP8ap_fixedILi22ELi17EL9ap_q_mode0EL9ap_o_mode0EL_18028" [matrix_test2/matrix_test.cc:225]   --->   Operation 219 'store' 'store_ln225' <Predicate = (c_34 == 2)> <Delay = 0.00>
ST_10 : Operation 220 [1/1] (0.00ns)   --->   "%br_ln225 = br void %arrayidx2788.27.exit" [matrix_test2/matrix_test.cc:225]   --->   Operation 220 'br' 'br_ln225' <Predicate = (c_34 == 2)> <Delay = 0.00>
ST_10 : Operation 221 [1/1] (0.00ns)   --->   "%store_ln225 = store i22 %trunc_ln225_34, i22 %p_ZZ11network_topP13params_structP8ap_fixedILi22ELi17EL9ap_q_mode0EL9ap_o_mode0EL_18016" [matrix_test2/matrix_test.cc:225]   --->   Operation 221 'store' 'store_ln225' <Predicate = (c_34 == 1)> <Delay = 0.00>
ST_10 : Operation 222 [1/1] (0.00ns)   --->   "%br_ln225 = br void %arrayidx2788.27.exit" [matrix_test2/matrix_test.cc:225]   --->   Operation 222 'br' 'br_ln225' <Predicate = (c_34 == 1)> <Delay = 0.00>
ST_10 : Operation 223 [1/1] (0.00ns)   --->   "%store_ln225 = store i22 %trunc_ln225_34, i22 %p_ZZ11network_topP13params_structP8ap_fixedILi22ELi17EL9ap_q_mode0EL9ap_o_mode0EL_18015" [matrix_test2/matrix_test.cc:225]   --->   Operation 223 'store' 'store_ln225' <Predicate = (c_34 == 0)> <Delay = 0.00>
ST_10 : Operation 224 [1/1] (0.00ns)   --->   "%br_ln225 = br void %arrayidx2788.27.exit" [matrix_test2/matrix_test.cc:225]   --->   Operation 224 'br' 'br_ln225' <Predicate = (c_34 == 0)> <Delay = 0.00>
ST_10 : Operation 225 [1/1] (0.00ns)   --->   "%store_ln225 = store i22 %trunc_ln225_34, i22 %p_ZZ11network_topP13params_structP8ap_fixedILi22ELi17EL9ap_q_mode0EL9ap_o_mode0EL_18099" [matrix_test2/matrix_test.cc:225]   --->   Operation 225 'store' 'store_ln225' <Predicate = (c_34 == 127) | (c_34 == 126) | (c_34 == 125) | (c_34 == 124) | (c_34 == 123) | (c_34 == 122) | (c_34 == 121) | (c_34 == 120) | (c_34 == 119) | (c_34 == 118) | (c_34 == 117) | (c_34 == 116) | (c_34 == 115) | (c_34 == 114) | (c_34 == 113) | (c_34 == 112) | (c_34 == 111) | (c_34 == 110) | (c_34 == 109) | (c_34 == 108) | (c_34 == 107) | (c_34 == 106) | (c_34 == 105) | (c_34 == 104) | (c_34 == 103) | (c_34 == 102) | (c_34 == 101) | (c_34 == 100) | (c_34 == 99) | (c_34 == 98) | (c_34 == 97) | (c_34 == 96) | (c_34 == 95) | (c_34 == 94) | (c_34 == 93) | (c_34 == 92) | (c_34 == 91) | (c_34 == 90) | (c_34 == 89) | (c_34 == 88) | (c_34 == 87) | (c_34 == 86) | (c_34 == 85) | (c_34 == 84) | (c_34 == 83) | (c_34 == 82) | (c_34 == 81) | (c_34 == 80) | (c_34 == 79)> <Delay = 0.00>
ST_10 : Operation 226 [1/1] (0.00ns)   --->   "%br_ln225 = br void %arrayidx2788.27.exit" [matrix_test2/matrix_test.cc:225]   --->   Operation 226 'br' 'br_ln225' <Predicate = (c_34 == 127) | (c_34 == 126) | (c_34 == 125) | (c_34 == 124) | (c_34 == 123) | (c_34 == 122) | (c_34 == 121) | (c_34 == 120) | (c_34 == 119) | (c_34 == 118) | (c_34 == 117) | (c_34 == 116) | (c_34 == 115) | (c_34 == 114) | (c_34 == 113) | (c_34 == 112) | (c_34 == 111) | (c_34 == 110) | (c_34 == 109) | (c_34 == 108) | (c_34 == 107) | (c_34 == 106) | (c_34 == 105) | (c_34 == 104) | (c_34 == 103) | (c_34 == 102) | (c_34 == 101) | (c_34 == 100) | (c_34 == 99) | (c_34 == 98) | (c_34 == 97) | (c_34 == 96) | (c_34 == 95) | (c_34 == 94) | (c_34 == 93) | (c_34 == 92) | (c_34 == 91) | (c_34 == 90) | (c_34 == 89) | (c_34 == 88) | (c_34 == 87) | (c_34 == 86) | (c_34 == 85) | (c_34 == 84) | (c_34 == 83) | (c_34 == 82) | (c_34 == 81) | (c_34 == 80) | (c_34 == 79)> <Delay = 0.00>


============================================================
+ Verbose Summary: Timing violations
============================================================
Target clock period: 350.000ns, clock uncertainty: 94.500ns.

 <State 1>: 4.034ns
The critical path consists of the following:
	'alloca' operation ('phi_mul769') [84]  (0.000 ns)
	'load' operation ('phi_mul769_load') on local variable 'phi_mul769' [101]  (0.000 ns)
	'mul' operation ('mul_ln225', matrix_test2/matrix_test.cc:225) [107]  (2.140 ns)
	'or' operation ('or_ln225', matrix_test2/matrix_test.cc:225) [109]  (0.000 ns)
	'add' operation ('add_ln225_47', matrix_test2/matrix_test.cc:225) [113]  (0.809 ns)
	'add' operation ('add_ln225_48', matrix_test2/matrix_test.cc:225) [116]  (1.085 ns)

 <State 2>: 255.500ns
The critical path consists of the following:
	bus request operation ('gmem_load_107_req', matrix_test2/matrix_test.cc:225) on port 'gmem' (matrix_test2/matrix_test.cc:225) [120]  (255.500 ns)

 <State 3>: 255.500ns
The critical path consists of the following:
	bus request operation ('gmem_load_107_req', matrix_test2/matrix_test.cc:225) on port 'gmem' (matrix_test2/matrix_test.cc:225) [120]  (255.500 ns)

 <State 4>: 255.500ns
The critical path consists of the following:
	bus request operation ('gmem_load_107_req', matrix_test2/matrix_test.cc:225) on port 'gmem' (matrix_test2/matrix_test.cc:225) [120]  (255.500 ns)

 <State 5>: 255.500ns
The critical path consists of the following:
	bus request operation ('gmem_load_107_req', matrix_test2/matrix_test.cc:225) on port 'gmem' (matrix_test2/matrix_test.cc:225) [120]  (255.500 ns)

 <State 6>: 255.500ns
The critical path consists of the following:
	bus request operation ('gmem_load_107_req', matrix_test2/matrix_test.cc:225) on port 'gmem' (matrix_test2/matrix_test.cc:225) [120]  (255.500 ns)

 <State 7>: 255.500ns
The critical path consists of the following:
	bus request operation ('gmem_load_107_req', matrix_test2/matrix_test.cc:225) on port 'gmem' (matrix_test2/matrix_test.cc:225) [120]  (255.500 ns)

 <State 8>: 255.500ns
The critical path consists of the following:
	bus request operation ('gmem_load_107_req', matrix_test2/matrix_test.cc:225) on port 'gmem' (matrix_test2/matrix_test.cc:225) [120]  (255.500 ns)

 <State 9>: 255.500ns
The critical path consists of the following:
	bus request operation ('gmem_load_107_req', matrix_test2/matrix_test.cc:225) on port 'gmem' (matrix_test2/matrix_test.cc:225) [120]  (255.500 ns)

 <State 10>: 255.500ns
The critical path consists of the following:
	bus read operation ('gmem_addr_read', matrix_test2/matrix_test.cc:225) on port 'gmem' (matrix_test2/matrix_test.cc:225) [121]  (255.500 ns)
	'store' operation ('store_ln225', matrix_test2/matrix_test.cc:225) of variable 'trunc_ln225_34', matrix_test2/matrix_test.cc:225 on static variable 'p_ZZ11network_topP13params_structP8ap_fixedILi22ELi17EL9ap_q_mode0EL9ap_o_mode0EL_18084' [161]  (0.000 ns)


============================================================
+ Verbose Summary: Binding
============================================================
N/A
* FSMD analyzer results:
  - Output states:
 - Input state : 
  - Chain level:
	State 1
	State 2
	State 3
	State 4
	State 5
	State 6
	State 7
	State 8
	State 9
	State 10


============================================================
+ Verbose Summary: Datapath Resource usage 
============================================================
N/A
