

================================================================
== Vitis HLS Report for 'network_top_Pipeline_load_weight2_matrix_inner_loop22'
================================================================
* Date:           Sat Oct 28 11:44:47 2023

* Version:        2023.1 (Build 3854077 on May  4 2023)
* Project:        hardware_accelerator
* Solution:       solution1 (Vivado IP Flow Target)
* Product family: zynquplus
* Target device:  xczu7ev-ffvc1156-2-e


================================================================
== Performance Estimates
================================================================
+ Timing: 
    * Summary: 
    +--------+----------+-----------+------------+
    |  Clock |  Target  | Estimated | Uncertainty|
    +--------+----------+-----------+------------+
    |ap_clk  |  20.00 ns|  14.600 ns|     5.40 ns|
    +--------+----------+-----------+------------+

+ Latency: 
    * Summary: 
    +---------+---------+----------+----------+-----+-----+---------+
    |  Latency (cycles) |  Latency (absolute) |  Interval | Pipeline|
    |   min   |   max   |    min   |    max   | min | max |   Type  |
    +---------+---------+----------+----------+-----+-----+---------+
    |       42|       42|  0.840 us|  0.840 us|   42|   42|       no|
    +---------+---------+----------+----------+-----+-----+---------+

    + Detail: 
        * Instance: 
        N/A

        * Loop: 
        +----------------------------------+---------+---------+----------+-----------+-----------+------+----------+
        |                                  |  Latency (cycles) | Iteration|  Initiation Interval  | Trip |          |
        |             Loop Name            |   min   |   max   |  Latency |  achieved |   target  | Count| Pipelined|
        +----------------------------------+---------+---------+----------+-----------+-----------+------+----------+
        |- load_weight2_matrix_inner_loop  |       40|       40|        10|          1|          1|    32|       yes|
        +----------------------------------+---------+---------+----------+-----------+-----------+------+----------+

============================================================
+ Verbose Summary: Synthesis Manager
============================================================
InlineROM: 1
ExposeGlobal: 0
============================================================
+ Verbose Summary: CDFG Model
============================================================
IsTopModel: 0
ResetActiveHigh: 1
IsCombinational: 0
IsDatapathOnly: 0
HasWiredReturn: 1
HasMFsm: 2
HasVarLatency: 1
IsPipeline: 0
IsRtlPipelined: 0
IsInstanceOverlapped: 0
IsDontTouch: 0
HasImplIP: 0
IsGatedGlobalClock: 0

+ Individual pipeline summary: 
  * Pipeline-0: initiation interval (II) = 1, depth = 10


============================================================
+ Verbose Summary: Schedule
============================================================
* Number of FSM states : 10
* Pipeline : 1
  Pipeline-0 : II = 1, D = 10, States = { 1 2 3 4 5 6 7 8 9 10 }
* Dataflow Pipeline: 0

* FSM state transitions: 
1 --> 2 
2 --> 3 
3 --> 4 
4 --> 5 
5 --> 6 
6 --> 7 
7 --> 8 
8 --> 9 
9 --> 10 
10 --> 

* FSM state operations: 

State 1 <SV = 0> <Delay = 1.20>
ST_1 : Operation 13 [1/1] (0.00ns)   --->   "%c_23 = alloca i32 1"   --->   Operation 13 'alloca' 'c_23' <Predicate = true> <Delay = 0.00>
ST_1 : Operation 14 [1/1] (0.00ns)   --->   "%specinterface_ln0 = specinterface void @_ssdm_op_SpecInterface, i16 %gmem, void @empty_6, i32 0, i32 0, void @empty_12, i32 0, i32 256, void @empty_0, void @empty_2, void @empty_12, i32 16, i32 16, i32 16, i32 16, void @empty_12, void @empty_12, i32 4294967295, i32 0"   --->   Operation 14 'specinterface' 'specinterface_ln0' <Predicate = true> <Delay = 0.00>
ST_1 : Operation 15 [1/1] (0.00ns)   --->   "%add_ln251_read = read i64 @_ssdm_op_Read.ap_auto.i64, i64 %add_ln251"   --->   Operation 15 'read' 'add_ln251_read' <Predicate = true> <Delay = 0.00>
ST_1 : Operation 16 [1/1] (0.42ns)   --->   "%store_ln0 = store i6 0, i6 %c_23"   --->   Operation 16 'store' 'store_ln0' <Predicate = true> <Delay = 0.42>
ST_1 : Operation 17 [1/1] (0.00ns)   --->   "%br_ln0 = br void %for.inc238.7"   --->   Operation 17 'br' 'br_ln0' <Predicate = true> <Delay = 0.00>
ST_1 : Operation 18 [1/1] (0.00ns)   --->   "%c = load i6 %c_23"   --->   Operation 18 'load' 'c' <Predicate = true> <Delay = 0.00>
ST_1 : Operation 19 [1/1] (0.00ns)   --->   "%specbitsmap_ln0 = specbitsmap void @_ssdm_op_SpecBitsMap, i16 %gmem"   --->   Operation 19 'specbitsmap' 'specbitsmap_ln0' <Predicate = true> <Delay = 0.00>
ST_1 : Operation 20 [1/1] (0.00ns)   --->   "%specpipeline_ln0 = specpipeline void @_ssdm_op_SpecPipeline, i32 4294967295, i32 0, i32 1, i32 0, void @p_str"   --->   Operation 20 'specpipeline' 'specpipeline_ln0' <Predicate = true> <Delay = 0.00>
ST_1 : Operation 21 [1/1] (0.78ns)   --->   "%icmp_ln249 = icmp_eq  i6 %c, i6 32" [hardware_accelerator/src/LSTM_accelerator.cc:249]   --->   Operation 21 'icmp' 'icmp_ln249' <Predicate = true> <Delay = 0.78> <CoreInst = "Cmp">   --->   Core 9 'Cmp' <Latency = 0> <II = 1> <Delay = 0.78> <FuncUnit> <Opcode : 'icmp'> <InPorts = 2> <OutPorts = 1>
ST_1 : Operation 22 [1/1] (0.78ns)   --->   "%add_ln249 = add i6 %c, i6 1" [hardware_accelerator/src/LSTM_accelerator.cc:249]   --->   Operation 22 'add' 'add_ln249' <Predicate = true> <Delay = 0.78> <CoreInst = "Adder">   --->   Core 1 'Adder' <Latency = 0> <II = 1> <Delay = 0.78> <FuncUnit> <Opcode : 'add' 'sub'> <InPorts = 2> <OutPorts = 1>
ST_1 : Operation 23 [1/1] (0.00ns)   --->   "%br_ln249 = br i1 %icmp_ln249, void %for.inc238.7.split, void %for.inc238.8.preheader.exitStub" [hardware_accelerator/src/LSTM_accelerator.cc:249]   --->   Operation 23 'br' 'br_ln249' <Predicate = true> <Delay = 0.00>
ST_1 : Operation 24 [1/1] (0.00ns)   --->   "%trunc_ln249 = trunc i6 %c" [hardware_accelerator/src/LSTM_accelerator.cc:249]   --->   Operation 24 'trunc' 'trunc_ln249' <Predicate = (!icmp_ln249)> <Delay = 0.00>
ST_1 : Operation 25 [1/1] (0.00ns) (grouped into LUT with out node add_ln251_8)   --->   "%empty = trunc i6 %c"   --->   Operation 25 'trunc' 'empty' <Predicate = (!icmp_ln249)> <Delay = 0.00>
ST_1 : Operation 26 [1/1] (0.00ns) (grouped into LUT with out node add_ln251_8)   --->   "%tmp_s = partselect i2 @_ssdm_op_PartSelect.i2.i6.i32.i32, i6 %c, i32 3, i32 4" [hardware_accelerator/src/LSTM_accelerator.cc:251]   --->   Operation 26 'partselect' 'tmp_s' <Predicate = (!icmp_ln249)> <Delay = 0.00>
ST_1 : Operation 27 [1/1] (0.00ns) (grouped into LUT with out node add_ln251_8)   --->   "%tmp = bitconcatenate i9 @_ssdm_op_BitConcatenate.i9.i2.i4.i3, i2 %tmp_s, i4 0, i3 %empty" [hardware_accelerator/src/LSTM_accelerator.cc:251]   --->   Operation 27 'bitconcatenate' 'tmp' <Predicate = (!icmp_ln249)> <Delay = 0.00>
ST_1 : Operation 28 [1/1] (0.00ns) (grouped into LUT with out node add_ln251_8)   --->   "%or_ln251 = or i9 %tmp, i9 56" [hardware_accelerator/src/LSTM_accelerator.cc:251]   --->   Operation 28 'or' 'or_ln251' <Predicate = (!icmp_ln249)> <Delay = 0.00>
ST_1 : Operation 29 [1/1] (0.00ns) (grouped into LUT with out node add_ln251_8)   --->   "%shl_ln251_7 = bitconcatenate i10 @_ssdm_op_BitConcatenate.i10.i9.i1, i9 %or_ln251, i1 0" [hardware_accelerator/src/LSTM_accelerator.cc:251]   --->   Operation 29 'bitconcatenate' 'shl_ln251_7' <Predicate = (!icmp_ln249)> <Delay = 0.00>
ST_1 : Operation 30 [1/1] (0.00ns) (grouped into LUT with out node add_ln251_8)   --->   "%zext_ln251 = zext i10 %shl_ln251_7" [hardware_accelerator/src/LSTM_accelerator.cc:251]   --->   Operation 30 'zext' 'zext_ln251' <Predicate = (!icmp_ln249)> <Delay = 0.00>
ST_1 : Operation 31 [1/1] (1.08ns) (out node of the LUT)   --->   "%add_ln251_8 = add i64 %zext_ln251, i64 %add_ln251_read" [hardware_accelerator/src/LSTM_accelerator.cc:251]   --->   Operation 31 'add' 'add_ln251_8' <Predicate = (!icmp_ln249)> <Delay = 1.08> <CoreInst = "Adder">   --->   Core 1 'Adder' <Latency = 0> <II = 1> <Delay = 1.08> <FuncUnit> <Opcode : 'add' 'sub'> <InPorts = 2> <OutPorts = 1>
ST_1 : Operation 32 [1/1] (0.00ns)   --->   "%trunc_ln251_s = partselect i63 @_ssdm_op_PartSelect.i63.i64.i32.i32, i64 %add_ln251_8, i32 1, i32 63" [hardware_accelerator/src/LSTM_accelerator.cc:251]   --->   Operation 32 'partselect' 'trunc_ln251_s' <Predicate = (!icmp_ln249)> <Delay = 0.00>
ST_1 : Operation 33 [1/1] (0.00ns)   --->   "%sext_ln251 = sext i63 %trunc_ln251_s" [hardware_accelerator/src/LSTM_accelerator.cc:251]   --->   Operation 33 'sext' 'sext_ln251' <Predicate = (!icmp_ln249)> <Delay = 0.00>
ST_1 : Operation 34 [1/1] (0.00ns)   --->   "%gmem_addr = getelementptr i16 %gmem, i64 %sext_ln251" [hardware_accelerator/src/LSTM_accelerator.cc:251]   --->   Operation 34 'getelementptr' 'gmem_addr' <Predicate = (!icmp_ln249)> <Delay = 0.00>
ST_1 : Operation 35 [1/1] (0.74ns)   --->   "%switch_ln251 = switch i5 %trunc_ln249, void %arrayidx23710.7.case.31, i5 0, void %arrayidx23710.7.case.0, i5 1, void %arrayidx23710.7.case.1, i5 2, void %arrayidx23710.7.case.2, i5 3, void %arrayidx23710.7.case.3, i5 4, void %arrayidx23710.7.case.4, i5 5, void %arrayidx23710.7.case.5, i5 6, void %arrayidx23710.7.case.6, i5 7, void %arrayidx23710.7.case.7, i5 8, void %arrayidx23710.7.case.8, i5 9, void %arrayidx23710.7.case.9, i5 10, void %arrayidx23710.7.case.10, i5 11, void %arrayidx23710.7.case.11, i5 12, void %arrayidx23710.7.case.12, i5 13, void %arrayidx23710.7.case.13, i5 14, void %arrayidx23710.7.case.14, i5 15, void %arrayidx23710.7.case.15, i5 16, void %arrayidx23710.7.case.16, i5 17, void %arrayidx23710.7.case.17, i5 18, void %arrayidx23710.7.case.18, i5 19, void %arrayidx23710.7.case.19, i5 20, void %arrayidx23710.7.case.20, i5 21, void %arrayidx23710.7.case.21, i5 22, void %arrayidx23710.7.case.22, i5 23, void %arrayidx23710.7.case.23, i5 24, void %arrayidx23710.7.case.24, i5 25, void %arrayidx23710.7.case.25, i5 26, void %arrayidx23710.7.case.26, i5 27, void %arrayidx23710.7.case.27, i5 28, void %arrayidx23710.7.case.28, i5 29, void %arrayidx23710.7.case.29, i5 30, void %arrayidx23710.7.case.30" [hardware_accelerator/src/LSTM_accelerator.cc:251]   --->   Operation 35 'switch' 'switch_ln251' <Predicate = (!icmp_ln249)> <Delay = 0.74>
ST_1 : Operation 36 [1/1] (0.42ns)   --->   "%store_ln249 = store i6 %add_ln249, i6 %c_23" [hardware_accelerator/src/LSTM_accelerator.cc:249]   --->   Operation 36 'store' 'store_ln249' <Predicate = (!icmp_ln249)> <Delay = 0.42>
ST_1 : Operation 37 [1/1] (0.00ns)   --->   "%br_ln249 = br void %for.inc238.7" [hardware_accelerator/src/LSTM_accelerator.cc:249]   --->   Operation 37 'br' 'br_ln249' <Predicate = (!icmp_ln249)> <Delay = 0.00>

State 2 <SV = 1> <Delay = 14.6>
ST_2 : Operation 38 [8/8] (14.6ns)   --->   "%gmem_load_23_req = readreq i1 @_ssdm_op_ReadReq.m_axi.i16P1A, i16 %gmem_addr, i32 1" [hardware_accelerator/src/LSTM_accelerator.cc:251]   --->   Operation 38 'readreq' 'gmem_load_23_req' <Predicate = true> <Delay = 14.6> <CoreInst = "m_axi">   --->   Core 121 'm_axi' <Latency = 0> <II = 1> <Delay = 1.00> <Adapter> <Opcode : 'read' 'write' 'readreq' 'writereq' 'writeresp'>

State 3 <SV = 2> <Delay = 14.6>
ST_3 : Operation 39 [7/8] (14.6ns)   --->   "%gmem_load_23_req = readreq i1 @_ssdm_op_ReadReq.m_axi.i16P1A, i16 %gmem_addr, i32 1" [hardware_accelerator/src/LSTM_accelerator.cc:251]   --->   Operation 39 'readreq' 'gmem_load_23_req' <Predicate = true> <Delay = 14.6> <CoreInst = "m_axi">   --->   Core 121 'm_axi' <Latency = 0> <II = 1> <Delay = 1.00> <Adapter> <Opcode : 'read' 'write' 'readreq' 'writereq' 'writeresp'>

State 4 <SV = 3> <Delay = 14.6>
ST_4 : Operation 40 [6/8] (14.6ns)   --->   "%gmem_load_23_req = readreq i1 @_ssdm_op_ReadReq.m_axi.i16P1A, i16 %gmem_addr, i32 1" [hardware_accelerator/src/LSTM_accelerator.cc:251]   --->   Operation 40 'readreq' 'gmem_load_23_req' <Predicate = true> <Delay = 14.6> <CoreInst = "m_axi">   --->   Core 121 'm_axi' <Latency = 0> <II = 1> <Delay = 1.00> <Adapter> <Opcode : 'read' 'write' 'readreq' 'writereq' 'writeresp'>

State 5 <SV = 4> <Delay = 14.6>
ST_5 : Operation 41 [5/8] (14.6ns)   --->   "%gmem_load_23_req = readreq i1 @_ssdm_op_ReadReq.m_axi.i16P1A, i16 %gmem_addr, i32 1" [hardware_accelerator/src/LSTM_accelerator.cc:251]   --->   Operation 41 'readreq' 'gmem_load_23_req' <Predicate = true> <Delay = 14.6> <CoreInst = "m_axi">   --->   Core 121 'm_axi' <Latency = 0> <II = 1> <Delay = 1.00> <Adapter> <Opcode : 'read' 'write' 'readreq' 'writereq' 'writeresp'>

State 6 <SV = 5> <Delay = 14.6>
ST_6 : Operation 42 [4/8] (14.6ns)   --->   "%gmem_load_23_req = readreq i1 @_ssdm_op_ReadReq.m_axi.i16P1A, i16 %gmem_addr, i32 1" [hardware_accelerator/src/LSTM_accelerator.cc:251]   --->   Operation 42 'readreq' 'gmem_load_23_req' <Predicate = true> <Delay = 14.6> <CoreInst = "m_axi">   --->   Core 121 'm_axi' <Latency = 0> <II = 1> <Delay = 1.00> <Adapter> <Opcode : 'read' 'write' 'readreq' 'writereq' 'writeresp'>

State 7 <SV = 6> <Delay = 14.6>
ST_7 : Operation 43 [3/8] (14.6ns)   --->   "%gmem_load_23_req = readreq i1 @_ssdm_op_ReadReq.m_axi.i16P1A, i16 %gmem_addr, i32 1" [hardware_accelerator/src/LSTM_accelerator.cc:251]   --->   Operation 43 'readreq' 'gmem_load_23_req' <Predicate = true> <Delay = 14.6> <CoreInst = "m_axi">   --->   Core 121 'm_axi' <Latency = 0> <II = 1> <Delay = 1.00> <Adapter> <Opcode : 'read' 'write' 'readreq' 'writereq' 'writeresp'>

State 8 <SV = 7> <Delay = 14.6>
ST_8 : Operation 44 [2/8] (14.6ns)   --->   "%gmem_load_23_req = readreq i1 @_ssdm_op_ReadReq.m_axi.i16P1A, i16 %gmem_addr, i32 1" [hardware_accelerator/src/LSTM_accelerator.cc:251]   --->   Operation 44 'readreq' 'gmem_load_23_req' <Predicate = true> <Delay = 14.6> <CoreInst = "m_axi">   --->   Core 121 'm_axi' <Latency = 0> <II = 1> <Delay = 1.00> <Adapter> <Opcode : 'read' 'write' 'readreq' 'writereq' 'writeresp'>

State 9 <SV = 8> <Delay = 14.6>
ST_9 : Operation 45 [1/8] (14.6ns)   --->   "%gmem_load_23_req = readreq i1 @_ssdm_op_ReadReq.m_axi.i16P1A, i16 %gmem_addr, i32 1" [hardware_accelerator/src/LSTM_accelerator.cc:251]   --->   Operation 45 'readreq' 'gmem_load_23_req' <Predicate = true> <Delay = 14.6> <CoreInst = "m_axi">   --->   Core 121 'm_axi' <Latency = 0> <II = 1> <Delay = 1.00> <Adapter> <Opcode : 'read' 'write' 'readreq' 'writereq' 'writeresp'>
ST_9 : Operation 114 [1/1] (0.00ns)   --->   "%ret_ln0 = ret"   --->   Operation 114 'ret' 'ret_ln0' <Predicate = (icmp_ln249)> <Delay = 0.00>

State 10 <SV = 9> <Delay = 14.6>
ST_10 : Operation 46 [1/1] (0.00ns)   --->   "%speclooptripcount_ln249 = speclooptripcount void @_ssdm_op_SpecLoopTripCount, i64 32, i64 32, i64 32" [hardware_accelerator/src/LSTM_accelerator.cc:249]   --->   Operation 46 'speclooptripcount' 'speclooptripcount_ln249' <Predicate = true> <Delay = 0.00>
ST_10 : Operation 47 [1/1] (0.00ns)   --->   "%specloopname_ln249 = specloopname void @_ssdm_op_SpecLoopName, void @empty_7" [hardware_accelerator/src/LSTM_accelerator.cc:249]   --->   Operation 47 'specloopname' 'specloopname_ln249' <Predicate = true> <Delay = 0.00>
ST_10 : Operation 48 [1/1] (14.6ns)   --->   "%gmem_addr_read = read i16 @_ssdm_op_Read.m_axi.i16P1A, i16 %gmem_addr" [hardware_accelerator/src/LSTM_accelerator.cc:251]   --->   Operation 48 'read' 'gmem_addr_read' <Predicate = true> <Delay = 14.6> <CoreInst = "m_axi">   --->   Core 121 'm_axi' <Latency = 0> <II = 1> <Delay = 1.00> <Adapter> <Opcode : 'read' 'write' 'readreq' 'writereq' 'writeresp'>
ST_10 : Operation 49 [1/1] (0.00ns)   --->   "%trunc_ln251 = trunc i16 %gmem_addr_read" [hardware_accelerator/src/LSTM_accelerator.cc:251]   --->   Operation 49 'trunc' 'trunc_ln251' <Predicate = true> <Delay = 0.00>
ST_10 : Operation 50 [1/1] (0.00ns)   --->   "%store_ln251 = store i12 %trunc_ln251, i12 %p_ZZ11network_topP13params_structP8ap_fixedILi12ELi2EL9ap_q_mode0EL9ap_o_mode3ELi_2049" [hardware_accelerator/src/LSTM_accelerator.cc:251]   --->   Operation 50 'store' 'store_ln251' <Predicate = (trunc_ln249 == 30)> <Delay = 0.00>
ST_10 : Operation 51 [1/1] (0.00ns)   --->   "%br_ln251 = br void %arrayidx23710.7.exit" [hardware_accelerator/src/LSTM_accelerator.cc:251]   --->   Operation 51 'br' 'br_ln251' <Predicate = (trunc_ln249 == 30)> <Delay = 0.00>
ST_10 : Operation 52 [1/1] (0.00ns)   --->   "%store_ln251 = store i12 %trunc_ln251, i12 %p_ZZ11network_topP13params_structP8ap_fixedILi12ELi2EL9ap_q_mode0EL9ap_o_mode3ELi_2047" [hardware_accelerator/src/LSTM_accelerator.cc:251]   --->   Operation 52 'store' 'store_ln251' <Predicate = (trunc_ln249 == 29)> <Delay = 0.00>
ST_10 : Operation 53 [1/1] (0.00ns)   --->   "%br_ln251 = br void %arrayidx23710.7.exit" [hardware_accelerator/src/LSTM_accelerator.cc:251]   --->   Operation 53 'br' 'br_ln251' <Predicate = (trunc_ln249 == 29)> <Delay = 0.00>
ST_10 : Operation 54 [1/1] (0.00ns)   --->   "%store_ln251 = store i12 %trunc_ln251, i12 %p_ZZ11network_topP13params_structP8ap_fixedILi12ELi2EL9ap_q_mode0EL9ap_o_mode3ELi_2046" [hardware_accelerator/src/LSTM_accelerator.cc:251]   --->   Operation 54 'store' 'store_ln251' <Predicate = (trunc_ln249 == 28)> <Delay = 0.00>
ST_10 : Operation 55 [1/1] (0.00ns)   --->   "%br_ln251 = br void %arrayidx23710.7.exit" [hardware_accelerator/src/LSTM_accelerator.cc:251]   --->   Operation 55 'br' 'br_ln251' <Predicate = (trunc_ln249 == 28)> <Delay = 0.00>
ST_10 : Operation 56 [1/1] (0.00ns)   --->   "%store_ln251 = store i12 %trunc_ln251, i12 %p_ZZ11network_topP13params_structP8ap_fixedILi12ELi2EL9ap_q_mode0EL9ap_o_mode3ELi_2045" [hardware_accelerator/src/LSTM_accelerator.cc:251]   --->   Operation 56 'store' 'store_ln251' <Predicate = (trunc_ln249 == 27)> <Delay = 0.00>
ST_10 : Operation 57 [1/1] (0.00ns)   --->   "%br_ln251 = br void %arrayidx23710.7.exit" [hardware_accelerator/src/LSTM_accelerator.cc:251]   --->   Operation 57 'br' 'br_ln251' <Predicate = (trunc_ln249 == 27)> <Delay = 0.00>
ST_10 : Operation 58 [1/1] (0.00ns)   --->   "%store_ln251 = store i12 %trunc_ln251, i12 %p_ZZ11network_topP13params_structP8ap_fixedILi12ELi2EL9ap_q_mode0EL9ap_o_mode3ELi_2044" [hardware_accelerator/src/LSTM_accelerator.cc:251]   --->   Operation 58 'store' 'store_ln251' <Predicate = (trunc_ln249 == 26)> <Delay = 0.00>
ST_10 : Operation 59 [1/1] (0.00ns)   --->   "%br_ln251 = br void %arrayidx23710.7.exit" [hardware_accelerator/src/LSTM_accelerator.cc:251]   --->   Operation 59 'br' 'br_ln251' <Predicate = (trunc_ln249 == 26)> <Delay = 0.00>
ST_10 : Operation 60 [1/1] (0.00ns)   --->   "%store_ln251 = store i12 %trunc_ln251, i12 %p_ZZ11network_topP13params_structP8ap_fixedILi12ELi2EL9ap_q_mode0EL9ap_o_mode3ELi_2043" [hardware_accelerator/src/LSTM_accelerator.cc:251]   --->   Operation 60 'store' 'store_ln251' <Predicate = (trunc_ln249 == 25)> <Delay = 0.00>
ST_10 : Operation 61 [1/1] (0.00ns)   --->   "%br_ln251 = br void %arrayidx23710.7.exit" [hardware_accelerator/src/LSTM_accelerator.cc:251]   --->   Operation 61 'br' 'br_ln251' <Predicate = (trunc_ln249 == 25)> <Delay = 0.00>
ST_10 : Operation 62 [1/1] (0.00ns)   --->   "%store_ln251 = store i12 %trunc_ln251, i12 %p_ZZ11network_topP13params_structP8ap_fixedILi12ELi2EL9ap_q_mode0EL9ap_o_mode3ELi_2042" [hardware_accelerator/src/LSTM_accelerator.cc:251]   --->   Operation 62 'store' 'store_ln251' <Predicate = (trunc_ln249 == 24)> <Delay = 0.00>
ST_10 : Operation 63 [1/1] (0.00ns)   --->   "%br_ln251 = br void %arrayidx23710.7.exit" [hardware_accelerator/src/LSTM_accelerator.cc:251]   --->   Operation 63 'br' 'br_ln251' <Predicate = (trunc_ln249 == 24)> <Delay = 0.00>
ST_10 : Operation 64 [1/1] (0.00ns)   --->   "%store_ln251 = store i12 %trunc_ln251, i12 %p_ZZ11network_topP13params_structP8ap_fixedILi12ELi2EL9ap_q_mode0EL9ap_o_mode3ELi_2041" [hardware_accelerator/src/LSTM_accelerator.cc:251]   --->   Operation 64 'store' 'store_ln251' <Predicate = (trunc_ln249 == 23)> <Delay = 0.00>
ST_10 : Operation 65 [1/1] (0.00ns)   --->   "%br_ln251 = br void %arrayidx23710.7.exit" [hardware_accelerator/src/LSTM_accelerator.cc:251]   --->   Operation 65 'br' 'br_ln251' <Predicate = (trunc_ln249 == 23)> <Delay = 0.00>
ST_10 : Operation 66 [1/1] (0.00ns)   --->   "%store_ln251 = store i12 %trunc_ln251, i12 %p_ZZ11network_topP13params_structP8ap_fixedILi12ELi2EL9ap_q_mode0EL9ap_o_mode3ELi_2040" [hardware_accelerator/src/LSTM_accelerator.cc:251]   --->   Operation 66 'store' 'store_ln251' <Predicate = (trunc_ln249 == 22)> <Delay = 0.00>
ST_10 : Operation 67 [1/1] (0.00ns)   --->   "%br_ln251 = br void %arrayidx23710.7.exit" [hardware_accelerator/src/LSTM_accelerator.cc:251]   --->   Operation 67 'br' 'br_ln251' <Predicate = (trunc_ln249 == 22)> <Delay = 0.00>
ST_10 : Operation 68 [1/1] (0.00ns)   --->   "%store_ln251 = store i12 %trunc_ln251, i12 %p_ZZ11network_topP13params_structP8ap_fixedILi12ELi2EL9ap_q_mode0EL9ap_o_mode3ELi_2039" [hardware_accelerator/src/LSTM_accelerator.cc:251]   --->   Operation 68 'store' 'store_ln251' <Predicate = (trunc_ln249 == 21)> <Delay = 0.00>
ST_10 : Operation 69 [1/1] (0.00ns)   --->   "%br_ln251 = br void %arrayidx23710.7.exit" [hardware_accelerator/src/LSTM_accelerator.cc:251]   --->   Operation 69 'br' 'br_ln251' <Predicate = (trunc_ln249 == 21)> <Delay = 0.00>
ST_10 : Operation 70 [1/1] (0.00ns)   --->   "%store_ln251 = store i12 %trunc_ln251, i12 %p_ZZ11network_topP13params_structP8ap_fixedILi12ELi2EL9ap_q_mode0EL9ap_o_mode3ELi_2038" [hardware_accelerator/src/LSTM_accelerator.cc:251]   --->   Operation 70 'store' 'store_ln251' <Predicate = (trunc_ln249 == 20)> <Delay = 0.00>
ST_10 : Operation 71 [1/1] (0.00ns)   --->   "%br_ln251 = br void %arrayidx23710.7.exit" [hardware_accelerator/src/LSTM_accelerator.cc:251]   --->   Operation 71 'br' 'br_ln251' <Predicate = (trunc_ln249 == 20)> <Delay = 0.00>
ST_10 : Operation 72 [1/1] (0.00ns)   --->   "%store_ln251 = store i12 %trunc_ln251, i12 %p_ZZ11network_topP13params_structP8ap_fixedILi12ELi2EL9ap_q_mode0EL9ap_o_mode3ELi_2036" [hardware_accelerator/src/LSTM_accelerator.cc:251]   --->   Operation 72 'store' 'store_ln251' <Predicate = (trunc_ln249 == 19)> <Delay = 0.00>
ST_10 : Operation 73 [1/1] (0.00ns)   --->   "%br_ln251 = br void %arrayidx23710.7.exit" [hardware_accelerator/src/LSTM_accelerator.cc:251]   --->   Operation 73 'br' 'br_ln251' <Predicate = (trunc_ln249 == 19)> <Delay = 0.00>
ST_10 : Operation 74 [1/1] (0.00ns)   --->   "%store_ln251 = store i12 %trunc_ln251, i12 %p_ZZ11network_topP13params_structP8ap_fixedILi12ELi2EL9ap_q_mode0EL9ap_o_mode3ELi_2035" [hardware_accelerator/src/LSTM_accelerator.cc:251]   --->   Operation 74 'store' 'store_ln251' <Predicate = (trunc_ln249 == 18)> <Delay = 0.00>
ST_10 : Operation 75 [1/1] (0.00ns)   --->   "%br_ln251 = br void %arrayidx23710.7.exit" [hardware_accelerator/src/LSTM_accelerator.cc:251]   --->   Operation 75 'br' 'br_ln251' <Predicate = (trunc_ln249 == 18)> <Delay = 0.00>
ST_10 : Operation 76 [1/1] (0.00ns)   --->   "%store_ln251 = store i12 %trunc_ln251, i12 %p_ZZ11network_topP13params_structP8ap_fixedILi12ELi2EL9ap_q_mode0EL9ap_o_mode3ELi_2034" [hardware_accelerator/src/LSTM_accelerator.cc:251]   --->   Operation 76 'store' 'store_ln251' <Predicate = (trunc_ln249 == 17)> <Delay = 0.00>
ST_10 : Operation 77 [1/1] (0.00ns)   --->   "%br_ln251 = br void %arrayidx23710.7.exit" [hardware_accelerator/src/LSTM_accelerator.cc:251]   --->   Operation 77 'br' 'br_ln251' <Predicate = (trunc_ln249 == 17)> <Delay = 0.00>
ST_10 : Operation 78 [1/1] (0.00ns)   --->   "%store_ln251 = store i12 %trunc_ln251, i12 %p_ZZ11network_topP13params_structP8ap_fixedILi12ELi2EL9ap_q_mode0EL9ap_o_mode3ELi_2033" [hardware_accelerator/src/LSTM_accelerator.cc:251]   --->   Operation 78 'store' 'store_ln251' <Predicate = (trunc_ln249 == 16)> <Delay = 0.00>
ST_10 : Operation 79 [1/1] (0.00ns)   --->   "%br_ln251 = br void %arrayidx23710.7.exit" [hardware_accelerator/src/LSTM_accelerator.cc:251]   --->   Operation 79 'br' 'br_ln251' <Predicate = (trunc_ln249 == 16)> <Delay = 0.00>
ST_10 : Operation 80 [1/1] (0.00ns)   --->   "%store_ln251 = store i12 %trunc_ln251, i12 %p_ZZ11network_topP13params_structP8ap_fixedILi12ELi2EL9ap_q_mode0EL9ap_o_mode3ELi_2032" [hardware_accelerator/src/LSTM_accelerator.cc:251]   --->   Operation 80 'store' 'store_ln251' <Predicate = (trunc_ln249 == 15)> <Delay = 0.00>
ST_10 : Operation 81 [1/1] (0.00ns)   --->   "%br_ln251 = br void %arrayidx23710.7.exit" [hardware_accelerator/src/LSTM_accelerator.cc:251]   --->   Operation 81 'br' 'br_ln251' <Predicate = (trunc_ln249 == 15)> <Delay = 0.00>
ST_10 : Operation 82 [1/1] (0.00ns)   --->   "%store_ln251 = store i12 %trunc_ln251, i12 %p_ZZ11network_topP13params_structP8ap_fixedILi12ELi2EL9ap_q_mode0EL9ap_o_mode3ELi_2031" [hardware_accelerator/src/LSTM_accelerator.cc:251]   --->   Operation 82 'store' 'store_ln251' <Predicate = (trunc_ln249 == 14)> <Delay = 0.00>
ST_10 : Operation 83 [1/1] (0.00ns)   --->   "%br_ln251 = br void %arrayidx23710.7.exit" [hardware_accelerator/src/LSTM_accelerator.cc:251]   --->   Operation 83 'br' 'br_ln251' <Predicate = (trunc_ln249 == 14)> <Delay = 0.00>
ST_10 : Operation 84 [1/1] (0.00ns)   --->   "%store_ln251 = store i12 %trunc_ln251, i12 %p_ZZ11network_topP13params_structP8ap_fixedILi12ELi2EL9ap_q_mode0EL9ap_o_mode3ELi_2030" [hardware_accelerator/src/LSTM_accelerator.cc:251]   --->   Operation 84 'store' 'store_ln251' <Predicate = (trunc_ln249 == 13)> <Delay = 0.00>
ST_10 : Operation 85 [1/1] (0.00ns)   --->   "%br_ln251 = br void %arrayidx23710.7.exit" [hardware_accelerator/src/LSTM_accelerator.cc:251]   --->   Operation 85 'br' 'br_ln251' <Predicate = (trunc_ln249 == 13)> <Delay = 0.00>
ST_10 : Operation 86 [1/1] (0.00ns)   --->   "%store_ln251 = store i12 %trunc_ln251, i12 %p_ZZ11network_topP13params_structP8ap_fixedILi12ELi2EL9ap_q_mode0EL9ap_o_mode3ELi_2029" [hardware_accelerator/src/LSTM_accelerator.cc:251]   --->   Operation 86 'store' 'store_ln251' <Predicate = (trunc_ln249 == 12)> <Delay = 0.00>
ST_10 : Operation 87 [1/1] (0.00ns)   --->   "%br_ln251 = br void %arrayidx23710.7.exit" [hardware_accelerator/src/LSTM_accelerator.cc:251]   --->   Operation 87 'br' 'br_ln251' <Predicate = (trunc_ln249 == 12)> <Delay = 0.00>
ST_10 : Operation 88 [1/1] (0.00ns)   --->   "%store_ln251 = store i12 %trunc_ln251, i12 %p_ZZ11network_topP13params_structP8ap_fixedILi12ELi2EL9ap_q_mode0EL9ap_o_mode3ELi_2028" [hardware_accelerator/src/LSTM_accelerator.cc:251]   --->   Operation 88 'store' 'store_ln251' <Predicate = (trunc_ln249 == 11)> <Delay = 0.00>
ST_10 : Operation 89 [1/1] (0.00ns)   --->   "%br_ln251 = br void %arrayidx23710.7.exit" [hardware_accelerator/src/LSTM_accelerator.cc:251]   --->   Operation 89 'br' 'br_ln251' <Predicate = (trunc_ln249 == 11)> <Delay = 0.00>
ST_10 : Operation 90 [1/1] (0.00ns)   --->   "%store_ln251 = store i12 %trunc_ln251, i12 %p_ZZ11network_topP13params_structP8ap_fixedILi12ELi2EL9ap_q_mode0EL9ap_o_mode3ELi_2027" [hardware_accelerator/src/LSTM_accelerator.cc:251]   --->   Operation 90 'store' 'store_ln251' <Predicate = (trunc_ln249 == 10)> <Delay = 0.00>
ST_10 : Operation 91 [1/1] (0.00ns)   --->   "%br_ln251 = br void %arrayidx23710.7.exit" [hardware_accelerator/src/LSTM_accelerator.cc:251]   --->   Operation 91 'br' 'br_ln251' <Predicate = (trunc_ln249 == 10)> <Delay = 0.00>
ST_10 : Operation 92 [1/1] (0.00ns)   --->   "%store_ln251 = store i12 %trunc_ln251, i12 %p_ZZ11network_topP13params_structP8ap_fixedILi12ELi2EL9ap_q_mode0EL9ap_o_mode3ELi_2056" [hardware_accelerator/src/LSTM_accelerator.cc:251]   --->   Operation 92 'store' 'store_ln251' <Predicate = (trunc_ln249 == 9)> <Delay = 0.00>
ST_10 : Operation 93 [1/1] (0.00ns)   --->   "%br_ln251 = br void %arrayidx23710.7.exit" [hardware_accelerator/src/LSTM_accelerator.cc:251]   --->   Operation 93 'br' 'br_ln251' <Predicate = (trunc_ln249 == 9)> <Delay = 0.00>
ST_10 : Operation 94 [1/1] (0.00ns)   --->   "%store_ln251 = store i12 %trunc_ln251, i12 %p_ZZ11network_topP13params_structP8ap_fixedILi12ELi2EL9ap_q_mode0EL9ap_o_mode3ELi_2055" [hardware_accelerator/src/LSTM_accelerator.cc:251]   --->   Operation 94 'store' 'store_ln251' <Predicate = (trunc_ln249 == 8)> <Delay = 0.00>
ST_10 : Operation 95 [1/1] (0.00ns)   --->   "%br_ln251 = br void %arrayidx23710.7.exit" [hardware_accelerator/src/LSTM_accelerator.cc:251]   --->   Operation 95 'br' 'br_ln251' <Predicate = (trunc_ln249 == 8)> <Delay = 0.00>
ST_10 : Operation 96 [1/1] (0.00ns)   --->   "%store_ln251 = store i12 %trunc_ln251, i12 %p_ZZ11network_topP13params_structP8ap_fixedILi12ELi2EL9ap_q_mode0EL9ap_o_mode3ELi_2054" [hardware_accelerator/src/LSTM_accelerator.cc:251]   --->   Operation 96 'store' 'store_ln251' <Predicate = (trunc_ln249 == 7)> <Delay = 0.00>
ST_10 : Operation 97 [1/1] (0.00ns)   --->   "%br_ln251 = br void %arrayidx23710.7.exit" [hardware_accelerator/src/LSTM_accelerator.cc:251]   --->   Operation 97 'br' 'br_ln251' <Predicate = (trunc_ln249 == 7)> <Delay = 0.00>
ST_10 : Operation 98 [1/1] (0.00ns)   --->   "%store_ln251 = store i12 %trunc_ln251, i12 %p_ZZ11network_topP13params_structP8ap_fixedILi12ELi2EL9ap_q_mode0EL9ap_o_mode3ELi_2053" [hardware_accelerator/src/LSTM_accelerator.cc:251]   --->   Operation 98 'store' 'store_ln251' <Predicate = (trunc_ln249 == 6)> <Delay = 0.00>
ST_10 : Operation 99 [1/1] (0.00ns)   --->   "%br_ln251 = br void %arrayidx23710.7.exit" [hardware_accelerator/src/LSTM_accelerator.cc:251]   --->   Operation 99 'br' 'br_ln251' <Predicate = (trunc_ln249 == 6)> <Delay = 0.00>
ST_10 : Operation 100 [1/1] (0.00ns)   --->   "%store_ln251 = store i12 %trunc_ln251, i12 %p_ZZ11network_topP13params_structP8ap_fixedILi12ELi2EL9ap_q_mode0EL9ap_o_mode3ELi_2052" [hardware_accelerator/src/LSTM_accelerator.cc:251]   --->   Operation 100 'store' 'store_ln251' <Predicate = (trunc_ln249 == 5)> <Delay = 0.00>
ST_10 : Operation 101 [1/1] (0.00ns)   --->   "%br_ln251 = br void %arrayidx23710.7.exit" [hardware_accelerator/src/LSTM_accelerator.cc:251]   --->   Operation 101 'br' 'br_ln251' <Predicate = (trunc_ln249 == 5)> <Delay = 0.00>
ST_10 : Operation 102 [1/1] (0.00ns)   --->   "%store_ln251 = store i12 %trunc_ln251, i12 %p_ZZ11network_topP13params_structP8ap_fixedILi12ELi2EL9ap_q_mode0EL9ap_o_mode3ELi_2051" [hardware_accelerator/src/LSTM_accelerator.cc:251]   --->   Operation 102 'store' 'store_ln251' <Predicate = (trunc_ln249 == 4)> <Delay = 0.00>
ST_10 : Operation 103 [1/1] (0.00ns)   --->   "%br_ln251 = br void %arrayidx23710.7.exit" [hardware_accelerator/src/LSTM_accelerator.cc:251]   --->   Operation 103 'br' 'br_ln251' <Predicate = (trunc_ln249 == 4)> <Delay = 0.00>
ST_10 : Operation 104 [1/1] (0.00ns)   --->   "%store_ln251 = store i12 %trunc_ln251, i12 %p_ZZ11network_topP13params_structP8ap_fixedILi12ELi2EL9ap_q_mode0EL9ap_o_mode3ELi_2048" [hardware_accelerator/src/LSTM_accelerator.cc:251]   --->   Operation 104 'store' 'store_ln251' <Predicate = (trunc_ln249 == 3)> <Delay = 0.00>
ST_10 : Operation 105 [1/1] (0.00ns)   --->   "%br_ln251 = br void %arrayidx23710.7.exit" [hardware_accelerator/src/LSTM_accelerator.cc:251]   --->   Operation 105 'br' 'br_ln251' <Predicate = (trunc_ln249 == 3)> <Delay = 0.00>
ST_10 : Operation 106 [1/1] (0.00ns)   --->   "%store_ln251 = store i12 %trunc_ln251, i12 %p_ZZ11network_topP13params_structP8ap_fixedILi12ELi2EL9ap_q_mode0EL9ap_o_mode3ELi_2037" [hardware_accelerator/src/LSTM_accelerator.cc:251]   --->   Operation 106 'store' 'store_ln251' <Predicate = (trunc_ln249 == 2)> <Delay = 0.00>
ST_10 : Operation 107 [1/1] (0.00ns)   --->   "%br_ln251 = br void %arrayidx23710.7.exit" [hardware_accelerator/src/LSTM_accelerator.cc:251]   --->   Operation 107 'br' 'br_ln251' <Predicate = (trunc_ln249 == 2)> <Delay = 0.00>
ST_10 : Operation 108 [1/1] (0.00ns)   --->   "%store_ln251 = store i12 %trunc_ln251, i12 %p_ZZ11network_topP13params_structP8ap_fixedILi12ELi2EL9ap_q_mode0EL9ap_o_mode3ELi_2026" [hardware_accelerator/src/LSTM_accelerator.cc:251]   --->   Operation 108 'store' 'store_ln251' <Predicate = (trunc_ln249 == 1)> <Delay = 0.00>
ST_10 : Operation 109 [1/1] (0.00ns)   --->   "%br_ln251 = br void %arrayidx23710.7.exit" [hardware_accelerator/src/LSTM_accelerator.cc:251]   --->   Operation 109 'br' 'br_ln251' <Predicate = (trunc_ln249 == 1)> <Delay = 0.00>
ST_10 : Operation 110 [1/1] (0.00ns)   --->   "%store_ln251 = store i12 %trunc_ln251, i12 %p_ZZ11network_topP13params_structP8ap_fixedILi12ELi2EL9ap_q_mode0EL9ap_o_mode3ELi_2025" [hardware_accelerator/src/LSTM_accelerator.cc:251]   --->   Operation 110 'store' 'store_ln251' <Predicate = (trunc_ln249 == 0)> <Delay = 0.00>
ST_10 : Operation 111 [1/1] (0.00ns)   --->   "%br_ln251 = br void %arrayidx23710.7.exit" [hardware_accelerator/src/LSTM_accelerator.cc:251]   --->   Operation 111 'br' 'br_ln251' <Predicate = (trunc_ln249 == 0)> <Delay = 0.00>
ST_10 : Operation 112 [1/1] (0.00ns)   --->   "%store_ln251 = store i12 %trunc_ln251, i12 %p_ZZ11network_topP13params_structP8ap_fixedILi12ELi2EL9ap_q_mode0EL9ap_o_mode3ELi_2050" [hardware_accelerator/src/LSTM_accelerator.cc:251]   --->   Operation 112 'store' 'store_ln251' <Predicate = (trunc_ln249 == 31)> <Delay = 0.00>
ST_10 : Operation 113 [1/1] (0.00ns)   --->   "%br_ln251 = br void %arrayidx23710.7.exit" [hardware_accelerator/src/LSTM_accelerator.cc:251]   --->   Operation 113 'br' 'br_ln251' <Predicate = (trunc_ln249 == 31)> <Delay = 0.00>


============================================================
+ Verbose Summary: Timing violations
============================================================
Target clock period: 20.000ns, clock uncertainty: 5.400ns.

 <State 1>: 1.208ns
The critical path consists of the following:
	'alloca' operation ('c') [35]  (0.000 ns)
	'load' operation ('c') on local variable 'c' [41]  (0.000 ns)
	'add' operation ('add_ln249', hardware_accelerator/src/LSTM_accelerator.cc:249) [45]  (0.781 ns)
	'store' operation ('store_ln249', hardware_accelerator/src/LSTM_accelerator.cc:249) of variable 'add_ln249', hardware_accelerator/src/LSTM_accelerator.cc:249 on local variable 'c' [162]  (0.427 ns)

 <State 2>: 14.600ns
The critical path consists of the following:
	bus request operation ('gmem_load_23_req', hardware_accelerator/src/LSTM_accelerator.cc:251) on port 'gmem' (hardware_accelerator/src/LSTM_accelerator.cc:251) [61]  (14.600 ns)

 <State 3>: 14.600ns
The critical path consists of the following:
	bus request operation ('gmem_load_23_req', hardware_accelerator/src/LSTM_accelerator.cc:251) on port 'gmem' (hardware_accelerator/src/LSTM_accelerator.cc:251) [61]  (14.600 ns)

 <State 4>: 14.600ns
The critical path consists of the following:
	bus request operation ('gmem_load_23_req', hardware_accelerator/src/LSTM_accelerator.cc:251) on port 'gmem' (hardware_accelerator/src/LSTM_accelerator.cc:251) [61]  (14.600 ns)

 <State 5>: 14.600ns
The critical path consists of the following:
	bus request operation ('gmem_load_23_req', hardware_accelerator/src/LSTM_accelerator.cc:251) on port 'gmem' (hardware_accelerator/src/LSTM_accelerator.cc:251) [61]  (14.600 ns)

 <State 6>: 14.600ns
The critical path consists of the following:
	bus request operation ('gmem_load_23_req', hardware_accelerator/src/LSTM_accelerator.cc:251) on port 'gmem' (hardware_accelerator/src/LSTM_accelerator.cc:251) [61]  (14.600 ns)

 <State 7>: 14.600ns
The critical path consists of the following:
	bus request operation ('gmem_load_23_req', hardware_accelerator/src/LSTM_accelerator.cc:251) on port 'gmem' (hardware_accelerator/src/LSTM_accelerator.cc:251) [61]  (14.600 ns)

 <State 8>: 14.600ns
The critical path consists of the following:
	bus request operation ('gmem_load_23_req', hardware_accelerator/src/LSTM_accelerator.cc:251) on port 'gmem' (hardware_accelerator/src/LSTM_accelerator.cc:251) [61]  (14.600 ns)

 <State 9>: 14.600ns
The critical path consists of the following:
	bus request operation ('gmem_load_23_req', hardware_accelerator/src/LSTM_accelerator.cc:251) on port 'gmem' (hardware_accelerator/src/LSTM_accelerator.cc:251) [61]  (14.600 ns)

 <State 10>: 14.600ns
The critical path consists of the following:
	bus read operation ('gmem_addr_read', hardware_accelerator/src/LSTM_accelerator.cc:251) on port 'gmem' (hardware_accelerator/src/LSTM_accelerator.cc:251) [62]  (14.600 ns)
	'store' operation ('store_ln251', hardware_accelerator/src/LSTM_accelerator.cc:251) of variable 'trunc_ln251', hardware_accelerator/src/LSTM_accelerator.cc:251 on static variable 'p_ZZ11network_topP13params_structP8ap_fixedILi12ELi2EL9ap_q_mode0EL9ap_o_mode3ELi_2044' [78]  (0.000 ns)


============================================================
+ Verbose Summary: Binding
============================================================
N/A
* FSMD analyzer results:
  - Output states:
 - Input state : 
  - Chain level:
	State 1
	State 2
	State 3
	State 4
	State 5
	State 6
	State 7
	State 8
	State 9
	State 10


============================================================
+ Verbose Summary: Datapath Resource usage 
============================================================
N/A
