

================================================================
== Vitis HLS Report for 'network_top_Pipeline_load_weight1_matrix_inner_loop'
================================================================
* Date:           Wed Oct 18 18:15:37 2023

* Version:        2023.1 (Build 3854077 on May  4 2023)
* Project:        matrix_test2
* Solution:       solution1 (Vivado IP Flow Target)
* Product family: zynquplus
* Target device:  xczu7ev-ffvc1156-2-e


================================================================
== Performance Estimates
================================================================
+ Timing: 
    * Summary: 
    +--------+---------+----------+------------+
    |  Clock |  Target | Estimated| Uncertainty|
    +--------+---------+----------+------------+
    |ap_clk  |  0.35 us|  0.256 us|    94.50 ns|
    +--------+---------+----------+------------+

+ Latency: 
    * Summary: 
    +---------+---------+-----------+-----------+-----+-----+---------+
    |  Latency (cycles) |   Latency (absolute)  |  Interval | Pipeline|
    |   min   |   max   |    min    |    max    | min | max |   Type  |
    +---------+---------+-----------+-----------+-----+-----+---------+
    |       90|       90|  31.500 us|  31.500 us|   90|   90|       no|
    +---------+---------+-----------+-----------+-----+-----+---------+

    + Detail: 
        * Instance: 
        N/A

        * Loop: 
        +----------------------------------+---------+---------+----------+-----------+-----------+------+----------+
        |                                  |  Latency (cycles) | Iteration|  Initiation Interval  | Trip |          |
        |             Loop Name            |   min   |   max   |  Latency |  achieved |   target  | Count| Pipelined|
        +----------------------------------+---------+---------+----------+-----------+-----------+------+----------+
        |- load_weight1_matrix_inner_loop  |       88|       88|        10|          1|          1|    80|       yes|
        +----------------------------------+---------+---------+----------+-----------+-----------+------+----------+

============================================================
+ Verbose Summary: Synthesis Manager
============================================================
InlineROM: 1
ExposeGlobal: 0
============================================================
+ Verbose Summary: CDFG Model
============================================================
IsTopModel: 0
ResetActiveHigh: 1
IsCombinational: 0
IsDatapathOnly: 0
HasWiredReturn: 1
HasMFsm: 2
HasVarLatency: 1
IsPipeline: 0
IsRtlPipelined: 0
IsInstanceOverlapped: 0
IsDontTouch: 0
HasImplIP: 0
IsGatedGlobalClock: 0

+ Individual pipeline summary: 
  * Pipeline-0: initiation interval (II) = 1, depth = 10


============================================================
+ Verbose Summary: Schedule
============================================================
* Number of FSM states : 10
* Pipeline : 1
  Pipeline-0 : II = 1, D = 10, States = { 1 2 3 4 5 6 7 8 9 10 }
* Dataflow Pipeline: 0

* FSM state transitions: 
1 --> 2 
2 --> 3 
3 --> 4 
4 --> 5 
5 --> 6 
6 --> 7 
7 --> 8 
8 --> 9 
9 --> 10 
10 --> 

* FSM state operations: 

State 1 <SV = 0> <Delay = 3.22>
ST_1 : Operation 13 [1/1] (0.00ns)   --->   "%phi_urem = alloca i32 1"   --->   Operation 13 'alloca' 'phi_urem' <Predicate = true> <Delay = 0.00>
ST_1 : Operation 14 [1/1] (0.00ns)   --->   "%phi_mul = alloca i32 1"   --->   Operation 14 'alloca' 'phi_mul' <Predicate = true> <Delay = 0.00>
ST_1 : Operation 15 [1/1] (0.00ns)   --->   "%c = alloca i32 1"   --->   Operation 15 'alloca' 'c' <Predicate = true> <Delay = 0.00>
ST_1 : Operation 16 [1/1] (0.00ns)   --->   "%specinterface_ln0 = specinterface void @_ssdm_op_SpecInterface, i32 %gmem, void @empty_12, i32 0, i32 0, void @empty_0, i32 0, i32 0, void @empty_1, void @empty_2, void @empty_0, i32 16, i32 16, i32 16, i32 16, void @empty_0, void @empty_0, i32 4294967295, i32 0"   --->   Operation 16 'specinterface' 'specinterface_ln0' <Predicate = true> <Delay = 0.00>
ST_1 : Operation 17 [1/1] (0.00ns)   --->   "%myparams_read = read i64 @_ssdm_op_Read.ap_auto.i64, i64 %myparams"   --->   Operation 17 'read' 'myparams_read' <Predicate = true> <Delay = 0.00>
ST_1 : Operation 18 [1/1] (0.42ns)   --->   "%store_ln0 = store i7 0, i7 %c"   --->   Operation 18 'store' 'store_ln0' <Predicate = true> <Delay = 0.42>
ST_1 : Operation 19 [1/1] (0.42ns)   --->   "%store_ln0 = store i15 0, i15 %phi_mul"   --->   Operation 19 'store' 'store_ln0' <Predicate = true> <Delay = 0.42>
ST_1 : Operation 20 [1/1] (0.42ns)   --->   "%store_ln0 = store i7 0, i7 %phi_urem"   --->   Operation 20 'store' 'store_ln0' <Predicate = true> <Delay = 0.42>
ST_1 : Operation 21 [1/1] (0.00ns)   --->   "%br_ln0 = br void %for.inc"   --->   Operation 21 'br' 'br_ln0' <Predicate = true> <Delay = 0.00>
ST_1 : Operation 22 [1/1] (0.00ns)   --->   "%c_61 = load i7 %c" [matrix_test2/matrix_test.cc:211]   --->   Operation 22 'load' 'c_61' <Predicate = true> <Delay = 0.00>
ST_1 : Operation 23 [1/1] (0.00ns)   --->   "%specbitsmap_ln0 = specbitsmap void @_ssdm_op_SpecBitsMap, i32 %gmem"   --->   Operation 23 'specbitsmap' 'specbitsmap_ln0' <Predicate = true> <Delay = 0.00>
ST_1 : Operation 24 [1/1] (0.00ns)   --->   "%specpipeline_ln0 = specpipeline void @_ssdm_op_SpecPipeline, i32 4294967295, i32 0, i32 1, i32 0, void @p_str"   --->   Operation 24 'specpipeline' 'specpipeline_ln0' <Predicate = true> <Delay = 0.00>
ST_1 : Operation 25 [1/1] (0.77ns)   --->   "%icmp_ln211 = icmp_eq  i7 %c_61, i7 80" [matrix_test2/matrix_test.cc:211]   --->   Operation 25 'icmp' 'icmp_ln211' <Predicate = true> <Delay = 0.77> <CoreInst = "Cmp">   --->   Core 9 'Cmp' <Latency = 0> <II = 1> <Delay = 0.77> <FuncUnit> <Opcode : 'icmp'> <InPorts = 2> <OutPorts = 1>
ST_1 : Operation 26 [1/1] (0.77ns)   --->   "%add_ln211 = add i7 %c_61, i7 1" [matrix_test2/matrix_test.cc:211]   --->   Operation 26 'add' 'add_ln211' <Predicate = true> <Delay = 0.77> <CoreInst = "Adder">   --->   Core 1 'Adder' <Latency = 0> <II = 1> <Delay = 0.77> <FuncUnit> <Opcode : 'add' 'sub'> <InPorts = 2> <OutPorts = 1>
ST_1 : Operation 27 [1/1] (0.00ns)   --->   "%br_ln211 = br i1 %icmp_ln211, void %for.inc.split, void %for.inc.1.preheader.exitStub" [matrix_test2/matrix_test.cc:211]   --->   Operation 27 'br' 'br_ln211' <Predicate = true> <Delay = 0.00>
ST_1 : Operation 28 [1/1] (0.00ns)   --->   "%phi_urem_load_1 = load i7 %phi_urem" [matrix_test2/matrix_test.cc:213]   --->   Operation 28 'load' 'phi_urem_load_1' <Predicate = (!icmp_ln211)> <Delay = 0.00>
ST_1 : Operation 29 [1/1] (0.00ns)   --->   "%phi_mul_load = load i15 %phi_mul"   --->   Operation 29 'load' 'phi_mul_load' <Predicate = (!icmp_ln211)> <Delay = 0.00>
ST_1 : Operation 30 [1/1] (0.84ns)   --->   "%next_mul = add i15 %phi_mul_load, i15 205"   --->   Operation 30 'add' 'next_mul' <Predicate = (!icmp_ln211)> <Delay = 0.84> <CoreInst = "Adder">   --->   Core 1 'Adder' <Latency = 0> <II = 1> <Delay = 0.84> <FuncUnit> <Opcode : 'add' 'sub'> <InPorts = 2> <OutPorts = 1>
ST_1 : Operation 31 [1/1] (0.00ns)   --->   "%tmp_1 = partselect i3 @_ssdm_op_PartSelect.i3.i15.i32.i32, i15 %phi_mul_load, i32 12, i32 14"   --->   Operation 31 'partselect' 'tmp_1' <Predicate = (!icmp_ln211)> <Delay = 0.00>
ST_1 : Operation 32 [1/1] (0.00ns)   --->   "%div_udiv_cast = zext i3 %tmp_1"   --->   Operation 32 'zext' 'div_udiv_cast' <Predicate = (!icmp_ln211)> <Delay = 0.00>
ST_1 : Operation 33 [1/1] (2.14ns)   --->   "%mul_ln213 = mul i12 %div_udiv_cast, i12 800" [matrix_test2/matrix_test.cc:213]   --->   Operation 33 'mul' 'mul_ln213' <Predicate = (!icmp_ln211)> <Delay = 2.14> <CoreInst = "Multiplier">   --->   Core 3 'Multiplier' <Latency = 0> <II = 1> <Delay = 2.14> <FuncUnit> <Opcode : 'mul'> <InPorts = 2> <OutPorts = 1>
ST_1 : Operation 34 [1/1] (0.00ns) (grouped into LUT with out node add_ln213)   --->   "%trunc_ln213 = trunc i12 %mul_ln213" [matrix_test2/matrix_test.cc:213]   --->   Operation 34 'trunc' 'trunc_ln213' <Predicate = (!icmp_ln211)> <Delay = 0.00>
ST_1 : Operation 35 [1/1] (0.00ns) (grouped into LUT with out node add_ln213)   --->   "%or_ln213 = or i7 %trunc_ln213, i7 %phi_urem_load_1" [matrix_test2/matrix_test.cc:213]   --->   Operation 35 'or' 'or_ln213' <Predicate = (!icmp_ln211)> <Delay = 0.00> <CoreInst = "LogicGate">   --->   Core 74 'LogicGate' <Latency = 0> <II = 1> <Delay = 0.35> <FuncUnit> <Opcode : 'and' 'or' 'xor'> <InPorts = 2> <OutPorts = 1>
ST_1 : Operation 36 [1/1] (0.00ns) (grouped into LUT with out node add_ln213)   --->   "%tmp = partselect i5 @_ssdm_op_PartSelect.i5.i12.i32.i32, i12 %mul_ln213, i32 7, i32 11" [matrix_test2/matrix_test.cc:213]   --->   Operation 36 'partselect' 'tmp' <Predicate = (!icmp_ln211)> <Delay = 0.00>
ST_1 : Operation 37 [1/1] (0.00ns) (grouped into LUT with out node add_ln213)   --->   "%shl_ln = bitconcatenate i14 @_ssdm_op_BitConcatenate.i14.i5.i7.i2, i5 %tmp, i7 %or_ln213, i2 0" [matrix_test2/matrix_test.cc:213]   --->   Operation 37 'bitconcatenate' 'shl_ln' <Predicate = (!icmp_ln211)> <Delay = 0.00>
ST_1 : Operation 38 [1/1] (0.00ns) (grouped into LUT with out node add_ln213)   --->   "%zext_ln213 = zext i14 %shl_ln" [matrix_test2/matrix_test.cc:213]   --->   Operation 38 'zext' 'zext_ln213' <Predicate = (!icmp_ln211)> <Delay = 0.00>
ST_1 : Operation 39 [1/1] (1.08ns) (out node of the LUT)   --->   "%add_ln213 = add i64 %zext_ln213, i64 %myparams_read" [matrix_test2/matrix_test.cc:213]   --->   Operation 39 'add' 'add_ln213' <Predicate = (!icmp_ln211)> <Delay = 1.08> <CoreInst = "Adder">   --->   Core 1 'Adder' <Latency = 0> <II = 1> <Delay = 1.08> <FuncUnit> <Opcode : 'add' 'sub'> <InPorts = 2> <OutPorts = 1>
ST_1 : Operation 40 [1/1] (0.00ns)   --->   "%trunc_ln213_s = partselect i62 @_ssdm_op_PartSelect.i62.i64.i32.i32, i64 %add_ln213, i32 2, i32 63" [matrix_test2/matrix_test.cc:213]   --->   Operation 40 'partselect' 'trunc_ln213_s' <Predicate = (!icmp_ln211)> <Delay = 0.00>
ST_1 : Operation 41 [1/1] (0.00ns)   --->   "%sext_ln213 = sext i62 %trunc_ln213_s" [matrix_test2/matrix_test.cc:213]   --->   Operation 41 'sext' 'sext_ln213' <Predicate = (!icmp_ln211)> <Delay = 0.00>
ST_1 : Operation 42 [1/1] (0.00ns)   --->   "%gmem_addr = getelementptr i32 %gmem, i64 %sext_ln213" [matrix_test2/matrix_test.cc:213]   --->   Operation 42 'getelementptr' 'gmem_addr' <Predicate = (!icmp_ln211)> <Delay = 0.00>
ST_1 : Operation 43 [1/1] (0.75ns)   --->   "%switch_ln213 = switch i7 %c_61, void %arrayidx19912.case.79, i7 0, void %arrayidx19912.case.0, i7 1, void %arrayidx19912.case.1, i7 2, void %arrayidx19912.case.2, i7 3, void %arrayidx19912.case.3, i7 4, void %arrayidx19912.case.4, i7 5, void %arrayidx19912.case.5, i7 6, void %arrayidx19912.case.6, i7 7, void %arrayidx19912.case.7, i7 8, void %arrayidx19912.case.8, i7 9, void %arrayidx19912.case.9, i7 10, void %arrayidx19912.case.10, i7 11, void %arrayidx19912.case.11, i7 12, void %arrayidx19912.case.12, i7 13, void %arrayidx19912.case.13, i7 14, void %arrayidx19912.case.14, i7 15, void %arrayidx19912.case.15, i7 16, void %arrayidx19912.case.16, i7 17, void %arrayidx19912.case.17, i7 18, void %arrayidx19912.case.18, i7 19, void %arrayidx19912.case.19, i7 20, void %arrayidx19912.case.20, i7 21, void %arrayidx19912.case.21, i7 22, void %arrayidx19912.case.22, i7 23, void %arrayidx19912.case.23, i7 24, void %arrayidx19912.case.24, i7 25, void %arrayidx19912.case.25, i7 26, void %arrayidx19912.case.26, i7 27, void %arrayidx19912.case.27, i7 28, void %arrayidx19912.case.28, i7 29, void %arrayidx19912.case.29, i7 30, void %arrayidx19912.case.30, i7 31, void %arrayidx19912.case.31, i7 32, void %arrayidx19912.case.32, i7 33, void %arrayidx19912.case.33, i7 34, void %arrayidx19912.case.34, i7 35, void %arrayidx19912.case.35, i7 36, void %arrayidx19912.case.36, i7 37, void %arrayidx19912.case.37, i7 38, void %arrayidx19912.case.38, i7 39, void %arrayidx19912.case.39, i7 40, void %arrayidx19912.case.40, i7 41, void %arrayidx19912.case.41, i7 42, void %arrayidx19912.case.42, i7 43, void %arrayidx19912.case.43, i7 44, void %arrayidx19912.case.44, i7 45, void %arrayidx19912.case.45, i7 46, void %arrayidx19912.case.46, i7 47, void %arrayidx19912.case.47, i7 48, void %arrayidx19912.case.48, i7 49, void %arrayidx19912.case.49, i7 50, void %arrayidx19912.case.50, i7 51, void %arrayidx19912.case.51, i7 52, void %arrayidx19912.case.52, i7 53, void %arrayidx19912.case.53, i7 54, void %arrayidx19912.case.54, i7 55, void %arrayidx19912.case.55, i7 56, void %arrayidx19912.case.56, i7 57, void %arrayidx19912.case.57, i7 58, void %arrayidx19912.case.58, i7 59, void %arrayidx19912.case.59, i7 60, void %arrayidx19912.case.60, i7 61, void %arrayidx19912.case.61, i7 62, void %arrayidx19912.case.62, i7 63, void %arrayidx19912.case.63, i7 64, void %arrayidx19912.case.64, i7 65, void %arrayidx19912.case.65, i7 66, void %arrayidx19912.case.66, i7 67, void %arrayidx19912.case.67, i7 68, void %arrayidx19912.case.68, i7 69, void %arrayidx19912.case.69, i7 70, void %arrayidx19912.case.70, i7 71, void %arrayidx19912.case.71, i7 72, void %arrayidx19912.case.72, i7 73, void %arrayidx19912.case.73, i7 74, void %arrayidx19912.case.74, i7 75, void %arrayidx19912.case.75, i7 76, void %arrayidx19912.case.76, i7 77, void %arrayidx19912.case.77, i7 78, void %arrayidx19912.case.78" [matrix_test2/matrix_test.cc:213]   --->   Operation 43 'switch' 'switch_ln213' <Predicate = (!icmp_ln211)> <Delay = 0.75>
ST_1 : Operation 44 [1/1] (0.00ns)   --->   "%phi_urem_load = load i7 %phi_urem" [matrix_test2/matrix_test.cc:211]   --->   Operation 44 'load' 'phi_urem_load' <Predicate = (!icmp_ln211)> <Delay = 0.00>
ST_1 : Operation 45 [1/1] (0.77ns)   --->   "%add_ln211_23 = add i7 %phi_urem_load, i7 1" [matrix_test2/matrix_test.cc:211]   --->   Operation 45 'add' 'add_ln211_23' <Predicate = (!icmp_ln211)> <Delay = 0.77> <CoreInst = "Adder">   --->   Core 1 'Adder' <Latency = 0> <II = 1> <Delay = 0.77> <FuncUnit> <Opcode : 'add' 'sub'> <InPorts = 2> <OutPorts = 1>
ST_1 : Operation 46 [1/1] (0.77ns)   --->   "%icmp_ln211_23 = icmp_ult  i7 %add_ln211_23, i7 20" [matrix_test2/matrix_test.cc:211]   --->   Operation 46 'icmp' 'icmp_ln211_23' <Predicate = (!icmp_ln211)> <Delay = 0.77> <CoreInst = "Cmp">   --->   Core 9 'Cmp' <Latency = 0> <II = 1> <Delay = 0.77> <FuncUnit> <Opcode : 'icmp'> <InPorts = 2> <OutPorts = 1>
ST_1 : Operation 47 [1/1] (0.36ns)   --->   "%select_ln211 = select i1 %icmp_ln211_23, i7 %add_ln211_23, i7 0" [matrix_test2/matrix_test.cc:211]   --->   Operation 47 'select' 'select_ln211' <Predicate = (!icmp_ln211)> <Delay = 0.36> <CoreInst = "Sel">   --->   Core 73 'Sel' <Latency = 0> <II = 1> <Delay = 0.36> <FuncUnit> <Opcode : 'select'> <InPorts = 3> <OutPorts = 1>
ST_1 : Operation 48 [1/1] (0.42ns)   --->   "%store_ln211 = store i7 %add_ln211, i7 %c" [matrix_test2/matrix_test.cc:211]   --->   Operation 48 'store' 'store_ln211' <Predicate = (!icmp_ln211)> <Delay = 0.42>
ST_1 : Operation 49 [1/1] (0.42ns)   --->   "%store_ln211 = store i15 %next_mul, i15 %phi_mul" [matrix_test2/matrix_test.cc:211]   --->   Operation 49 'store' 'store_ln211' <Predicate = (!icmp_ln211)> <Delay = 0.42>
ST_1 : Operation 50 [1/1] (0.42ns)   --->   "%store_ln211 = store i7 %select_ln211, i7 %phi_urem" [matrix_test2/matrix_test.cc:211]   --->   Operation 50 'store' 'store_ln211' <Predicate = (!icmp_ln211)> <Delay = 0.42>
ST_1 : Operation 51 [1/1] (0.00ns)   --->   "%br_ln211 = br void %for.inc" [matrix_test2/matrix_test.cc:211]   --->   Operation 51 'br' 'br_ln211' <Predicate = (!icmp_ln211)> <Delay = 0.00>

State 2 <SV = 1> <Delay = 255.>
ST_2 : Operation 52 [8/8] (255.ns)   --->   "%gmem_load_req = readreq i1 @_ssdm_op_ReadReq.m_axi.i32P1A, i32 %gmem_addr, i32 1" [matrix_test2/matrix_test.cc:213]   --->   Operation 52 'readreq' 'gmem_load_req' <Predicate = true> <Delay = 255.> <CoreInst = "m_axi">   --->   Core 121 'm_axi' <Latency = 0> <II = 1> <Delay = 1.00> <Adapter> <Opcode : 'read' 'write' 'readreq' 'writereq' 'writeresp'>

State 3 <SV = 2> <Delay = 255.>
ST_3 : Operation 53 [7/8] (255.ns)   --->   "%gmem_load_req = readreq i1 @_ssdm_op_ReadReq.m_axi.i32P1A, i32 %gmem_addr, i32 1" [matrix_test2/matrix_test.cc:213]   --->   Operation 53 'readreq' 'gmem_load_req' <Predicate = true> <Delay = 255.> <CoreInst = "m_axi">   --->   Core 121 'm_axi' <Latency = 0> <II = 1> <Delay = 1.00> <Adapter> <Opcode : 'read' 'write' 'readreq' 'writereq' 'writeresp'>

State 4 <SV = 3> <Delay = 255.>
ST_4 : Operation 54 [6/8] (255.ns)   --->   "%gmem_load_req = readreq i1 @_ssdm_op_ReadReq.m_axi.i32P1A, i32 %gmem_addr, i32 1" [matrix_test2/matrix_test.cc:213]   --->   Operation 54 'readreq' 'gmem_load_req' <Predicate = true> <Delay = 255.> <CoreInst = "m_axi">   --->   Core 121 'm_axi' <Latency = 0> <II = 1> <Delay = 1.00> <Adapter> <Opcode : 'read' 'write' 'readreq' 'writereq' 'writeresp'>

State 5 <SV = 4> <Delay = 255.>
ST_5 : Operation 55 [5/8] (255.ns)   --->   "%gmem_load_req = readreq i1 @_ssdm_op_ReadReq.m_axi.i32P1A, i32 %gmem_addr, i32 1" [matrix_test2/matrix_test.cc:213]   --->   Operation 55 'readreq' 'gmem_load_req' <Predicate = true> <Delay = 255.> <CoreInst = "m_axi">   --->   Core 121 'm_axi' <Latency = 0> <II = 1> <Delay = 1.00> <Adapter> <Opcode : 'read' 'write' 'readreq' 'writereq' 'writeresp'>

State 6 <SV = 5> <Delay = 255.>
ST_6 : Operation 56 [4/8] (255.ns)   --->   "%gmem_load_req = readreq i1 @_ssdm_op_ReadReq.m_axi.i32P1A, i32 %gmem_addr, i32 1" [matrix_test2/matrix_test.cc:213]   --->   Operation 56 'readreq' 'gmem_load_req' <Predicate = true> <Delay = 255.> <CoreInst = "m_axi">   --->   Core 121 'm_axi' <Latency = 0> <II = 1> <Delay = 1.00> <Adapter> <Opcode : 'read' 'write' 'readreq' 'writereq' 'writeresp'>

State 7 <SV = 6> <Delay = 255.>
ST_7 : Operation 57 [3/8] (255.ns)   --->   "%gmem_load_req = readreq i1 @_ssdm_op_ReadReq.m_axi.i32P1A, i32 %gmem_addr, i32 1" [matrix_test2/matrix_test.cc:213]   --->   Operation 57 'readreq' 'gmem_load_req' <Predicate = true> <Delay = 255.> <CoreInst = "m_axi">   --->   Core 121 'm_axi' <Latency = 0> <II = 1> <Delay = 1.00> <Adapter> <Opcode : 'read' 'write' 'readreq' 'writereq' 'writeresp'>

State 8 <SV = 7> <Delay = 255.>
ST_8 : Operation 58 [2/8] (255.ns)   --->   "%gmem_load_req = readreq i1 @_ssdm_op_ReadReq.m_axi.i32P1A, i32 %gmem_addr, i32 1" [matrix_test2/matrix_test.cc:213]   --->   Operation 58 'readreq' 'gmem_load_req' <Predicate = true> <Delay = 255.> <CoreInst = "m_axi">   --->   Core 121 'm_axi' <Latency = 0> <II = 1> <Delay = 1.00> <Adapter> <Opcode : 'read' 'write' 'readreq' 'writereq' 'writeresp'>

State 9 <SV = 8> <Delay = 255.>
ST_9 : Operation 59 [1/8] (255.ns)   --->   "%gmem_load_req = readreq i1 @_ssdm_op_ReadReq.m_axi.i32P1A, i32 %gmem_addr, i32 1" [matrix_test2/matrix_test.cc:213]   --->   Operation 59 'readreq' 'gmem_load_req' <Predicate = true> <Delay = 255.> <CoreInst = "m_axi">   --->   Core 121 'm_axi' <Latency = 0> <II = 1> <Delay = 1.00> <Adapter> <Opcode : 'read' 'write' 'readreq' 'writereq' 'writeresp'>
ST_9 : Operation 224 [1/1] (0.00ns)   --->   "%ret_ln0 = ret"   --->   Operation 224 'ret' 'ret_ln0' <Predicate = (icmp_ln211)> <Delay = 0.00>

State 10 <SV = 9> <Delay = 255.>
ST_10 : Operation 60 [1/1] (0.00ns)   --->   "%speclooptripcount_ln211 = speclooptripcount void @_ssdm_op_SpecLoopTripCount, i64 80, i64 80, i64 80" [matrix_test2/matrix_test.cc:211]   --->   Operation 60 'speclooptripcount' 'speclooptripcount_ln211' <Predicate = true> <Delay = 0.00>
ST_10 : Operation 61 [1/1] (0.00ns)   --->   "%specloopname_ln211 = specloopname void @_ssdm_op_SpecLoopName, void @empty_8" [matrix_test2/matrix_test.cc:211]   --->   Operation 61 'specloopname' 'specloopname_ln211' <Predicate = true> <Delay = 0.00>
ST_10 : Operation 62 [1/1] (255.ns)   --->   "%gmem_addr_read = read i32 @_ssdm_op_Read.m_axi.i32P1A, i32 %gmem_addr" [matrix_test2/matrix_test.cc:213]   --->   Operation 62 'read' 'gmem_addr_read' <Predicate = true> <Delay = 255.> <CoreInst = "m_axi">   --->   Core 121 'm_axi' <Latency = 0> <II = 1> <Delay = 1.00> <Adapter> <Opcode : 'read' 'write' 'readreq' 'writereq' 'writeresp'>
ST_10 : Operation 63 [1/1] (0.00ns)   --->   "%trunc_ln213_40 = trunc i32 %gmem_addr_read" [matrix_test2/matrix_test.cc:213]   --->   Operation 63 'trunc' 'trunc_ln213_40' <Predicate = true> <Delay = 0.00>
ST_10 : Operation 64 [1/1] (0.00ns)   --->   "%store_ln213 = store i22 %trunc_ln213_40, i22 %p_ZZ11network_topP13params_structP8ap_fixedILi22ELi17EL9ap_q_mode0EL9ap_o_mode0EL_10090" [matrix_test2/matrix_test.cc:213]   --->   Operation 64 'store' 'store_ln213' <Predicate = (c_61 == 78)> <Delay = 0.00>
ST_10 : Operation 65 [1/1] (0.00ns)   --->   "%br_ln213 = br void %arrayidx19912.exit" [matrix_test2/matrix_test.cc:213]   --->   Operation 65 'br' 'br_ln213' <Predicate = (c_61 == 78)> <Delay = 0.00>
ST_10 : Operation 66 [1/1] (0.00ns)   --->   "%store_ln213 = store i22 %trunc_ln213_40, i22 %p_ZZ11network_topP13params_structP8ap_fixedILi22ELi17EL9ap_q_mode0EL9ap_o_mode0EL_10089" [matrix_test2/matrix_test.cc:213]   --->   Operation 66 'store' 'store_ln213' <Predicate = (c_61 == 77)> <Delay = 0.00>
ST_10 : Operation 67 [1/1] (0.00ns)   --->   "%br_ln213 = br void %arrayidx19912.exit" [matrix_test2/matrix_test.cc:213]   --->   Operation 67 'br' 'br_ln213' <Predicate = (c_61 == 77)> <Delay = 0.00>
ST_10 : Operation 68 [1/1] (0.00ns)   --->   "%store_ln213 = store i22 %trunc_ln213_40, i22 %p_ZZ11network_topP13params_structP8ap_fixedILi22ELi17EL9ap_q_mode0EL9ap_o_mode0EL_10088" [matrix_test2/matrix_test.cc:213]   --->   Operation 68 'store' 'store_ln213' <Predicate = (c_61 == 76)> <Delay = 0.00>
ST_10 : Operation 69 [1/1] (0.00ns)   --->   "%br_ln213 = br void %arrayidx19912.exit" [matrix_test2/matrix_test.cc:213]   --->   Operation 69 'br' 'br_ln213' <Predicate = (c_61 == 76)> <Delay = 0.00>
ST_10 : Operation 70 [1/1] (0.00ns)   --->   "%store_ln213 = store i22 %trunc_ln213_40, i22 %p_ZZ11network_topP13params_structP8ap_fixedILi22ELi17EL9ap_q_mode0EL9ap_o_mode0EL_10087" [matrix_test2/matrix_test.cc:213]   --->   Operation 70 'store' 'store_ln213' <Predicate = (c_61 == 75)> <Delay = 0.00>
ST_10 : Operation 71 [1/1] (0.00ns)   --->   "%br_ln213 = br void %arrayidx19912.exit" [matrix_test2/matrix_test.cc:213]   --->   Operation 71 'br' 'br_ln213' <Predicate = (c_61 == 75)> <Delay = 0.00>
ST_10 : Operation 72 [1/1] (0.00ns)   --->   "%store_ln213 = store i22 %trunc_ln213_40, i22 %p_ZZ11network_topP13params_structP8ap_fixedILi22ELi17EL9ap_q_mode0EL9ap_o_mode0EL_10086" [matrix_test2/matrix_test.cc:213]   --->   Operation 72 'store' 'store_ln213' <Predicate = (c_61 == 74)> <Delay = 0.00>
ST_10 : Operation 73 [1/1] (0.00ns)   --->   "%br_ln213 = br void %arrayidx19912.exit" [matrix_test2/matrix_test.cc:213]   --->   Operation 73 'br' 'br_ln213' <Predicate = (c_61 == 74)> <Delay = 0.00>
ST_10 : Operation 74 [1/1] (0.00ns)   --->   "%store_ln213 = store i22 %trunc_ln213_40, i22 %p_ZZ11network_topP13params_structP8ap_fixedILi22ELi17EL9ap_q_mode0EL9ap_o_mode0EL_10085" [matrix_test2/matrix_test.cc:213]   --->   Operation 74 'store' 'store_ln213' <Predicate = (c_61 == 73)> <Delay = 0.00>
ST_10 : Operation 75 [1/1] (0.00ns)   --->   "%br_ln213 = br void %arrayidx19912.exit" [matrix_test2/matrix_test.cc:213]   --->   Operation 75 'br' 'br_ln213' <Predicate = (c_61 == 73)> <Delay = 0.00>
ST_10 : Operation 76 [1/1] (0.00ns)   --->   "%store_ln213 = store i22 %trunc_ln213_40, i22 %p_ZZ11network_topP13params_structP8ap_fixedILi22ELi17EL9ap_q_mode0EL9ap_o_mode0EL_10084" [matrix_test2/matrix_test.cc:213]   --->   Operation 76 'store' 'store_ln213' <Predicate = (c_61 == 72)> <Delay = 0.00>
ST_10 : Operation 77 [1/1] (0.00ns)   --->   "%br_ln213 = br void %arrayidx19912.exit" [matrix_test2/matrix_test.cc:213]   --->   Operation 77 'br' 'br_ln213' <Predicate = (c_61 == 72)> <Delay = 0.00>
ST_10 : Operation 78 [1/1] (0.00ns)   --->   "%store_ln213 = store i22 %trunc_ln213_40, i22 %p_ZZ11network_topP13params_structP8ap_fixedILi22ELi17EL9ap_q_mode0EL9ap_o_mode0EL_10082" [matrix_test2/matrix_test.cc:213]   --->   Operation 78 'store' 'store_ln213' <Predicate = (c_61 == 71)> <Delay = 0.00>
ST_10 : Operation 79 [1/1] (0.00ns)   --->   "%br_ln213 = br void %arrayidx19912.exit" [matrix_test2/matrix_test.cc:213]   --->   Operation 79 'br' 'br_ln213' <Predicate = (c_61 == 71)> <Delay = 0.00>
ST_10 : Operation 80 [1/1] (0.00ns)   --->   "%store_ln213 = store i22 %trunc_ln213_40, i22 %p_ZZ11network_topP13params_structP8ap_fixedILi22ELi17EL9ap_q_mode0EL9ap_o_mode0EL_10081" [matrix_test2/matrix_test.cc:213]   --->   Operation 80 'store' 'store_ln213' <Predicate = (c_61 == 70)> <Delay = 0.00>
ST_10 : Operation 81 [1/1] (0.00ns)   --->   "%br_ln213 = br void %arrayidx19912.exit" [matrix_test2/matrix_test.cc:213]   --->   Operation 81 'br' 'br_ln213' <Predicate = (c_61 == 70)> <Delay = 0.00>
ST_10 : Operation 82 [1/1] (0.00ns)   --->   "%store_ln213 = store i22 %trunc_ln213_40, i22 %p_ZZ11network_topP13params_structP8ap_fixedILi22ELi17EL9ap_q_mode0EL9ap_o_mode0EL_10079" [matrix_test2/matrix_test.cc:213]   --->   Operation 82 'store' 'store_ln213' <Predicate = (c_61 == 69)> <Delay = 0.00>
ST_10 : Operation 83 [1/1] (0.00ns)   --->   "%br_ln213 = br void %arrayidx19912.exit" [matrix_test2/matrix_test.cc:213]   --->   Operation 83 'br' 'br_ln213' <Predicate = (c_61 == 69)> <Delay = 0.00>
ST_10 : Operation 84 [1/1] (0.00ns)   --->   "%store_ln213 = store i22 %trunc_ln213_40, i22 %p_ZZ11network_topP13params_structP8ap_fixedILi22ELi17EL9ap_q_mode0EL9ap_o_mode0EL_10078" [matrix_test2/matrix_test.cc:213]   --->   Operation 84 'store' 'store_ln213' <Predicate = (c_61 == 68)> <Delay = 0.00>
ST_10 : Operation 85 [1/1] (0.00ns)   --->   "%br_ln213 = br void %arrayidx19912.exit" [matrix_test2/matrix_test.cc:213]   --->   Operation 85 'br' 'br_ln213' <Predicate = (c_61 == 68)> <Delay = 0.00>
ST_10 : Operation 86 [1/1] (0.00ns)   --->   "%store_ln213 = store i22 %trunc_ln213_40, i22 %p_ZZ11network_topP13params_structP8ap_fixedILi22ELi17EL9ap_q_mode0EL9ap_o_mode0EL_10077" [matrix_test2/matrix_test.cc:213]   --->   Operation 86 'store' 'store_ln213' <Predicate = (c_61 == 67)> <Delay = 0.00>
ST_10 : Operation 87 [1/1] (0.00ns)   --->   "%br_ln213 = br void %arrayidx19912.exit" [matrix_test2/matrix_test.cc:213]   --->   Operation 87 'br' 'br_ln213' <Predicate = (c_61 == 67)> <Delay = 0.00>
ST_10 : Operation 88 [1/1] (0.00ns)   --->   "%store_ln213 = store i22 %trunc_ln213_40, i22 %p_ZZ11network_topP13params_structP8ap_fixedILi22ELi17EL9ap_q_mode0EL9ap_o_mode0EL_10076" [matrix_test2/matrix_test.cc:213]   --->   Operation 88 'store' 'store_ln213' <Predicate = (c_61 == 66)> <Delay = 0.00>
ST_10 : Operation 89 [1/1] (0.00ns)   --->   "%br_ln213 = br void %arrayidx19912.exit" [matrix_test2/matrix_test.cc:213]   --->   Operation 89 'br' 'br_ln213' <Predicate = (c_61 == 66)> <Delay = 0.00>
ST_10 : Operation 90 [1/1] (0.00ns)   --->   "%store_ln213 = store i22 %trunc_ln213_40, i22 %p_ZZ11network_topP13params_structP8ap_fixedILi22ELi17EL9ap_q_mode0EL9ap_o_mode0EL_10075" [matrix_test2/matrix_test.cc:213]   --->   Operation 90 'store' 'store_ln213' <Predicate = (c_61 == 65)> <Delay = 0.00>
ST_10 : Operation 91 [1/1] (0.00ns)   --->   "%br_ln213 = br void %arrayidx19912.exit" [matrix_test2/matrix_test.cc:213]   --->   Operation 91 'br' 'br_ln213' <Predicate = (c_61 == 65)> <Delay = 0.00>
ST_10 : Operation 92 [1/1] (0.00ns)   --->   "%store_ln213 = store i22 %trunc_ln213_40, i22 %p_ZZ11network_topP13params_structP8ap_fixedILi22ELi17EL9ap_q_mode0EL9ap_o_mode0EL_10074" [matrix_test2/matrix_test.cc:213]   --->   Operation 92 'store' 'store_ln213' <Predicate = (c_61 == 64)> <Delay = 0.00>
ST_10 : Operation 93 [1/1] (0.00ns)   --->   "%br_ln213 = br void %arrayidx19912.exit" [matrix_test2/matrix_test.cc:213]   --->   Operation 93 'br' 'br_ln213' <Predicate = (c_61 == 64)> <Delay = 0.00>
ST_10 : Operation 94 [1/1] (0.00ns)   --->   "%store_ln213 = store i22 %trunc_ln213_40, i22 %p_ZZ11network_topP13params_structP8ap_fixedILi22ELi17EL9ap_q_mode0EL9ap_o_mode0EL_10073" [matrix_test2/matrix_test.cc:213]   --->   Operation 94 'store' 'store_ln213' <Predicate = (c_61 == 63)> <Delay = 0.00>
ST_10 : Operation 95 [1/1] (0.00ns)   --->   "%br_ln213 = br void %arrayidx19912.exit" [matrix_test2/matrix_test.cc:213]   --->   Operation 95 'br' 'br_ln213' <Predicate = (c_61 == 63)> <Delay = 0.00>
ST_10 : Operation 96 [1/1] (0.00ns)   --->   "%store_ln213 = store i22 %trunc_ln213_40, i22 %p_ZZ11network_topP13params_structP8ap_fixedILi22ELi17EL9ap_q_mode0EL9ap_o_mode0EL_10071" [matrix_test2/matrix_test.cc:213]   --->   Operation 96 'store' 'store_ln213' <Predicate = (c_61 == 62)> <Delay = 0.00>
ST_10 : Operation 97 [1/1] (0.00ns)   --->   "%br_ln213 = br void %arrayidx19912.exit" [matrix_test2/matrix_test.cc:213]   --->   Operation 97 'br' 'br_ln213' <Predicate = (c_61 == 62)> <Delay = 0.00>
ST_10 : Operation 98 [1/1] (0.00ns)   --->   "%store_ln213 = store i22 %trunc_ln213_40, i22 %p_ZZ11network_topP13params_structP8ap_fixedILi22ELi17EL9ap_q_mode0EL9ap_o_mode0EL_10070" [matrix_test2/matrix_test.cc:213]   --->   Operation 98 'store' 'store_ln213' <Predicate = (c_61 == 61)> <Delay = 0.00>
ST_10 : Operation 99 [1/1] (0.00ns)   --->   "%br_ln213 = br void %arrayidx19912.exit" [matrix_test2/matrix_test.cc:213]   --->   Operation 99 'br' 'br_ln213' <Predicate = (c_61 == 61)> <Delay = 0.00>
ST_10 : Operation 100 [1/1] (0.00ns)   --->   "%store_ln213 = store i22 %trunc_ln213_40, i22 %p_ZZ11network_topP13params_structP8ap_fixedILi22ELi17EL9ap_q_mode0EL9ap_o_mode0EL_10069" [matrix_test2/matrix_test.cc:213]   --->   Operation 100 'store' 'store_ln213' <Predicate = (c_61 == 60)> <Delay = 0.00>
ST_10 : Operation 101 [1/1] (0.00ns)   --->   "%br_ln213 = br void %arrayidx19912.exit" [matrix_test2/matrix_test.cc:213]   --->   Operation 101 'br' 'br_ln213' <Predicate = (c_61 == 60)> <Delay = 0.00>
ST_10 : Operation 102 [1/1] (0.00ns)   --->   "%store_ln213 = store i22 %trunc_ln213_40, i22 %p_ZZ11network_topP13params_structP8ap_fixedILi22ELi17EL9ap_q_mode0EL9ap_o_mode0EL_10067" [matrix_test2/matrix_test.cc:213]   --->   Operation 102 'store' 'store_ln213' <Predicate = (c_61 == 59)> <Delay = 0.00>
ST_10 : Operation 103 [1/1] (0.00ns)   --->   "%br_ln213 = br void %arrayidx19912.exit" [matrix_test2/matrix_test.cc:213]   --->   Operation 103 'br' 'br_ln213' <Predicate = (c_61 == 59)> <Delay = 0.00>
ST_10 : Operation 104 [1/1] (0.00ns)   --->   "%store_ln213 = store i22 %trunc_ln213_40, i22 %p_ZZ11network_topP13params_structP8ap_fixedILi22ELi17EL9ap_q_mode0EL9ap_o_mode0EL_10066" [matrix_test2/matrix_test.cc:213]   --->   Operation 104 'store' 'store_ln213' <Predicate = (c_61 == 58)> <Delay = 0.00>
ST_10 : Operation 105 [1/1] (0.00ns)   --->   "%br_ln213 = br void %arrayidx19912.exit" [matrix_test2/matrix_test.cc:213]   --->   Operation 105 'br' 'br_ln213' <Predicate = (c_61 == 58)> <Delay = 0.00>
ST_10 : Operation 106 [1/1] (0.00ns)   --->   "%store_ln213 = store i22 %trunc_ln213_40, i22 %p_ZZ11network_topP13params_structP8ap_fixedILi22ELi17EL9ap_q_mode0EL9ap_o_mode0EL_10065" [matrix_test2/matrix_test.cc:213]   --->   Operation 106 'store' 'store_ln213' <Predicate = (c_61 == 57)> <Delay = 0.00>
ST_10 : Operation 107 [1/1] (0.00ns)   --->   "%br_ln213 = br void %arrayidx19912.exit" [matrix_test2/matrix_test.cc:213]   --->   Operation 107 'br' 'br_ln213' <Predicate = (c_61 == 57)> <Delay = 0.00>
ST_10 : Operation 108 [1/1] (0.00ns)   --->   "%store_ln213 = store i22 %trunc_ln213_40, i22 %p_ZZ11network_topP13params_structP8ap_fixedILi22ELi17EL9ap_q_mode0EL9ap_o_mode0EL_10064" [matrix_test2/matrix_test.cc:213]   --->   Operation 108 'store' 'store_ln213' <Predicate = (c_61 == 56)> <Delay = 0.00>
ST_10 : Operation 109 [1/1] (0.00ns)   --->   "%br_ln213 = br void %arrayidx19912.exit" [matrix_test2/matrix_test.cc:213]   --->   Operation 109 'br' 'br_ln213' <Predicate = (c_61 == 56)> <Delay = 0.00>
ST_10 : Operation 110 [1/1] (0.00ns)   --->   "%store_ln213 = store i22 %trunc_ln213_40, i22 %p_ZZ11network_topP13params_structP8ap_fixedILi22ELi17EL9ap_q_mode0EL9ap_o_mode0EL_10063" [matrix_test2/matrix_test.cc:213]   --->   Operation 110 'store' 'store_ln213' <Predicate = (c_61 == 55)> <Delay = 0.00>
ST_10 : Operation 111 [1/1] (0.00ns)   --->   "%br_ln213 = br void %arrayidx19912.exit" [matrix_test2/matrix_test.cc:213]   --->   Operation 111 'br' 'br_ln213' <Predicate = (c_61 == 55)> <Delay = 0.00>
ST_10 : Operation 112 [1/1] (0.00ns)   --->   "%store_ln213 = store i22 %trunc_ln213_40, i22 %p_ZZ11network_topP13params_structP8ap_fixedILi22ELi17EL9ap_q_mode0EL9ap_o_mode0EL_10062" [matrix_test2/matrix_test.cc:213]   --->   Operation 112 'store' 'store_ln213' <Predicate = (c_61 == 54)> <Delay = 0.00>
ST_10 : Operation 113 [1/1] (0.00ns)   --->   "%br_ln213 = br void %arrayidx19912.exit" [matrix_test2/matrix_test.cc:213]   --->   Operation 113 'br' 'br_ln213' <Predicate = (c_61 == 54)> <Delay = 0.00>
ST_10 : Operation 114 [1/1] (0.00ns)   --->   "%store_ln213 = store i22 %trunc_ln213_40, i22 %p_ZZ11network_topP13params_structP8ap_fixedILi22ELi17EL9ap_q_mode0EL9ap_o_mode0EL_10060" [matrix_test2/matrix_test.cc:213]   --->   Operation 114 'store' 'store_ln213' <Predicate = (c_61 == 53)> <Delay = 0.00>
ST_10 : Operation 115 [1/1] (0.00ns)   --->   "%br_ln213 = br void %arrayidx19912.exit" [matrix_test2/matrix_test.cc:213]   --->   Operation 115 'br' 'br_ln213' <Predicate = (c_61 == 53)> <Delay = 0.00>
ST_10 : Operation 116 [1/1] (0.00ns)   --->   "%store_ln213 = store i22 %trunc_ln213_40, i22 %p_ZZ11network_topP13params_structP8ap_fixedILi22ELi17EL9ap_q_mode0EL9ap_o_mode0EL_10059" [matrix_test2/matrix_test.cc:213]   --->   Operation 116 'store' 'store_ln213' <Predicate = (c_61 == 52)> <Delay = 0.00>
ST_10 : Operation 117 [1/1] (0.00ns)   --->   "%br_ln213 = br void %arrayidx19912.exit" [matrix_test2/matrix_test.cc:213]   --->   Operation 117 'br' 'br_ln213' <Predicate = (c_61 == 52)> <Delay = 0.00>
ST_10 : Operation 118 [1/1] (0.00ns)   --->   "%store_ln213 = store i22 %trunc_ln213_40, i22 %p_ZZ11network_topP13params_structP8ap_fixedILi22ELi17EL9ap_q_mode0EL9ap_o_mode0EL_10058" [matrix_test2/matrix_test.cc:213]   --->   Operation 118 'store' 'store_ln213' <Predicate = (c_61 == 51)> <Delay = 0.00>
ST_10 : Operation 119 [1/1] (0.00ns)   --->   "%br_ln213 = br void %arrayidx19912.exit" [matrix_test2/matrix_test.cc:213]   --->   Operation 119 'br' 'br_ln213' <Predicate = (c_61 == 51)> <Delay = 0.00>
ST_10 : Operation 120 [1/1] (0.00ns)   --->   "%store_ln213 = store i22 %trunc_ln213_40, i22 %p_ZZ11network_topP13params_structP8ap_fixedILi22ELi17EL9ap_q_mode0EL9ap_o_mode0EL_10057" [matrix_test2/matrix_test.cc:213]   --->   Operation 120 'store' 'store_ln213' <Predicate = (c_61 == 50)> <Delay = 0.00>
ST_10 : Operation 121 [1/1] (0.00ns)   --->   "%br_ln213 = br void %arrayidx19912.exit" [matrix_test2/matrix_test.cc:213]   --->   Operation 121 'br' 'br_ln213' <Predicate = (c_61 == 50)> <Delay = 0.00>
ST_10 : Operation 122 [1/1] (0.00ns)   --->   "%store_ln213 = store i22 %trunc_ln213_40, i22 %p_ZZ11network_topP13params_structP8ap_fixedILi22ELi17EL9ap_q_mode0EL9ap_o_mode0EL_10055" [matrix_test2/matrix_test.cc:213]   --->   Operation 122 'store' 'store_ln213' <Predicate = (c_61 == 49)> <Delay = 0.00>
ST_10 : Operation 123 [1/1] (0.00ns)   --->   "%br_ln213 = br void %arrayidx19912.exit" [matrix_test2/matrix_test.cc:213]   --->   Operation 123 'br' 'br_ln213' <Predicate = (c_61 == 49)> <Delay = 0.00>
ST_10 : Operation 124 [1/1] (0.00ns)   --->   "%store_ln213 = store i22 %trunc_ln213_40, i22 %p_ZZ11network_topP13params_structP8ap_fixedILi22ELi17EL9ap_q_mode0EL9ap_o_mode0EL_10054" [matrix_test2/matrix_test.cc:213]   --->   Operation 124 'store' 'store_ln213' <Predicate = (c_61 == 48)> <Delay = 0.00>
ST_10 : Operation 125 [1/1] (0.00ns)   --->   "%br_ln213 = br void %arrayidx19912.exit" [matrix_test2/matrix_test.cc:213]   --->   Operation 125 'br' 'br_ln213' <Predicate = (c_61 == 48)> <Delay = 0.00>
ST_10 : Operation 126 [1/1] (0.00ns)   --->   "%store_ln213 = store i22 %trunc_ln213_40, i22 %p_ZZ11network_topP13params_structP8ap_fixedILi22ELi17EL9ap_q_mode0EL9ap_o_mode0EL_10053" [matrix_test2/matrix_test.cc:213]   --->   Operation 126 'store' 'store_ln213' <Predicate = (c_61 == 47)> <Delay = 0.00>
ST_10 : Operation 127 [1/1] (0.00ns)   --->   "%br_ln213 = br void %arrayidx19912.exit" [matrix_test2/matrix_test.cc:213]   --->   Operation 127 'br' 'br_ln213' <Predicate = (c_61 == 47)> <Delay = 0.00>
ST_10 : Operation 128 [1/1] (0.00ns)   --->   "%store_ln213 = store i22 %trunc_ln213_40, i22 %p_ZZ11network_topP13params_structP8ap_fixedILi22ELi17EL9ap_q_mode0EL9ap_o_mode0EL_10052" [matrix_test2/matrix_test.cc:213]   --->   Operation 128 'store' 'store_ln213' <Predicate = (c_61 == 46)> <Delay = 0.00>
ST_10 : Operation 129 [1/1] (0.00ns)   --->   "%br_ln213 = br void %arrayidx19912.exit" [matrix_test2/matrix_test.cc:213]   --->   Operation 129 'br' 'br_ln213' <Predicate = (c_61 == 46)> <Delay = 0.00>
ST_10 : Operation 130 [1/1] (0.00ns)   --->   "%store_ln213 = store i22 %trunc_ln213_40, i22 %p_ZZ11network_topP13params_structP8ap_fixedILi22ELi17EL9ap_q_mode0EL9ap_o_mode0EL_10051" [matrix_test2/matrix_test.cc:213]   --->   Operation 130 'store' 'store_ln213' <Predicate = (c_61 == 45)> <Delay = 0.00>
ST_10 : Operation 131 [1/1] (0.00ns)   --->   "%br_ln213 = br void %arrayidx19912.exit" [matrix_test2/matrix_test.cc:213]   --->   Operation 131 'br' 'br_ln213' <Predicate = (c_61 == 45)> <Delay = 0.00>
ST_10 : Operation 132 [1/1] (0.00ns)   --->   "%store_ln213 = store i22 %trunc_ln213_40, i22 %p_ZZ11network_topP13params_structP8ap_fixedILi22ELi17EL9ap_q_mode0EL9ap_o_mode0EL_10049" [matrix_test2/matrix_test.cc:213]   --->   Operation 132 'store' 'store_ln213' <Predicate = (c_61 == 44)> <Delay = 0.00>
ST_10 : Operation 133 [1/1] (0.00ns)   --->   "%br_ln213 = br void %arrayidx19912.exit" [matrix_test2/matrix_test.cc:213]   --->   Operation 133 'br' 'br_ln213' <Predicate = (c_61 == 44)> <Delay = 0.00>
ST_10 : Operation 134 [1/1] (0.00ns)   --->   "%store_ln213 = store i22 %trunc_ln213_40, i22 %p_ZZ11network_topP13params_structP8ap_fixedILi22ELi17EL9ap_q_mode0EL9ap_o_mode0EL_10048" [matrix_test2/matrix_test.cc:213]   --->   Operation 134 'store' 'store_ln213' <Predicate = (c_61 == 43)> <Delay = 0.00>
ST_10 : Operation 135 [1/1] (0.00ns)   --->   "%br_ln213 = br void %arrayidx19912.exit" [matrix_test2/matrix_test.cc:213]   --->   Operation 135 'br' 'br_ln213' <Predicate = (c_61 == 43)> <Delay = 0.00>
ST_10 : Operation 136 [1/1] (0.00ns)   --->   "%store_ln213 = store i22 %trunc_ln213_40, i22 %p_ZZ11network_topP13params_structP8ap_fixedILi22ELi17EL9ap_q_mode0EL9ap_o_mode0EL_10047" [matrix_test2/matrix_test.cc:213]   --->   Operation 136 'store' 'store_ln213' <Predicate = (c_61 == 42)> <Delay = 0.00>
ST_10 : Operation 137 [1/1] (0.00ns)   --->   "%br_ln213 = br void %arrayidx19912.exit" [matrix_test2/matrix_test.cc:213]   --->   Operation 137 'br' 'br_ln213' <Predicate = (c_61 == 42)> <Delay = 0.00>
ST_10 : Operation 138 [1/1] (0.00ns)   --->   "%store_ln213 = store i22 %trunc_ln213_40, i22 %p_ZZ11network_topP13params_structP8ap_fixedILi22ELi17EL9ap_q_mode0EL9ap_o_mode0EL_10046" [matrix_test2/matrix_test.cc:213]   --->   Operation 138 'store' 'store_ln213' <Predicate = (c_61 == 41)> <Delay = 0.00>
ST_10 : Operation 139 [1/1] (0.00ns)   --->   "%br_ln213 = br void %arrayidx19912.exit" [matrix_test2/matrix_test.cc:213]   --->   Operation 139 'br' 'br_ln213' <Predicate = (c_61 == 41)> <Delay = 0.00>
ST_10 : Operation 140 [1/1] (0.00ns)   --->   "%store_ln213 = store i22 %trunc_ln213_40, i22 %p_ZZ11network_topP13params_structP8ap_fixedILi22ELi17EL9ap_q_mode0EL9ap_o_mode0EL_10045" [matrix_test2/matrix_test.cc:213]   --->   Operation 140 'store' 'store_ln213' <Predicate = (c_61 == 40)> <Delay = 0.00>
ST_10 : Operation 141 [1/1] (0.00ns)   --->   "%br_ln213 = br void %arrayidx19912.exit" [matrix_test2/matrix_test.cc:213]   --->   Operation 141 'br' 'br_ln213' <Predicate = (c_61 == 40)> <Delay = 0.00>
ST_10 : Operation 142 [1/1] (0.00ns)   --->   "%store_ln213 = store i22 %trunc_ln213_40, i22 %p_ZZ11network_topP13params_structP8ap_fixedILi22ELi17EL9ap_q_mode0EL9ap_o_mode0EL_10043" [matrix_test2/matrix_test.cc:213]   --->   Operation 142 'store' 'store_ln213' <Predicate = (c_61 == 39)> <Delay = 0.00>
ST_10 : Operation 143 [1/1] (0.00ns)   --->   "%br_ln213 = br void %arrayidx19912.exit" [matrix_test2/matrix_test.cc:213]   --->   Operation 143 'br' 'br_ln213' <Predicate = (c_61 == 39)> <Delay = 0.00>
ST_10 : Operation 144 [1/1] (0.00ns)   --->   "%store_ln213 = store i22 %trunc_ln213_40, i22 %p_ZZ11network_topP13params_structP8ap_fixedILi22ELi17EL9ap_q_mode0EL9ap_o_mode0EL_10042" [matrix_test2/matrix_test.cc:213]   --->   Operation 144 'store' 'store_ln213' <Predicate = (c_61 == 38)> <Delay = 0.00>
ST_10 : Operation 145 [1/1] (0.00ns)   --->   "%br_ln213 = br void %arrayidx19912.exit" [matrix_test2/matrix_test.cc:213]   --->   Operation 145 'br' 'br_ln213' <Predicate = (c_61 == 38)> <Delay = 0.00>
ST_10 : Operation 146 [1/1] (0.00ns)   --->   "%store_ln213 = store i22 %trunc_ln213_40, i22 %p_ZZ11network_topP13params_structP8ap_fixedILi22ELi17EL9ap_q_mode0EL9ap_o_mode0EL_10041" [matrix_test2/matrix_test.cc:213]   --->   Operation 146 'store' 'store_ln213' <Predicate = (c_61 == 37)> <Delay = 0.00>
ST_10 : Operation 147 [1/1] (0.00ns)   --->   "%br_ln213 = br void %arrayidx19912.exit" [matrix_test2/matrix_test.cc:213]   --->   Operation 147 'br' 'br_ln213' <Predicate = (c_61 == 37)> <Delay = 0.00>
ST_10 : Operation 148 [1/1] (0.00ns)   --->   "%store_ln213 = store i22 %trunc_ln213_40, i22 %p_ZZ11network_topP13params_structP8ap_fixedILi22ELi17EL9ap_q_mode0EL9ap_o_mode0EL_10040" [matrix_test2/matrix_test.cc:213]   --->   Operation 148 'store' 'store_ln213' <Predicate = (c_61 == 36)> <Delay = 0.00>
ST_10 : Operation 149 [1/1] (0.00ns)   --->   "%br_ln213 = br void %arrayidx19912.exit" [matrix_test2/matrix_test.cc:213]   --->   Operation 149 'br' 'br_ln213' <Predicate = (c_61 == 36)> <Delay = 0.00>
ST_10 : Operation 150 [1/1] (0.00ns)   --->   "%store_ln213 = store i22 %trunc_ln213_40, i22 %p_ZZ11network_topP13params_structP8ap_fixedILi22ELi17EL9ap_q_mode0EL9ap_o_mode0EL_10038" [matrix_test2/matrix_test.cc:213]   --->   Operation 150 'store' 'store_ln213' <Predicate = (c_61 == 35)> <Delay = 0.00>
ST_10 : Operation 151 [1/1] (0.00ns)   --->   "%br_ln213 = br void %arrayidx19912.exit" [matrix_test2/matrix_test.cc:213]   --->   Operation 151 'br' 'br_ln213' <Predicate = (c_61 == 35)> <Delay = 0.00>
ST_10 : Operation 152 [1/1] (0.00ns)   --->   "%store_ln213 = store i22 %trunc_ln213_40, i22 %p_ZZ11network_topP13params_structP8ap_fixedILi22ELi17EL9ap_q_mode0EL9ap_o_mode0EL_10037" [matrix_test2/matrix_test.cc:213]   --->   Operation 152 'store' 'store_ln213' <Predicate = (c_61 == 34)> <Delay = 0.00>
ST_10 : Operation 153 [1/1] (0.00ns)   --->   "%br_ln213 = br void %arrayidx19912.exit" [matrix_test2/matrix_test.cc:213]   --->   Operation 153 'br' 'br_ln213' <Predicate = (c_61 == 34)> <Delay = 0.00>
ST_10 : Operation 154 [1/1] (0.00ns)   --->   "%store_ln213 = store i22 %trunc_ln213_40, i22 %p_ZZ11network_topP13params_structP8ap_fixedILi22ELi17EL9ap_q_mode0EL9ap_o_mode0EL_10036" [matrix_test2/matrix_test.cc:213]   --->   Operation 154 'store' 'store_ln213' <Predicate = (c_61 == 33)> <Delay = 0.00>
ST_10 : Operation 155 [1/1] (0.00ns)   --->   "%br_ln213 = br void %arrayidx19912.exit" [matrix_test2/matrix_test.cc:213]   --->   Operation 155 'br' 'br_ln213' <Predicate = (c_61 == 33)> <Delay = 0.00>
ST_10 : Operation 156 [1/1] (0.00ns)   --->   "%store_ln213 = store i22 %trunc_ln213_40, i22 %p_ZZ11network_topP13params_structP8ap_fixedILi22ELi17EL9ap_q_mode0EL9ap_o_mode0EL_10035" [matrix_test2/matrix_test.cc:213]   --->   Operation 156 'store' 'store_ln213' <Predicate = (c_61 == 32)> <Delay = 0.00>
ST_10 : Operation 157 [1/1] (0.00ns)   --->   "%br_ln213 = br void %arrayidx19912.exit" [matrix_test2/matrix_test.cc:213]   --->   Operation 157 'br' 'br_ln213' <Predicate = (c_61 == 32)> <Delay = 0.00>
ST_10 : Operation 158 [1/1] (0.00ns)   --->   "%store_ln213 = store i22 %trunc_ln213_40, i22 %p_ZZ11network_topP13params_structP8ap_fixedILi22ELi17EL9ap_q_mode0EL9ap_o_mode0EL_10034" [matrix_test2/matrix_test.cc:213]   --->   Operation 158 'store' 'store_ln213' <Predicate = (c_61 == 31)> <Delay = 0.00>
ST_10 : Operation 159 [1/1] (0.00ns)   --->   "%br_ln213 = br void %arrayidx19912.exit" [matrix_test2/matrix_test.cc:213]   --->   Operation 159 'br' 'br_ln213' <Predicate = (c_61 == 31)> <Delay = 0.00>
ST_10 : Operation 160 [1/1] (0.00ns)   --->   "%store_ln213 = store i22 %trunc_ln213_40, i22 %p_ZZ11network_topP13params_structP8ap_fixedILi22ELi17EL9ap_q_mode0EL9ap_o_mode0EL_10033" [matrix_test2/matrix_test.cc:213]   --->   Operation 160 'store' 'store_ln213' <Predicate = (c_61 == 30)> <Delay = 0.00>
ST_10 : Operation 161 [1/1] (0.00ns)   --->   "%br_ln213 = br void %arrayidx19912.exit" [matrix_test2/matrix_test.cc:213]   --->   Operation 161 'br' 'br_ln213' <Predicate = (c_61 == 30)> <Delay = 0.00>
ST_10 : Operation 162 [1/1] (0.00ns)   --->   "%store_ln213 = store i22 %trunc_ln213_40, i22 %p_ZZ11network_topP13params_structP8ap_fixedILi22ELi17EL9ap_q_mode0EL9ap_o_mode0EL_10031" [matrix_test2/matrix_test.cc:213]   --->   Operation 162 'store' 'store_ln213' <Predicate = (c_61 == 29)> <Delay = 0.00>
ST_10 : Operation 163 [1/1] (0.00ns)   --->   "%br_ln213 = br void %arrayidx19912.exit" [matrix_test2/matrix_test.cc:213]   --->   Operation 163 'br' 'br_ln213' <Predicate = (c_61 == 29)> <Delay = 0.00>
ST_10 : Operation 164 [1/1] (0.00ns)   --->   "%store_ln213 = store i22 %trunc_ln213_40, i22 %p_ZZ11network_topP13params_structP8ap_fixedILi22ELi17EL9ap_q_mode0EL9ap_o_mode0EL_10030" [matrix_test2/matrix_test.cc:213]   --->   Operation 164 'store' 'store_ln213' <Predicate = (c_61 == 28)> <Delay = 0.00>
ST_10 : Operation 165 [1/1] (0.00ns)   --->   "%br_ln213 = br void %arrayidx19912.exit" [matrix_test2/matrix_test.cc:213]   --->   Operation 165 'br' 'br_ln213' <Predicate = (c_61 == 28)> <Delay = 0.00>
ST_10 : Operation 166 [1/1] (0.00ns)   --->   "%store_ln213 = store i22 %trunc_ln213_40, i22 %p_ZZ11network_topP13params_structP8ap_fixedILi22ELi17EL9ap_q_mode0EL9ap_o_mode0EL_10029" [matrix_test2/matrix_test.cc:213]   --->   Operation 166 'store' 'store_ln213' <Predicate = (c_61 == 27)> <Delay = 0.00>
ST_10 : Operation 167 [1/1] (0.00ns)   --->   "%br_ln213 = br void %arrayidx19912.exit" [matrix_test2/matrix_test.cc:213]   --->   Operation 167 'br' 'br_ln213' <Predicate = (c_61 == 27)> <Delay = 0.00>
ST_10 : Operation 168 [1/1] (0.00ns)   --->   "%store_ln213 = store i22 %trunc_ln213_40, i22 %p_ZZ11network_topP13params_structP8ap_fixedILi22ELi17EL9ap_q_mode0EL9ap_o_mode0EL_10027" [matrix_test2/matrix_test.cc:213]   --->   Operation 168 'store' 'store_ln213' <Predicate = (c_61 == 26)> <Delay = 0.00>
ST_10 : Operation 169 [1/1] (0.00ns)   --->   "%br_ln213 = br void %arrayidx19912.exit" [matrix_test2/matrix_test.cc:213]   --->   Operation 169 'br' 'br_ln213' <Predicate = (c_61 == 26)> <Delay = 0.00>
ST_10 : Operation 170 [1/1] (0.00ns)   --->   "%store_ln213 = store i22 %trunc_ln213_40, i22 %p_ZZ11network_topP13params_structP8ap_fixedILi22ELi17EL9ap_q_mode0EL9ap_o_mode0EL_10026" [matrix_test2/matrix_test.cc:213]   --->   Operation 170 'store' 'store_ln213' <Predicate = (c_61 == 25)> <Delay = 0.00>
ST_10 : Operation 171 [1/1] (0.00ns)   --->   "%br_ln213 = br void %arrayidx19912.exit" [matrix_test2/matrix_test.cc:213]   --->   Operation 171 'br' 'br_ln213' <Predicate = (c_61 == 25)> <Delay = 0.00>
ST_10 : Operation 172 [1/1] (0.00ns)   --->   "%store_ln213 = store i22 %trunc_ln213_40, i22 %p_ZZ11network_topP13params_structP8ap_fixedILi22ELi17EL9ap_q_mode0EL9ap_o_mode0EL_10025" [matrix_test2/matrix_test.cc:213]   --->   Operation 172 'store' 'store_ln213' <Predicate = (c_61 == 24)> <Delay = 0.00>
ST_10 : Operation 173 [1/1] (0.00ns)   --->   "%br_ln213 = br void %arrayidx19912.exit" [matrix_test2/matrix_test.cc:213]   --->   Operation 173 'br' 'br_ln213' <Predicate = (c_61 == 24)> <Delay = 0.00>
ST_10 : Operation 174 [1/1] (0.00ns)   --->   "%store_ln213 = store i22 %trunc_ln213_40, i22 %p_ZZ11network_topP13params_structP8ap_fixedILi22ELi17EL9ap_q_mode0EL9ap_o_mode0EL_10024" [matrix_test2/matrix_test.cc:213]   --->   Operation 174 'store' 'store_ln213' <Predicate = (c_61 == 23)> <Delay = 0.00>
ST_10 : Operation 175 [1/1] (0.00ns)   --->   "%br_ln213 = br void %arrayidx19912.exit" [matrix_test2/matrix_test.cc:213]   --->   Operation 175 'br' 'br_ln213' <Predicate = (c_61 == 23)> <Delay = 0.00>
ST_10 : Operation 176 [1/1] (0.00ns)   --->   "%store_ln213 = store i22 %trunc_ln213_40, i22 %p_ZZ11network_topP13params_structP8ap_fixedILi22ELi17EL9ap_q_mode0EL9ap_o_mode0EL_10023" [matrix_test2/matrix_test.cc:213]   --->   Operation 176 'store' 'store_ln213' <Predicate = (c_61 == 22)> <Delay = 0.00>
ST_10 : Operation 177 [1/1] (0.00ns)   --->   "%br_ln213 = br void %arrayidx19912.exit" [matrix_test2/matrix_test.cc:213]   --->   Operation 177 'br' 'br_ln213' <Predicate = (c_61 == 22)> <Delay = 0.00>
ST_10 : Operation 178 [1/1] (0.00ns)   --->   "%store_ln213 = store i22 %trunc_ln213_40, i22 %p_ZZ11network_topP13params_structP8ap_fixedILi22ELi17EL9ap_q_mode0EL9ap_o_mode0EL_10022" [matrix_test2/matrix_test.cc:213]   --->   Operation 178 'store' 'store_ln213' <Predicate = (c_61 == 21)> <Delay = 0.00>
ST_10 : Operation 179 [1/1] (0.00ns)   --->   "%br_ln213 = br void %arrayidx19912.exit" [matrix_test2/matrix_test.cc:213]   --->   Operation 179 'br' 'br_ln213' <Predicate = (c_61 == 21)> <Delay = 0.00>
ST_10 : Operation 180 [1/1] (0.00ns)   --->   "%store_ln213 = store i22 %trunc_ln213_40, i22 %p_ZZ11network_topP13params_structP8ap_fixedILi22ELi17EL9ap_q_mode0EL9ap_o_mode0EL_10021" [matrix_test2/matrix_test.cc:213]   --->   Operation 180 'store' 'store_ln213' <Predicate = (c_61 == 20)> <Delay = 0.00>
ST_10 : Operation 181 [1/1] (0.00ns)   --->   "%br_ln213 = br void %arrayidx19912.exit" [matrix_test2/matrix_test.cc:213]   --->   Operation 181 'br' 'br_ln213' <Predicate = (c_61 == 20)> <Delay = 0.00>
ST_10 : Operation 182 [1/1] (0.00ns)   --->   "%store_ln213 = store i22 %trunc_ln213_40, i22 %p_ZZ11network_topP13params_structP8ap_fixedILi22ELi17EL9ap_q_mode0EL9ap_o_mode0EL_10019" [matrix_test2/matrix_test.cc:213]   --->   Operation 182 'store' 'store_ln213' <Predicate = (c_61 == 19)> <Delay = 0.00>
ST_10 : Operation 183 [1/1] (0.00ns)   --->   "%br_ln213 = br void %arrayidx19912.exit" [matrix_test2/matrix_test.cc:213]   --->   Operation 183 'br' 'br_ln213' <Predicate = (c_61 == 19)> <Delay = 0.00>
ST_10 : Operation 184 [1/1] (0.00ns)   --->   "%store_ln213 = store i22 %trunc_ln213_40, i22 %p_ZZ11network_topP13params_structP8ap_fixedILi22ELi17EL9ap_q_mode0EL9ap_o_mode0EL_10018" [matrix_test2/matrix_test.cc:213]   --->   Operation 184 'store' 'store_ln213' <Predicate = (c_61 == 18)> <Delay = 0.00>
ST_10 : Operation 185 [1/1] (0.00ns)   --->   "%br_ln213 = br void %arrayidx19912.exit" [matrix_test2/matrix_test.cc:213]   --->   Operation 185 'br' 'br_ln213' <Predicate = (c_61 == 18)> <Delay = 0.00>
ST_10 : Operation 186 [1/1] (0.00ns)   --->   "%store_ln213 = store i22 %trunc_ln213_40, i22 %p_ZZ11network_topP13params_structP8ap_fixedILi22ELi17EL9ap_q_mode0EL9ap_o_mode0EL_10016" [matrix_test2/matrix_test.cc:213]   --->   Operation 186 'store' 'store_ln213' <Predicate = (c_61 == 17)> <Delay = 0.00>
ST_10 : Operation 187 [1/1] (0.00ns)   --->   "%br_ln213 = br void %arrayidx19912.exit" [matrix_test2/matrix_test.cc:213]   --->   Operation 187 'br' 'br_ln213' <Predicate = (c_61 == 17)> <Delay = 0.00>
ST_10 : Operation 188 [1/1] (0.00ns)   --->   "%store_ln213 = store i22 %trunc_ln213_40, i22 %p_ZZ11network_topP13params_structP8ap_fixedILi22ELi17EL9ap_q_mode0EL9ap_o_mode0EL_10015" [matrix_test2/matrix_test.cc:213]   --->   Operation 188 'store' 'store_ln213' <Predicate = (c_61 == 16)> <Delay = 0.00>
ST_10 : Operation 189 [1/1] (0.00ns)   --->   "%br_ln213 = br void %arrayidx19912.exit" [matrix_test2/matrix_test.cc:213]   --->   Operation 189 'br' 'br_ln213' <Predicate = (c_61 == 16)> <Delay = 0.00>
ST_10 : Operation 190 [1/1] (0.00ns)   --->   "%store_ln213 = store i22 %trunc_ln213_40, i22 %p_ZZ11network_topP13params_structP8ap_fixedILi22ELi17EL9ap_q_mode0EL9ap_o_mode0EL_10014" [matrix_test2/matrix_test.cc:213]   --->   Operation 190 'store' 'store_ln213' <Predicate = (c_61 == 15)> <Delay = 0.00>
ST_10 : Operation 191 [1/1] (0.00ns)   --->   "%br_ln213 = br void %arrayidx19912.exit" [matrix_test2/matrix_test.cc:213]   --->   Operation 191 'br' 'br_ln213' <Predicate = (c_61 == 15)> <Delay = 0.00>
ST_10 : Operation 192 [1/1] (0.00ns)   --->   "%store_ln213 = store i22 %trunc_ln213_40, i22 %p_ZZ11network_topP13params_structP8ap_fixedILi22ELi17EL9ap_q_mode0EL9ap_o_mode0EL_10013" [matrix_test2/matrix_test.cc:213]   --->   Operation 192 'store' 'store_ln213' <Predicate = (c_61 == 14)> <Delay = 0.00>
ST_10 : Operation 193 [1/1] (0.00ns)   --->   "%br_ln213 = br void %arrayidx19912.exit" [matrix_test2/matrix_test.cc:213]   --->   Operation 193 'br' 'br_ln213' <Predicate = (c_61 == 14)> <Delay = 0.00>
ST_10 : Operation 194 [1/1] (0.00ns)   --->   "%store_ln213 = store i22 %trunc_ln213_40, i22 %p_ZZ11network_topP13params_structP8ap_fixedILi22ELi17EL9ap_q_mode0EL9ap_o_mode0EL_10012" [matrix_test2/matrix_test.cc:213]   --->   Operation 194 'store' 'store_ln213' <Predicate = (c_61 == 13)> <Delay = 0.00>
ST_10 : Operation 195 [1/1] (0.00ns)   --->   "%br_ln213 = br void %arrayidx19912.exit" [matrix_test2/matrix_test.cc:213]   --->   Operation 195 'br' 'br_ln213' <Predicate = (c_61 == 13)> <Delay = 0.00>
ST_10 : Operation 196 [1/1] (0.00ns)   --->   "%store_ln213 = store i22 %trunc_ln213_40, i22 %p_ZZ11network_topP13params_structP8ap_fixedILi22ELi17EL9ap_q_mode0EL9ap_o_mode0EL_10011" [matrix_test2/matrix_test.cc:213]   --->   Operation 196 'store' 'store_ln213' <Predicate = (c_61 == 12)> <Delay = 0.00>
ST_10 : Operation 197 [1/1] (0.00ns)   --->   "%br_ln213 = br void %arrayidx19912.exit" [matrix_test2/matrix_test.cc:213]   --->   Operation 197 'br' 'br_ln213' <Predicate = (c_61 == 12)> <Delay = 0.00>
ST_10 : Operation 198 [1/1] (0.00ns)   --->   "%store_ln213 = store i22 %trunc_ln213_40, i22 %p_ZZ11network_topP13params_structP8ap_fixedILi22ELi17EL9ap_q_mode0EL9ap_o_mode0EL_10010" [matrix_test2/matrix_test.cc:213]   --->   Operation 198 'store' 'store_ln213' <Predicate = (c_61 == 11)> <Delay = 0.00>
ST_10 : Operation 199 [1/1] (0.00ns)   --->   "%br_ln213 = br void %arrayidx19912.exit" [matrix_test2/matrix_test.cc:213]   --->   Operation 199 'br' 'br_ln213' <Predicate = (c_61 == 11)> <Delay = 0.00>
ST_10 : Operation 200 [1/1] (0.00ns)   --->   "%store_ln213 = store i22 %trunc_ln213_40, i22 %p_ZZ11network_topP13params_structP8ap_fixedILi22ELi17EL9ap_q_mode0EL9ap_o_mode0EL_10009" [matrix_test2/matrix_test.cc:213]   --->   Operation 200 'store' 'store_ln213' <Predicate = (c_61 == 10)> <Delay = 0.00>
ST_10 : Operation 201 [1/1] (0.00ns)   --->   "%br_ln213 = br void %arrayidx19912.exit" [matrix_test2/matrix_test.cc:213]   --->   Operation 201 'br' 'br_ln213' <Predicate = (c_61 == 10)> <Delay = 0.00>
ST_10 : Operation 202 [1/1] (0.00ns)   --->   "%store_ln213 = store i22 %trunc_ln213_40, i22 %p_ZZ11network_topP13params_structP8ap_fixedILi22ELi17EL9ap_q_mode0EL9ap_o_mode0EL_10093" [matrix_test2/matrix_test.cc:213]   --->   Operation 202 'store' 'store_ln213' <Predicate = (c_61 == 9)> <Delay = 0.00>
ST_10 : Operation 203 [1/1] (0.00ns)   --->   "%br_ln213 = br void %arrayidx19912.exit" [matrix_test2/matrix_test.cc:213]   --->   Operation 203 'br' 'br_ln213' <Predicate = (c_61 == 9)> <Delay = 0.00>
ST_10 : Operation 204 [1/1] (0.00ns)   --->   "%store_ln213 = store i22 %trunc_ln213_40, i22 %p_ZZ11network_topP13params_structP8ap_fixedILi22ELi17EL9ap_q_mode0EL9ap_o_mode0EL_10092" [matrix_test2/matrix_test.cc:213]   --->   Operation 204 'store' 'store_ln213' <Predicate = (c_61 == 8)> <Delay = 0.00>
ST_10 : Operation 205 [1/1] (0.00ns)   --->   "%br_ln213 = br void %arrayidx19912.exit" [matrix_test2/matrix_test.cc:213]   --->   Operation 205 'br' 'br_ln213' <Predicate = (c_61 == 8)> <Delay = 0.00>
ST_10 : Operation 206 [1/1] (0.00ns)   --->   "%store_ln213 = store i22 %trunc_ln213_40, i22 %p_ZZ11network_topP13params_structP8ap_fixedILi22ELi17EL9ap_q_mode0EL9ap_o_mode0EL_10080" [matrix_test2/matrix_test.cc:213]   --->   Operation 206 'store' 'store_ln213' <Predicate = (c_61 == 7)> <Delay = 0.00>
ST_10 : Operation 207 [1/1] (0.00ns)   --->   "%br_ln213 = br void %arrayidx19912.exit" [matrix_test2/matrix_test.cc:213]   --->   Operation 207 'br' 'br_ln213' <Predicate = (c_61 == 7)> <Delay = 0.00>
ST_10 : Operation 208 [1/1] (0.00ns)   --->   "%store_ln213 = store i22 %trunc_ln213_40, i22 %p_ZZ11network_topP13params_structP8ap_fixedILi22ELi17EL9ap_q_mode0EL9ap_o_mode0EL_10068" [matrix_test2/matrix_test.cc:213]   --->   Operation 208 'store' 'store_ln213' <Predicate = (c_61 == 6)> <Delay = 0.00>
ST_10 : Operation 209 [1/1] (0.00ns)   --->   "%br_ln213 = br void %arrayidx19912.exit" [matrix_test2/matrix_test.cc:213]   --->   Operation 209 'br' 'br_ln213' <Predicate = (c_61 == 6)> <Delay = 0.00>
ST_10 : Operation 210 [1/1] (0.00ns)   --->   "%store_ln213 = store i22 %trunc_ln213_40, i22 %p_ZZ11network_topP13params_structP8ap_fixedILi22ELi17EL9ap_q_mode0EL9ap_o_mode0EL_10056" [matrix_test2/matrix_test.cc:213]   --->   Operation 210 'store' 'store_ln213' <Predicate = (c_61 == 5)> <Delay = 0.00>
ST_10 : Operation 211 [1/1] (0.00ns)   --->   "%br_ln213 = br void %arrayidx19912.exit" [matrix_test2/matrix_test.cc:213]   --->   Operation 211 'br' 'br_ln213' <Predicate = (c_61 == 5)> <Delay = 0.00>
ST_10 : Operation 212 [1/1] (0.00ns)   --->   "%store_ln213 = store i22 %trunc_ln213_40, i22 %p_ZZ11network_topP13params_structP8ap_fixedILi22ELi17EL9ap_q_mode0EL9ap_o_mode0EL_10044" [matrix_test2/matrix_test.cc:213]   --->   Operation 212 'store' 'store_ln213' <Predicate = (c_61 == 4)> <Delay = 0.00>
ST_10 : Operation 213 [1/1] (0.00ns)   --->   "%br_ln213 = br void %arrayidx19912.exit" [matrix_test2/matrix_test.cc:213]   --->   Operation 213 'br' 'br_ln213' <Predicate = (c_61 == 4)> <Delay = 0.00>
ST_10 : Operation 214 [1/1] (0.00ns)   --->   "%store_ln213 = store i22 %trunc_ln213_40, i22 %p_ZZ11network_topP13params_structP8ap_fixedILi22ELi17EL9ap_q_mode0EL9ap_o_mode0EL_10032" [matrix_test2/matrix_test.cc:213]   --->   Operation 214 'store' 'store_ln213' <Predicate = (c_61 == 3)> <Delay = 0.00>
ST_10 : Operation 215 [1/1] (0.00ns)   --->   "%br_ln213 = br void %arrayidx19912.exit" [matrix_test2/matrix_test.cc:213]   --->   Operation 215 'br' 'br_ln213' <Predicate = (c_61 == 3)> <Delay = 0.00>
ST_10 : Operation 216 [1/1] (0.00ns)   --->   "%store_ln213 = store i22 %trunc_ln213_40, i22 %p_ZZ11network_topP13params_structP8ap_fixedILi22ELi17EL9ap_q_mode0EL9ap_o_mode0EL_10020" [matrix_test2/matrix_test.cc:213]   --->   Operation 216 'store' 'store_ln213' <Predicate = (c_61 == 2)> <Delay = 0.00>
ST_10 : Operation 217 [1/1] (0.00ns)   --->   "%br_ln213 = br void %arrayidx19912.exit" [matrix_test2/matrix_test.cc:213]   --->   Operation 217 'br' 'br_ln213' <Predicate = (c_61 == 2)> <Delay = 0.00>
ST_10 : Operation 218 [1/1] (0.00ns)   --->   "%store_ln213 = store i22 %trunc_ln213_40, i22 %p_ZZ11network_topP13params_structP8ap_fixedILi22ELi17EL9ap_q_mode0EL9ap_o_mode0EL_10008" [matrix_test2/matrix_test.cc:213]   --->   Operation 218 'store' 'store_ln213' <Predicate = (c_61 == 1)> <Delay = 0.00>
ST_10 : Operation 219 [1/1] (0.00ns)   --->   "%br_ln213 = br void %arrayidx19912.exit" [matrix_test2/matrix_test.cc:213]   --->   Operation 219 'br' 'br_ln213' <Predicate = (c_61 == 1)> <Delay = 0.00>
ST_10 : Operation 220 [1/1] (0.00ns)   --->   "%store_ln213 = store i22 %trunc_ln213_40, i22 %p_ZZ11network_topP13params_structP8ap_fixedILi22ELi17EL9ap_q_mode0EL9ap_o_mode0EL_10007" [matrix_test2/matrix_test.cc:213]   --->   Operation 220 'store' 'store_ln213' <Predicate = (c_61 == 0)> <Delay = 0.00>
ST_10 : Operation 221 [1/1] (0.00ns)   --->   "%br_ln213 = br void %arrayidx19912.exit" [matrix_test2/matrix_test.cc:213]   --->   Operation 221 'br' 'br_ln213' <Predicate = (c_61 == 0)> <Delay = 0.00>
ST_10 : Operation 222 [1/1] (0.00ns)   --->   "%store_ln213 = store i22 %trunc_ln213_40, i22 %p_ZZ11network_topP13params_structP8ap_fixedILi22ELi17EL9ap_q_mode0EL9ap_o_mode0EL_10091" [matrix_test2/matrix_test.cc:213]   --->   Operation 222 'store' 'store_ln213' <Predicate = (c_61 == 127) | (c_61 == 126) | (c_61 == 125) | (c_61 == 124) | (c_61 == 123) | (c_61 == 122) | (c_61 == 121) | (c_61 == 120) | (c_61 == 119) | (c_61 == 118) | (c_61 == 117) | (c_61 == 116) | (c_61 == 115) | (c_61 == 114) | (c_61 == 113) | (c_61 == 112) | (c_61 == 111) | (c_61 == 110) | (c_61 == 109) | (c_61 == 108) | (c_61 == 107) | (c_61 == 106) | (c_61 == 105) | (c_61 == 104) | (c_61 == 103) | (c_61 == 102) | (c_61 == 101) | (c_61 == 100) | (c_61 == 99) | (c_61 == 98) | (c_61 == 97) | (c_61 == 96) | (c_61 == 95) | (c_61 == 94) | (c_61 == 93) | (c_61 == 92) | (c_61 == 91) | (c_61 == 90) | (c_61 == 89) | (c_61 == 88) | (c_61 == 87) | (c_61 == 86) | (c_61 == 85) | (c_61 == 84) | (c_61 == 83) | (c_61 == 82) | (c_61 == 81) | (c_61 == 80) | (c_61 == 79)> <Delay = 0.00>
ST_10 : Operation 223 [1/1] (0.00ns)   --->   "%br_ln213 = br void %arrayidx19912.exit" [matrix_test2/matrix_test.cc:213]   --->   Operation 223 'br' 'br_ln213' <Predicate = (c_61 == 127) | (c_61 == 126) | (c_61 == 125) | (c_61 == 124) | (c_61 == 123) | (c_61 == 122) | (c_61 == 121) | (c_61 == 120) | (c_61 == 119) | (c_61 == 118) | (c_61 == 117) | (c_61 == 116) | (c_61 == 115) | (c_61 == 114) | (c_61 == 113) | (c_61 == 112) | (c_61 == 111) | (c_61 == 110) | (c_61 == 109) | (c_61 == 108) | (c_61 == 107) | (c_61 == 106) | (c_61 == 105) | (c_61 == 104) | (c_61 == 103) | (c_61 == 102) | (c_61 == 101) | (c_61 == 100) | (c_61 == 99) | (c_61 == 98) | (c_61 == 97) | (c_61 == 96) | (c_61 == 95) | (c_61 == 94) | (c_61 == 93) | (c_61 == 92) | (c_61 == 91) | (c_61 == 90) | (c_61 == 89) | (c_61 == 88) | (c_61 == 87) | (c_61 == 86) | (c_61 == 85) | (c_61 == 84) | (c_61 == 83) | (c_61 == 82) | (c_61 == 81) | (c_61 == 80) | (c_61 == 79)> <Delay = 0.00>


============================================================
+ Verbose Summary: Timing violations
============================================================
Target clock period: 350.000ns, clock uncertainty: 94.500ns.

 <State 1>: 3.225ns
The critical path consists of the following:
	'alloca' operation ('phi_mul') [84]  (0.000 ns)
	'load' operation ('phi_mul_load') on local variable 'phi_mul' [101]  (0.000 ns)
	'mul' operation ('mul_ln213', matrix_test2/matrix_test.cc:213) [107]  (2.140 ns)
	'or' operation ('or_ln213', matrix_test2/matrix_test.cc:213) [109]  (0.000 ns)
	'add' operation ('add_ln213', matrix_test2/matrix_test.cc:213) [113]  (1.085 ns)

 <State 2>: 255.500ns
The critical path consists of the following:
	bus request operation ('gmem_load_req', matrix_test2/matrix_test.cc:213) on port 'gmem' (matrix_test2/matrix_test.cc:213) [117]  (255.500 ns)

 <State 3>: 255.500ns
The critical path consists of the following:
	bus request operation ('gmem_load_req', matrix_test2/matrix_test.cc:213) on port 'gmem' (matrix_test2/matrix_test.cc:213) [117]  (255.500 ns)

 <State 4>: 255.500ns
The critical path consists of the following:
	bus request operation ('gmem_load_req', matrix_test2/matrix_test.cc:213) on port 'gmem' (matrix_test2/matrix_test.cc:213) [117]  (255.500 ns)

 <State 5>: 255.500ns
The critical path consists of the following:
	bus request operation ('gmem_load_req', matrix_test2/matrix_test.cc:213) on port 'gmem' (matrix_test2/matrix_test.cc:213) [117]  (255.500 ns)

 <State 6>: 255.500ns
The critical path consists of the following:
	bus request operation ('gmem_load_req', matrix_test2/matrix_test.cc:213) on port 'gmem' (matrix_test2/matrix_test.cc:213) [117]  (255.500 ns)

 <State 7>: 255.500ns
The critical path consists of the following:
	bus request operation ('gmem_load_req', matrix_test2/matrix_test.cc:213) on port 'gmem' (matrix_test2/matrix_test.cc:213) [117]  (255.500 ns)

 <State 8>: 255.500ns
The critical path consists of the following:
	bus request operation ('gmem_load_req', matrix_test2/matrix_test.cc:213) on port 'gmem' (matrix_test2/matrix_test.cc:213) [117]  (255.500 ns)

 <State 9>: 255.500ns
The critical path consists of the following:
	bus request operation ('gmem_load_req', matrix_test2/matrix_test.cc:213) on port 'gmem' (matrix_test2/matrix_test.cc:213) [117]  (255.500 ns)

 <State 10>: 255.500ns
The critical path consists of the following:
	bus read operation ('gmem_addr_read', matrix_test2/matrix_test.cc:213) on port 'gmem' (matrix_test2/matrix_test.cc:213) [118]  (255.500 ns)
	'store' operation ('store_ln213', matrix_test2/matrix_test.cc:213) of variable 'trunc_ln213_40', matrix_test2/matrix_test.cc:213 on static variable 'p_ZZ11network_topP13params_structP8ap_fixedILi22ELi17EL9ap_q_mode0EL9ap_o_mode0EL_10090' [122]  (0.000 ns)


============================================================
+ Verbose Summary: Binding
============================================================
N/A
* FSMD analyzer results:
  - Output states:
 - Input state : 
  - Chain level:
	State 1
	State 2
	State 3
	State 4
	State 5
	State 6
	State 7
	State 8
	State 9
	State 10


============================================================
+ Verbose Summary: Datapath Resource usage 
============================================================
N/A
